      5 "874310-katalog:DBB0041769"
      6 "771000-katalog:90185543"
      6 "820010-katalog:4850459"
      6 "870970-basis:06293298"
      6 "870970-basis:06373674"
      6 "870970-basis:06907660"
      6 "870970-basis:21824054"
      6 "870970-basis:26213959"
      6 "870970-basis:26636612"
      6 "870970-basis:26960517"
      6 "870970-basis:27072690"
      6 "870970-basis:27078699"
      6 "870970-basis:27422012"
      6 "870970-basis:27455336"
      6 "870970-basis:27699855"
      6 "870970-basis:27908365"
      6 "870970-basis:27921116"
      6 "870970-basis:28299125"
      6 "870970-basis:28381719"
      6 "870970-basis:28476639"
      6 "870970-basis:28506554"
      6 "870970-basis:28785186"
      6 "870970-basis:28897278"
      6 "870970-basis:28925638"
      6 "870970-basis:29141398"
      6 "870970-basis:29236720"
      6 "870970-basis:29260206"
      6 "870970-basis:29323801"
      6 "870970-basis:29355843"
      6 "870970-basis:29365458"
      6 "870970-basis:29365504"
      6 "870970-basis:29446326"
      6 "870970-basis:29549850"
      6 "870970-basis:29934088"
      6 "870970-basis:29934444"
      6 "870970-basis:50507009"
      6 "870970-basis:50712389"
      6 "870970-basis:50715310"
      6 "870970-basis:50754359"
      6 "870970-basis:50761983"
      6 "870970-basis:50898199"
      6 "870970-basis:50916871"
      6 "870970-basis:51130812"
      6 "870970-basis:51146352"
      6 "870970-basis:51216083"
      7 "810015-katalog:008002031"
      7 "870970-basis:01184733"
      7 "870970-basis:06185657"
      7 "870970-basis:07145586"
      7 "870970-basis:23625679"
      7 "870970-basis:25797736"
      7 "870970-basis:25951573"
      7 "870970-basis:26067758"
      7 "870970-basis:26496233"
      7 "870970-basis:26845491"
      7 "870970-basis:26886120"
      7 "870970-basis:27057241"
      7 "870970-basis:27404596"
      7 "870970-basis:28176481"
      7 "870970-basis:28897170"
      7 "870970-basis:28949952"
      7 "870970-basis:29365326"
      7 "870970-basis:29592330"
      7 "870970-basis:29646066"
      7 "870970-basis:29687587"
      7 "870970-basis:29807418"
      7 "870970-basis:50684288"
      7 "870970-basis:50792854"
      7 "870970-basis:50869350"
      7 "870970-basis:51292316"
      8 "870970-basis:27423647"
      8 "870970-basis:28456433"
      8 "870970-basis:28484283"
      8 "870970-basis:29323755"
      8 "870970-basis:29621608"
      8 "870970-basis:29791163"
      8 "870970-basis:50629627"
      8 "870970-basis:50631494"
      8 "870970-basis:50994074"
      8 "870970-basis:51102975"
      9 "870970-basis:02231336"
      9 "870970-basis:05767180"
      9 "870970-basis:06168140"
      9 "870970-basis:21776734"
      9 "870970-basis:26768322"
      9 "870970-basis:28331142"
      9 "870970-basis:29465649"
      9 "870970-basis:29521263"
      9 "870970-basis:29706050"
      9 "870970-basis:29773831"
      9 "870970-basis:49327978"
      9 "870970-basis:50673219"
      9 "870970-basis:50776204"
      9 "870970-basis:50789748"
      9 "870970-basis:51327578"
     10 "870970-basis:23672626"
     10 "870970-basis:27262546"
     11 "870970-basis:25325311"
     11 "870970-basis:28394438"
     25 "870970-basis:29980705"
