      4 "870970-basis:06409075"
      4 "870970-basis:07681526"
      4 "870970-basis:21046345"
      4 "870970-basis:21892262"
      4 "870970-basis:21900516"
      4 "870970-basis:22110667"
      4 "870970-basis:22223607"
      4 "870970-basis:22276751"
      4 "870970-basis:22394029"
      4 "870970-basis:22545078"
      4 "870970-basis:23461005"
      4 "870970-basis:23660245"
      4 "870970-basis:23856948"
      4 "870970-basis:24022242"
      4 "870970-basis:24882322"
      4 "870970-basis:24960188"
      4 "870970-basis:25331540"
      4 "870970-basis:25515382"
      4 "870970-basis:25688961"
      4 "870970-basis:25796624"
      4 "870970-basis:26519152"
      4 "870970-basis:27597335"
      4 "870970-basis:27722865"
      4 "870970-basis:27787207"
      4 "870970-basis:28239548"
      4 "870970-basis:28293402"
      4 "870970-basis:28316968"
      4 "870970-basis:28595565"
      4 "870970-basis:28714289"
      4 "870970-basis:28822359"
      4 "870970-basis:28992408"
      4 "870970-basis:29260206"
      4 "870970-basis:29297134"
      4 "870970-basis:29577374"
      4 "870970-basis:40134301"
      4 "870970-basis:40156445"
      4 "870970-basis:40885439"
      5 "810010-katalog:001047683"
      5 "810015-katalog:001784833"
      5 "820010-katalog:110582"
      5 "870970-basis:04034570"
      5 "870970-basis:04549813"
      5 "870970-basis:06457401"
      5 "870970-basis:06943268"
      5 "870970-basis:26170508"
      5 "870970-basis:26195489"
      5 "870970-basis:26997593"
      5 "870970-basis:27218784"
      5 "870970-basis:27709990"
      5 "870970-basis:27711227"
      5 "870970-basis:27731236"
      5 "870970-basis:27811434"
      5 "870970-basis:28483414"
      5 "870970-basis:28986203"
      5 "870970-basis:45060136"
      6 "810015-katalog:001686696"
      6 "820010-katalog:143822"
      6 "820010-katalog:286822"
      6 "820010-katalog:5237428__2"
      6 "870970-basis:20059702"
      6 "870970-basis:22067605"
      6 "870970-basis:26158885"
      6 "870970-basis:26885310"
      6 "870970-basis:27502202"
      6 "870970-basis:27868673"
      6 "870970-basis:28244967"
      6 "870970-basis:28429576"
      6 "870970-basis:28891229"
      6 "870970-basis:29551421"
      7 "820010-katalog:105855"
      7 "820010-katalog:105856"
      7 "870970-basis:04278860"
      7 "870970-basis:06336396"
      7 "870970-basis:21862274"
      7 "870970-basis:22042904"
      7 "870970-basis:25294181"
      7 "870970-basis:26684307"
      7 "870970-basis:26689023"
      7 "870970-basis:27119956"
      7 "870970-basis:27238173"
      7 "870970-basis:27393349"
      7 "870970-basis:27400264"
      7 "870970-basis:27551440"
      7 "870970-basis:28188625"
      8 "810010-katalog:000899183"
      8 "810015-katalog:001363578"
      8 "810015-katalog:001604530"
      8 "870970-basis:20797827"
      8 "870970-basis:27261574"
      8 "870970-basis:27888097"
      8 "870970-basis:28403801"
      8 "870970-basis:28484283"
      9 "810015-katalog:001391647"
      9 "820010-katalog:315627"
      9 "870970-basis:22893793"
      9 "870970-basis:28204760"
     10 "870970-basis:26943884"
     12 "870970-basis:26800323"
     15 "870970-basis:27186327"
     16 "870970-basis:28456433"
