     14 "820010-katalog:315627"
     14 "870970-basis:07247079"
     14 "870970-basis:20279427"
     14 "870970-basis:21900516"
     14 "870970-basis:22374257"
     14 "870970-basis:22380869"
     14 "870970-basis:23113449"
     14 "870970-basis:23856948"
     14 "870970-basis:24095134"
     14 "870970-basis:25688961"
     14 "870970-basis:26474345"
     14 "870970-basis:26901952"
     14 "870970-basis:27186327"
     14 "870970-basis:27579388"
     14 "870970-basis:27990754"
     14 "870970-basis:28069170"
     14 "870970-basis:28347839"
     14 "870970-basis:29051836"
     14 "870970-basis:29919704"
     15 "820010-katalog:2617968__3"
     15 "870970-basis:06755496"
     15 "870970-basis:09205918"
     15 "870970-basis:24543439"
     15 "870970-basis:24960188"
     15 "870970-basis:25693906"
     15 "870970-basis:27731236"
     15 "870970-basis:28178697"
     16 "810015-katalog:001327973"
     16 "810015-katalog:001391647"
     16 "810015-katalog:001784833"
     16 "870970-basis:20723386"
     16 "870970-basis:22110667"
     16 "870970-basis:22182889"
     16 "870970-basis:22966022"
     16 "870970-basis:23965798"
     16 "870970-basis:24618110"
     16 "870970-basis:24837491"
     16 "870970-basis:26195489"
     16 "870970-basis:27709990"
     16 "870970-basis:27868673"
     16 "870970-basis:28729812"
     16 "870970-basis:28902239"
     16 "870970-basis:29027471"
     17 "810015-katalog:001604530"
     17 "870970-basis:06366414"
     17 "870970-basis:23461005"
     17 "870970-basis:24364445"
     17 "870970-basis:27620698"
     18 "820010-katalog:110582"
     18 "870970-basis:09205926"
     18 "870970-basis:26800323"
     18 "870970-basis:28429576"
     18 "870970-basis:28830882"
     19 "870970-basis:04278860"
     19 "870970-basis:26684307"
     19 "870970-basis:26997593"
     19 "870970-basis:27393349"
     19 "870970-basis:27811434"
     19 "870970-basis:28986203"
     19 "870970-basis:28992408"
     20 "870970-basis:24022242"
     20 "870970-basis:26750288"
     20 "870970-basis:26943884"
     20 "870970-basis:27096387"
     20 "870970-basis:28293402"
     20 "870970-basis:28484283"
     21 "810015-katalog:001363578"
     21 "820010-katalog:3166958__1"
     21 "870970-basis:24328457"
     21 "870970-basis:25771559"
     21 "870970-basis:26677262"
     21 "870970-basis:27502202"
     22 "820010-katalog:286822"
     22 "820010-katalog:4448038__1"
     22 "870970-basis:04549813"
     22 "870970-basis:06943268"
     22 "870970-basis:22042904"
     22 "870970-basis:22893793"
     22 "870970-basis:25108248"
     22 "870970-basis:25625447"
     22 "870970-basis:27711227"
     23 "810015-katalog:001745471"
     23 "870970-basis:07192045"
     23 "870970-basis:25798961"
     23 "870970-basis:27701361"
     23 "870970-basis:28204760"
     24 "870970-basis:26423880"
     25 "870970-basis:24250466"
     25 "870970-basis:27551440"
     25 "870970-basis:28403801"
     26 "870970-basis:26170508"
     28 "870970-basis:21862274"
     28 "870970-basis:28421826"
     28 "870970-basis:28456433"
     30 "870970-basis:27238173"
     32 "870970-basis:24619303"
     37 "870970-basis:26689023"
     37 "870970-basis:26855977"
     38 "870970-basis:27119956"
     57 "870970-basis:29793158"
