     12 "830060-katalog:27657192"
     12 "870970-basis:07354878"
     12 "870970-basis:21650390"
     12 "870970-basis:22101390"
     12 "870970-basis:24211177"
     12 "870970-basis:25108248"
     12 "870970-basis:25515382"
     12 "870970-basis:26519152"
     12 "870970-basis:26750288"
     12 "870970-basis:27324428"
     12 "870970-basis:27865976"
     12 "870970-basis:28068905"
     12 "870970-basis:28239548"
     12 "870970-basis:28480814"
     12 "870970-basis:29535876"
     12 "870970-basis:29569894"
     12 "870970-basis:29974861"
     12 "870970-basis:42345466"
     12 "870970-basis:51050592"
     13 "810015-katalog:001784833"
     13 "820010-katalog:3166958__1"
     13 "870970-basis:07192045"
     13 "870970-basis:20124407"
     13 "870970-basis:22042904"
     13 "870970-basis:22394029"
     13 "870970-basis:22893793"
     13 "870970-basis:25700872"
     13 "870970-basis:27013406"
     13 "870970-basis:27261574"
     13 "870970-basis:27990754"
     13 "870970-basis:28069170"
     13 "870970-basis:28220405"
     13 "870970-basis:28407866"
     13 "870970-basis:28429576"
     13 "870970-basis:28729812"
     13 "870970-basis:28986203"
     13 "870970-basis:29027471"
     13 "870970-basis:29577374"
     14 "820010-katalog:147511"
     14 "870970-basis:23660245"
     14 "870970-basis:27096387"
     14 "870970-basis:27186327"
     14 "870970-basis:27218784"
     14 "870970-basis:27267572"
     14 "870970-basis:28714289"
     14 "870970-basis:28992408"
     15 "820010-katalog:297834"
     15 "870970-basis:04549813"
     15 "870970-basis:24882322"
     15 "870970-basis:27787207"
     15 "870970-basis:28188625"
     15 "870970-basis:28374968"
     15 "870970-basis:28721978"
     15 "870970-basis:29246076"
     15 "870970-basis:29793158"
     15 "870970-basis:29972362"
     16 "870970-basis:21642940"
     16 "870970-basis:21862274"
     16 "870970-basis:24364445"
     16 "870970-basis:26943884"
     16 "870970-basis:27114091"
     16 "870970-basis:27868673"
     16 "870970-basis:28178697"
     16 "874310-katalog:DBB0040326"
     17 "870970-basis:26186285"
     17 "870970-basis:27947867"
     17 "870970-basis:28902239"
     18 "771000-katalog:90185543"
     18 "820010-katalog:2617968__3"
     18 "820010-katalog:315627"
     18 "820010-katalog:4448038__1"
     18 "870970-basis:25605233"
     18 "870970-basis:26677262"
     18 "870970-basis:26800323"
     18 "870970-basis:27551440"
     18 "870970-basis:28403801"
     19 "870970-basis:27731236"
     20 "870970-basis:23461005"
     20 "870970-basis:26423880"
     20 "870970-basis:26997593"
     20 "870970-basis:29535795"
     21 "870970-basis:24619303"
     21 "870970-basis:26855977"
     21 "870970-basis:27711227"
     21 "870970-basis:29027641"
     22 "870970-basis:28484283"
     23 "870970-basis:26684307"
     23 "870970-basis:27393349"
     23 "870970-basis:27709990"
     23 "870970-basis:29051836"
     24 "870970-basis:27238173"
     24 "870970-basis:27811434"
     24 "870970-basis:28293402"
     24 "870970-basis:28456433"
     25 "870970-basis:26689023"
     28 "870970-basis:27502202"
     30 "870970-basis:28421826"
     33 "870970-basis:28204760"
     35 "870970-basis:27119956"
     39 "870970-basis:26170508"
