      6 "870970-basis:28898924"
      6 "870970-basis:29554129"
      6 "870970-basis:29891966"
      6 "870970-basis:29919704"
      6 "870970-basis:45226409"
      6 "870970-basis:50520668"
      6 "870970-basis:51308476"
      6 "870970-basis:51658345"
      7 "810010-katalog:000341086"
      7 "820010-katalog:2273756__1"
      7 "870970-basis:01362984"
      7 "870970-basis:21046345"
      7 "870970-basis:22101390"
      7 "870970-basis:22359541"
      7 "870970-basis:24882322"
      7 "870970-basis:25080009"
      7 "870970-basis:25798961"
      7 "870970-basis:26684307"
      7 "870970-basis:27815839"
      7 "870970-basis:27865976"
      7 "870970-basis:28043872"
      7 "870970-basis:28421826"
      7 "870970-basis:28429576"
      7 "870970-basis:28595565"
      7 "870970-basis:28675127"
      7 "870970-basis:28721420"
      7 "870970-basis:28724683"
      7 "870970-basis:28986203"
      7 "870970-basis:28999305"
      7 "870970-basis:29027471"
      7 "870970-basis:29276307"
      7 "870970-basis:50759512"
      8 "820010-katalog:4448038__1"
      8 "870970-basis:04549813"
      8 "870970-basis:21699896"
      8 "870970-basis:22380869"
      8 "870970-basis:22859536"
      8 "870970-basis:24095134"
      8 "870970-basis:24619303"
      8 "870970-basis:25108248"
      8 "870970-basis:25771559"
      8 "870970-basis:27096387"
      8 "870970-basis:27238173"
      8 "870970-basis:27384005"
      8 "870970-basis:27650341"
      8 "870970-basis:27811434"
      8 "870970-basis:28160801"
      8 "870970-basis:28237391"
      8 "870970-basis:28293402"
      8 "870970-basis:28373929"
      8 "870970-basis:28374968"
      8 "870970-basis:29246076"
      8 "870970-basis:29535795"
      8 "870970-basis:29834784"
      9 "830060-katalog:27657192"
      9 "870970-basis:01284592"
      9 "870970-basis:20819138"
      9 "870970-basis:23622300"
      9 "870970-basis:24022242"
      9 "870970-basis:24618110"
      9 "870970-basis:25605233"
      9 "870970-basis:26872405"
      9 "870970-basis:27013902"
      9 "870970-basis:27186327"
      9 "870970-basis:27502202"
      9 "870970-basis:27709990"
      9 "870970-basis:27947867"
      9 "870970-basis:28220405"
      9 "870970-basis:45060136"
      9 "874310-katalog:DBB0019369"
     10 "820010-katalog:2617968__3"
     10 "870970-basis:23461005"
     10 "870970-basis:25693906"
     10 "870970-basis:27701361"
     10 "870970-basis:27711227"
     10 "870970-basis:27787207"
     10 "870970-basis:27990754"
     10 "870970-basis:28403801"
     10 "870970-basis:29051836"
     11 "870970-basis:07176171"
     11 "870970-basis:26170508"
     11 "870970-basis:26423880"
     11 "870970-basis:26922143"
     11 "870970-basis:26943884"
     11 "870970-basis:27731236"
     12 "870970-basis:06366414"
     12 "870970-basis:26800323"
     12 "870970-basis:27119956"
     12 "870970-basis:28178697"
     12 "870970-basis:28347839"
     13 "870970-basis:22966022"
     13 "870970-basis:26689023"
     13 "870970-basis:27868673"
     13 "870970-basis:28456433"
     14 "870970-basis:28204760"
     15 "870970-basis:26855977"
     16 "870970-basis:26677262"
     16 "870970-basis:27551440"
     16 "870970-basis:29793158"
     17 "870970-basis:28484283"
