      4 "870970-basis:28434448"
      4 "870970-basis:28480814"
      4 "870970-basis:28729812"
      4 "870970-basis:28986203"
      4 "870970-basis:41125063"
      4 "870970-basis:42345466"
      5 "733000-katalog:93022033"
      5 "820010-katalog:2272392__1"
      5 "820010-katalog:2375830"
      5 "820010-katalog:286822"
      5 "820010-katalog:3166958__1"
      5 "870970-basis:04034570"
      5 "870970-basis:06943268"
      5 "870970-basis:21496669"
      5 "870970-basis:21699896"
      5 "870970-basis:22101390"
      5 "870970-basis:22330349"
      5 "870970-basis:22380869"
      5 "870970-basis:22509632"
      5 "870970-basis:22966022"
      5 "870970-basis:24022242"
      5 "870970-basis:24618110"
      5 "870970-basis:25108248"
      5 "870970-basis:25493796"
      5 "870970-basis:25693906"
      5 "870970-basis:26750288"
      5 "870970-basis:26922143"
      5 "870970-basis:27190731"
      5 "870970-basis:27620698"
      5 "870970-basis:27884296"
      5 "870970-basis:28188625"
      5 "870970-basis:28204760"
      5 "870970-basis:28485921"
      5 "870970-basis:29261962"
      5 "870970-basis:45060136"
      6 "810015-katalog:001784835"
      6 "820010-katalog:2617968__3"
      6 "820010-katalog:289756"
      6 "870970-basis:01301063"
      6 "870970-basis:04520351"
      6 "870970-basis:04549813"
      6 "870970-basis:08553475"
      6 "870970-basis:22110667"
      6 "870970-basis:24960188"
      6 "870970-basis:25331540"
      6 "870970-basis:25515382"
      6 "870970-basis:25734300"
      6 "870970-basis:25798961"
      6 "870970-basis:26473853"
      6 "870970-basis:26474345"
      6 "870970-basis:26800323"
      6 "870970-basis:26964547"
      6 "870970-basis:27114261"
      6 "870970-basis:27238173"
      6 "870970-basis:27261574"
      6 "870970-basis:27711227"
      6 "870970-basis:28429576"
      6 "870970-basis:28484283"
      6 "870970-basis:28719019"
      7 "810015-katalog:001605315"
      7 "810015-katalog:001745471"
      7 "820010-katalog:4448038__1"
      7 "870970-basis:07192045"
      7 "870970-basis:20723386"
      7 "870970-basis:22893793"
      7 "870970-basis:25625447"
      7 "870970-basis:26673607"
      7 "870970-basis:26855977"
      7 "870970-basis:27868673"
      7 "870970-basis:27888097"
      7 "870970-basis:28822359"
      8 "870970-basis:04278860"
      8 "870970-basis:23622300"
      8 "870970-basis:24095134"
      8 "870970-basis:24882322"
      8 "870970-basis:26170508"
      8 "870970-basis:27119956"
      8 "870970-basis:27551440"
      8 "870970-basis:27709990"
      8 "870970-basis:28026544"
      8 "870970-basis:28178697"
      8 "870970-basis:28421826"
      9 "870970-basis:22042904"
      9 "870970-basis:23461005"
      9 "870970-basis:24619303"
      9 "870970-basis:24869857"
      9 "870970-basis:26195489"
      9 "870970-basis:26423880"
      9 "870970-basis:26689023"
      9 "870970-basis:27423833"
      9 "870970-basis:27502202"
     10 "870970-basis:25605233"
     10 "870970-basis:26885310"
     10 "870970-basis:26997593"
     11 "870970-basis:24058794"
     11 "870970-basis:28239548"
     12 "870970-basis:21862274"
     12 "870970-basis:26943884"
     12 "870970-basis:28347839"
     14 "870970-basis:28456433"
