      3 "870970-basis:28683707"
      3 "870970-basis:28715854"
      3 "870970-basis:28758057"
      3 "870970-basis:28898924"
      3 "870970-basis:29020299"
      3 "870970-basis:29027471"
      3 "870970-basis:29027641"
      3 "870970-basis:29051836"
      3 "870970-basis:29260206"
      3 "870970-basis:29554129"
      3 "870970-basis:29945411"
      3 "870970-basis:29972362"
      3 "870970-basis:42480908"
      3 "874310-katalog:DBB0019369"
      3 "874310-katalog:DBB0040326"
      4 "810010-katalog:000341086"
      4 "810010-katalog:000889171"
      4 "810015-katalog:001578472"
      4 "810015-katalog:001686696"
      4 "810015-katalog:001784833"
      4 "810015-katalog:001917522"
      4 "820010-katalog:2273756__1"
      4 "870970-basis:04034570"
      4 "870970-basis:04278860"
      4 "870970-basis:05160057"
      4 "870970-basis:06783341"
      4 "870970-basis:21046345"
      4 "870970-basis:21892262"
      4 "870970-basis:22374257"
      4 "870970-basis:22509632"
      4 "870970-basis:22864912"
      4 "870970-basis:24364445"
      4 "870970-basis:24618110"
      4 "870970-basis:24960188"
      4 "870970-basis:25294181"
      4 "870970-basis:25521560"
      4 "870970-basis:25620658"
      4 "870970-basis:25700872"
      4 "870970-basis:26195489"
      4 "870970-basis:26285283"
      4 "870970-basis:26997593"
      4 "870970-basis:27218784"
      4 "870970-basis:27324428"
      4 "870970-basis:27468470"
      4 "870970-basis:27711227"
      4 "870970-basis:27909248"
      4 "870970-basis:27990754"
      4 "870970-basis:28074573"
      4 "870970-basis:28390998"
      4 "870970-basis:28403801"
      4 "870970-basis:28595565"
      4 "870970-basis:28714289"
      4 "870970-basis:28902239"
      4 "870970-basis:28999305"
      4 "870970-basis:29273731"
      4 "870970-basis:29278563"
      4 "870970-basis:29577374"
      5 "820010-katalog:3166958__1"
      5 "870970-basis:07354878"
      5 "870970-basis:21465240"
      5 "870970-basis:21900516"
      5 "870970-basis:23881748"
      5 "870970-basis:24095134"
      5 "870970-basis:25625447"
      5 "870970-basis:26206510"
      5 "870970-basis:26474345"
      5 "870970-basis:26519152"
      5 "870970-basis:26689023"
      5 "870970-basis:26885310"
      5 "870970-basis:27114091"
      5 "870970-basis:27423582"
      5 "870970-basis:27423833"
      5 "870970-basis:27811434"
      5 "870970-basis:28992408"
      6 "820010-katalog:2375830"
      6 "870970-basis:05182689"
      6 "870970-basis:07139578"
      6 "870970-basis:21372404"
      6 "870970-basis:22042904"
      6 "870970-basis:22966022"
      6 "870970-basis:24293033"
      6 "870970-basis:26677262"
      6 "870970-basis:26679281"
      6 "870970-basis:27261574"
      6 "870970-basis:27551440"
      6 "870970-basis:27620698"
      6 "870970-basis:28087926"
      6 "870970-basis:28293402"
      6 "870970-basis:28347839"
      6 "870970-basis:28429576"
      6 "870970-basis:28509162"
      7 "870970-basis:22101390"
      7 "870970-basis:27186327"
      7 "870970-basis:28204760"
      8 "870970-basis:27947867"
      8 "870970-basis:28069170"
     10 "870970-basis:24619303"
     10 "870970-basis:29276307"
     11 "870970-basis:26170508"
     11 "870970-basis:29793158"
