     10 "870970-basis:26970237"
     10 "870970-basis:27261574"
     10 "870970-basis:27787207"
     10 "870970-basis:28043872"
     10 "870970-basis:28719019"
     10 "870970-basis:29273731"
     10 "870970-basis:29945411"
     10 "874310-katalog:DBB0019369"
     11 "810015-katalog:001784833"
     11 "820010-katalog:286822"
     11 "870970-basis:21699896"
     11 "870970-basis:22620177"
     11 "870970-basis:23369737"
     11 "870970-basis:24869857"
     11 "870970-basis:25741420"
     11 "870970-basis:25863747"
     11 "870970-basis:26027586"
     11 "870970-basis:27190731"
     11 "870970-basis:28721978"
     11 "870970-basis:29276307"
     11 "870970-basis:29535795"
     12 "870970-basis:04549813"
     12 "870970-basis:22330349"
     12 "870970-basis:23830116"
     12 "870970-basis:23965798"
     12 "870970-basis:27579388"
     12 "870970-basis:27990754"
     12 "870970-basis:28902239"
     12 "870970-basis:29577374"
     13 "810015-katalog:001681338"
     13 "870970-basis:20797827"
     13 "870970-basis:21892262"
     13 "870970-basis:22110667"
     13 "870970-basis:25709500"
     13 "870970-basis:27551440"
     13 "870970-basis:29260206"
     14 "870970-basis:06366414"
     14 "870970-basis:22893793"
     14 "870970-basis:24022242"
     14 "870970-basis:26677262"
     14 "870970-basis:26689023"
     14 "870970-basis:26855977"
     14 "870970-basis:26943884"
     14 "870970-basis:27096387"
     14 "870970-basis:27218784"
     14 "870970-basis:27423833"
     15 "870970-basis:21862274"
     15 "870970-basis:25515382"
     15 "870970-basis:26423880"
     15 "870970-basis:26684307"
     15 "870970-basis:26885310"
     15 "870970-basis:27711227"
     15 "870970-basis:28069170"
     15 "870970-basis:28074573"
     15 "870970-basis:28239548"
     15 "870970-basis:28293402"
     15 "870970-basis:28429576"
     15 "870970-basis:28485921"
     15 "870970-basis:28724683"
     15 "870970-basis:28729812"
     15 "870970-basis:29261962"
     16 "870970-basis:07192045"
     16 "870970-basis:26195489"
     16 "870970-basis:26474345"
     16 "870970-basis:27701361"
     16 "870970-basis:27865976"
     16 "870970-basis:27868673"
     16 "870970-basis:28891229"
     16 "870970-basis:28986203"
     16 "870970-basis:29551421"
     17 "870970-basis:04034570"
     17 "870970-basis:23461005"
     17 "870970-basis:26800323"
     17 "870970-basis:27393349"
     17 "870970-basis:27731236"
     17 "870970-basis:28403801"
     18 "820010-katalog:3166958__1"
     18 "820010-katalog:4448038__1"
     18 "870970-basis:25331540"
     18 "870970-basis:27709990"
     18 "870970-basis:28188625"
     19 "870970-basis:22042904"
     19 "870970-basis:27186327"
     19 "870970-basis:28178697"
     19 "870970-basis:28421826"
     20 "870970-basis:24619303"
     20 "870970-basis:26997593"
     20 "870970-basis:27400264"
     20 "870970-basis:27811434"
     21 "870970-basis:24882322"
     21 "870970-basis:27502202"
     22 "870970-basis:28484283"
     24 "870970-basis:27238173"
     27 "870970-basis:28204760"
     28 "870970-basis:26519152"
     28 "870970-basis:27119956"
     29 "870970-basis:26170508"
     31 "870970-basis:28347839"
     39 "870970-basis:28456433"
     41 "870970-basis:29793158"
