     48 "870970-basis:28117434"
     48 "870970-basis:29934118"
     49 "870970-basis:24211177"
     49 "870970-basis:26923530"
     49 "870970-basis:28824130"
     50 "870970-basis:24618110"
     50 "870970-basis:29953554"
     50 "870970-basis:44204738"
     50 "870970-basis:45060136"
     51 "870970-basis:06943268"
     51 "870970-basis:22374257"
     51 "870970-basis:28074573"
     52 "870970-basis:04034570"
     52 "870970-basis:27400264"
     52 "870970-basis:27423582"
     52 "870970-basis:28043872"
     53 "870970-basis:04278860"
     53 "870970-basis:28257929"
     54 "870970-basis:26684307"
     54 "870970-basis:26964547"
     55 "870970-basis:24095134"
     55 "870970-basis:26519152"
     55 "870970-basis:26750288"
     55 "870970-basis:29076588"
     56 "870970-basis:27579388"
     56 "870970-basis:28373988"
     56 "870970-basis:50629627"
     56 "870970-basis:51298721"
     57 "870970-basis:07192045"
     57 "870970-basis:23881748"
     57 "870970-basis:26878411"
     57 "870970-basis:27731236"
     57 "870970-basis:28403801"
     57 "870970-basis:29537011"
     58 "870970-basis:29260206"
     59 "870970-basis:22893793"
     59 "870970-basis:24882322"
     59 "870970-basis:27393349"
     59 "870970-basis:27811434"
     59 "870970-basis:29551421"
     60 "870970-basis:28421826"
     61 "870970-basis:50789748"
     62 "870970-basis:27096387"
     62 "870970-basis:27502202"
     62 "870970-basis:28649789"
     62 "870970-basis:28986203"
     63 "870970-basis:27787207"
     63 "870970-basis:27884296"
     63 "870970-basis:29974861"
     64 "870970-basis:26186285"
     64 "870970-basis:29246076"
     65 "820010-katalog:3166958__1"
     66 "870970-basis:25625447"
     66 "870970-basis:26677262"
     66 "870970-basis:29535876"
     67 "810015-katalog:001784833"
     67 "870970-basis:25700872"
     68 "870970-basis:21862274"
     68 "870970-basis:26423880"
     68 "870970-basis:29867666"
     69 "870970-basis:28724683"
     70 "870970-basis:29027471"
     71 "870970-basis:28220405"
     72 "820010-katalog:286822"
     72 "870970-basis:24022242"
     73 "870970-basis:24364445"
     74 "870970-basis:28511663"
     75 "870970-basis:27266304"
     75 "870970-basis:28188625"
     76 "820010-katalog:2617968__3"
     76 "870970-basis:27551440"
     76 "870970-basis:28721978"
     77 "870970-basis:26855977"
     78 "870970-basis:28347839"
     78 "870970-basis:28902239"
     80 "870970-basis:27238173"
     81 "870970-basis:23461005"
     81 "870970-basis:27186327"
     81 "870970-basis:27218784"
     82 "870970-basis:25798961"
     82 "870970-basis:28178697"
     83 "870970-basis:28069170"
     84 "870970-basis:28429576"
     86 "771000-katalog:90185543"
     86 "870970-basis:26689023"
     89 "870970-basis:28293402"
     90 "870970-basis:27709990"
     90 "870970-basis:27711227"
     92 "870970-basis:26170508"
     92 "870970-basis:29027641"
     93 "870970-basis:28204760"
     94 "870970-basis:29535795"
     95 "870970-basis:29972362"
     96 "870970-basis:28484283"
    100 "870970-basis:28456433"
    108 "820010-katalog:4448038__1"
    114 "870970-basis:27868673"
    118 "870970-basis:29051836"
    135 "870970-basis:27119956"
    146 "870970-basis:29793158"
