     25 "870970-basis:26878411"
     25 "870970-basis:27317812"
     25 "870970-basis:27884296"
     25 "870970-basis:28374968"
     25 "870970-basis:28649789"
     25 "870970-basis:29261962"
     25 "870970-basis:44204738"
     26 "870970-basis:04549813"
     26 "870970-basis:21372404"
     26 "870970-basis:24211177"
     26 "870970-basis:27733875"
     26 "870970-basis:29027471"
     27 "810010-katalog:000341086"
     27 "820010-katalog:2617968__3"
     27 "870970-basis:26473853"
     27 "870970-basis:27013406"
     27 "870970-basis:27400264"
     27 "870970-basis:28992408"
     28 "810015-katalog:001363578"
     28 "810015-katalog:001784833"
     28 "820010-katalog:110582"
     28 "870970-basis:04278860"
     28 "870970-basis:25882385"
     28 "870970-basis:26997593"
     28 "870970-basis:28069170"
     29 "810015-katalog:001391647"
     29 "820010-katalog:3166958__1"
     29 "870970-basis:24058794"
     29 "870970-basis:25108248"
     29 "870970-basis:27701361"
     29 "870970-basis:28074573"
     29 "870970-basis:28407866"
     29 "870970-basis:28724683"
     29 "870970-basis:29972362"
     30 "870970-basis:23881748"
     30 "870970-basis:24619303"
     30 "870970-basis:24882322"
     30 "870970-basis:26474345"
     30 "870970-basis:28822359"
     31 "870970-basis:27579388"
     31 "870970-basis:29551421"
     31 "870970-basis:45060136"
     32 "870970-basis:21046345"
     32 "870970-basis:24095134"
     32 "870970-basis:24624366"
     32 "870970-basis:25798961"
     32 "870970-basis:26799325"
     32 "870970-basis:27096387"
     32 "870970-basis:27261574"
     32 "870970-basis:28257929"
     32 "870970-basis:28483287"
     32 "870970-basis:29051836"
     32 "870970-basis:29276307"
     33 "820010-katalog:286822"
     33 "870970-basis:25700872"
     34 "870970-basis:26684307"
     34 "870970-basis:26855977"
     34 "870970-basis:28421826"
     35 "870970-basis:24022242"
     35 "870970-basis:27393349"
     35 "870970-basis:29535795"
     36 "870970-basis:27811434"
     36 "870970-basis:28429576"
     36 "870970-basis:28986203"
     36 "870970-basis:29027641"
     37 "870970-basis:21862274"
     37 "870970-basis:26800323"
     37 "870970-basis:28220405"
     38 "771000-katalog:90185543"
     38 "870970-basis:26186285"
     38 "870970-basis:26750288"
     38 "870970-basis:27186327"
     38 "870970-basis:28188625"
     39 "870970-basis:24364445"
     39 "870970-basis:25625447"
     39 "870970-basis:28721978"
     40 "870970-basis:28403801"
     41 "870970-basis:26677262"
     41 "870970-basis:27218784"
     42 "870970-basis:07192045"
     42 "870970-basis:27551440"
     42 "870970-basis:27711227"
     43 "870970-basis:28456433"
     44 "870970-basis:27868673"
     44 "870970-basis:27947867"
     45 "870970-basis:27502202"
     46 "870970-basis:28293402"
     47 "870970-basis:22893793"
     48 "870970-basis:23461005"
     49 "870970-basis:28178697"
     49 "870970-basis:28347839"
     50 "870970-basis:27709990"
     52 "870970-basis:26170508"
     53 "870970-basis:28484283"
     54 "870970-basis:28204760"
     55 "820010-katalog:4448038__1"
     58 "870970-basis:27119956"
     58 "870970-basis:27238173"
     61 "870970-basis:26689023"
     65 "870970-basis:29793158"
