     62 "870970-basis:27731236"
     62 "870970-basis:28043872"
     62 "870970-basis:28374968"
     63 "820010-katalog:286822"
     63 "870970-basis:26186285"
     63 "870970-basis:29569894"
     64 "870970-basis:26964547"
     64 "870970-basis:27266428"
     64 "870970-basis:29290547"
     65 "820010-katalog:315627"
     65 "870970-basis:22893793"
     65 "870970-basis:24882322"
     65 "870970-basis:28068905"
     65 "870970-basis:29934118"
     66 "820010-katalog:3166958__1"
     66 "870970-basis:04549813"
     66 "870970-basis:28942613"
     67 "870970-basis:04278860"
     67 "870970-basis:06755496"
     67 "870970-basis:50629627"
     68 "810015-katalog:001784833"
     68 "870970-basis:21862274"
     68 "870970-basis:24022242"
     68 "870970-basis:26684307"
     69 "870970-basis:24619303"
     69 "870970-basis:25798961"
     69 "870970-basis:29551421"
     70 "870970-basis:27579388"
     70 "870970-basis:28407866"
     70 "870970-basis:28758057"
     70 "870970-basis:29076588"
     71 "870970-basis:28421826"
     72 "870970-basis:29867666"
     72 "870970-basis:45226409"
     72 "870970-basis:50789748"
     73 "870970-basis:25693906"
     73 "870970-basis:26750288"
     73 "870970-basis:26997593"
     74 "870970-basis:27551440"
     74 "870970-basis:29537011"
     76 "870970-basis:27423582"
     76 "870970-basis:28373988"
     77 "870970-basis:29027471"
     77 "870970-basis:29246076"
     78 "870970-basis:26677262"
     78 "870970-basis:28117434"
     78 "870970-basis:29278563"
     80 "870970-basis:26878411"
     80 "870970-basis:51298721"
     80 "874310-katalog:DBB0019369"
     81 "870970-basis:25700872"
     81 "870970-basis:27096387"
     82 "810015-katalog:001363578"
     83 "870970-basis:26423880"
     84 "870970-basis:07192045"
     84 "870970-basis:25625447"
     84 "870970-basis:27266304"
     85 "870970-basis:23461005"
     85 "870970-basis:27393349"
     85 "870970-basis:28220405"
     85 "870970-basis:28721978"
     87 "870970-basis:27884296"
     87 "870970-basis:28178697"
     87 "870970-basis:28293402"
     87 "870970-basis:28724683"
     88 "870970-basis:26855977"
     88 "870970-basis:28069170"
     88 "870970-basis:29260206"
     88 "870970-basis:29974861"
     89 "870970-basis:28902239"
     93 "870970-basis:26170508"
     93 "870970-basis:28188625"
     93 "870970-basis:28429576"
     95 "870970-basis:27787207"
     95 "870970-basis:28511663"
     97 "870970-basis:27502202"
     97 "870970-basis:27811434"
     97 "870970-basis:28986203"
     99 "820010-katalog:4448038__1"
     99 "870970-basis:45060136"
    100 "870970-basis:27186327"
    100 "870970-basis:27709990"
    102 "870970-basis:29535876"
    103 "870970-basis:29972362"
    104 "870970-basis:27218784"
    104 "870970-basis:27711227"
    106 "870970-basis:28347839"
    109 "870970-basis:29535795"
    112 "870970-basis:27947867"
    113 "870970-basis:28456433"
    114 "771000-katalog:90185543"
    115 "870970-basis:27238173"
    116 "870970-basis:27868673"
    117 "870970-basis:29051836"
    118 "870970-basis:28204760"
    124 "870970-basis:28484283"
    131 "870970-basis:29027641"
    140 "870970-basis:26689023"
    141 "870970-basis:27119956"
    162 "870970-basis:29793158"
