     51 "870970-basis:27013406"
     51 "870970-basis:27423582"
     51 "870970-basis:29037418"
     51 "870970-basis:29974861"
     51 "870970-basis:50650898"
     51 "870970-basis:50789748"
     52 "870970-basis:20124407"
     52 "870970-basis:26943884"
     52 "870970-basis:28043872"
     53 "870970-basis:23881748"
     53 "870970-basis:26750288"
     53 "870970-basis:27733875"
     53 "870970-basis:27787207"
     53 "870970-basis:29276307"
     53 "870970-basis:29278563"
     53 "870970-basis:29754519"
     53 "870970-basis:44204738"
     54 "810015-katalog:001495929"
     54 "870970-basis:26964547"
     54 "870970-basis:29246076"
     54 "874310-katalog:DBB0040918"
     55 "870970-basis:28628730"
     56 "820010-katalog:3166958__1"
     56 "870970-basis:22374257"
     56 "870970-basis:28758057"
     56 "870970-basis:29537011"
     56 "870970-basis:29577374"
     57 "870970-basis:04549813"
     57 "870970-basis:24882322"
     57 "870970-basis:28403801"
     58 "870970-basis:26800323"
     58 "870970-basis:27884296"
     58 "870970-basis:28891229"
     58 "870970-basis:29569894"
     59 "870970-basis:26878411"
     59 "870970-basis:27502202"
     59 "870970-basis:28069170"
     59 "870970-basis:28074573"
     60 "870970-basis:26684307"
     60 "870970-basis:27261574"
     61 "870970-basis:27579388"
     61 "870970-basis:28724683"
     62 "870970-basis:24619303"
     62 "870970-basis:26997593"
     62 "870970-basis:28649789"
     62 "870970-basis:29027471"
     62 "870970-basis:29535876"
     63 "870970-basis:24364445"
     63 "870970-basis:27218784"
     63 "870970-basis:28511663"
     64 "870970-basis:28902239"
     64 "870970-basis:45060136"
     65 "810015-katalog:001784833"
     65 "870970-basis:25798961"
     65 "870970-basis:29260206"
     67 "870970-basis:25700872"
     67 "870970-basis:27947867"
     67 "870970-basis:28220405"
     69 "870970-basis:22893793"
     70 "870970-basis:28188625"
     73 "870970-basis:27096387"
     74 "870970-basis:25625447"
     74 "870970-basis:26855977"
     74 "870970-basis:27186327"
     74 "870970-basis:27811434"
     75 "870970-basis:24022242"
     75 "870970-basis:26677262"
     76 "870970-basis:29535795"
     77 "870970-basis:27393349"
     77 "870970-basis:27551440"
     78 "870970-basis:21862274"
     78 "870970-basis:26423880"
     78 "870970-basis:27711227"
     78 "870970-basis:28178697"
     79 "870970-basis:27266304"
     79 "870970-basis:28421826"
     80 "810015-katalog:001363578"
     82 "870970-basis:23461005"
     82 "870970-basis:29972362"
     83 "771000-katalog:90185543"
     83 "870970-basis:28347839"
     85 "870970-basis:28429576"
     86 "870970-basis:28293402"
     87 "820010-katalog:286822"
     87 "870970-basis:28721978"
     88 "870970-basis:07192045"
     88 "870970-basis:27709990"
     89 "870970-basis:28986203"
     91 "870970-basis:28484283"
     92 "870970-basis:28456433"
     93 "870970-basis:29027641"
     96 "820010-katalog:4448038__1"
     98 "870970-basis:27868673"
     99 "870970-basis:27238173"
    102 "870970-basis:26689023"
    112 "870970-basis:29051836"
    114 "870970-basis:26170508"
    126 "870970-basis:29793158"
    130 "870970-basis:28204760"
    135 "870970-basis:27119956"
