     37 "830060-katalog:27657192"
     37 "870970-basis:06943268"
     37 "870970-basis:24364445"
     37 "870970-basis:26879140"
     37 "870970-basis:28485921"
     37 "870970-basis:28724683"
     37 "870970-basis:28999305"
     38 "870970-basis:04034570"
     38 "870970-basis:07354878"
     38 "870970-basis:24869857"
     39 "870970-basis:22042904"
     39 "870970-basis:26750288"
     39 "870970-basis:26885310"
     39 "870970-basis:28244967"
     39 "870970-basis:28649789"
     39 "870970-basis:28758057"
     39 "870970-basis:28992408"
     39 "870970-basis:29335826"
     40 "820010-katalog:315627"
     40 "870970-basis:22374257"
     40 "870970-basis:23881748"
     40 "870970-basis:24543439"
     40 "870970-basis:29027471"
     40 "870970-basis:29972362"
     41 "810015-katalog:001495929"
     41 "870970-basis:28902239"
     41 "870970-basis:29261962"
     42 "810015-katalog:001784833"
     42 "870970-basis:06755496"
     42 "870970-basis:26943884"
     42 "870970-basis:26964547"
     42 "870970-basis:28891229"
     43 "870970-basis:25625447"
     43 "870970-basis:26855977"
     43 "870970-basis:27266304"
     43 "870970-basis:27400264"
     43 "870970-basis:27701361"
     43 "870970-basis:27884296"
     43 "870970-basis:28374968"
     44 "810015-katalog:001745471"
     44 "820010-katalog:286822"
     44 "870970-basis:26423880"
     44 "870970-basis:28069170"
     45 "870970-basis:22893793"
     45 "870970-basis:27502202"
     45 "870970-basis:28721978"
     46 "870970-basis:27579388"
     46 "870970-basis:27731236"
     47 "771000-katalog:90185543"
     47 "820010-katalog:3166958__1"
     47 "870970-basis:04278860"
     47 "870970-basis:24882322"
     47 "870970-basis:27218784"
     47 "870970-basis:28511663"
     48 "870970-basis:26519152"
     48 "870970-basis:27261574"
     48 "870970-basis:28986203"
     50 "870970-basis:26997593"
     51 "870970-basis:28403801"
     51 "874310-katalog:DBB0019369"
     52 "870970-basis:26186285"
     52 "870970-basis:28220405"
     52 "870970-basis:45060136"
     53 "870970-basis:27096387"
     54 "810015-katalog:001363578"
     54 "870970-basis:21862274"
     54 "870970-basis:29027641"
     55 "870970-basis:27787207"
     56 "870970-basis:24095134"
     56 "870970-basis:25798961"
     56 "870970-basis:27393349"
     56 "870970-basis:28188625"
     57 "870970-basis:24022242"
     57 "870970-basis:26684307"
     57 "870970-basis:27551440"
     58 "820010-katalog:4448038__1"
     58 "870970-basis:26800323"
     58 "870970-basis:29051836"
     60 "870970-basis:28429576"
     62 "870970-basis:28456433"
     63 "870970-basis:27711227"
     64 "870970-basis:27811434"
     64 "870970-basis:29535795"
     65 "870970-basis:26677262"
     66 "870970-basis:26689023"
     66 "870970-basis:27186327"
     67 "870970-basis:28178697"
     68 "870970-basis:07192045"
     70 "870970-basis:28347839"
     71 "870970-basis:23461005"
     72 "870970-basis:27868673"
     76 "870970-basis:27709990"
     77 "870970-basis:28421826"
     82 "870970-basis:27238173"
     82 "870970-basis:28484283"
     83 "870970-basis:28293402"
     94 "870970-basis:27119956"
     94 "870970-basis:28204760"
     99 "870970-basis:26170508"
    109 "870970-basis:29793158"
