     43 "820010-katalog:2617968__3"
     43 "870970-basis:04278860"
     43 "870970-basis:22374257"
     43 "870970-basis:27579388"
     43 "870970-basis:28117434"
     43 "870970-basis:29551421"
     44 "810015-katalog:001681338"
     44 "870970-basis:24364445"
     44 "870970-basis:26206510"
     44 "870970-basis:26878411"
     44 "870970-basis:27597343"
     44 "870970-basis:27701361"
     44 "870970-basis:28421826"
     45 "870970-basis:26885310"
     45 "870970-basis:27261574"
     46 "870970-basis:07354878"
     46 "870970-basis:23660245"
     46 "870970-basis:23881748"
     47 "820010-katalog:315627"
     47 "870970-basis:25605233"
     47 "870970-basis:26997593"
     47 "870970-basis:27096387"
     47 "870970-basis:28220405"
     47 "870970-basis:29260206"
     48 "870970-basis:25625447"
     48 "870970-basis:26964547"
     49 "870970-basis:24882322"
     49 "870970-basis:26750288"
     49 "870970-basis:27731236"
     49 "870970-basis:29335826"
     49 "870970-basis:29535876"
     50 "870970-basis:25108248"
     50 "870970-basis:25693906"
     50 "870970-basis:27400264"
     51 "810015-katalog:001363578"
     51 "870970-basis:45060136"
     51 "870970-basis:50789748"
     52 "810015-katalog:001784833"
     52 "870970-basis:26855977"
     53 "870970-basis:07192045"
     53 "870970-basis:26684307"
     53 "870970-basis:27597335"
     53 "870970-basis:29027471"
     53 "870970-basis:29974861"
     54 "870970-basis:24022242"
     54 "870970-basis:27502202"
     55 "870970-basis:26423880"
     55 "870970-basis:27947867"
     55 "870970-basis:28724683"
     55 "870970-basis:28891229"
     55 "870970-basis:28902239"
     56 "870970-basis:28178697"
     56 "870970-basis:28721978"
     57 "820010-katalog:3166958__1"
     57 "870970-basis:26879140"
     57 "870970-basis:28511663"
     57 "874310-katalog:DBB0019369"
     58 "870970-basis:28069170"
     59 "870970-basis:25700872"
     59 "870970-basis:29535795"
     60 "870970-basis:26677262"
     60 "870970-basis:27884296"
     61 "870970-basis:25771559"
     61 "870970-basis:26943884"
     61 "870970-basis:28373988"
     62 "870970-basis:28403801"
     63 "870970-basis:27266304"
     63 "870970-basis:28188625"
     64 "771000-katalog:90185543"
     64 "820010-katalog:4448038__1"
     64 "870970-basis:24619303"
     64 "870970-basis:27393349"
     64 "870970-basis:27787207"
     66 "870970-basis:28986203"
     67 "870970-basis:21862274"
     67 "870970-basis:27218784"
     68 "870970-basis:28407866"
     70 "870970-basis:25798961"
     71 "870970-basis:22893793"
     71 "870970-basis:28347839"
     72 "870970-basis:29972362"
     73 "870970-basis:23461005"
     74 "870970-basis:27868673"
     75 "870970-basis:27811434"
     76 "870970-basis:28429576"
     77 "870970-basis:27551440"
     77 "870970-basis:28456433"
     79 "870970-basis:27711227"
     80 "870970-basis:27709990"
     81 "870970-basis:27186327"
     81 "870970-basis:28293402"
     84 "870970-basis:29027641"
     87 "870970-basis:27238173"
     87 "870970-basis:28484283"
     92 "870970-basis:29051836"
     93 "870970-basis:29793158"
     99 "870970-basis:26170508"
     99 "870970-basis:28204760"
    101 "870970-basis:26689023"
    115 "870970-basis:27119956"
