     37 "870970-basis:28407866"
     38 "870970-basis:24250466"
     38 "870970-basis:24619303"
     38 "870970-basis:26750288"
     38 "870970-basis:28483287"
     38 "870970-basis:28511663"
     39 "870970-basis:22359541"
     39 "870970-basis:22374257"
     39 "870970-basis:24543439"
     39 "870970-basis:25331540"
     39 "870970-basis:26186285"
     39 "870970-basis:26885310"
     39 "870970-basis:27423833"
     39 "870970-basis:29260206"
     39 "870970-basis:29320594"
     40 "870970-basis:22966022"
     40 "870970-basis:24618110"
     40 "870970-basis:25798961"
     40 "870970-basis:27502202"
     40 "870970-basis:51298721"
     41 "810015-katalog:001495929"
     41 "870970-basis:22042904"
     41 "870970-basis:24058794"
     41 "870970-basis:27096387"
     41 "870970-basis:28239548"
     41 "870970-basis:45060136"
     42 "810015-katalog:001784833"
     42 "870970-basis:24095134"
     42 "870970-basis:26800323"
     42 "870970-basis:26879140"
     42 "870970-basis:27990754"
     42 "870970-basis:28043872"
     42 "870970-basis:28188625"
     42 "870970-basis:28999305"
     43 "870970-basis:28220405"
     44 "870970-basis:06943268"
     44 "870970-basis:28178697"
     44 "870970-basis:29246076"
     45 "870970-basis:27400264"
     45 "870970-basis:27884296"
     45 "870970-basis:28891229"
     45 "870970-basis:29535876"
     46 "870970-basis:22893793"
     46 "870970-basis:24022242"
     46 "870970-basis:27261574"
     47 "870970-basis:26423880"
     47 "870970-basis:29535795"
     48 "810015-katalog:001745471"
     48 "870970-basis:26519152"
     48 "870970-basis:27218784"
     49 "870970-basis:26684307"
     49 "870970-basis:28373988"
     49 "870970-basis:29551421"
     49 "870970-basis:29974861"
     50 "870970-basis:24869857"
     50 "870970-basis:27266304"
     50 "870970-basis:28484283"
     51 "870970-basis:25625447"
     51 "870970-basis:26677262"
     51 "870970-basis:26689023"
     51 "870970-basis:28403801"
     52 "870970-basis:04549813"
     52 "870970-basis:27393349"
     53 "870970-basis:21862274"
     53 "870970-basis:25700872"
     54 "870970-basis:27551440"
     54 "870970-basis:28069170"
     55 "870970-basis:27787207"
     55 "870970-basis:28902239"
     56 "820010-katalog:3166958__1"
     56 "870970-basis:27709990"
     57 "870970-basis:07192045"
     57 "870970-basis:27811434"
     57 "870970-basis:27947867"
     57 "870970-basis:28421826"
     59 "810015-katalog:001363578"
     59 "870970-basis:28992408"
     60 "771000-katalog:90185543"
     60 "870970-basis:29027471"
     60 "870970-basis:29972362"
     61 "870970-basis:24882322"
     63 "870970-basis:27711227"
     63 "870970-basis:29051836"
     65 "870970-basis:27868673"
     65 "870970-basis:28721978"
     66 "870970-basis:26855977"
     67 "870970-basis:28347839"
     68 "870970-basis:28293402"
     70 "870970-basis:23461005"
     72 "870970-basis:28986203"
     74 "820010-katalog:4448038__1"
     77 "870970-basis:26170508"
     78 "870970-basis:29027641"
     83 "870970-basis:28429576"
     83 "870970-basis:28456433"
     85 "870970-basis:27186327"
     88 "870970-basis:27238173"
     92 "870970-basis:28204760"
    105 "870970-basis:27119956"
    121 "870970-basis:29793158"
