     26 "870970-basis:27324428"
     26 "870970-basis:27400264"
     26 "870970-basis:27502202"
     26 "870970-basis:28483287"
     26 "870970-basis:28649789"
     26 "870970-basis:28992408"
     26 "870970-basis:29891966"
     26 "870970-basis:45060136"
     27 "870970-basis:24618110"
     27 "870970-basis:24624366"
     27 "870970-basis:25771559"
     27 "870970-basis:27990754"
     27 "870970-basis:28374968"
     27 "870970-basis:28511663"
     28 "820010-katalog:3744488"
     28 "870970-basis:20723386"
     28 "870970-basis:23856948"
     28 "870970-basis:23881748"
     28 "870970-basis:25741420"
     28 "870970-basis:27701361"
     28 "870970-basis:28480814"
     28 "870970-basis:28485921"
     28 "870970-basis:29276307"
     29 "870970-basis:21465240"
     29 "870970-basis:22101390"
     29 "870970-basis:25515382"
     29 "870970-basis:25700872"
     29 "870970-basis:26997593"
     29 "870970-basis:27865976"
     29 "870970-basis:29260206"
     29 "870970-basis:29320594"
     29 "870970-basis:44204738"
     30 "771000-katalog:90185543"
     30 "870970-basis:24364445"
     30 "870970-basis:27096387"
     31 "810015-katalog:001327973"
     31 "810015-katalog:001495929"
     31 "870970-basis:06943268"
     31 "870970-basis:24250466"
     31 "870970-basis:26885310"
     31 "870970-basis:27218784"
     31 "870970-basis:27261574"
     31 "870970-basis:28239548"
     33 "870970-basis:26423880"
     33 "870970-basis:28729812"
     34 "810015-katalog:001391647"
     34 "870970-basis:04278860"
     34 "870970-basis:04549813"
     34 "870970-basis:24619303"
     34 "870970-basis:26855977"
     34 "870970-basis:28403801"
     35 "870970-basis:22374257"
     35 "870970-basis:26684307"
     35 "870970-basis:28986203"
     35 "870970-basis:29535795"
     36 "810015-katalog:001784833"
     36 "870970-basis:21862274"
     36 "870970-basis:28429576"
     36 "870970-basis:29051836"
     37 "870970-basis:25625447"
     37 "870970-basis:26800323"
     37 "870970-basis:28347839"
     38 "870970-basis:24095134"
     38 "870970-basis:27711227"
     38 "870970-basis:28220405"
     38 "870970-basis:28407866"
     38 "874310-katalog:DBB0019369"
     39 "820010-katalog:2617968__3"
     39 "820010-katalog:315627"
     41 "870970-basis:24882322"
     41 "870970-basis:26519152"
     41 "870970-basis:27731236"
     41 "870970-basis:28721978"
     41 "870970-basis:29027641"
     42 "870970-basis:22893793"
     42 "870970-basis:26677262"
     42 "870970-basis:28188625"
     42 "870970-basis:28293402"
     43 "820010-katalog:110582"
     44 "820010-katalog:3166958__1"
     44 "820010-katalog:4448038__1"
     44 "870970-basis:28178697"
     45 "810015-katalog:001363578"
     45 "870970-basis:27551440"
     45 "870970-basis:27787207"
     47 "870970-basis:23461005"
     47 "870970-basis:27868673"
     49 "870970-basis:27811434"
     49 "870970-basis:28456433"
     49 "870970-basis:28484283"
     51 "870970-basis:26689023"
     51 "870970-basis:27709990"
     54 "870970-basis:27393349"
     55 "870970-basis:28421826"
     58 "870970-basis:26170508"
     62 "870970-basis:27186327"
     62 "870970-basis:28204760"
     63 "870970-basis:27238173"
     71 "870970-basis:29793158"
     73 "870970-basis:27119956"
