     21 "870970-basis:23409062"
     21 "870970-basis:25331540"
     21 "870970-basis:27423582"
     21 "870970-basis:28257929"
     21 "870970-basis:29569894"
     22 "870970-basis:24211177"
     22 "870970-basis:25700872"
     22 "870970-basis:26943884"
     22 "870970-basis:27733875"
     22 "870970-basis:27990754"
     22 "870970-basis:28374968"
     23 "870970-basis:04549813"
     23 "870970-basis:20723386"
     23 "870970-basis:22374257"
     23 "870970-basis:23215594"
     23 "870970-basis:23369737"
     23 "870970-basis:24624366"
     23 "870970-basis:26474345"
     23 "870970-basis:26855977"
     23 "870970-basis:26964547"
     23 "870970-basis:27218784"
     23 "870970-basis:27400264"
     23 "870970-basis:27502202"
     23 "870970-basis:28239548"
     23 "870970-basis:28902239"
     24 "820010-katalog:3166958__1"
     24 "870970-basis:07354878"
     24 "870970-basis:24882322"
     24 "870970-basis:27731236"
     24 "870970-basis:27884296"
     24 "870970-basis:27947867"
     24 "870970-basis:28069170"
     24 "870970-basis:28074573"
     24 "870970-basis:28714289"
     24 "870970-basis:29551421"
     24 "870970-basis:43483099"
     24 "874310-katalog:DBB0019369"
     25 "870970-basis:21465240"
     25 "870970-basis:25693906"
     25 "870970-basis:27711227"
     26 "771000-katalog:90185543"
     26 "870970-basis:22182889"
     26 "870970-basis:25605233"
     26 "870970-basis:26473853"
     26 "870970-basis:27186327"
     26 "870970-basis:27579388"
     26 "870970-basis:28758057"
     26 "870970-basis:29027471"
     27 "870970-basis:25108248"
     28 "870970-basis:23461005"
     28 "870970-basis:27261574"
     28 "870970-basis:28403801"
     28 "870970-basis:28429576"
     29 "870970-basis:07192045"
     29 "870970-basis:22966022"
     29 "870970-basis:24619303"
     29 "870970-basis:26519152"
     29 "870970-basis:27701361"
     30 "810010-katalog:000341086"
     30 "870970-basis:24022242"
     30 "870970-basis:25798961"
     30 "870970-basis:26423880"
     30 "870970-basis:26750288"
     30 "870970-basis:26800323"
     30 "870970-basis:27096387"
     31 "870970-basis:22893793"
     31 "870970-basis:27393349"
     31 "870970-basis:27709990"
     31 "870970-basis:29051836"
     32 "810015-katalog:001363578"
     32 "810015-katalog:001745471"
     32 "820010-katalog:2617968__3"
     32 "870970-basis:27868673"
     33 "870970-basis:21862274"
     33 "870970-basis:26997593"
     33 "870970-basis:28986203"
     33 "870970-basis:29027641"
     34 "870970-basis:25625447"
     34 "870970-basis:26677262"
     34 "870970-basis:27551440"
     34 "870970-basis:28721978"
     34 "870970-basis:28992408"
     35 "870970-basis:24095134"
     35 "870970-basis:26684307"
     36 "820010-katalog:4448038__1"
     37 "870970-basis:27238173"
     37 "870970-basis:27811434"
     37 "870970-basis:28456433"
     37 "870970-basis:28891229"
     38 "870970-basis:27787207"
     38 "870970-basis:28484283"
     39 "870970-basis:28178697"
     39 "870970-basis:28347839"
     41 "870970-basis:29793158"
     42 "870970-basis:28204760"
     44 "870970-basis:26170508"
     44 "870970-basis:28293402"
     47 "870970-basis:27119956"
     47 "870970-basis:28421826"
     49 "870970-basis:26689023"
