     23 "870970-basis:45060136"
     24 "820010-katalog:315627"
     24 "870970-basis:07176171"
     24 "870970-basis:22374257"
     24 "870970-basis:24250466"
     24 "870970-basis:24624366"
     24 "870970-basis:29246076"
     25 "810015-katalog:001495929"
     25 "820010-katalog:2617968__3"
     25 "820010-katalog:3166958__1"
     25 "870970-basis:06366414"
     25 "870970-basis:20723386"
     25 "870970-basis:20797827"
     25 "870970-basis:24211177"
     25 "870970-basis:24869857"
     25 "870970-basis:25080009"
     25 "870970-basis:27787207"
     25 "870970-basis:27865976"
     26 "870970-basis:27324428"
     26 "870970-basis:27884296"
     26 "870970-basis:28758057"
     26 "870970-basis:29535795"
     27 "870970-basis:04034570"
     27 "870970-basis:06755496"
     27 "870970-basis:23198258"
     27 "870970-basis:24095134"
     27 "870970-basis:27423833"
     27 "870970-basis:28374968"
     27 "870970-basis:28902239"
     28 "870970-basis:25605233"
     28 "870970-basis:26474345"
     28 "870970-basis:26519152"
     28 "870970-basis:28485921"
     28 "870970-basis:28721978"
     28 "870970-basis:29027641"
     29 "870970-basis:22966022"
     29 "870970-basis:23461005"
     29 "870970-basis:24854272"
     29 "870970-basis:28220405"
     29 "870970-basis:28714289"
     30 "870970-basis:25625447"
     30 "870970-basis:26750288"
     30 "870970-basis:26879140"
     30 "870970-basis:27096387"
     30 "870970-basis:27502202"
     30 "870970-basis:27579388"
     31 "810015-katalog:001745471"
     31 "870970-basis:22380869"
     31 "870970-basis:26800323"
     31 "870970-basis:26885310"
     32 "870970-basis:22893793"
     32 "870970-basis:26677262"
     32 "870970-basis:26855977"
     32 "870970-basis:27868673"
     33 "870970-basis:07192045"
     33 "870970-basis:24364445"
     33 "870970-basis:27731236"
     34 "820010-katalog:286822"
     34 "870970-basis:26423880"
     34 "870970-basis:28986203"
     35 "870970-basis:06943268"
     35 "870970-basis:20124407"
     36 "870970-basis:04549813"
     36 "870970-basis:22101390"
     37 "870970-basis:25798961"
     37 "870970-basis:28178697"
     37 "870970-basis:28429576"
     38 "870970-basis:27711227"
     38 "870970-basis:29051836"
     38 "874310-katalog:DBB0019369"
     39 "870970-basis:22110667"
     39 "870970-basis:28421826"
     40 "870970-basis:24619303"
     40 "870970-basis:26684307"
     40 "870970-basis:28403801"
     40 "870970-basis:29793158"
     41 "870970-basis:21892262"
     41 "870970-basis:24022242"
     41 "870970-basis:27393349"
     41 "870970-basis:28293402"
     41 "870970-basis:28456433"
     42 "870970-basis:27701361"
     42 "870970-basis:27709990"
     43 "870970-basis:28188625"
     43 "870970-basis:28347839"
     45 "820010-katalog:4448038__1"
     45 "870970-basis:24882322"
     45 "870970-basis:27811434"
     46 "870970-basis:28484283"
     48 "870970-basis:27238173"
     49 "870970-basis:26997593"
     49 "870970-basis:27551440"
     51 "870970-basis:27119956"
     52 "870970-basis:26170508"
     54 "870970-basis:27186327"
     57 "870970-basis:22042904"
     58 "870970-basis:28204760"
     59 "870970-basis:21862274"
     59 "870970-basis:26943884"
     64 "870970-basis:26689023"
