     94 "870970-basis:28758057"
     95 "870970-basis:24095134"
     95 "870970-basis:26684307"
     95 "870970-basis:26750288"
     95 "870970-basis:28649789"
     95 "870970-basis:28992408"
     95 "870970-basis:50801098"
     96 "870970-basis:26186285"
     96 "870970-basis:28068905"
     97 "870970-basis:28239548"
     97 "870970-basis:28595565"
     97 "870970-basis:29406855"
     97 "870970-basis:29791163"
     98 "870970-basis:29584338"
     99 "870970-basis:28244967"
     99 "870970-basis:28670427"
     99 "870970-basis:29278563"
    102 "870970-basis:24022242"
    102 "870970-basis:25146999"
    102 "870970-basis:26879140"
    102 "870970-basis:28377444"
    102 "870970-basis:29477744"
    102 "870970-basis:45139344"
    103 "870970-basis:28824130"
    104 "870970-basis:21862274"
    104 "874310-katalog:DBB0040899"
    105 "870970-basis:26855977"
    105 "870970-basis:27096387"
    105 "870970-basis:28421826"
    105 "870970-basis:28721978"
    105 "870970-basis:29569894"
    106 "870970-basis:27884296"
    106 "870970-basis:28117434"
    106 "870970-basis:28403801"
    107 "870970-basis:23461005"
    107 "870970-basis:25700872"
    109 "870970-basis:25080009"
    109 "870970-basis:26964547"
    109 "870970-basis:27579388"
    109 "870970-basis:29076588"
    110 "870970-basis:29754519"
    111 "870970-basis:27186327"
    111 "870970-basis:28293402"
    112 "870970-basis:27266428"
    113 "874310-katalog:DBB0019782"
    114 "870970-basis:28188625"
    115 "870970-basis:28178697"
    116 "870970-basis:29537011"
    116 "870970-basis:45226409"
    117 "870970-basis:29867666"
    118 "870970-basis:27502202"
    119 "870970-basis:26923530"
    120 "870970-basis:29246076"
    121 "870970-basis:29953554"
    122 "820010-katalog:4448038__1"
    122 "870970-basis:27218784"
    122 "870970-basis:28043872"
    122 "870970-basis:29335826"
    124 "870970-basis:26878411"
    124 "870970-basis:51298721"
    126 "874310-katalog:DBB0019369"
    127 "870970-basis:26677262"
    129 "870970-basis:28347839"
    129 "870970-basis:29260206"
    131 "870970-basis:29027471"
    131 "870970-basis:50629627"
    133 "870970-basis:27393349"
    133 "870970-basis:28069170"
    133 "870970-basis:29551421"
    134 "870970-basis:45060136"
    134 "870970-basis:50789748"
    136 "870970-basis:28373988"
    139 "870970-basis:27266304"
    139 "870970-basis:27709990"
    139 "870970-basis:27711227"
    139 "870970-basis:28429576"
    144 "870970-basis:28724683"
    144 "870970-basis:29535795"
    146 "870970-basis:28511663"
    148 "870970-basis:28220405"
    149 "870970-basis:27787207"
    150 "870970-basis:27947867"
    152 "870970-basis:29974861"
    153 "870970-basis:27811434"
    160 "870970-basis:26689023"
    162 "870970-basis:26170508"
    163 "870970-basis:28986203"
    163 "870970-basis:29535876"
    170 "870970-basis:27238173"
    170 "870970-basis:29027641"
    173 "870970-basis:29051836"
    174 "870970-basis:27868673"
    175 "870970-basis:28484283"
    183 "870970-basis:28456433"
    184 "870970-basis:28902239"
    187 "870970-basis:27119956"
    192 "870970-basis:28204760"
    197 "870970-basis:29972362"
    198 "771000-katalog:90185543"
    234 "870970-basis:29793158"
