     65 "870970-basis:29261962"
     66 "870970-basis:28043872"
     67 "870970-basis:24022242"
     67 "870970-basis:26964547"
     67 "870970-basis:27096387"
     67 "870970-basis:27947867"
     67 "870970-basis:29569894"
     68 "870970-basis:22374257"
     68 "870970-basis:25146999"
     68 "870970-basis:28483287"
     68 "870970-basis:28758057"
     68 "874310-katalog:DBB0019369"
     69 "810010-katalog:000341086"
     69 "870970-basis:22893793"
     69 "870970-basis:28074573"
     69 "874310-katalog:DBB0040326"
     70 "870970-basis:24364445"
     70 "870970-basis:26186285"
     70 "870970-basis:26438640"
     70 "870970-basis:28117434"
     70 "874310-katalog:DBB0019782"
     71 "870970-basis:26800323"
     71 "870970-basis:27400264"
     71 "870970-basis:28649789"
     71 "870970-basis:29076588"
     71 "874310-katalog:DBB0040899"
     72 "870970-basis:26923530"
     72 "870970-basis:27579388"
     72 "870970-basis:29551421"
     73 "870970-basis:28714289"
     74 "870970-basis:26855977"
     74 "870970-basis:28824130"
     74 "870970-basis:45226409"
     74 "870970-basis:51298721"
     75 "870970-basis:25625447"
     75 "870970-basis:26879140"
     75 "870970-basis:28421826"
     76 "870970-basis:27186327"
     76 "870970-basis:29278563"
     77 "870970-basis:21862274"
     77 "870970-basis:28373988"
     78 "870970-basis:28942613"
     78 "870970-basis:29246076"
     80 "870970-basis:26423880"
     80 "870970-basis:26878411"
     81 "870970-basis:27551440"
     81 "870970-basis:29260206"
     82 "810015-katalog:001784833"
     82 "870970-basis:27884296"
     82 "870970-basis:50629627"
     83 "820010-katalog:3166958__1"
     84 "870970-basis:23461005"
     85 "870970-basis:25700872"
     85 "870970-basis:27502202"
     85 "870970-basis:28178697"
     85 "870970-basis:29537011"
     85 "870970-basis:29867666"
     86 "870970-basis:07192045"
     86 "870970-basis:25798961"
     88 "870970-basis:28511663"
     88 "870970-basis:29535876"
     89 "870970-basis:26677262"
     89 "870970-basis:28347839"
     90 "870970-basis:26684307"
     90 "870970-basis:27218784"
     90 "870970-basis:27266304"
     91 "870970-basis:24882322"
     92 "870970-basis:27787207"
     92 "870970-basis:29974861"
     92 "870970-basis:45060136"
     95 "870970-basis:27709990"
     96 "870970-basis:27393349"
     96 "870970-basis:28721978"
     96 "870970-basis:29793158"
     97 "870970-basis:28188625"
     97 "870970-basis:28724683"
     99 "870970-basis:28069170"
     99 "870970-basis:28456433"
    100 "870970-basis:50789748"
    101 "870970-basis:29027471"
    103 "870970-basis:27711227"
    103 "870970-basis:28220405"
    105 "870970-basis:28429576"
    106 "870970-basis:29535795"
    107 "820010-katalog:4448038__1"
    108 "870970-basis:27811434"
    109 "870970-basis:28484283"
    114 "870970-basis:28986203"
    115 "870970-basis:26689023"
    118 "870970-basis:28293402"
    122 "771000-katalog:90185543"
    125 "870970-basis:27868673"
    127 "870970-basis:28902239"
    131 "870970-basis:27238173"
    134 "870970-basis:26170508"
    134 "870970-basis:29051836"
    139 "870970-basis:29972362"
    143 "870970-basis:29027641"
    149 "870970-basis:28204760"
    164 "870970-basis:27119956"
