     95 "870970-basis:28178697"
     96 "870970-basis:28244967"
     97 "810015-katalog:001784833"
     97 "870970-basis:22893793"
     97 "870970-basis:29290547"
     97 "870970-basis:51667743"
     98 "870970-basis:28752784"
     98 "870970-basis:28942613"
     98 "870970-basis:50727025"
     99 "870970-basis:26423880"
     99 "870970-basis:28074573"
     99 "870970-basis:28649789"
     99 "870970-basis:28965761"
     99 "870970-basis:29791163"
    102 "870970-basis:29934118"
    102 "870970-basis:45603318"
    103 "870970-basis:25625447"
    104 "810010-katalog:000341086"
    104 "870970-basis:26684307"
    104 "870970-basis:28347839"
    104 "870970-basis:51426088"
    105 "870970-basis:28721978"
    106 "870970-basis:26750288"
    106 "870970-basis:27474632"
    106 "870970-basis:28992408"
    107 "870970-basis:51109058"
    107 "870970-basis:51232453"
    108 "870970-basis:26879140"
    109 "870970-basis:26677262"
    110 "820010-katalog:4448038__1"
    112 "870970-basis:29260206"
    112 "870970-basis:29584338"
    113 "870970-basis:24619303"
    113 "870970-basis:27884296"
    114 "870970-basis:25146999"
    114 "870970-basis:25798961"
    114 "870970-basis:50801098"
    115 "870970-basis:28824130"
    117 "870970-basis:29278563"
    117 "874310-katalog:DBB0019369"
    118 "870970-basis:26923530"
    118 "870970-basis:27266428"
    119 "870970-basis:27266304"
    119 "870970-basis:29246076"
    121 "870970-basis:29953554"
    122 "870970-basis:28043872"
    123 "870970-basis:26964547"
    125 "870970-basis:29569894"
    126 "870970-basis:28188625"
    126 "874310-katalog:DBB0019782"
    127 "870970-basis:27787207"
    127 "870970-basis:28117434"
    127 "874310-katalog:DBB0040899"
    128 "870970-basis:28069170"
    130 "870970-basis:27709990"
    130 "870970-basis:29867666"
    131 "870970-basis:45226409"
    132 "870970-basis:27393349"
    132 "870970-basis:50629627"
    135 "870970-basis:29076588"
    135 "870970-basis:29537011"
    137 "870970-basis:45060136"
    138 "870970-basis:27711227"
    138 "870970-basis:29027471"
    140 "870970-basis:27186327"
    140 "870970-basis:28373988"
    141 "870970-basis:25700872"
    141 "870970-basis:29754519"
    142 "870970-basis:27947867"
    142 "870970-basis:28986203"
    145 "870970-basis:28407866"
    147 "870970-basis:29551421"
    149 "870970-basis:26878411"
    149 "870970-basis:50789748"
    154 "870970-basis:27811434"
    154 "870970-basis:29335826"
    154 "870970-basis:29974861"
    156 "870970-basis:26689023"
    158 "870970-basis:28724683"
    158 "870970-basis:29027641"
    159 "870970-basis:28220405"
    162 "870970-basis:51298721"
    163 "870970-basis:28293402"
    164 "870970-basis:28429576"
    164 "870970-basis:28902239"
    165 "870970-basis:29535876"
    166 "870970-basis:28484283"
    167 "870970-basis:27218784"
    170 "870970-basis:26170508"
    173 "870970-basis:27238173"
    183 "870970-basis:29535795"
    188 "771000-katalog:90185543"
    188 "870970-basis:28456433"
    192 "870970-basis:28511663"
    194 "870970-basis:28204760"
    200 "870970-basis:29972362"
    201 "870970-basis:27868673"
    202 "870970-basis:27119956"
    204 "870970-basis:29051836"
    310 "870970-basis:29793158"
