    169 "870970-basis:27551440"
    169 "870970-basis:51426088"
    170 "870970-basis:28299125"
    171 "870970-basis:51232453"
    172 "870970-basis:50768104"
    173 "870970-basis:28940424"
    174 "870970-basis:29290547"
    175 "870970-basis:29375607"
    175 "874310-katalog:DBB0018963"
    177 "870970-basis:29934118"
    179 "870970-basis:29408408"
    180 "870970-basis:28770316"
    181 "870970-basis:28942613"
    181 "870970-basis:51024788"
    182 "870970-basis:29584338"
    183 "870970-basis:28244967"
    183 "870970-basis:28649789"
    184 "870970-basis:50727025"
    185 "870970-basis:29978891"
    186 "870970-basis:28595565"
    187 "870970-basis:27262627"
    189 "870970-basis:28420943"
    189 "870970-basis:29791163"
    189 "870970-basis:45139344"
    189 "870970-basis:50688534"
    189 "870970-basis:51667743"
    190 "870970-basis:25146999"
    190 "870970-basis:27502202"
    190 "874310-katalog:DBB0019369"
    192 "870970-basis:26170508"
    194 "870970-basis:27884296"
    194 "870970-basis:28068905"
    195 "870970-basis:28377444"
    197 "870970-basis:27811434"
    197 "870970-basis:28188625"
    200 "870970-basis:27238173"
    202 "870970-basis:51109058"
    205 "870970-basis:27266304"
    206 "758000-katalog:93204271"
    206 "870970-basis:28965761"
    207 "870970-basis:28721978"
    207 "870970-basis:29477744"
    209 "870970-basis:27709990"
    209 "870970-basis:28293402"
    210 "870970-basis:28347839"
    212 "870970-basis:29569894"
    213 "870970-basis:27787207"
    213 "870970-basis:45603318"
    214 "870970-basis:28484283"
    216 "870970-basis:27266428"
    217 "870970-basis:29246076"
    219 "870970-basis:25700872"
    220 "870970-basis:28373988"
    223 "870970-basis:28117434"
    224 "870970-basis:50801098"
    227 "870970-basis:26878411"
    227 "874310-katalog:DBB0040899"
    228 "870970-basis:29953554"
    228 "874310-katalog:DBB0040918"
    231 "870970-basis:26689023"
    231 "870970-basis:26923530"
    232 "870970-basis:27119956"
    234 "870970-basis:28824130"
    236 "870970-basis:27711227"
    238 "870970-basis:29335826"
    240 "870970-basis:28043872"
    240 "870970-basis:29027471"
    241 "870970-basis:27218784"
    241 "870970-basis:29551421"
    250 "870970-basis:29537011"
    250 "874310-katalog:DBB0019782"
    251 "870970-basis:29867666"
    251 "870970-basis:45226409"
    255 "870970-basis:28456433"
    261 "870970-basis:27947867"
    261 "870970-basis:29260206"
    264 "870970-basis:28986203"
    264 "870970-basis:29754519"
    264 "870970-basis:45060136"
    268 "870970-basis:29278563"
    269 "870970-basis:28220405"
    272 "870970-basis:28407866"
    274 "870970-basis:27868673"
    275 "870970-basis:29076588"
    291 "870970-basis:29027641"
    299 "870970-basis:51298721"
    304 "870970-basis:28724683"
    307 "870970-basis:28429576"
    312 "870970-basis:29051836"
    318 "870970-basis:28204760"
    319 "870970-basis:29793158"
    322 "870970-basis:50789748"
    325 "870970-basis:28511663"
    325 "870970-basis:29535795"
    328 "870970-basis:29974861"
    331 "870970-basis:50629627"
    336 "870970-basis:29535876"
    364 "870970-basis:28902239"
    388 "870970-basis:29972362"
    398 "771000-katalog:90185543"
