    161 "874310-katalog:DBB0018798"
    162 "870970-basis:26438640"
    163 "870970-basis:27186327"
    163 "870970-basis:29386471"
    163 "870970-basis:29584338"
    165 "870970-basis:27262627"
    165 "870970-basis:29408408"
    166 "870970-basis:50688534"
    166 "870970-basis:50768104"
    167 "870970-basis:29375607"
    168 "870970-basis:26964547"
    168 "870970-basis:51426088"
    170 "870970-basis:51232453"
    171 "870970-basis:51327209"
    171 "874310-katalog:DBB0040918"
    172 "820010-katalog:4448038__1"
    172 "870970-basis:27393349"
    172 "870970-basis:28244967"
    173 "874310-katalog:DBB0018963"
    174 "870970-basis:28068905"
    174 "870970-basis:50727025"
    174 "870970-basis:51024788"
    176 "870970-basis:29791163"
    178 "870970-basis:45603318"
    180 "870970-basis:28299125"
    183 "870970-basis:27811434"
    183 "870970-basis:50801098"
    184 "870970-basis:25146999"
    184 "870970-basis:28420943"
    184 "870970-basis:28770316"
    185 "870970-basis:27502202"
    185 "870970-basis:28421826"
    185 "870970-basis:28721978"
    187 "870970-basis:28595565"
    188 "870970-basis:27709990"
    190 "870970-basis:28965761"
    190 "870970-basis:29569894"
    193 "870970-basis:28117434"
    193 "870970-basis:51109058"
    196 "870970-basis:25700872"
    198 "870970-basis:27238173"
    199 "870970-basis:28942613"
    200 "870970-basis:26170508"
    201 "870970-basis:27266304"
    201 "870970-basis:29477744"
    202 "870970-basis:45226409"
    203 "870970-basis:27266428"
    203 "874310-katalog:DBB0019369"
    204 "870970-basis:27711227"
    205 "870970-basis:26923530"
    206 "870970-basis:29278563"
    209 "758000-katalog:93204271"
    211 "870970-basis:27884296"
    211 "870970-basis:28043872"
    211 "870970-basis:28407866"
    212 "870970-basis:27787207"
    212 "870970-basis:28188625"
    217 "870970-basis:29027471"
    218 "870970-basis:28293402"
    218 "870970-basis:29246076"
    220 "870970-basis:26878411"
    223 "870970-basis:28373988"
    223 "870970-basis:29335826"
    228 "874310-katalog:DBB0019782"
    229 "870970-basis:29551421"
    230 "870970-basis:28220405"
    236 "874310-katalog:DBB0040899"
    237 "870970-basis:45060136"
    238 "870970-basis:29754519"
    239 "870970-basis:28824130"
    239 "870970-basis:29867666"
    240 "870970-basis:28986203"
    241 "870970-basis:27868673"
    241 "870970-basis:28347839"
    241 "870970-basis:29076588"
    243 "870970-basis:29260206"
    244 "870970-basis:29537011"
    245 "870970-basis:27119956"
    248 "870970-basis:26689023"
    248 "870970-basis:27218784"
    249 "870970-basis:28484283"
    250 "870970-basis:29953554"
    255 "870970-basis:29535795"
    258 "870970-basis:27947867"
    264 "870970-basis:50789748"
    269 "870970-basis:28429576"
    270 "870970-basis:28902239"
    280 "870970-basis:29027641"
    285 "870970-basis:29974861"
    285 "870970-basis:51298721"
    286 "870970-basis:28456433"
    298 "870970-basis:28724683"
    305 "870970-basis:29535876"
    309 "870970-basis:50629627"
    318 "870970-basis:28511663"
    318 "870970-basis:29051836"
    320 "870970-basis:28204760"
    340 "771000-katalog:90185543"
    370 "870970-basis:29972362"
    451 "870970-basis:29793158"
