     76 "870970-basis:24619303"
     77 "870970-basis:24211177"
     77 "870970-basis:25080009"
     77 "870970-basis:28421826"
     78 "870970-basis:07192045"
     78 "870970-basis:24095134"
     78 "870970-basis:28407866"
     78 "870970-basis:28420943"
     79 "870970-basis:27266428"
     79 "870970-basis:28074573"
     79 "870970-basis:28758057"
     79 "870970-basis:28824130"
     79 "870970-basis:29754519"
     79 "870970-basis:44204738"
     80 "870970-basis:26186285"
     80 "870970-basis:26879140"
     80 "870970-basis:27474632"
     81 "870970-basis:26423880"
     81 "870970-basis:26964547"
     81 "870970-basis:29290547"
     81 "870970-basis:29584338"
     82 "870970-basis:25798961"
     82 "870970-basis:29335826"
     83 "870970-basis:29076588"
     83 "874310-katalog:DBB0019369"
     84 "870970-basis:24882322"
     84 "870970-basis:26750288"
     84 "870970-basis:27551440"
     84 "870970-basis:29537011"
     85 "810010-katalog:000341086"
     86 "820010-katalog:3166958__1"
     86 "870970-basis:26677262"
     86 "870970-basis:28965761"
     86 "870970-basis:29027471"
     87 "870970-basis:27733875"
     87 "870970-basis:29867666"
     88 "810015-katalog:001784833"
     89 "870970-basis:29278563"
     90 "870970-basis:24364445"
     91 "870970-basis:45226409"
     91 "870970-basis:50629627"
     91 "874310-katalog:DBB0040899"
     92 "870970-basis:26855977"
     92 "870970-basis:26878411"
     92 "870970-basis:29551421"
     93 "870970-basis:29569894"
     93 "870970-basis:29953554"
     95 "874310-katalog:DBB0019782"
     96 "870970-basis:26923530"
     96 "870970-basis:28043872"
     96 "870970-basis:28721978"
     97 "870970-basis:27502202"
     99 "870970-basis:29246076"
    100 "870970-basis:27266304"
    100 "870970-basis:29260206"
    101 "870970-basis:23461005"
    102 "820010-katalog:4448038__1"
    103 "870970-basis:25700872"
    103 "870970-basis:28188625"
    103 "870970-basis:51298721"
    105 "870970-basis:28178697"
    105 "870970-basis:28373988"
    105 "870970-basis:28649789"
    107 "870970-basis:45060136"
    109 "870970-basis:25625447"
    110 "870970-basis:28117434"
    111 "870970-basis:29535876"
    111 "870970-basis:50789748"
    112 "870970-basis:27884296"
    112 "870970-basis:28986203"
    113 "870970-basis:27218784"
    113 "870970-basis:28429576"
    114 "870970-basis:28902239"
    116 "870970-basis:26170508"
    116 "870970-basis:27709990"
    116 "870970-basis:27947867"
    116 "870970-basis:28347839"
    117 "870970-basis:28724683"
    118 "870970-basis:27186327"
    120 "870970-basis:27393349"
    121 "870970-basis:28220405"
    121 "870970-basis:28293402"
    121 "870970-basis:28484283"
    121 "870970-basis:29974861"
    123 "870970-basis:28511663"
    124 "870970-basis:27711227"
    131 "870970-basis:29535795"
    138 "870970-basis:27787207"
    140 "870970-basis:27811434"
    140 "870970-basis:29972362"
    143 "870970-basis:27868673"
    143 "870970-basis:28456433"
    144 "870970-basis:29027641"
    145 "870970-basis:27238173"
    146 "771000-katalog:90185543"
    149 "870970-basis:26689023"
    153 "870970-basis:29051836"
    158 "870970-basis:27119956"
    162 "870970-basis:29793158"
    178 "870970-basis:28204760"
