    128 "870970-basis:51667743"
    129 "870970-basis:25625447"
    130 "758000-katalog:93204271"
    130 "870970-basis:27262627"
    132 "870970-basis:24364445"
    132 "870970-basis:26438640"
    132 "870970-basis:27400264"
    132 "870970-basis:27551440"
    133 "870970-basis:29375607"
    133 "870970-basis:51024788"
    134 "870970-basis:28649789"
    135 "870970-basis:28069170"
    135 "870970-basis:29934118"
    137 "870970-basis:28120958"
    137 "870970-basis:28421826"
    137 "870970-basis:29290547"
    138 "870970-basis:28420943"
    139 "870970-basis:27393349"
    140 "870970-basis:28965761"
    141 "870970-basis:26964547"
    141 "870970-basis:28244967"
    141 "870970-basis:29037418"
    141 "874310-katalog:DBB0040918"
    142 "870970-basis:50801098"
    142 "870970-basis:51109058"
    143 "870970-basis:28068905"
    144 "870970-basis:27502202"
    145 "870970-basis:50727025"
    148 "870970-basis:29791163"
    149 "870970-basis:45603318"
    150 "870970-basis:28178697"
    150 "870970-basis:29477744"
    151 "870970-basis:28942613"
    152 "870970-basis:27811434"
    156 "870970-basis:28347839"
    157 "870970-basis:29246076"
    158 "870970-basis:28407866"
    159 "870970-basis:27266428"
    163 "870970-basis:28595565"
    164 "870970-basis:25146999"
    165 "870970-basis:27186327"
    165 "870970-basis:27884296"
    166 "870970-basis:28293402"
    166 "870970-basis:29569894"
    167 "870970-basis:28721978"
    168 "820010-katalog:4448038__1"
    168 "874310-katalog:DBB0019369"
    169 "870970-basis:27709990"
    169 "870970-basis:29953554"
    171 "870970-basis:27947867"
    174 "870970-basis:28043872"
    174 "874310-katalog:DBB0040899"
    175 "870970-basis:28373988"
    175 "870970-basis:29335826"
    176 "870970-basis:27238173"
    179 "870970-basis:27266304"
    179 "870970-basis:27787207"
    179 "870970-basis:28117434"
    181 "870970-basis:29537011"
    181 "870970-basis:45226409"
    182 "870970-basis:28824130"
    188 "870970-basis:27711227"
    189 "870970-basis:29867666"
    191 "870970-basis:28188625"
    193 "870970-basis:26923530"
    195 "870970-basis:25700872"
    195 "874310-katalog:DBB0019782"
    196 "870970-basis:29027471"
    200 "870970-basis:26878411"
    200 "870970-basis:27868673"
    201 "870970-basis:27119956"
    201 "870970-basis:29076588"
    205 "870970-basis:28429576"
    208 "870970-basis:29278563"
    208 "870970-basis:45060136"
    209 "870970-basis:26170508"
    210 "870970-basis:29754519"
    211 "870970-basis:51298721"
    213 "870970-basis:26689023"
    215 "870970-basis:29260206"
    215 "870970-basis:29551421"
    216 "870970-basis:28220405"
    217 "870970-basis:27218784"
    217 "870970-basis:28484283"
    220 "870970-basis:50629627"
    222 "870970-basis:28724683"
    223 "870970-basis:28986203"
    226 "870970-basis:50789748"
    239 "870970-basis:29535795"
    240 "870970-basis:29974861"
    243 "870970-basis:29972362"
    245 "870970-basis:28204760"
    245 "870970-basis:29535876"
    246 "870970-basis:28511663"
    257 "870970-basis:28456433"
    260 "870970-basis:29051836"
    261 "870970-basis:28902239"
    270 "870970-basis:29027641"
    297 "771000-katalog:90185543"
    304 "870970-basis:29793158"
