    110 "870970-basis:28770316"
    110 "870970-basis:50801098"
    111 "870970-basis:26855977"
    112 "870970-basis:24095134"
    112 "870970-basis:27579388"
    112 "870970-basis:28074573"
    112 "870970-basis:29477744"
    113 "870970-basis:27733875"
    113 "870970-basis:28965761"
    114 "870970-basis:25625447"
    114 "870970-basis:29037418"
    115 "870970-basis:28649789"
    115 "870970-basis:28758057"
    117 "810015-katalog:001784833"
    118 "870970-basis:28403801"
    118 "870970-basis:28595565"
    119 "870970-basis:25798961"
    119 "870970-basis:29584338"
    119 "870970-basis:51109058"
    120 "870970-basis:24364445"
    121 "870970-basis:24619303"
    121 "870970-basis:27502202"
    121 "870970-basis:27551440"
    121 "870970-basis:51024788"
    122 "870970-basis:26677262"
    122 "870970-basis:26684307"
    124 "870970-basis:28188625"
    124 "870970-basis:29246076"
    124 "870970-basis:29569894"
    125 "870970-basis:29335826"
    126 "870970-basis:28068905"
    127 "870970-basis:26964547"
    128 "870970-basis:27266428"
    128 "870970-basis:29261962"
    128 "874310-katalog:DBB0040918"
    129 "870970-basis:28421826"
    130 "870970-basis:27266304"
    133 "870970-basis:28117434"
    135 "870970-basis:27393349"
    135 "870970-basis:28069170"
    135 "870970-basis:28721978"
    136 "870970-basis:28824130"
    137 "870970-basis:28178697"
    138 "870970-basis:28891229"
    138 "870970-basis:29867666"
    141 "870970-basis:29076588"
    142 "870970-basis:29027471"
    142 "870970-basis:45226409"
    143 "820010-katalog:4448038__1"
    143 "870970-basis:27884296"
    143 "870970-basis:28043872"
    143 "874310-katalog:DBB0040899"
    145 "870970-basis:29537011"
    146 "870970-basis:28407866"
    146 "870970-basis:29260206"
    147 "870970-basis:29278563"
    148 "870970-basis:26878411"
    149 "870970-basis:27218784"
    151 "874310-katalog:DBB0019369"
    152 "870970-basis:26923530"
    154 "870970-basis:27947867"
    155 "870970-basis:26689023"
    156 "870970-basis:25700872"
    157 "870970-basis:28986203"
    158 "870970-basis:28347839"
    158 "870970-basis:29754519"
    158 "870970-basis:29953554"
    158 "874310-katalog:DBB0019782"
    163 "870970-basis:50629627"
    166 "870970-basis:27186327"
    166 "870970-basis:45060136"
    166 "870970-basis:50789748"
    170 "870970-basis:26170508"
    170 "870970-basis:27711227"
    171 "870970-basis:28373988"
    172 "870970-basis:27811434"
    172 "870970-basis:28293402"
    173 "870970-basis:27709990"
    173 "870970-basis:29974861"
    179 "870970-basis:28429576"
    180 "870970-basis:27238173"
    180 "870970-basis:29551421"
    183 "870970-basis:51298721"
    190 "870970-basis:28220405"
    191 "870970-basis:28724683"
    193 "870970-basis:28456433"
    195 "870970-basis:28511663"
    198 "870970-basis:27787207"
    202 "870970-basis:28484283"
    203 "870970-basis:29535795"
    207 "870970-basis:29535876"
    209 "870970-basis:27119956"
    209 "870970-basis:27868673"
    212 "870970-basis:28902239"
    226 "771000-katalog:90185543"
    233 "870970-basis:29027641"
    237 "870970-basis:29972362"
    244 "870970-basis:29051836"
    246 "870970-basis:28204760"
    277 "870970-basis:29793158"
