     81 "870970-basis:27262627"
     81 "870970-basis:28721978"
     82 "870970-basis:27502202"
     82 "870970-basis:28074573"
     82 "870970-basis:43483099"
     83 "870970-basis:04549813"
     83 "870970-basis:26855977"
     83 "870970-basis:28403801"
     83 "870970-basis:29934118"
     84 "870970-basis:29290547"
     85 "870970-basis:25625447"
     85 "870970-basis:26750288"
     85 "870970-basis:26997593"
     85 "870970-basis:27266428"
     85 "870970-basis:28244967"
     85 "870970-basis:29569894"
     87 "870970-basis:23461005"
     87 "870970-basis:27474632"
     87 "870970-basis:28942613"
     88 "870970-basis:24095134"
     88 "870970-basis:25798961"
     88 "870970-basis:26684307"
     88 "870970-basis:29551421"
     88 "874310-katalog:DBB0040899"
     89 "870970-basis:26186285"
     89 "870970-basis:26423880"
     89 "870970-basis:26964547"
     89 "870970-basis:28649789"
     89 "870970-basis:29261962"
     90 "870970-basis:28117434"
     91 "870970-basis:06755496"
     91 "874310-katalog:DBB0019782"
     92 "870970-basis:27393349"
     92 "870970-basis:29537011"
     94 "810015-katalog:001784833"
     94 "870970-basis:07192045"
     95 "870970-basis:27551440"
     95 "870970-basis:29260206"
     96 "870970-basis:29076588"
     97 "870970-basis:25146999"
     98 "874310-katalog:DBB0019369"
     99 "870970-basis:28043872"
     99 "870970-basis:29335826"
    100 "870970-basis:24882322"
    100 "870970-basis:26689023"
    100 "870970-basis:28429576"
    100 "870970-basis:29278563"
    100 "870970-basis:29867666"
    100 "870970-basis:51298721"
    101 "820010-katalog:3166958__1"
    101 "870970-basis:27884296"
    101 "870970-basis:28421826"
    101 "870970-basis:28824130"
    102 "820010-katalog:4448038__1"
    102 "870970-basis:29953554"
    103 "870970-basis:26879140"
    103 "870970-basis:28178697"
    103 "870970-basis:28407866"
    104 "870970-basis:21862274"
    105 "870970-basis:26878411"
    105 "870970-basis:27811434"
    106 "870970-basis:26677262"
    106 "870970-basis:26923530"
    106 "870970-basis:28456433"
    108 "870970-basis:50629627"
    109 "870970-basis:29027471"
    110 "870970-basis:28986203"
    110 "870970-basis:29754519"
    111 "870970-basis:45226409"
    113 "870970-basis:28347839"
    114 "870970-basis:27266304"
    114 "870970-basis:28188625"
    117 "870970-basis:50789748"
    122 "870970-basis:28373988"
    125 "870970-basis:27709990"
    125 "870970-basis:28724683"
    126 "870970-basis:27947867"
    129 "870970-basis:28484283"
    130 "870970-basis:27218784"
    131 "870970-basis:27238173"
    131 "870970-basis:27787207"
    132 "870970-basis:28511663"
    133 "870970-basis:25700872"
    133 "870970-basis:29027641"
    136 "870970-basis:29974861"
    140 "870970-basis:28902239"
    140 "870970-basis:45060136"
    141 "870970-basis:27711227"
    143 "870970-basis:28204760"
    144 "870970-basis:28293402"
    146 "870970-basis:27868673"
    148 "870970-basis:28220405"
    150 "870970-basis:29051836"
    153 "870970-basis:26170508"
    155 "771000-katalog:90185543"
    155 "870970-basis:29535795"
    158 "870970-basis:29535876"
    167 "870970-basis:29972362"
    181 "870970-basis:27119956"
    237 "870970-basis:29793158"
