    157 "870970-basis:25625447"
    157 "870970-basis:25798961"
    157 "870970-basis:26438640"
    157 "870970-basis:27262627"
    157 "870970-basis:28942613"
    157 "870970-basis:29037418"
    157 "870970-basis:51426088"
    158 "870970-basis:26750288"
    158 "870970-basis:28373929"
    158 "870970-basis:28770316"
    158 "870970-basis:51232453"
    159 "870970-basis:28074573"
    159 "870970-basis:29406855"
    159 "874310-katalog:DBB0018963"
    164 "870970-basis:28377444"
    164 "870970-basis:28649789"
    167 "870970-basis:29584338"
    168 "870970-basis:26879140"
    168 "870970-basis:29791163"
    168 "870970-basis:45603318"
    169 "870970-basis:29477744"
    170 "870970-basis:28420943"
    171 "870970-basis:26964547"
    172 "870970-basis:28721978"
    172 "870970-basis:29290547"
    174 "758000-katalog:93204271"
    179 "870970-basis:25146999"
    179 "870970-basis:50801098"
    179 "874310-katalog:DBB0040918"
    180 "870970-basis:28244967"
    182 "870970-basis:27502202"
    184 "870970-basis:27393349"
    184 "870970-basis:28068905"
    185 "870970-basis:27709990"
    189 "870970-basis:29569894"
    190 "820010-katalog:4448038__1"
    190 "870970-basis:28069170"
    195 "870970-basis:27266304"
    195 "870970-basis:29246076"
    196 "870970-basis:27884296"
    196 "870970-basis:28347839"
    198 "870970-basis:27811434"
    198 "870970-basis:51109058"
    198 "874310-katalog:DBB0019369"
    199 "870970-basis:29537011"
    199 "870970-basis:29551421"
    200 "870970-basis:28595565"
    200 "870970-basis:29027471"
    200 "870970-basis:29867666"
    203 "870970-basis:25700872"
    204 "870970-basis:27711227"
    204 "870970-basis:45226409"
    207 "870970-basis:28043872"
    209 "870970-basis:29260206"
    210 "870970-basis:26923530"
    210 "870970-basis:27266428"
    211 "870970-basis:28188625"
    214 "870970-basis:29953554"
    215 "870970-basis:29278563"
    215 "870970-basis:29335826"
    216 "870970-basis:26878411"
    218 "874310-katalog:DBB0019782"
    222 "870970-basis:27186327"
    223 "870970-basis:28373988"
    223 "870970-basis:28986203"
    225 "870970-basis:28293402"
    227 "870970-basis:27238173"
    227 "870970-basis:28117434"
    230 "874310-katalog:DBB0040899"
    234 "870970-basis:28824130"
    234 "870970-basis:29754519"
    235 "870970-basis:26170508"
    236 "870970-basis:27947867"
    237 "870970-basis:28407866"
    241 "870970-basis:29076588"
    246 "870970-basis:51298721"
    250 "870970-basis:28484283"
    251 "870970-basis:27787207"
    256 "870970-basis:26689023"
    257 "870970-basis:50789748"
    258 "870970-basis:45060136"
    259 "870970-basis:27119956"
    259 "870970-basis:27218784"
    260 "870970-basis:29535795"
    264 "870970-basis:28220405"
    287 "870970-basis:28429576"
    287 "870970-basis:29027641"
    287 "870970-basis:50629627"
    293 "870970-basis:28456433"
    299 "870970-basis:28902239"
    299 "870970-basis:29974861"
    304 "870970-basis:28204760"
    306 "870970-basis:28724683"
    309 "870970-basis:27868673"
    310 "870970-basis:28511663"
    313 "870970-basis:29972362"
    317 "870970-basis:29535876"
    318 "870970-basis:29051836"
    328 "771000-katalog:90185543"
    331 "870970-basis:29793158"
