    347 "870970-basis:28753128"
    349 "776600-katalog:93360133"
    349 "870970-basis:25700872"
    350 "870970-basis:27119956"
    352 "870970-basis:29891966"
    353 "870970-basis:28467567"
    355 "870970-basis:29408408"
    355 "870970-basis:50631494"
    356 "870970-basis:29589143"
    357 "870970-basis:27811434"
    359 "870970-basis:29060681"
    360 "874310-katalog:DBB0018963"
    361 "870970-basis:26170508"
    366 "870970-basis:51327209"
    367 "870970-basis:29406855"
    370 "870970-basis:27502202"
    371 "870970-basis:29978891"
    373 "870970-basis:06373674"
    374 "870970-basis:28940424"
    378 "870970-basis:28347839"
    380 "870970-basis:27787207"
    381 "870970-basis:28377444"
    382 "870970-basis:27238173"
    382 "870970-basis:29934118"
    383 "874310-katalog:DBB0040326"
    388 "870970-basis:26878411"
    388 "870970-basis:27218784"
    391 "870970-basis:28188625"
    392 "870970-basis:28484283"
    394 "870970-basis:51667743"
    395 "870970-basis:29589062"
    396 "870970-basis:28244967"
    397 "870970-basis:28117434"
    400 "870970-basis:27709990"
    400 "870970-basis:50768104"
    402 "870970-basis:29246076"
    404 "870970-basis:50694240"
    405 "870970-basis:26923530"
    405 "870970-basis:28965761"
    409 "870970-basis:28595565"
    410 "870970-basis:28770316"
    410 "870970-basis:50536270"
    411 "870970-basis:29791163"
    413 "870970-basis:28068905"
    414 "874310-katalog:DBB0019369"
    419 "870970-basis:28420943"
    420 "870970-basis:51232453"
    422 "870970-basis:51024788"
    425 "870970-basis:29375607"
    433 "870970-basis:29569894"
    434 "870970-basis:27266428"
    439 "870970-basis:45662128"
    444 "874310-katalog:DBB0040918"
    452 "870970-basis:29076588"
    455 "870970-basis:28373988"
    457 "870970-basis:50727025"
    459 "870970-basis:29477744"
    461 "870970-basis:51109058"
    465 "870970-basis:29335826"
    466 "870970-basis:26689023"
    467 "870970-basis:45226409"
    467 "870970-basis:50801098"
    468 "870970-basis:29027471"
    472 "870970-basis:28043872"
    477 "870970-basis:28824130"
    478 "870970-basis:28220405"
    479 "870970-basis:29867666"
    481 "874310-katalog:DBB0019782"
    487 "870970-basis:45603318"
    489 "870970-basis:29953554"
    498 "870970-basis:50688534"
    500 "870970-basis:27868673"
    506 "870970-basis:29051836"
    506 "874310-katalog:DBB0040899"
    510 "870970-basis:27947867"
    514 "870970-basis:45060136"
    521 "870970-basis:29535795"
    525 "870970-basis:29551421"
    528 "870970-basis:28986203"
    535 "870970-basis:28724683"
    539 "870970-basis:28204760"
    541 "758000-katalog:93204271"
    543 "870970-basis:29754519"
    546 "870970-basis:29793158"
    549 "870970-basis:29537011"
    553 "870970-basis:28429576"
    553 "870970-basis:29278563"
    559 "870970-basis:28456433"
    569 "870970-basis:29027641"
    582 "870970-basis:29260206"
    594 "870970-basis:51298721"
    600 "870970-basis:29535876"
    615 "870970-basis:28511663"
    662 "870970-basis:29972362"
    665 "870970-basis:50789748"
    669 "771000-katalog:90185543"
    685 "870970-basis:28407866"
    702 "870970-basis:29974861"
    743 "870970-basis:28902239"
    793 "870970-basis:50629627"
