    206 "870970-basis:26170508"
    207 "870970-basis:50694240"
    208 "870970-basis:27262627"
    209 "870970-basis:27811434"
    210 "870970-basis:27393349"
    210 "870970-basis:27735576"
    211 "870970-basis:28373929"
    213 "870970-basis:45662128"
    215 "870970-basis:27186327"
    216 "870970-basis:51024788"
    217 "870970-basis:28293402"
    217 "870970-basis:29589062"
    219 "870970-basis:28407866"
    219 "870970-basis:29406855"
    220 "870970-basis:28377444"
    221 "870970-basis:27266304"
    222 "870970-basis:28942613"
    223 "870970-basis:28965761"
    224 "870970-basis:27238173"
    224 "870970-basis:50768104"
    225 "870970-basis:28299125"
    225 "870970-basis:50536270"
    225 "874310-katalog:DBB0018963"
    226 "870970-basis:29978891"
    227 "870970-basis:27711227"
    228 "870970-basis:25146999"
    232 "870970-basis:27884296"
    232 "870970-basis:28188625"
    233 "870970-basis:51232453"
    234 "870970-basis:28244967"
    234 "870970-basis:29408408"
    234 "870970-basis:51426088"
    234 "870970-basis:51667743"
    235 "870970-basis:50688534"
    236 "870970-basis:28068905"
    237 "870970-basis:28420943"
    237 "870970-basis:28770316"
    238 "870970-basis:29791163"
    238 "870970-basis:50727025"
    244 "874310-katalog:DBB0019369"
    249 "870970-basis:26923530"
    249 "870970-basis:27266428"
    250 "870970-basis:28347839"
    253 "870970-basis:27709990"
    254 "874310-katalog:DBB0040918"
    256 "870970-basis:28484283"
    259 "870970-basis:25700872"
    259 "870970-basis:27502202"
    260 "870970-basis:26878411"
    260 "870970-basis:29569894"
    261 "870970-basis:45603318"
    262 "870970-basis:28117434"
    262 "870970-basis:28595565"
    263 "870970-basis:27787207"
    267 "870970-basis:29246076"
    267 "870970-basis:29477744"
    268 "870970-basis:29027471"
    268 "870970-basis:51109058"
    273 "870970-basis:50801098"
    278 "870970-basis:29335826"
    278 "870970-basis:29551421"
    280 "758000-katalog:93204271"
    280 "870970-basis:27119956"
    280 "874310-katalog:DBB0019782"
    281 "870970-basis:29260206"
    281 "870970-basis:29867666"
    283 "870970-basis:28043872"
    284 "870970-basis:29278563"
    284 "870970-basis:45226409"
    288 "870970-basis:28824130"
    289 "870970-basis:29537011"
    291 "870970-basis:28373988"
    293 "870970-basis:29953554"
    295 "870970-basis:26689023"
    298 "870970-basis:29076588"
    306 "870970-basis:28220405"
    307 "874310-katalog:DBB0040899"
    312 "870970-basis:27218784"
    317 "870970-basis:28986203"
    321 "870970-basis:27947867"
    321 "870970-basis:29754519"
    324 "870970-basis:27868673"
    324 "870970-basis:28429576"
    331 "870970-basis:45060136"
    336 "870970-basis:28204760"
    347 "870970-basis:51298721"
    349 "870970-basis:28724683"
    349 "870970-basis:29051836"
    353 "870970-basis:29027641"
    355 "870970-basis:29535795"
    357 "870970-basis:28456433"
    378 "870970-basis:50789748"
    382 "870970-basis:28902239"
    394 "870970-basis:29974861"
    396 "870970-basis:28511663"
    397 "870970-basis:29793158"
    403 "870970-basis:29535876"
    415 "870970-basis:29972362"
    419 "870970-basis:50629627"
    461 "771000-katalog:90185543"
