    304 "870970-basis:27709990"
    305 "870970-basis:29060681"
    309 "870970-basis:29957045"
    310 "870970-basis:27266304"
    310 "870970-basis:27884296"
    310 "870970-basis:29891966"
    312 "870970-basis:27119956"
    312 "874310-katalog:DBB0018963"
    313 "870970-basis:28421826"
    313 "870970-basis:28965761"
    314 "870970-basis:50918114"
    316 "870970-basis:29934118"
    318 "870970-basis:27735576"
    320 "870970-basis:29246076"
    324 "870970-basis:51327209"
    325 "870970-basis:26170508"
    325 "870970-basis:29589143"
    326 "870970-basis:28484283"
    327 "870970-basis:28824157"
    330 "870970-basis:25700872"
    331 "870970-basis:29375607"
    333 "870970-basis:45000710"
    334 "870970-basis:28377444"
    334 "874310-katalog:DBB0040326"
    337 "870970-basis:28117434"
    339 "870970-basis:26689023"
    342 "870970-basis:28467567"
    349 "870970-basis:51024788"
    350 "870970-basis:28244967"
    352 "870970-basis:06373674"
    352 "870970-basis:27266428"
    352 "870970-basis:29406855"
    354 "870970-basis:26878411"
    356 "870970-basis:28420943"
    358 "870970-basis:27787207"
    359 "870970-basis:29027471"
    363 "870970-basis:28940424"
    365 "870970-basis:29978891"
    366 "870970-basis:28373988"
    368 "874310-katalog:DBB0019369"
    369 "870970-basis:29791163"
    371 "870970-basis:27218784"
    372 "870970-basis:50536270"
    372 "870970-basis:50727025"
    372 "870970-basis:50898199"
    374 "870970-basis:50768104"
    377 "870970-basis:26923530"
    378 "870970-basis:28595565"
    384 "870970-basis:28770316"
    389 "870970-basis:29569894"
    389 "874310-katalog:DBB0040918"
    390 "870970-basis:51232453"
    398 "776600-katalog:93360133"
    398 "870970-basis:29589062"
    398 "870970-basis:51667743"
    405 "870970-basis:50694240"
    406 "870970-basis:45662128"
    407 "870970-basis:27868673"
    408 "870970-basis:28043872"
    409 "870970-basis:29867666"
    417 "870970-basis:29537011"
    420 "870970-basis:28220405"
    420 "870970-basis:29551421"
    420 "870970-basis:29953554"
    421 "870970-basis:29793158"
    423 "870970-basis:29027641"
    427 "870970-basis:28986203"
    431 "870970-basis:29477744"
    431 "870970-basis:50688534"
    432 "874310-katalog:DBB0019782"
    437 "870970-basis:29076588"
    440 "870970-basis:28824130"
    440 "870970-basis:29051836"
    440 "870970-basis:45603318"
    444 "870970-basis:29278563"
    446 "870970-basis:29335826"
    447 "870970-basis:45226409"
    455 "870970-basis:28407866"
    455 "870970-basis:29535795"
    467 "870970-basis:50801098"
    469 "870970-basis:28204760"
    472 "870970-basis:51109058"
    481 "870970-basis:29260206"
    482 "870970-basis:28429576"
    483 "870970-basis:45060136"
    488 "758000-katalog:93204271"
    488 "874310-katalog:DBB0040899"
    490 "870970-basis:28724683"
    505 "870970-basis:28456433"
    518 "870970-basis:27947867"
    520 "870970-basis:29535876"
    544 "870970-basis:29754519"
    561 "870970-basis:28511663"
    568 "870970-basis:51298721"
    576 "870970-basis:50789748"
    588 "870970-basis:29972362"
    594 "870970-basis:29974861"
    607 "771000-katalog:90185543"
    622 "870970-basis:28902239"
    637 "870970-basis:50629627"
