    274 "870970-basis:29474931"
    275 "776600-katalog:93360133"
    275 "870970-basis:29060681"
    278 "870970-basis:27266304"
    278 "870970-basis:29589143"
    280 "870970-basis:28299125"
    281 "870970-basis:28188625"
    282 "870970-basis:25700872"
    282 "870970-basis:26170508"
    282 "870970-basis:28231776"
    283 "870970-basis:28824157"
    285 "874310-katalog:DBB0018963"
    286 "870970-basis:28347839"
    286 "870970-basis:50694240"
    289 "870970-basis:28940424"
    289 "870970-basis:51426088"
    290 "870970-basis:29589062"
    294 "870970-basis:28377444"
    297 "870970-basis:27502202"
    297 "870970-basis:28421826"
    297 "870970-basis:28942613"
    299 "870970-basis:27238173"
    302 "870970-basis:51024788"
    303 "870970-basis:27709990"
    305 "870970-basis:26923530"
    310 "870970-basis:29934118"
    311 "870970-basis:26878411"
    311 "870970-basis:29375607"
    311 "870970-basis:51327209"
    315 "870970-basis:28244967"
    315 "870970-basis:50768104"
    320 "870970-basis:27884296"
    320 "870970-basis:29246076"
    321 "870970-basis:45139344"
    321 "874310-katalog:DBB0040918"
    322 "870970-basis:28117434"
    322 "870970-basis:29791163"
    323 "870970-basis:29406855"
    324 "870970-basis:27266428"
    324 "870970-basis:27787207"
    324 "870970-basis:28068905"
    324 "870970-basis:28595565"
    327 "870970-basis:29978891"
    329 "870970-basis:28420943"
    332 "870970-basis:28770316"
    333 "870970-basis:27218784"
    334 "870970-basis:28484283"
    334 "870970-basis:50536270"
    336 "874310-katalog:DBB0019369"
    337 "870970-basis:45662128"
    344 "870970-basis:50727025"
    344 "870970-basis:51667743"
    349 "758000-katalog:93204271"
    349 "870970-basis:51232453"
    356 "874310-katalog:DBB0019782"
    359 "870970-basis:29569894"
    362 "870970-basis:29027471"
    368 "870970-basis:29477744"
    370 "870970-basis:50688534"
    371 "870970-basis:45226409"
    373 "870970-basis:26689023"
    373 "870970-basis:28824130"
    384 "870970-basis:28043872"
    384 "870970-basis:29867666"
    388 "870970-basis:28373988"
    388 "870970-basis:29335826"
    389 "870970-basis:28220405"
    393 "870970-basis:27947867"
    393 "870970-basis:51109058"
    394 "870970-basis:28429576"
    395 "870970-basis:29551421"
    398 "870970-basis:29278563"
    408 "870970-basis:27868673"
    411 "870970-basis:28986203"
    413 "870970-basis:45603318"
    415 "870970-basis:45060136"
    419 "870970-basis:29953554"
    424 "870970-basis:29051836"
    426 "870970-basis:28407866"
    427 "870970-basis:29537011"
    430 "870970-basis:50801098"
    438 "870970-basis:29535795"
    438 "870970-basis:29793158"
    443 "870970-basis:29754519"
    448 "874310-katalog:DBB0040899"
    452 "870970-basis:29027641"
    463 "870970-basis:29076588"
    467 "870970-basis:29260206"
    479 "870970-basis:28204760"
    480 "870970-basis:50789748"
    491 "870970-basis:28511663"
    498 "870970-basis:28724683"
    501 "870970-basis:29535876"
    501 "870970-basis:29972362"
    507 "870970-basis:51298721"
    516 "870970-basis:28456433"
    534 "771000-katalog:90185543"
    541 "870970-basis:29974861"
    553 "870970-basis:28902239"
    574 "870970-basis:50629627"
