    333 "870970-basis:50727009"
    337 "870970-basis:27119956"
    339 "874310-katalog:DBB0040326"
    341 "870970-basis:06373674"
    341 "870970-basis:29589143"
    342 "870970-basis:51426088"
    344 "870970-basis:28188625"
    344 "870970-basis:28299125"
    349 "870970-basis:28377444"
    353 "870970-basis:26170508"
    353 "870970-basis:27238173"
    358 "870970-basis:29934118"
    360 "870970-basis:28373929"
    360 "870970-basis:51327209"
    361 "870970-basis:50898199"
    363 "870970-basis:25146999"
    364 "870970-basis:28467567"
    366 "870970-basis:25700872"
    373 "870970-basis:27709990"
    374 "870970-basis:29060681"
    377 "870970-basis:28965761"
    382 "870970-basis:28347839"
    382 "870970-basis:28940424"
    385 "870970-basis:29978891"
    388 "870970-basis:28117434"
    390 "870970-basis:28484283"
    393 "870970-basis:51232453"
    395 "870970-basis:28595565"
    395 "870970-basis:50768104"
    396 "870970-basis:27266428"
    396 "870970-basis:29246076"
    397 "870970-basis:28068905"
    398 "870970-basis:26923530"
    398 "870970-basis:51024788"
    399 "870970-basis:27787207"
    399 "870970-basis:29406855"
    400 "870970-basis:27502202"
    401 "870970-basis:50536270"
    403 "870970-basis:29375607"
    404 "870970-basis:28244967"
    404 "870970-basis:29589062"
    406 "776600-katalog:93360133"
    408 "870970-basis:51667743"
    413 "870970-basis:26878411"
    413 "870970-basis:29027471"
    413 "870970-basis:50694240"
    417 "874310-katalog:DBB0019369"
    419 "870970-basis:28420943"
    419 "870970-basis:28770316"
    427 "870970-basis:27218784"
    429 "870970-basis:28824130"
    431 "870970-basis:28373988"
    432 "874310-katalog:DBB0040918"
    441 "870970-basis:26689023"
    442 "870970-basis:50727025"
    448 "870970-basis:29791163"
    452 "870970-basis:29867666"
    455 "870970-basis:29477744"
    457 "870970-basis:29569894"
    468 "870970-basis:28986203"
    468 "870970-basis:51109058"
    471 "870970-basis:29335826"
    473 "870970-basis:45662128"
    473 "874310-katalog:DBB0019782"
    478 "870970-basis:27868673"
    478 "870970-basis:28043872"
    479 "758000-katalog:93204271"
    479 "870970-basis:29051836"
    483 "870970-basis:45603318"
    484 "870970-basis:29076588"
    487 "870970-basis:29953554"
    492 "870970-basis:29551421"
    493 "870970-basis:28220405"
    493 "870970-basis:50688534"
    501 "870970-basis:29278563"
    512 "870970-basis:29793158"
    515 "870970-basis:29535795"
    518 "870970-basis:45226409"
    519 "870970-basis:45060136"
    522 "870970-basis:50801098"
    527 "870970-basis:29027641"
    527 "874310-katalog:DBB0040899"
    531 "870970-basis:28429576"
    535 "870970-basis:28204760"
    536 "870970-basis:29537011"
    540 "870970-basis:27947867"
    542 "870970-basis:29260206"
    576 "870970-basis:28456433"
    579 "870970-basis:28724683"
    581 "870970-basis:50789748"
    584 "870970-basis:28407866"
    598 "870970-basis:29754519"
    615 "870970-basis:51298721"
    623 "870970-basis:29535876"
    626 "870970-basis:29972362"
    647 "870970-basis:28511663"
    706 "771000-katalog:90185543"
    712 "870970-basis:29974861"
    753 "870970-basis:28902239"
    770 "870970-basis:50629627"
