    318 "870970-basis:28373929"
    321 "870970-basis:27735576"
    321 "870970-basis:28421826"
    321 "870970-basis:29408408"
    322 "870970-basis:26964547"
    325 "870970-basis:25700872"
    325 "870970-basis:28347839"
    328 "870970-basis:51426088"
    330 "870970-basis:27884296"
    332 "870970-basis:45139344"
    333 "776600-katalog:93360133"
    335 "870970-basis:51024788"
    336 "870970-basis:29891966"
    337 "870970-basis:28377444"
    340 "870970-basis:26170508"
    344 "870970-basis:28942613"
    346 "870970-basis:28188625"
    347 "870970-basis:29589062"
    348 "870970-basis:28068905"
    349 "870970-basis:28467567"
    349 "870970-basis:29934118"
    350 "870970-basis:28965761"
    352 "870970-basis:50694240"
    354 "870970-basis:29246076"
    355 "870970-basis:50536270"
    360 "870970-basis:27709990"
    363 "870970-basis:29406855"
    363 "870970-basis:50768104"
    364 "870970-basis:28420943"
    364 "874310-katalog:DBB0018963"
    365 "870970-basis:27502202"
    367 "870970-basis:28595565"
    370 "870970-basis:28770316"
    370 "870970-basis:51327209"
    371 "870970-basis:51232453"
    372 "870970-basis:28484283"
    375 "870970-basis:27119956"
    376 "870970-basis:29375607"
    376 "870970-basis:29978891"
    377 "870970-basis:29791163"
    379 "870970-basis:27787207"
    380 "870970-basis:51667743"
    381 "870970-basis:28940424"
    384 "874310-katalog:DBB0019369"
    389 "870970-basis:28244967"
    391 "870970-basis:27266428"
    392 "870970-basis:26878411"
    398 "870970-basis:26923530"
    398 "870970-basis:27218784"
    398 "870970-basis:50727025"
    404 "870970-basis:26689023"
    409 "870970-basis:28117434"
    409 "870970-basis:29027471"
    418 "874310-katalog:DBB0040918"
    421 "870970-basis:45662128"
    426 "870970-basis:27868673"
    428 "870970-basis:29569894"
    432 "870970-basis:28373988"
    439 "870970-basis:29477744"
    440 "870970-basis:29551421"
    440 "870970-basis:29953554"
    448 "870970-basis:45226409"
    449 "870970-basis:29335826"
    450 "870970-basis:28043872"
    456 "874310-katalog:DBB0019782"
    459 "870970-basis:45603318"
    460 "758000-katalog:93204271"
    461 "870970-basis:28220405"
    462 "870970-basis:29793158"
    463 "870970-basis:50688534"
    467 "870970-basis:29278563"
    467 "870970-basis:51109058"
    469 "870970-basis:29260206"
    469 "870970-basis:29867666"
    472 "870970-basis:29076588"
    476 "870970-basis:28429576"
    476 "870970-basis:28824130"
    480 "870970-basis:29051836"
    481 "870970-basis:28986203"
    487 "870970-basis:50801098"
    488 "870970-basis:45060136"
    491 "870970-basis:29535795"
    497 "870970-basis:29537011"
    509 "870970-basis:27947867"
    512 "870970-basis:28204760"
    532 "874310-katalog:DBB0040899"
    537 "870970-basis:28456433"
    538 "870970-basis:28407866"
    548 "870970-basis:51298721"
    550 "870970-basis:29027641"
    553 "870970-basis:28724683"
    557 "870970-basis:28511663"
    572 "870970-basis:29754519"
    578 "870970-basis:29535876"
    603 "870970-basis:50789748"
    613 "870970-basis:29972362"
    617 "870970-basis:29974861"
    661 "771000-katalog:90185543"
    672 "870970-basis:28902239"
    680 "870970-basis:50629627"
