    251 "870970-basis:50694240"
    253 "776600-katalog:93360133"
    255 "870970-basis:28721978"
    258 "870970-basis:28231776"
    258 "870970-basis:28293402"
    258 "870970-basis:29934118"
    259 "870970-basis:29408408"
    259 "870970-basis:29791163"
    260 "870970-basis:25146999"
    260 "870970-basis:28377444"
    263 "874310-katalog:DBB0018963"
    264 "870970-basis:29978891"
    266 "870970-basis:27266304"
    266 "870970-basis:27811434"
    266 "870970-basis:45139344"
    268 "870970-basis:25700872"
    268 "870970-basis:29406855"
    269 "870970-basis:27502202"
    270 "870970-basis:29375607"
    270 "870970-basis:29589062"
    270 "870970-basis:51024788"
    274 "870970-basis:28649789"
    275 "870970-basis:27711227"
    275 "870970-basis:45662128"
    278 "870970-basis:28965761"
    278 "870970-basis:29246076"
    279 "874310-katalog:DBB0040918"
    284 "870970-basis:28347839"
    285 "870970-basis:28420943"
    290 "870970-basis:27238173"
    290 "870970-basis:28942613"
    293 "870970-basis:28940424"
    296 "870970-basis:28244967"
    298 "870970-basis:27709990"
    300 "758000-katalog:93204271"
    300 "870970-basis:50727025"
    301 "870970-basis:28068905"
    302 "870970-basis:50536270"
    303 "870970-basis:26923530"
    308 "870970-basis:51232453"
    309 "870970-basis:27119956"
    309 "870970-basis:27884296"
    310 "870970-basis:50768104"
    312 "870970-basis:28188625"
    313 "870970-basis:50688534"
    317 "870970-basis:28770316"
    317 "874310-katalog:DBB0019369"
    319 "870970-basis:28595565"
    321 "870970-basis:27787207"
    322 "870970-basis:26689023"
    322 "870970-basis:51667743"
    325 "870970-basis:29278563"
    325 "870970-basis:29569894"
    328 "870970-basis:45603318"
    332 "870970-basis:26878411"
    333 "870970-basis:27218784"
    334 "870970-basis:28117434"
    340 "870970-basis:27266428"
    340 "870970-basis:29027471"
    341 "870970-basis:50801098"
    346 "870970-basis:28484283"
    352 "870970-basis:28373988"
    357 "870970-basis:51109058"
    358 "870970-basis:29477744"
    359 "870970-basis:27868673"
    360 "870970-basis:29260206"
    360 "870970-basis:29953554"
    361 "870970-basis:45226409"
    362 "870970-basis:29551421"
    369 "870970-basis:29793158"
    370 "870970-basis:28043872"
    371 "870970-basis:29335826"
    372 "870970-basis:29537011"
    374 "874310-katalog:DBB0019782"
    378 "874310-katalog:DBB0040899"
    379 "870970-basis:29076588"
    381 "870970-basis:28986203"
    385 "870970-basis:28429576"
    385 "870970-basis:28824130"
    385 "870970-basis:29867666"
    388 "870970-basis:28407866"
    400 "870970-basis:45060136"
    401 "870970-basis:28220405"
    404 "870970-basis:29027641"
    405 "870970-basis:29051836"
    409 "870970-basis:28204760"
    411 "870970-basis:28456433"
    415 "870970-basis:27947867"
    424 "870970-basis:29535795"
    448 "870970-basis:29974861"
    449 "870970-basis:51298721"
    453 "870970-basis:28724683"
    462 "870970-basis:28511663"
    463 "870970-basis:29754519"
    471 "870970-basis:29535876"
    480 "870970-basis:50789748"
    486 "870970-basis:29972362"
    494 "870970-basis:28902239"
    499 "870970-basis:50629627"
    506 "771000-katalog:90185543"
