    311 "870970-basis:25146999"
    312 "870970-basis:27238173"
    313 "870970-basis:28824157"
    316 "870970-basis:29589143"
    317 "870970-basis:27186327"
    318 "870970-basis:51426088"
    319 "870970-basis:27711227"
    320 "874310-katalog:DBB0040326"
    321 "870970-basis:28293402"
    321 "870970-basis:50898199"
    323 "776600-katalog:93360133"
    323 "870970-basis:45139344"
    324 "870970-basis:50536270"
    325 "870970-basis:29589062"
    326 "870970-basis:26170508"
    331 "870970-basis:29408408"
    332 "870970-basis:27884296"
    332 "870970-basis:28965761"
    333 "870970-basis:29406855"
    333 "870970-basis:29934118"
    334 "870970-basis:28942613"
    335 "870970-basis:28940424"
    336 "870970-basis:28377444"
    337 "870970-basis:51327209"
    339 "870970-basis:29246076"
    344 "870970-basis:27119956"
    348 "870970-basis:27218784"
    349 "870970-basis:26878411"
    351 "870970-basis:28117434"
    354 "870970-basis:27709990"
    355 "870970-basis:28347839"
    355 "870970-basis:50768104"
    356 "870970-basis:51232453"
    359 "870970-basis:28244967"
    359 "870970-basis:29978891"
    359 "870970-basis:51667743"
    361 "870970-basis:28188625"
    361 "870970-basis:51024788"
    363 "870970-basis:26923530"
    364 "870970-basis:27787207"
    364 "870970-basis:28770316"
    365 "870970-basis:45662128"
    366 "870970-basis:28420943"
    368 "870970-basis:28484283"
    368 "870970-basis:29375607"
    371 "870970-basis:28595565"
    374 "870970-basis:27266428"
    374 "874310-katalog:DBB0019369"
    376 "870970-basis:28068905"
    383 "870970-basis:27502202"
    385 "870970-basis:29027471"
    388 "870970-basis:29791163"
    398 "874310-katalog:DBB0040918"
    399 "870970-basis:50727025"
    400 "870970-basis:51109058"
    412 "870970-basis:28043872"
    418 "870970-basis:28373988"
    426 "870970-basis:27947867"
    427 "870970-basis:28824130"
    427 "870970-basis:45603318"
    427 "870970-basis:50801098"
    427 "874310-katalog:DBB0019782"
    429 "870970-basis:29477744"
    429 "870970-basis:45226409"
    432 "870970-basis:50688534"
    434 "870970-basis:28220405"
    436 "870970-basis:27868673"
    437 "870970-basis:29867666"
    438 "758000-katalog:93204271"
    445 "870970-basis:29335826"
    445 "870970-basis:29551421"
    446 "870970-basis:26689023"
    450 "870970-basis:29953554"
    451 "870970-basis:29051836"
    455 "870970-basis:45060136"
    456 "870970-basis:29569894"
    457 "870970-basis:29076588"
    459 "870970-basis:29537011"
    462 "870970-basis:29535795"
    467 "874310-katalog:DBB0040899"
    471 "870970-basis:28456433"
    474 "870970-basis:28204760"
    480 "870970-basis:29793158"
    485 "870970-basis:29278563"
    487 "870970-basis:29260206"
    488 "870970-basis:29027641"
    492 "870970-basis:28407866"
    494 "870970-basis:28429576"
    499 "870970-basis:28986203"
    523 "870970-basis:28724683"
    524 "870970-basis:29754519"
    531 "870970-basis:50789748"
    532 "870970-basis:29535876"
    548 "870970-basis:51298721"
    561 "870970-basis:28511663"
    600 "870970-basis:29974861"
    610 "771000-katalog:90185543"
    627 "870970-basis:29972362"
    660 "870970-basis:28902239"
    667 "870970-basis:50629627"
