    177 "870970-basis:27735576"
    177 "870970-basis:51024788"
    177 "870970-basis:51426088"
    178 "870970-basis:50536270"
    181 "870970-basis:28244967"
    181 "870970-basis:28377444"
    181 "870970-basis:29408408"
    183 "870970-basis:51327209"
    185 "870970-basis:29978891"
    185 "870970-basis:45662128"
    187 "870970-basis:28299125"
    188 "870970-basis:28595565"
    190 "870970-basis:27266304"
    190 "870970-basis:51667743"
    191 "870970-basis:28721978"
    192 "870970-basis:26964547"
    193 "870970-basis:28231776"
    195 "870970-basis:27393349"
    196 "870970-basis:50768104"
    197 "870970-basis:28117434"
    201 "870970-basis:27884296"
    201 "870970-basis:28420943"
    204 "870970-basis:29406855"
    205 "870970-basis:25146999"
    205 "870970-basis:28942613"
    206 "870970-basis:28188625"
    206 "870970-basis:29375607"
    206 "870970-basis:29934118"
    208 "870970-basis:26170508"
    209 "870970-basis:28293402"
    210 "870970-basis:25700872"
    210 "870970-basis:50727025"
    211 "870970-basis:28770316"
    213 "870970-basis:28965761"
    215 "870970-basis:27811434"
    216 "870970-basis:26923530"
    216 "870970-basis:27266428"
    216 "870970-basis:28068905"
    216 "874310-katalog:DBB0040918"
    218 "758000-katalog:93204271"
    218 "870970-basis:27502202"
    218 "870970-basis:29477744"
    219 "870970-basis:50688534"
    220 "870970-basis:27711227"
    222 "870970-basis:29246076"
    223 "870970-basis:29569894"
    223 "870970-basis:29791163"
    224 "870970-basis:51232453"
    224 "874310-katalog:DBB0019369"
    226 "874310-katalog:DBB0019782"
    228 "870970-basis:50801098"
    232 "870970-basis:27709990"
    232 "870970-basis:45226409"
    235 "870970-basis:27787207"
    235 "870970-basis:28484283"
    235 "870970-basis:51109058"
    237 "870970-basis:26878411"
    242 "870970-basis:27238173"
    244 "870970-basis:27119956"
    249 "874310-katalog:DBB0040899"
    250 "870970-basis:29027471"
    251 "870970-basis:27218784"
    251 "870970-basis:28347839"
    251 "870970-basis:45603318"
    252 "870970-basis:28824130"
    256 "870970-basis:28043872"
    260 "870970-basis:29335826"
    261 "870970-basis:29953554"
    264 "870970-basis:28373988"
    264 "870970-basis:29260206"
    266 "870970-basis:29551421"
    268 "870970-basis:26689023"
    269 "870970-basis:29537011"
    271 "870970-basis:29278563"
    272 "870970-basis:27947867"
    273 "870970-basis:28986203"
    277 "870970-basis:28220405"
    279 "870970-basis:29076588"
    279 "870970-basis:45060136"
    282 "870970-basis:28407866"
    284 "870970-basis:29754519"
    289 "870970-basis:27868673"
    294 "870970-basis:29027641"
    296 "870970-basis:29535795"
    296 "870970-basis:29867666"
    303 "870970-basis:28511663"
    303 "870970-basis:50789748"
    309 "870970-basis:28429576"
    319 "870970-basis:51298721"
    320 "870970-basis:29793158"
    328 "870970-basis:28456433"
    331 "870970-basis:28204760"
    332 "870970-basis:28724683"
    332 "870970-basis:29051836"
    334 "870970-basis:50629627"
    343 "870970-basis:29974861"
    353 "870970-basis:29535876"
    373 "870970-basis:28902239"
    377 "870970-basis:29972362"
    412 "771000-katalog:90185543"
