    309 "870970-basis:28438028"
    310 "870970-basis:28068905"
    311 "874310-katalog:DBB0040326"
    313 "870970-basis:50625915"
    314 "870970-basis:27735576"
    314 "870970-basis:27884296"
    314 "870970-basis:50631494"
    316 "870970-basis:45139344"
    320 "870970-basis:50898199"
    321 "874310-katalog:DBB0018963"
    324 "870970-basis:29060681"
    324 "870970-basis:29408408"
    325 "870970-basis:28484283"
    325 "870970-basis:29589143"
    326 "870970-basis:28942613"
    328 "870970-basis:51426088"
    330 "870970-basis:28965761"
    330 "870970-basis:29375607"
    331 "870970-basis:50918114"
    334 "870970-basis:27266428"
    338 "870970-basis:27502202"
    341 "870970-basis:06373674"
    344 "870970-basis:25700872"
    346 "870970-basis:28467567"
    350 "870970-basis:28377444"
    352 "870970-basis:50694240"
    354 "870970-basis:29406855"
    354 "870970-basis:51327209"
    355 "870970-basis:29246076"
    356 "870970-basis:26923530"
    357 "870970-basis:29934118"
    363 "874310-katalog:DBB0019369"
    366 "870970-basis:28420943"
    368 "870970-basis:28117434"
    368 "870970-basis:29791163"
    370 "776600-katalog:93360133"
    370 "870970-basis:28595565"
    371 "870970-basis:27218784"
    372 "870970-basis:26878411"
    373 "870970-basis:29569894"
    375 "870970-basis:27787207"
    375 "870970-basis:28940424"
    377 "870970-basis:50727025"
    378 "870970-basis:29978891"
    381 "870970-basis:29589062"
    382 "870970-basis:51024788"
    385 "870970-basis:26689023"
    385 "870970-basis:29027471"
    385 "870970-basis:50768104"
    388 "870970-basis:28244967"
    389 "870970-basis:28043872"
    397 "870970-basis:51667743"
    398 "874310-katalog:DBB0040918"
    400 "870970-basis:50536270"
    403 "870970-basis:29793158"
    403 "870970-basis:29867666"
    407 "870970-basis:28220405"
    407 "870970-basis:51232453"
    409 "870970-basis:50688534"
    412 "870970-basis:28770316"
    412 "870970-basis:29076588"
    416 "870970-basis:28373988"
    419 "870970-basis:27868673"
    419 "870970-basis:29477744"
    420 "870970-basis:28824130"
    422 "870970-basis:29537011"
    425 "874310-katalog:DBB0019782"
    427 "758000-katalog:93204271"
    427 "870970-basis:45662128"
    435 "870970-basis:29051836"
    440 "870970-basis:28204760"
    443 "870970-basis:27947867"
    444 "870970-basis:29551421"
    444 "870970-basis:29953554"
    455 "870970-basis:45226409"
    460 "870970-basis:51109058"
    461 "870970-basis:29027641"
    461 "870970-basis:29278563"
    464 "870970-basis:45060136"
    475 "870970-basis:28986203"
    475 "870970-basis:45603318"
    478 "870970-basis:50801098"
    482 "870970-basis:29335826"
    483 "870970-basis:29535795"
    485 "870970-basis:29260206"
    486 "870970-basis:28429576"
    501 "870970-basis:29535876"
    507 "874310-katalog:DBB0040899"
    509 "870970-basis:28456433"
    519 "870970-basis:28724683"
    526 "870970-basis:28511663"
    548 "870970-basis:29754519"
    555 "870970-basis:51298721"
    572 "870970-basis:29972362"
    575 "870970-basis:28407866"
    605 "870970-basis:50789748"
    606 "771000-katalog:90185543"
    624 "870970-basis:29974861"
    637 "870970-basis:28902239"
    701 "870970-basis:50629627"
