    226 "870970-basis:51205774"
    228 "870970-basis:50727009"
    228 "870970-basis:50860477"
    230 "870970-basis:51074009"
    233 "870970-basis:25146999"
    233 "870970-basis:28299125"
    235 "870970-basis:29068011"
    235 "870970-basis:29819971"
    236 "870970-basis:03200442"
    236 "870970-basis:25700872"
    236 "870970-basis:28347839"
    236 "870970-basis:29569894"
    236 "870970-basis:50625915"
    237 "870970-basis:29781524"
    244 "870970-basis:29160813"
    246 "870970-basis:26878411"
    247 "870970-basis:29060681"
    248 "870970-basis:27735576"
    248 "870970-basis:28136013"
    249 "870970-basis:28986203"
    250 "870970-basis:27868673"
    254 "870970-basis:06185657"
    254 "870970-basis:29957045"
    255 "870970-basis:50598527"
    257 "870970-basis:28990243"
    262 "870970-basis:27947867"
    264 "874310-katalog:DBB0040918"
    266 "870970-basis:27266304"
    267 "870970-basis:28438028"
    268 "870970-basis:45139344"
    274 "870970-basis:29406855"
    277 "870970-basis:24725006"
    277 "870970-basis:28373988"
    279 "870970-basis:29051836"
    280 "870970-basis:44996596"
    280 "870970-basis:50536270"
    282 "870970-basis:28373929"
    282 "870970-basis:29978891"
    282 "874310-katalog:DBB0018963"
    284 "870970-basis:27218784"
    285 "870970-basis:28204760"
    286 "870970-basis:51667743"
    292 "870970-basis:27266428"
    292 "870970-basis:29551421"
    293 "870970-basis:28377444"
    294 "870970-basis:50768104"
    295 "870970-basis:28753128"
    296 "870970-basis:29793158"
    297 "870970-basis:29260206"
    298 "870970-basis:51232453"
    301 "870970-basis:45000710"
    303 "870970-basis:28117434"
    303 "870970-basis:29589143"
    306 "776600-katalog:93360133"
    307 "870970-basis:28940424"
    308 "870970-basis:45603318"
    312 "870970-basis:29477744"
    315 "758000-katalog:93204271"
    318 "870970-basis:28407866"
    318 "870970-basis:28467567"
    319 "870970-basis:26923530"
    319 "870970-basis:27787207"
    326 "870970-basis:28770316"
    326 "870970-basis:29027641"
    326 "870970-basis:50694240"
    327 "870970-basis:29278563"
    330 "870970-basis:45662128"
    332 "870970-basis:28420943"
    334 "870970-basis:29972362"
    337 "870970-basis:28429576"
    341 "870970-basis:28244967"
    343 "870970-basis:50789748"
    345 "870970-basis:28456433"
    351 "870970-basis:06373674"
    356 "874310-katalog:DBB0019369"
    357 "870970-basis:29589062"
    357 "870970-basis:51109058"
    362 "870970-basis:29953554"
    368 "870970-basis:28595565"
    370 "874310-katalog:DBB0019782"
    372 "870970-basis:28043872"
    372 "870970-basis:50688534"
    373 "870970-basis:29535795"
    375 "870970-basis:28824130"
    379 "870970-basis:50801098"
    380 "870970-basis:29335826"
    383 "870970-basis:28902239"
    384 "870970-basis:45226409"
    389 "870970-basis:28220405"
    394 "870970-basis:29974861"
    402 "870970-basis:29076588"
    412 "874310-katalog:DBB0040899"
    422 "870970-basis:50629627"
    427 "870970-basis:51298721"
    432 "870970-basis:29754519"
    438 "870970-basis:28724683"
    447 "870970-basis:45060136"
    451 "870970-basis:28511663"
    459 "870970-basis:29535876"
    482 "771000-katalog:90185543"
