    261 "870970-basis:29160813"
    263 "870970-basis:29408408"
    263 "870970-basis:51426088"
    264 "870970-basis:03200442"
    266 "870970-basis:28231776"
    266 "870970-basis:29375607"
    268 "874310-katalog:DBB0018963"
    270 "870970-basis:27218784"
    270 "870970-basis:29027471"
    272 "870970-basis:27884296"
    275 "870970-basis:28373929"
    275 "870970-basis:45139344"
    275 "870970-basis:50625915"
    275 "870970-basis:50631494"
    277 "870970-basis:29060681"
    279 "870970-basis:28117434"
    279 "870970-basis:29791163"
    279 "870970-basis:29957045"
    282 "870970-basis:28965761"
    284 "870970-basis:50898199"
    286 "870970-basis:24725006"
    286 "870970-basis:27735576"
    288 "870970-basis:51024788"
    291 "870970-basis:29891966"
    293 "870970-basis:29589143"
    296 "870970-basis:25700872"
    298 "870970-basis:29978891"
    303 "870970-basis:26689023"
    304 "870970-basis:44996596"
    305 "870970-basis:29406855"
    306 "870970-basis:26923530"
    306 "870970-basis:28299125"
    309 "870970-basis:28467567"
    310 "870970-basis:27787207"
    312 "870970-basis:28377444"
    315 "776600-katalog:93360133"
    324 "870970-basis:28373988"
    324 "870970-basis:45000710"
    326 "870970-basis:50768104"
    328 "870970-basis:29867666"
    328 "874310-katalog:DBB0040918"
    331 "870970-basis:28244967"
    331 "870970-basis:29569894"
    332 "870970-basis:26878411"
    335 "870970-basis:28940424"
    336 "870970-basis:27868673"
    336 "870970-basis:50727025"
    344 "874310-katalog:DBB0019369"
    346 "870970-basis:51667743"
    347 "870970-basis:06373674"
    347 "870970-basis:28420943"
    348 "870970-basis:27947867"
    349 "870970-basis:28043872"
    351 "870970-basis:27266428"
    352 "870970-basis:29537011"
    354 "870970-basis:28770316"
    361 "870970-basis:29278563"
    361 "870970-basis:29953554"
    363 "870970-basis:29477744"
    364 "870970-basis:28986203"
    364 "870970-basis:50694240"
    365 "870970-basis:50536270"
    366 "870970-basis:29589062"
    366 "870970-basis:51232453"
    368 "870970-basis:28429576"
    369 "870970-basis:28204760"
    371 "870970-basis:29793158"
    374 "870970-basis:29551421"
    377 "870970-basis:29051836"
    378 "758000-katalog:93204271"
    378 "870970-basis:45226409"
    382 "870970-basis:28595565"
    386 "870970-basis:29535795"
    386 "874310-katalog:DBB0019782"
    391 "870970-basis:28220405"
    392 "870970-basis:29260206"
    398 "870970-basis:29027641"
    398 "870970-basis:50801098"
    399 "870970-basis:45662128"
    403 "870970-basis:29076588"
    403 "870970-basis:45603318"
    407 "870970-basis:28824130"
    411 "870970-basis:29335826"
    411 "870970-basis:45060136"
    412 "870970-basis:51109058"
    418 "870970-basis:50688534"
    434 "870970-basis:28724683"
    435 "874310-katalog:DBB0040899"
    436 "870970-basis:28407866"
    455 "870970-basis:28511663"
    465 "870970-basis:28456433"
    477 "870970-basis:29972362"
    478 "870970-basis:50789748"
    479 "870970-basis:29974861"
    497 "870970-basis:28902239"
    501 "870970-basis:29535876"
    504 "870970-basis:51298721"
    516 "870970-basis:29754519"
    578 "870970-basis:50629627"
    580 "771000-katalog:90185543"
