    235 "870970-basis:25146999"
    236 "870970-basis:28239548"
    238 "870970-basis:26992192"
    241 "870970-basis:29060681"
    242 "870970-basis:50898199"
    243 "870970-basis:27266304"
    244 "874310-katalog:DBB0040922"
    246 "870970-basis:28136013"
    246 "870970-basis:28299125"
    247 "870970-basis:25700872"
    249 "870970-basis:27884296"
    251 "870970-basis:42825115"
    253 "870970-basis:28231776"
    254 "874310-katalog:DBB0041769"
    255 "870970-basis:50727009"
    257 "870970-basis:28373988"
    258 "870970-basis:45139344"
    259 "870970-basis:50598527"
    261 "870970-basis:29953104"
    261 "870970-basis:51074009"
    262 "870970-basis:06185657"
    262 "870970-basis:29569894"
    264 "870970-basis:50625915"
    265 "874310-katalog:DBB0040918"
    266 "870970-basis:27868673"
    269 "870970-basis:28986203"
    271 "870970-basis:28204760"
    274 "870970-basis:29051836"
    274 "870970-basis:29957045"
    275 "870970-basis:50618595"
    278 "870970-basis:24725006"
    278 "870970-basis:27218784"
    278 "870970-basis:28438028"
    278 "870970-basis:28990243"
    280 "870970-basis:27735576"
    280 "870970-basis:28753128"
    282 "874310-katalog:DBB0018963"
    286 "870970-basis:29260206"
    292 "870970-basis:26878411"
    292 "870970-basis:28467567"
    295 "870970-basis:50768104"
    297 "870970-basis:51667743"
    298 "870970-basis:29406855"
    303 "870970-basis:29551421"
    307 "870970-basis:28377444"
    307 "870970-basis:50789748"
    310 "870970-basis:28117434"
    311 "870970-basis:28770316"
    314 "870970-basis:26923530"
    316 "776600-katalog:93360133"
    318 "870970-basis:28373929"
    323 "870970-basis:27787207"
    324 "870970-basis:44996596"
    325 "870970-basis:29589143"
    326 "870970-basis:28420943"
    328 "870970-basis:28244967"
    328 "870970-basis:50536270"
    333 "870970-basis:27266428"
    334 "870970-basis:45000710"
    337 "870970-basis:28940424"
    339 "870970-basis:29278563"
    341 "870970-basis:29477744"
    341 "870970-basis:29972362"
    341 "870970-basis:51232453"
    346 "758000-katalog:93204271"
    347 "870970-basis:29978891"
    353 "870970-basis:50688534"
    354 "870970-basis:29027641"
    357 "874310-katalog:DBB0019782"
    362 "870970-basis:06373674"
    364 "870970-basis:29535795"
    364 "874310-katalog:DBB0019369"
    366 "870970-basis:50694240"
    374 "870970-basis:29953554"
    374 "870970-basis:45603318"
    375 "870970-basis:45662128"
    377 "870970-basis:28043872"
    377 "870970-basis:28429576"
    377 "870970-basis:28824130"
    378 "870970-basis:28407866"
    378 "870970-basis:28456433"
    380 "870970-basis:51109058"
    386 "870970-basis:50801098"
    387 "870970-basis:28595565"
    389 "870970-basis:29589062"
    394 "870970-basis:29076588"
    404 "870970-basis:29974861"
    409 "870970-basis:28220405"
    409 "870970-basis:45226409"
    410 "870970-basis:45060136"
    414 "874310-katalog:DBB0040899"
    422 "870970-basis:28902239"
    423 "870970-basis:29535876"
    423 "870970-basis:50629627"
    439 "870970-basis:28724683"
    439 "870970-basis:29335826"
    466 "870970-basis:51298721"
    488 "870970-basis:28511663"
    504 "870970-basis:29754519"
    508 "771000-katalog:90185543"
