    232 "874310-katalog:DBB0018798"
    233 "870970-basis:28990243"
    233 "870970-basis:50618595"
    234 "870970-basis:25146999"
    234 "870970-basis:26964547"
    235 "870970-basis:27709990"
    235 "870970-basis:27884296"
    237 "870970-basis:06185657"
    237 "870970-basis:27735576"
    237 "870970-basis:28136013"
    238 "870970-basis:29867666"
    239 "870970-basis:29891966"
    241 "870970-basis:29537011"
    245 "870970-basis:28231776"
    246 "870970-basis:27238173"
    248 "870970-basis:29793158"
    250 "870970-basis:29569894"
    250 "870970-basis:44996596"
    253 "870970-basis:29060681"
    253 "870970-basis:45139344"
    254 "870970-basis:29957045"
    256 "870970-basis:28965761"
    260 "870970-basis:50898199"
    262 "870970-basis:25700872"
    262 "870970-basis:28753128"
    264 "870970-basis:24725006"
    264 "870970-basis:28373929"
    266 "870970-basis:27266304"
    266 "870970-basis:28299125"
    267 "870970-basis:26878411"
    267 "870970-basis:28438028"
    268 "870970-basis:29406855"
    271 "870970-basis:28373988"
    277 "874310-katalog:DBB0018963"
    281 "870970-basis:51667743"
    285 "870970-basis:28377444"
    288 "870970-basis:29589143"
    288 "870970-basis:51232453"
    288 "874310-katalog:DBB0040918"
    289 "870970-basis:28940424"
    291 "870970-basis:28117434"
    293 "870970-basis:45000710"
    293 "870970-basis:45662128"
    296 "870970-basis:28244967"
    300 "870970-basis:28467567"
    301 "870970-basis:27266428"
    303 "870970-basis:27218784"
    304 "870970-basis:29551421"
    304 "870970-basis:50768104"
    305 "870970-basis:28770316"
    307 "870970-basis:28204760"
    308 "870970-basis:06373674"
    308 "870970-basis:29260206"
    309 "776600-katalog:93360133"
    309 "870970-basis:27868673"
    310 "870970-basis:28986203"
    311 "870970-basis:50694240"
    312 "870970-basis:28420943"
    314 "870970-basis:29051836"
    314 "870970-basis:50688534"
    315 "870970-basis:26923530"
    315 "870970-basis:29978891"
    315 "870970-basis:50536270"
    320 "870970-basis:28043872"
    322 "870970-basis:29027641"
    324 "870970-basis:29589062"
    328 "870970-basis:45603318"
    329 "870970-basis:27787207"
    329 "870970-basis:29477744"
    329 "870970-basis:51109058"
    329 "874310-katalog:DBB0019369"
    331 "870970-basis:27947867"
    333 "870970-basis:28456433"
    338 "870970-basis:28595565"
    341 "870970-basis:28429576"
    345 "870970-basis:29335826"
    347 "758000-katalog:93204271"
    355 "870970-basis:28407866"
    357 "874310-katalog:DBB0019782"
    358 "870970-basis:50789748"
    358 "870970-basis:50801098"
    361 "870970-basis:29535795"
    365 "870970-basis:29278563"
    365 "870970-basis:29972362"
    367 "870970-basis:29953554"
    368 "870970-basis:28824130"
    379 "870970-basis:29076588"
    379 "870970-basis:45226409"
    392 "870970-basis:28220405"
    401 "870970-basis:50629627"
    415 "874310-katalog:DBB0040899"
    416 "870970-basis:28724683"
    417 "870970-basis:45060136"
    419 "870970-basis:51298721"
    424 "870970-basis:29974861"
    428 "870970-basis:28511663"
    431 "870970-basis:29754519"
    444 "870970-basis:28902239"
    455 "870970-basis:29535876"
    487 "771000-katalog:90185543"
