    268 "870970-basis:29934118"
    269 "870970-basis:50631494"
    271 "870970-basis:28136013"
    271 "874310-katalog:DBB0040326"
    273 "870970-basis:50727009"
    276 "870970-basis:51327209"
    277 "870970-basis:27709990"
    281 "870970-basis:27735576"
    282 "870970-basis:27119956"
    283 "870970-basis:25700872"
    284 "870970-basis:28244967"
    288 "870970-basis:29957045"
    290 "870970-basis:29891966"
    290 "870970-basis:44996596"
    291 "870970-basis:29027471"
    292 "870970-basis:51426088"
    293 "870970-basis:26992192"
    297 "870970-basis:29406855"
    299 "870970-basis:29589143"
    300 "874310-katalog:DBB0018963"
    302 "870970-basis:25146999"
    303 "870970-basis:26689023"
    303 "870970-basis:50898199"
    304 "870970-basis:29246076"
    306 "870970-basis:28377444"
    307 "870970-basis:28117434"
    307 "870970-basis:28965761"
    307 "874310-katalog:DBB0019369"
    308 "870970-basis:29375607"
    310 "870970-basis:27266428"
    310 "870970-basis:29791163"
    311 "870970-basis:24725006"
    313 "870970-basis:45000710"
    315 "870970-basis:27868673"
    315 "870970-basis:28373988"
    316 "870970-basis:50768104"
    317 "870970-basis:26923530"
    317 "870970-basis:29060681"
    319 "870970-basis:27787207"
    319 "870970-basis:28940424"
    320 "870970-basis:51024788"
    322 "776600-katalog:93360133"
    324 "870970-basis:28595565"
    327 "874310-katalog:DBB0040918"
    328 "870970-basis:29867666"
    333 "870970-basis:26878411"
    336 "870970-basis:50727025"
    340 "870970-basis:27218784"
    340 "870970-basis:51232453"
    341 "870970-basis:28204760"
    343 "870970-basis:29978891"
    345 "870970-basis:28420943"
    347 "870970-basis:29793158"
    347 "870970-basis:51667743"
    351 "870970-basis:29551421"
    352 "870970-basis:50536270"
    354 "870970-basis:29589062"
    356 "870970-basis:28043872"
    357 "870970-basis:06373674"
    358 "870970-basis:50694240"
    359 "870970-basis:29569894"
    359 "870970-basis:45662128"
    361 "870970-basis:28770316"
    366 "870970-basis:29076588"
    367 "870970-basis:28456433"
    368 "870970-basis:28220405"
    372 "870970-basis:29477744"
    374 "870970-basis:27947867"
    381 "870970-basis:50688534"
    382 "870970-basis:29027641"
    382 "870970-basis:29278563"
    385 "870970-basis:45060136"
    386 "870970-basis:28986203"
    386 "870970-basis:29537011"
    386 "870970-basis:45226409"
    389 "870970-basis:28824130"
    390 "874310-katalog:DBB0019782"
    395 "870970-basis:50801098"
    398 "870970-basis:51109058"
    402 "870970-basis:29335826"
    402 "870970-basis:45603318"
    404 "870970-basis:29953554"
    405 "870970-basis:28407866"
    415 "870970-basis:28429576"
    415 "870970-basis:29535795"
    417 "870970-basis:29051836"
    421 "870970-basis:28724683"
    422 "870970-basis:29260206"
    429 "874310-katalog:DBB0040899"
    447 "758000-katalog:93204271"
    471 "870970-basis:28511663"
    482 "870970-basis:50789748"
    493 "870970-basis:29754519"
    504 "870970-basis:29972362"
    510 "870970-basis:29535876"
    517 "870970-basis:51298721"
    529 "870970-basis:28902239"
    530 "870970-basis:29974861"
    569 "771000-katalog:90185543"
    607 "870970-basis:50629627"
