    242 "870970-basis:27262627"
    243 "870970-basis:29781524"
    243 "870970-basis:51327209"
    244 "870970-basis:28136013"
    244 "870970-basis:50618595"
    246 "870970-basis:27238173"
    247 "870970-basis:03200442"
    247 "870970-basis:29537011"
    250 "870970-basis:28231776"
    252 "870970-basis:28347839"
    254 "870970-basis:27119956"
    254 "870970-basis:29060681"
    254 "870970-basis:29167982"
    254 "870970-basis:50727009"
    255 "870970-basis:29027471"
    255 "870970-basis:45139344"
    259 "870970-basis:25146999"
    260 "870970-basis:29793158"
    261 "870970-basis:29957045"
    264 "870970-basis:51024788"
    267 "870970-basis:25700872"
    269 "870970-basis:28373929"
    270 "870970-basis:44996596"
    271 "870970-basis:29867666"
    272 "870970-basis:50727025"
    274 "870970-basis:27884296"
    275 "874310-katalog:DBB0040918"
    276 "870970-basis:27947867"
    276 "870970-basis:28377444"
    280 "870970-basis:26878411"
    282 "870970-basis:50898199"
    283 "870970-basis:29569894"
    284 "874310-katalog:DBB0018963"
    285 "870970-basis:29589143"
    286 "870970-basis:27218784"
    286 "870970-basis:28753128"
    293 "870970-basis:27787207"
    296 "870970-basis:28373988"
    297 "870970-basis:50768104"
    298 "870970-basis:28117434"
    301 "870970-basis:24725006"
    301 "870970-basis:28467567"
    306 "870970-basis:26923530"
    306 "870970-basis:51667743"
    310 "870970-basis:27868673"
    311 "870970-basis:29260206"
    311 "870970-basis:45000710"
    316 "870970-basis:28986203"
    316 "870970-basis:29406855"
    316 "870970-basis:29477744"
    316 "870970-basis:29551421"
    317 "870970-basis:29978891"
    318 "870970-basis:29051836"
    319 "870970-basis:28770316"
    320 "870970-basis:50694240"
    322 "776600-katalog:93360133"
    324 "870970-basis:51232453"
    325 "870970-basis:28420943"
    328 "870970-basis:27266428"
    329 "870970-basis:06373674"
    330 "874310-katalog:DBB0019369"
    332 "870970-basis:50536270"
    333 "870970-basis:28204760"
    344 "870970-basis:28940424"
    345 "758000-katalog:93204271"
    345 "870970-basis:29278563"
    350 "870970-basis:29027641"
    350 "870970-basis:45662128"
    354 "870970-basis:28244967"
    354 "870970-basis:29589062"
    355 "870970-basis:50688534"
    357 "870970-basis:28595565"
    359 "870970-basis:29535795"
    361 "870970-basis:45603318"
    366 "870970-basis:29972362"
    367 "870970-basis:28407866"
    367 "870970-basis:28429576"
    369 "870970-basis:28220405"
    369 "874310-katalog:DBB0019782"
    370 "870970-basis:28456433"
    371 "870970-basis:51109058"
    372 "870970-basis:28824130"
    376 "870970-basis:29076588"
    387 "870970-basis:45226409"
    388 "870970-basis:29953554"
    388 "874310-katalog:DBB0040899"
    390 "870970-basis:28043872"
    398 "870970-basis:50789748"
    404 "870970-basis:50801098"
    415 "870970-basis:29335826"
    417 "870970-basis:29974861"
    423 "870970-basis:45060136"
    432 "870970-basis:51298721"
    436 "870970-basis:28724683"
    450 "870970-basis:28902239"
    455 "870970-basis:29535876"
    461 "870970-basis:28511663"
    497 "870970-basis:29754519"
    500 "771000-katalog:90185543"
    522 "870970-basis:50629627"
