    229 "870970-basis:28407866"
    229 "870970-basis:50598527"
    229 "870970-basis:50727009"
    230 "870970-basis:28204760"
    230 "870970-basis:29781524"
    230 "870970-basis:50618595"
    231 "870970-basis:27735576"
    231 "870970-basis:29819971"
    232 "870970-basis:42825115"
    234 "870970-basis:25451104"
    234 "870970-basis:28299125"
    236 "870970-basis:51759206"
    237 "870970-basis:28986203"
    237 "870970-basis:29867666"
    238 "870970-basis:25146999"
    238 "870970-basis:27173640"
    239 "870970-basis:27868673"
    239 "870970-basis:29551421"
    241 "870970-basis:29260206"
    241 "874310-katalog:DBB0041769"
    244 "870970-basis:28438028"
    246 "874310-katalog:DBB0040918"
    250 "870970-basis:28136013"
    251 "870970-basis:28990243"
    251 "870970-basis:29957045"
    252 "870970-basis:29953104"
    253 "870970-basis:25700872"
    255 "870970-basis:03200442"
    255 "870970-basis:27947867"
    256 "870970-basis:06185657"
    256 "870970-basis:51074009"
    257 "870970-basis:50625915"
    260 "870970-basis:28377444"
    262 "870970-basis:50768104"
    263 "870970-basis:44996596"
    265 "870970-basis:50898199"
    267 "870970-basis:28373988"
    268 "776600-katalog:93360133"
    272 "874310-katalog:DBB0018963"
    273 "870970-basis:28373929"
    274 "870970-basis:26878411"
    275 "870970-basis:27266304"
    275 "870970-basis:29406855"
    278 "870970-basis:29682518"
    280 "870970-basis:28770316"
    284 "870970-basis:51667743"
    287 "870970-basis:24725006"
    288 "870970-basis:28753128"
    289 "870970-basis:28467567"
    291 "870970-basis:28940424"
    291 "870970-basis:29278563"
    291 "870970-basis:50789748"
    296 "870970-basis:27218784"
    297 "870970-basis:45000710"
    300 "870970-basis:29589143"
    302 "870970-basis:29978891"
    305 "870970-basis:29027641"
    306 "870970-basis:29477744"
    307 "870970-basis:29972362"
    307 "870970-basis:50536270"
    310 "870970-basis:27787207"
    321 "870970-basis:28420943"
    325 "870970-basis:28456433"
    328 "874310-katalog:DBB0019782"
    334 "870970-basis:51232453"
    337 "870970-basis:28244967"
    339 "758000-katalog:93204271"
    343 "870970-basis:06373674"
    344 "870970-basis:26923530"
    344 "870970-basis:50688534"
    348 "870970-basis:45603318"
    350 "870970-basis:28117434"
    350 "870970-basis:29953554"
    350 "870970-basis:45662128"
    356 "870970-basis:50694240"
    357 "870970-basis:29335826"
    359 "870970-basis:27266428"
    363 "874310-katalog:DBB0019369"
    366 "870970-basis:28824130"
    379 "870970-basis:29076588"
    380 "870970-basis:51109058"
    381 "870970-basis:45226409"
    382 "870970-basis:29589062"
    384 "870970-basis:28902239"
    384 "870970-basis:29535795"
    392 "870970-basis:28595565"
    393 "870970-basis:29974861"
    394 "870970-basis:28043872"
    397 "870970-basis:50801098"
    400 "870970-basis:28429576"
    402 "870970-basis:50629627"
    409 "874310-katalog:DBB0040899"
    424 "870970-basis:28220405"
    428 "870970-basis:28724683"
    453 "870970-basis:45060136"
    461 "870970-basis:51298721"
    467 "870970-basis:29535876"
    486 "771000-katalog:90185543"
    497 "870970-basis:29754519"
    521 "870970-basis:28511663"
