    251 "870970-basis:29160813"
    251 "870970-basis:51074009"
    253 "870970-basis:03200442"
    253 "870970-basis:29375607"
    254 "870970-basis:28373929"
    256 "874310-katalog:DBB0018963"
    258 "870970-basis:45139344"
    259 "870970-basis:25146999"
    259 "870970-basis:51327209"
    260 "870970-basis:27186327"
    263 "870970-basis:50625915"
    263 "874310-katalog:DBB0040922"
    264 "870970-basis:26689023"
    265 "870970-basis:29589143"
    266 "870970-basis:28231776"
    266 "870970-basis:28299125"
    266 "870970-basis:28940424"
    266 "870970-basis:29791163"
    267 "870970-basis:28373988"
    269 "870970-basis:28990243"
    270 "870970-basis:28377444"
    272 "870970-basis:28467567"
    272 "870970-basis:28965761"
    272 "870970-basis:50727025"
    273 "870970-basis:50898199"
    278 "870970-basis:29060681"
    279 "870970-basis:25700872"
    279 "870970-basis:28117434"
    283 "870970-basis:29867666"
    285 "870970-basis:51024788"
    287 "870970-basis:29406855"
    287 "870970-basis:29957045"
    288 "870970-basis:50598527"
    291 "870970-basis:44996596"
    294 "870970-basis:24725006"
    294 "870970-basis:27787207"
    294 "870970-basis:29537011"
    295 "870970-basis:26923530"
    295 "870970-basis:29569894"
    302 "870970-basis:29793158"
    304 "870970-basis:28420943"
    305 "870970-basis:27868673"
    306 "870970-basis:26878411"
    307 "870970-basis:28986203"
    310 "870970-basis:50768104"
    313 "870970-basis:27266428"
    313 "870970-basis:28244967"
    314 "870970-basis:27947867"
    315 "870970-basis:51667743"
    316 "870970-basis:29978891"
    320 "870970-basis:27218784"
    320 "870970-basis:28770316"
    320 "870970-basis:45000710"
    323 "776600-katalog:93360133"
    324 "874310-katalog:DBB0040918"
    326 "870970-basis:50536270"
    331 "870970-basis:29589062"
    339 "870970-basis:29477744"
    339 "870970-basis:50694240"
    339 "874310-katalog:DBB0019782"
    344 "870970-basis:28204760"
    344 "870970-basis:28220405"
    345 "874310-katalog:DBB0019369"
    346 "870970-basis:51232453"
    347 "870970-basis:28824130"
    348 "870970-basis:29551421"
    354 "870970-basis:28595565"
    356 "870970-basis:50688534"
    357 "870970-basis:29278563"
    357 "870970-basis:45662128"
    359 "870970-basis:28043872"
    363 "870970-basis:29076588"
    364 "870970-basis:29051836"
    368 "870970-basis:50801098"
    370 "870970-basis:29027641"
    371 "758000-katalog:93204271"
    371 "870970-basis:45603318"
    372 "870970-basis:06373674"
    373 "870970-basis:29260206"
    380 "870970-basis:29953554"
    381 "870970-basis:45226409"
    389 "870970-basis:29335826"
    392 "870970-basis:51109058"
    397 "870970-basis:28456433"
    404 "870970-basis:50789748"
    410 "870970-basis:28429576"
    417 "870970-basis:29535795"
    419 "870970-basis:45060136"
    421 "870970-basis:28407866"
    429 "874310-katalog:DBB0040899"
    433 "870970-basis:28724683"
    434 "870970-basis:29972362"
    453 "870970-basis:29535876"
    468 "870970-basis:29754519"
    468 "870970-basis:29974861"
    473 "870970-basis:28511663"
    476 "870970-basis:51298721"
    490 "870970-basis:28902239"
    498 "771000-katalog:90185543"
    510 "870970-basis:50629627"
