    226 "870970-basis:26689023"
    227 "870970-basis:28965761"
    228 "870970-basis:28484283"
    230 "874310-katalog:DBB0018963"
    232 "870970-basis:27119956"
    232 "870970-basis:29537011"
    233 "870970-basis:26992192"
    235 "870970-basis:28942613"
    236 "870970-basis:27884296"
    237 "870970-basis:27266304"
    238 "870970-basis:29819971"
    239 "870970-basis:28990243"
    240 "870970-basis:50898199"
    241 "870970-basis:28753128"
    242 "870970-basis:29867666"
    242 "870970-basis:50625915"
    244 "870970-basis:50598527"
    245 "870970-basis:28231776"
    252 "870970-basis:03200442"
    252 "870970-basis:24725006"
    253 "870970-basis:27947867"
    254 "870970-basis:06185657"
    254 "870970-basis:28136013"
    256 "870970-basis:29957045"
    258 "870970-basis:50768104"
    260 "870970-basis:28299125"
    260 "870970-basis:28377444"
    260 "870970-basis:29569894"
    261 "870970-basis:25700872"
    261 "870970-basis:29060681"
    264 "870970-basis:28986203"
    267 "870970-basis:28373929"
    267 "870970-basis:28438028"
    267 "870970-basis:45139344"
    271 "870970-basis:27218784"
    272 "874310-katalog:DBB0040918"
    273 "870970-basis:27868673"
    276 "870970-basis:51232453"
    277 "870970-basis:28373988"
    277 "870970-basis:29589143"
    279 "870970-basis:26923530"
    280 "870970-basis:29406855"
    283 "870970-basis:29051836"
    284 "870970-basis:27266428"
    285 "870970-basis:27787207"
    287 "870970-basis:26878411"
    289 "870970-basis:28467567"
    289 "870970-basis:45662128"
    291 "870970-basis:51667743"
    295 "870970-basis:29027641"
    296 "870970-basis:44996596"
    297 "870970-basis:28117434"
    297 "870970-basis:28204760"
    297 "870970-basis:45000710"
    299 "870970-basis:28940424"
    300 "776600-katalog:93360133"
    301 "870970-basis:29260206"
    306 "870970-basis:29477744"
    308 "870970-basis:28420943"
    309 "870970-basis:29551421"
    311 "870970-basis:50536270"
    314 "870970-basis:45603318"
    317 "870970-basis:50789748"
    319 "870970-basis:29978891"
    321 "870970-basis:28244967"
    323 "758000-katalog:93204271"
    323 "870970-basis:28429576"
    324 "874310-katalog:DBB0019782"
    325 "870970-basis:28770316"
    326 "870970-basis:29278563"
    327 "870970-basis:50694240"
    337 "870970-basis:29076588"
    339 "870970-basis:28407866"
    340 "870970-basis:28043872"
    341 "870970-basis:29589062"
    342 "870970-basis:50688534"
    343 "870970-basis:29953554"
    345 "870970-basis:29335826"
    348 "870970-basis:28595565"
    348 "870970-basis:29972362"
    348 "870970-basis:45226409"
    351 "870970-basis:06373674"
    354 "870970-basis:28220405"
    355 "870970-basis:51109058"
    356 "874310-katalog:DBB0019369"
    363 "870970-basis:28824130"
    365 "870970-basis:50801098"
    380 "870970-basis:29535795"
    384 "874310-katalog:DBB0040899"
    389 "870970-basis:28456433"
    389 "870970-basis:45060136"
    396 "870970-basis:28724683"
    407 "870970-basis:29974861"
    415 "870970-basis:51298721"
    426 "870970-basis:29754519"
    438 "870970-basis:29535876"
    439 "870970-basis:28511663"
    445 "870970-basis:28902239"
    448 "870970-basis:50629627"
    462 "771000-katalog:90185543"
