    219 "870970-basis:28347839"
    219 "870970-basis:29160813"
    220 "870970-basis:42825115"
    220 "870970-basis:50918114"
    221 "870970-basis:51681576"
    222 "870970-basis:29781524"
    222 "870970-basis:50625915"
    224 "870970-basis:28231776"
    227 "870970-basis:29867666"
    230 "870970-basis:28990243"
    230 "870970-basis:29682518"
    230 "874310-katalog:DBB0041769"
    231 "870970-basis:51074009"
    231 "874310-katalog:DBB0040918"
    232 "870970-basis:29569894"
    235 "870970-basis:28136013"
    237 "870970-basis:06185657"
    237 "870970-basis:28986203"
    240 "870970-basis:27735576"
    240 "870970-basis:28438028"
    242 "870970-basis:29406855"
    243 "870970-basis:25146999"
    243 "870970-basis:29260206"
    243 "870970-basis:50898199"
    244 "870970-basis:03200442"
    244 "870970-basis:45139344"
    248 "870970-basis:28204760"
    250 "870970-basis:28753128"
    250 "870970-basis:29953104"
    253 "870970-basis:25700872"
    253 "870970-basis:29551421"
    254 "870970-basis:28373988"
    256 "870970-basis:28377444"
    256 "870970-basis:50618595"
    257 "870970-basis:27787207"
    257 "870970-basis:27947867"
    258 "870970-basis:29957045"
    259 "870970-basis:29060681"
    262 "870970-basis:50768104"
    266 "870970-basis:24725006"
    269 "870970-basis:29278563"
    271 "874310-katalog:DBB0018963"
    274 "870970-basis:29051836"
    278 "870970-basis:28373929"
    280 "870970-basis:28407866"
    281 "870970-basis:29589143"
    285 "776600-katalog:93360133"
    288 "870970-basis:51667743"
    289 "870970-basis:29027641"
    293 "870970-basis:27266428"
    293 "870970-basis:28940424"
    294 "870970-basis:26878411"
    297 "870970-basis:28117434"
    300 "870970-basis:28467567"
    301 "870970-basis:26923530"
    301 "870970-basis:44996596"
    303 "870970-basis:29477744"
    304 "870970-basis:29972362"
    304 "870970-basis:45000710"
    304 "870970-basis:45662128"
    308 "870970-basis:51232453"
    310 "870970-basis:50536270"
    311 "870970-basis:28770316"
    314 "870970-basis:28420943"
    316 "870970-basis:29978891"
    319 "870970-basis:50789748"
    322 "758000-katalog:93204271"
    324 "870970-basis:27218784"
    327 "870970-basis:50688534"
    330 "870970-basis:06373674"
    335 "874310-katalog:DBB0019782"
    338 "870970-basis:28244967"
    344 "870970-basis:28429576"
    344 "870970-basis:28456433"
    347 "870970-basis:50694240"
    353 "870970-basis:29335826"
    354 "870970-basis:45603318"
    359 "874310-katalog:DBB0019369"
    360 "870970-basis:29589062"
    361 "870970-basis:29535795"
    361 "870970-basis:50801098"
    364 "870970-basis:28595565"
    366 "870970-basis:28824130"
    370 "870970-basis:51109058"
    375 "870970-basis:28043872"
    376 "870970-basis:29953554"
    395 "870970-basis:29076588"
    395 "870970-basis:50629627"
    396 "870970-basis:29974861"
    401 "870970-basis:28220405"
    410 "870970-basis:45060136"
    414 "870970-basis:51298721"
    421 "870970-basis:28902239"
    426 "870970-basis:45226409"
    431 "870970-basis:28724683"
    441 "874310-katalog:DBB0040899"
    458 "870970-basis:29535876"
    482 "870970-basis:29754519"
    483 "870970-basis:28511663"
    486 "771000-katalog:90185543"
