    246 "870970-basis:29595631"
    250 "870970-basis:28075480"
    250 "870970-basis:49315449"
    251 "870970-basis:26964547"
    251 "870970-basis:27884296"
    252 "870970-basis:28990243"
    255 "870970-basis:26701139"
    257 "870970-basis:29972362"
    258 "870970-basis:44996596"
    259 "870970-basis:50898199"
    260 "870970-basis:27262627"
    261 "870970-basis:28822030"
    262 "870970-basis:27735576"
    262 "874310-katalog:DBB0041769"
    263 "870970-basis:28992297"
    263 "870970-basis:50618595"
    264 "870970-basis:29027641"
    264 "874310-katalog:DBB0018798"
    265 "870970-basis:28438028"
    266 "870970-basis:50625915"
    267 "870970-basis:27186327"
    269 "870970-basis:25451104"
    272 "870970-basis:45000710"
    275 "758000-katalog:93204271"
    277 "870970-basis:42825115"
    280 "870970-basis:22252852"
    282 "870970-basis:50918114"
    287 "870970-basis:51667743"
    289 "870970-basis:50768104"
    290 "870970-basis:28373929"
    291 "870970-basis:29060681"
    291 "870970-basis:45139344"
    292 "870970-basis:28299125"
    294 "870970-basis:28377444"
    296 "870970-basis:25146999"
    299 "874310-katalog:DBB0018963"
    305 "870970-basis:29953104"
    308 "870970-basis:26878411"
    310 "870970-basis:29957045"
    311 "870970-basis:29589143"
    313 "776600-katalog:93360133"
    316 "870970-basis:06185657"
    318 "870970-basis:23672626"
    324 "870970-basis:51109058"
    325 "870970-basis:50688534"
    326 "870970-basis:29477744"
    328 "870970-basis:28467567"
    334 "870970-basis:03200442"
    334 "870970-basis:27266304"
    334 "870970-basis:29278563"
    338 "870970-basis:25700872"
    338 "870970-basis:29494940"
    342 "870970-basis:28420943"
    343 "870970-basis:28753128"
    346 "870970-basis:28902239"
    346 "874310-katalog:DBB0019782"
    348 "870970-basis:26820359"
    349 "870970-basis:28429576"
    351 "870970-basis:28940424"
    353 "870970-basis:50536270"
    355 "870970-basis:28456433"
    355 "870970-basis:28824130"
    357 "870970-basis:27218784"
    357 "870970-basis:29978891"
    359 "870970-basis:29076588"
    361 "870970-basis:28770316"
    365 "870970-basis:04978617"
    371 "870970-basis:28331142"
    374 "870970-basis:50629627"
    375 "870970-basis:28117434"
    380 "870970-basis:28394438"
    380 "870970-basis:51232453"
    385 "870970-basis:27787207"
    390 "870970-basis:26837235"
    393 "870970-basis:29974861"
    395 "870970-basis:28244967"
    401 "874310-katalog:DBB0040899"
    408 "870970-basis:45603318"
    409 "870970-basis:50801098"
    414 "870970-basis:50694240"
    419 "870970-basis:29589062"
    421 "870970-basis:29335826"
    421 "870970-basis:45662128"
    425 "870970-basis:29953554"
    432 "870970-basis:28724683"
    436 "870970-basis:27266428"
    439 "870970-basis:06373674"
    442 "870970-basis:26923530"
    442 "870970-basis:28595565"
    465 "870970-basis:29535795"
    482 "874310-katalog:DBB0019369"
    486 "870970-basis:28220405"
    494 "870970-basis:28043872"
    519 "870970-basis:29535876"
    519 "870970-basis:51298721"
    529 "870970-basis:45060136"
    535 "870970-basis:45226409"
    564 "771000-katalog:90185543"
    617 "870970-basis:28511663"
    627 "870970-basis:29754519"
