    227 "870970-basis:51232453"
    229 "870970-basis:28438028"
    230 "870970-basis:07214154"
    231 "870970-basis:42825115"
    232 "870970-basis:26768322"
    234 "870970-basis:05497965"
    234 "870970-basis:06647804"
    234 "870970-basis:27597343"
    234 "870970-basis:28299125"
    236 "870970-basis:27672493"
    237 "870970-basis:05926890"
    238 "870970-basis:05025184"
    238 "874310-katalog:DBB0041769"
    239 "870970-basis:26496233"
    239 "870970-basis:29589143"
    242 "870970-basis:01647105"
    242 "870970-basis:22639862"
    248 "874310-katalog:DBB0018963"
    249 "758000-katalog:93204271"
    250 "870970-basis:24933520"
    250 "870970-basis:28377444"
    250 "870970-basis:29278563"
    250 "870970-basis:29978891"
    250 "870970-basis:51109058"
    251 "870970-basis:28373929"
    251 "870970-basis:29595631"
    253 "870970-basis:27597335"
    254 "870970-basis:29477744"
    256 "870970-basis:28940424"
    257 "870970-basis:27186327"
    258 "870970-basis:28822030"
    262 "870970-basis:29957045"
    267 "870970-basis:28467567"
    269 "870970-basis:26886120"
    272 "870970-basis:28456433"
    273 "870970-basis:27266304"
    273 "870970-basis:28902239"
    278 "870970-basis:25146999"
    279 "870970-basis:29060681"
    282 "870970-basis:24732789"
    284 "870970-basis:29953104"
    284 "870970-basis:50629627"
    285 "870970-basis:28117434"
    286 "870970-basis:50688534"
    293 "870970-basis:29953554"
    296 "870970-basis:50536270"
    297 "870970-basis:03200442"
    298 "870970-basis:28290853"
    299 "870970-basis:26820359"
    299 "870970-basis:28753128"
    301 "870970-basis:22375733"
    302 "870970-basis:26878411"
    303 "870970-basis:28770316"
    303 "874310-katalog:DBB0040899"
    304 "870970-basis:25286235"
    304 "870970-basis:28429576"
    304 "874310-katalog:DBB0019782"
    305 "870970-basis:28824130"
    307 "870970-basis:25700872"
    310 "870970-basis:29980705"
    319 "870970-basis:06185657"
    320 "870970-basis:29974861"
    324 "870970-basis:27218784"
    324 "870970-basis:28420943"
    324 "870970-basis:45603318"
    327 "870970-basis:29335826"
    329 "870970-basis:29076588"
    331 "870970-basis:27787207"
    337 "870970-basis:45662128"
    339 "870970-basis:28244967"
    340 "870970-basis:50801098"
    342 "870970-basis:26213959"
    346 "870970-basis:28724683"
    349 "870970-basis:50694240"
    350 "870970-basis:29589062"
    352 "870970-basis:04978617"
    361 "870970-basis:29494940"
    369 "870970-basis:28595565"
    387 "870970-basis:26923530"
    401 "870970-basis:22252852"
    401 "870970-basis:25683463"
    401 "874310-katalog:DBB0019369"
    403 "870970-basis:28220405"
    405 "870970-basis:29535795"
    411 "870970-basis:26837235"
    414 "870970-basis:28331142"
    416 "870970-basis:27266428"
    417 "870970-basis:28043872"
    418 "870970-basis:45226409"
    422 "870970-basis:51298721"
    426 "870970-basis:23672626"
    430 "870970-basis:25325311"
    464 "870970-basis:45060136"
    466 "771000-katalog:90185543"
    480 "870970-basis:06373674"
    484 "870970-basis:29535876"
    485 "870970-basis:29465649"
    510 "870970-basis:28511663"
    525 "870970-basis:29754519"
    688 "870970-basis:28394438"
