    234 "870970-basis:50789748"
    235 "874310-katalog:DBB0018798"
    236 "820010-katalog:4439663"
    237 "870970-basis:29682518"
    238 "870970-basis:27597343"
    238 "870970-basis:28299125"
    239 "870970-basis:29595631"
    239 "870970-basis:49315449"
    242 "870970-basis:29551421"
    242 "870970-basis:50918114"
    244 "870970-basis:28438028"
    244 "870970-basis:28992297"
    246 "870970-basis:28075480"
    247 "870970-basis:24933520"
    247 "870970-basis:50618595"
    248 "870970-basis:44996596"
    249 "870970-basis:24725006"
    250 "870970-basis:28239548"
    252 "870970-basis:26701139"
    253 "870970-basis:27884296"
    254 "874310-katalog:DBB0041769"
    255 "870970-basis:45139344"
    256 "870970-basis:28136013"
    262 "870970-basis:45000710"
    266 "870970-basis:25451104"
    266 "870970-basis:28377444"
    268 "776600-katalog:93360133"
    268 "870970-basis:51667743"
    270 "870970-basis:28373929"
    275 "870970-basis:27266304"
    275 "870970-basis:29027641"
    276 "870970-basis:28331142"
    277 "870970-basis:27173640"
    279 "870970-basis:29060681"
    279 "870970-basis:42825115"
    280 "870970-basis:50768104"
    284 "870970-basis:25146999"
    291 "874310-katalog:DBB0018963"
    292 "870970-basis:28467567"
    293 "870970-basis:29957045"
    294 "870970-basis:27186327"
    298 "870970-basis:28940424"
    299 "870970-basis:26878411"
    299 "870970-basis:29589143"
    299 "870970-basis:51232453"
    302 "870970-basis:50688534"
    303 "758000-katalog:93204271"
    303 "870970-basis:29477744"
    308 "870970-basis:03200442"
    309 "870970-basis:28117434"
    309 "870970-basis:28770316"
    311 "870970-basis:25700872"
    311 "870970-basis:28753128"
    312 "870970-basis:29953104"
    313 "870970-basis:06185657"
    313 "870970-basis:26837235"
    314 "870970-basis:28394438"
    314 "870970-basis:29494940"
    316 "870970-basis:51109058"
    323 "870970-basis:50536270"
    326 "870970-basis:29278563"
    327 "870970-basis:28456433"
    330 "870970-basis:27218784"
    330 "870970-basis:28824130"
    331 "870970-basis:28420943"
    332 "870970-basis:29978891"
    338 "870970-basis:27787207"
    342 "870970-basis:45603318"
    346 "870970-basis:04978617"
    348 "870970-basis:50801098"
    354 "870970-basis:28902239"
    354 "870970-basis:29076588"
    357 "870970-basis:28244967"
    357 "870970-basis:28429576"
    361 "874310-katalog:DBB0019782"
    362 "870970-basis:50629627"
    363 "870970-basis:45662128"
    364 "870970-basis:29953554"
    368 "870970-basis:26820359"
    369 "870970-basis:29335826"
    389 "870970-basis:29974861"
    391 "874310-katalog:DBB0040899"
    404 "870970-basis:50694240"
    408 "870970-basis:27266428"
    408 "870970-basis:28724683"
    414 "870970-basis:29589062"
    418 "870970-basis:26923530"
    421 "870970-basis:06373674"
    424 "870970-basis:29535795"
    432 "870970-basis:28595565"
    441 "870970-basis:28220405"
    443 "870970-basis:28043872"
    451 "870970-basis:45226409"
    464 "870970-basis:45060136"
    465 "870970-basis:51298721"
    466 "874310-katalog:DBB0019369"
    483 "870970-basis:29535876"
    489 "771000-katalog:90185543"
    567 "870970-basis:29754519"
    590 "870970-basis:28511663"
