    228 "874310-katalog:DBB0041769"
    229 "870970-basis:28721420"
    229 "870970-basis:29207437"
    232 "870970-basis:50625915"
    234 "870970-basis:27173640"
    235 "870970-basis:25744446"
    236 "870970-basis:27186327"
    236 "874310-katalog:DBB0040922"
    237 "870970-basis:29160813"
    237 "870970-basis:51074009"
    238 "870970-basis:28204760"
    238 "870970-basis:29819971"
    239 "870970-basis:28231776"
    239 "870970-basis:29260206"
    241 "870970-basis:28407866"
    241 "870970-basis:50898199"
    243 "870970-basis:29051836"
    245 "874310-katalog:DBB0018798"
    246 "870970-basis:04978617"
    246 "870970-basis:28299125"
    247 "870970-basis:29060681"
    249 "870970-basis:27262627"
    252 "870970-basis:28990243"
    252 "870970-basis:42825115"
    257 "870970-basis:25700872"
    259 "870970-basis:28136013"
    259 "870970-basis:50789748"
    261 "870970-basis:28373988"
    261 "870970-basis:28753128"
    266 "870970-basis:28438028"
    267 "870970-basis:27735576"
    268 "870970-basis:03200442"
    268 "870970-basis:27266304"
    269 "870970-basis:06185657"
    269 "870970-basis:29406855"
    269 "870970-basis:29953104"
    270 "870970-basis:27884296"
    270 "870970-basis:29027641"
    270 "870970-basis:44996596"
    275 "870970-basis:28373929"
    278 "758000-katalog:93204271"
    280 "870970-basis:29957045"
    281 "870970-basis:24725006"
    283 "870970-basis:45139344"
    287 "870970-basis:50768104"
    291 "870970-basis:29589143"
    293 "870970-basis:29978891"
    297 "776600-katalog:93360133"
    299 "870970-basis:28940424"
    300 "874310-katalog:DBB0018963"
    301 "870970-basis:45000710"
    304 "870970-basis:29972362"
    307 "870970-basis:28467567"
    308 "870970-basis:29278563"
    309 "870970-basis:51667743"
    310 "870970-basis:26878411"
    313 "870970-basis:27218784"
    315 "870970-basis:27787207"
    317 "870970-basis:28377444"
    317 "870970-basis:50688534"
    318 "870970-basis:50536270"
    322 "870970-basis:28456433"
    322 "870970-basis:51232453"
    323 "870970-basis:28429576"
    324 "870970-basis:28770316"
    329 "870970-basis:29477744"
    331 "870970-basis:28117434"
    335 "870970-basis:28244967"
    340 "870970-basis:28420943"
    354 "870970-basis:29953554"
    354 "870970-basis:45662128"
    355 "870970-basis:27266428"
    358 "870970-basis:26923530"
    358 "870970-basis:45603318"
    369 "870970-basis:50694240"
    370 "870970-basis:51109058"
    383 "870970-basis:50801098"
    385 "870970-basis:06373674"
    385 "870970-basis:28824130"
    385 "870970-basis:29589062"
    388 "870970-basis:29335826"
    391 "870970-basis:28595565"
    391 "870970-basis:29076588"
    392 "870970-basis:29974861"
    392 "870970-basis:50629627"
    394 "870970-basis:45226409"
    398 "870970-basis:28902239"
    402 "874310-katalog:DBB0019782"
    407 "870970-basis:28043872"
    412 "874310-katalog:DBB0019369"
    420 "870970-basis:29535795"
    423 "874310-katalog:DBB0040899"
    433 "870970-basis:45060136"
    440 "870970-basis:28220405"
    440 "870970-basis:28724683"
    444 "870970-basis:29535876"
    446 "870970-basis:51298721"
    476 "870970-basis:29754519"
    501 "771000-katalog:90185543"
    515 "870970-basis:28511663"
