    230 "874310-katalog:DBB0040922"
    231 "870970-basis:27262627"
    232 "870970-basis:27173640"
    232 "870970-basis:44996596"
    233 "870970-basis:29051836"
    234 "870970-basis:26964547"
    236 "870970-basis:50898199"
    237 "870970-basis:27735576"
    238 "874310-katalog:DBB0018798"
    240 "870970-basis:27186327"
    241 "870970-basis:28075480"
    243 "870970-basis:50618595"
    244 "870970-basis:25451104"
    246 "870970-basis:26701139"
    247 "870970-basis:29551421"
    248 "870970-basis:28373988"
    248 "870970-basis:29494940"
    248 "870970-basis:50625915"
    249 "870970-basis:03200442"
    249 "870970-basis:29972362"
    251 "870970-basis:28136013"
    251 "870970-basis:28299125"
    253 "870970-basis:24725006"
    255 "870970-basis:28438028"
    256 "870970-basis:29535868"
    260 "870970-basis:42825115"
    261 "870970-basis:06185657"
    262 "870970-basis:51759206"
    265 "870970-basis:29406855"
    265 "870970-basis:29957045"
    266 "870970-basis:28373929"
    268 "870970-basis:27884296"
    271 "874310-katalog:DBB0018963"
    272 "870970-basis:29060681"
    273 "870970-basis:25700872"
    274 "870970-basis:45139344"
    274 "870970-basis:50789748"
    275 "870970-basis:50768104"
    275 "870970-basis:51667743"
    276 "758000-katalog:93204271"
    277 "870970-basis:25146999"
    278 "870970-basis:04978617"
    295 "870970-basis:29278563"
    296 "870970-basis:27266304"
    297 "870970-basis:29027641"
    297 "870970-basis:29953104"
    298 "870970-basis:28467567"
    299 "776600-katalog:93360133"
    299 "870970-basis:28753128"
    302 "870970-basis:26820359"
    302 "870970-basis:45000710"
    304 "870970-basis:28377444"
    306 "870970-basis:29589143"
    307 "870970-basis:28407866"
    310 "870970-basis:28940424"
    314 "870970-basis:26878411"
    320 "870970-basis:28117434"
    321 "870970-basis:29978891"
    322 "870970-basis:50688534"
    329 "870970-basis:27218784"
    329 "870970-basis:50536270"
    336 "870970-basis:28770316"
    336 "870970-basis:29477744"
    339 "870970-basis:51232453"
    341 "870970-basis:51109058"
    350 "870970-basis:27787207"
    350 "870970-basis:28244967"
    352 "870970-basis:45662128"
    356 "870970-basis:28420943"
    356 "870970-basis:28456433"
    360 "870970-basis:45603318"
    362 "870970-basis:29589062"
    373 "870970-basis:28824130"
    374 "870970-basis:50801098"
    375 "870970-basis:29953554"
    377 "870970-basis:28429576"
    377 "874310-katalog:DBB0019782"
    379 "870970-basis:50629627"
    379 "870970-basis:50694240"
    381 "870970-basis:06373674"
    388 "870970-basis:27266428"
    389 "870970-basis:29335826"
    395 "870970-basis:26923530"
    397 "870970-basis:29974861"
    402 "870970-basis:28902239"
    402 "870970-basis:29076588"
    407 "870970-basis:28595565"
    409 "874310-katalog:DBB0019369"
    414 "870970-basis:28724683"
    428 "870970-basis:28043872"
    428 "870970-basis:29535795"
    429 "870970-basis:45226409"
    442 "874310-katalog:DBB0040899"
    453 "870970-basis:28220405"
    454 "870970-basis:45060136"
    471 "870970-basis:51298721"
    485 "870970-basis:29535876"
    500 "771000-katalog:90185543"
    511 "870970-basis:29754519"
    527 "870970-basis:28511663"
