    232 "874310-katalog:DBB0041769"
    236 "870970-basis:20401206"
    236 "870970-basis:28992297"
    238 "870970-basis:28331142"
    240 "870970-basis:25744446"
    241 "870970-basis:03644669"
    241 "870970-basis:28394438"
    241 "870970-basis:29972362"
    241 "870970-basis:50898199"
    241 "870970-basis:51759206"
    242 "870970-basis:24725006"
    242 "870970-basis:28373988"
    245 "870970-basis:26765552"
    248 "870970-basis:50618595"
    249 "870970-basis:28990243"
    250 "870970-basis:29406855"
    252 "870970-basis:27735576"
    252 "870970-basis:28438028"
    257 "870970-basis:28407866"
    258 "870970-basis:27884296"
    258 "870970-basis:44996596"
    260 "870970-basis:25451104"
    265 "870970-basis:28075480"
    265 "870970-basis:50918114"
    265 "874310-katalog:DBB0018963"
    266 "870970-basis:42825115"
    268 "870970-basis:28299125"
    273 "870970-basis:29953104"
    274 "870970-basis:26701139"
    275 "776600-katalog:93360133"
    277 "870970-basis:29957045"
    279 "870970-basis:45000710"
    279 "870970-basis:45139344"
    284 "870970-basis:27173640"
    285 "870970-basis:51667743"
    287 "870970-basis:27266304"
    288 "870970-basis:03200442"
    290 "870970-basis:25146999"
    291 "870970-basis:28136013"
    292 "870970-basis:28373929"
    293 "870970-basis:29589143"
    293 "870970-basis:29978891"
    298 "870970-basis:50768104"
    299 "870970-basis:29060681"
    299 "870970-basis:29494940"
    300 "870970-basis:28377444"
    305 "870970-basis:28456433"
    310 "870970-basis:06185657"
    310 "870970-basis:28940424"
    311 "870970-basis:50536270"
    316 "870970-basis:29477744"
    320 "870970-basis:25700872"
    321 "870970-basis:29027641"
    323 "870970-basis:28117434"
    324 "870970-basis:50688534"
    328 "870970-basis:28753128"
    328 "870970-basis:51232453"
    330 "758000-katalog:93204271"
    330 "870970-basis:28467567"
    330 "870970-basis:29278563"
    333 "870970-basis:26878411"
    335 "870970-basis:28770316"
    339 "870970-basis:04978617"
    345 "870970-basis:26820359"
    346 "870970-basis:51109058"
    347 "870970-basis:28420943"
    353 "870970-basis:28902239"
    356 "870970-basis:28429576"
    357 "870970-basis:27218784"
    364 "870970-basis:45662128"
    371 "870970-basis:45603318"
    372 "870970-basis:28244967"
    372 "870970-basis:29589062"
    373 "870970-basis:50694240"
    374 "870970-basis:50629627"
    377 "870970-basis:28824130"
    378 "870970-basis:50801098"
    381 "870970-basis:29974861"
    384 "870970-basis:06373674"
    386 "870970-basis:29076588"
    386 "870970-basis:29335826"
    391 "874310-katalog:DBB0019782"
    396 "870970-basis:27787207"
    407 "870970-basis:28595565"
    408 "870970-basis:27266428"
    408 "870970-basis:29953554"
    408 "874310-katalog:DBB0040899"
    421 "870970-basis:26923530"
    429 "870970-basis:29535795"
    444 "870970-basis:28724683"
    463 "874310-katalog:DBB0019369"
    483 "870970-basis:28043872"
    494 "870970-basis:45226409"
    504 "870970-basis:28220405"
    504 "870970-basis:51298721"
    512 "870970-basis:45060136"
    543 "771000-katalog:90185543"
    547 "870970-basis:29535876"
    565 "870970-basis:29754519"
    566 "870970-basis:28511663"
