    229 "870970-basis:42825115"
    229 "874310-katalog:DBB0018798"
    230 "870970-basis:26701139"
    230 "870970-basis:29160813"
    232 "870970-basis:28721420"
    233 "870970-basis:04978617"
    235 "870970-basis:29051836"
    235 "870970-basis:51074009"
    236 "870970-basis:27173640"
    236 "870970-basis:50618595"
    236 "870970-basis:50898199"
    238 "870970-basis:28990243"
    238 "870970-basis:50860477"
    242 "870970-basis:27186327"
    244 "870970-basis:28075480"
    244 "870970-basis:28407866"
    246 "874310-katalog:DBB0041769"
    249 "870970-basis:50625915"
    251 "870970-basis:25146999"
    253 "870970-basis:28299125"
    253 "870970-basis:29260206"
    258 "870970-basis:27735576"
    262 "870970-basis:27884296"
    262 "870970-basis:28373988"
    263 "870970-basis:50789748"
    264 "870970-basis:29551421"
    266 "870970-basis:45139344"
    267 "870970-basis:03200442"
    268 "870970-basis:27266304"
    268 "870970-basis:28438028"
    270 "870970-basis:06185657"
    270 "870970-basis:44996596"
    271 "870970-basis:29953104"
    271 "870970-basis:45000710"
    272 "870970-basis:28136013"
    273 "870970-basis:29406855"
    274 "870970-basis:26878411"
    277 "870970-basis:24725006"
    277 "870970-basis:28373929"
    278 "870970-basis:25700872"
    278 "870970-basis:29060681"
    285 "870970-basis:50768104"
    286 "870970-basis:27218784"
    289 "874310-katalog:DBB0018963"
    290 "870970-basis:28753128"
    291 "870970-basis:29957045"
    292 "870970-basis:29972362"
    294 "870970-basis:26820359"
    295 "870970-basis:28770316"
    299 "870970-basis:29027641"
    300 "758000-katalog:93204271"
    300 "870970-basis:28377444"
    300 "870970-basis:29278563"
    301 "870970-basis:51667743"
    306 "870970-basis:50688534"
    307 "870970-basis:27787207"
    311 "870970-basis:51232453"
    316 "870970-basis:29589143"
    317 "870970-basis:28940424"
    322 "870970-basis:28456433"
    322 "870970-basis:29477744"
    325 "870970-basis:29978891"
    328 "870970-basis:28420943"
    331 "870970-basis:28467567"
    331 "870970-basis:50536270"
    332 "776600-katalog:93360133"
    338 "870970-basis:26923530"
    339 "870970-basis:06373674"
    339 "870970-basis:28429576"
    344 "870970-basis:28244967"
    356 "870970-basis:28117434"
    357 "870970-basis:45603318"
    358 "870970-basis:51109058"
    359 "870970-basis:28824130"
    359 "870970-basis:45662128"
    372 "870970-basis:29589062"
    373 "870970-basis:29076588"
    376 "870970-basis:50694240"
    380 "870970-basis:27266428"
    380 "870970-basis:50801098"
    381 "874310-katalog:DBB0019782"
    392 "870970-basis:29953554"
    393 "870970-basis:29535795"
    394 "870970-basis:29974861"
    397 "870970-basis:50629627"
    399 "874310-katalog:DBB0040899"
    400 "870970-basis:45060136"
    403 "870970-basis:28595565"
    409 "870970-basis:28043872"
    410 "870970-basis:29335826"
    414 "874310-katalog:DBB0019369"
    415 "870970-basis:45226409"
    419 "870970-basis:28220405"
    426 "870970-basis:28902239"
    438 "870970-basis:28724683"
    458 "870970-basis:29535876"
    462 "870970-basis:51298721"
    510 "771000-katalog:90185543"
    514 "870970-basis:29754519"
    516 "870970-basis:28511663"
