    237 "870970-basis:06647804"
    240 "870970-basis:28075480"
    242 "870970-basis:25683463"
    242 "870970-basis:27884296"
    242 "870970-basis:28373929"
    242 "870970-basis:28822030"
    243 "870970-basis:29489483"
    244 "870970-basis:25451104"
    245 "870970-basis:28438028"
    245 "870970-basis:28721420"
    246 "870970-basis:26799325"
    247 "870970-basis:24933520"
    247 "870970-basis:26213959"
    247 "870970-basis:45139344"
    249 "874310-katalog:DBB0018798"
    251 "870970-basis:26701139"
    252 "870970-basis:29027641"
    255 "870970-basis:27186327"
    256 "870970-basis:29595631"
    257 "870970-basis:50618595"
    260 "870970-basis:50768104"
    264 "870970-basis:42825115"
    267 "870970-basis:27597335"
    268 "870970-basis:07214154"
    276 "870970-basis:44996596"
    278 "870970-basis:28299125"
    279 "758000-katalog:93204271"
    284 "874310-katalog:DBB0041769"
    285 "870970-basis:28467567"
    285 "874310-katalog:DBB0018963"
    286 "870970-basis:22252852"
    286 "870970-basis:28940424"
    286 "870970-basis:29278563"
    286 "870970-basis:51667743"
    287 "870970-basis:28377444"
    293 "870970-basis:03200442"
    293 "870970-basis:26878411"
    293 "870970-basis:29957045"
    298 "776600-katalog:93360133"
    300 "870970-basis:28456433"
    302 "870970-basis:28753128"
    303 "870970-basis:29465649"
    304 "870970-basis:29978891"
    312 "870970-basis:29477744"
    313 "870970-basis:06185657"
    313 "870970-basis:25146999"
    313 "870970-basis:29060681"
    315 "870970-basis:28429576"
    316 "870970-basis:29953104"
    318 "870970-basis:27266304"
    318 "870970-basis:29589143"
    320 "870970-basis:25700872"
    322 "870970-basis:29494940"
    324 "870970-basis:25325311"
    325 "870970-basis:50629627"
    327 "870970-basis:28117434"
    329 "870970-basis:50688534"
    334 "870970-basis:51232453"
    345 "870970-basis:27218784"
    347 "874310-katalog:DBB0019782"
    354 "870970-basis:27787207"
    354 "870970-basis:28244967"
    355 "870970-basis:50536270"
    357 "870970-basis:04978617"
    358 "870970-basis:28770316"
    358 "870970-basis:28902239"
    359 "870970-basis:28420943"
    365 "870970-basis:28824130"
    365 "870970-basis:51109058"
    366 "870970-basis:23672626"
    368 "870970-basis:26820359"
    370 "870970-basis:29335826"
    372 "870970-basis:29076588"
    377 "870970-basis:29953554"
    378 "870970-basis:45603318"
    384 "870970-basis:45662128"
    385 "870970-basis:28724683"
    402 "870970-basis:29974861"
    415 "870970-basis:50801098"
    417 "870970-basis:28595565"
    422 "870970-basis:29589062"
    430 "870970-basis:29535795"
    431 "870970-basis:50694240"
    435 "874310-katalog:DBB0040899"
    436 "870970-basis:06373674"
    436 "870970-basis:28331142"
    439 "874310-katalog:DBB0019369"
    454 "870970-basis:27266428"
    460 "870970-basis:26923530"
    466 "870970-basis:45226409"
    467 "870970-basis:28220405"
    472 "870970-basis:28043872"
    487 "870970-basis:29535876"
    494 "870970-basis:45060136"
    510 "870970-basis:51298721"
    535 "870970-basis:28511663"
    545 "870970-basis:26837235"
    552 "771000-katalog:90185543"
    563 "870970-basis:28394438"
    578 "870970-basis:29754519"
