    228 "870970-basis:27597343"
    230 "870970-basis:28239548"
    231 "870970-basis:28990243"
    232 "870970-basis:42825115"
    233 "870970-basis:50898199"
    234 "870970-basis:26701139"
    236 "870970-basis:27262627"
    240 "870970-basis:25451104"
    240 "870970-basis:27185851"
    241 "870970-basis:28136013"
    242 "820010-katalog:4439663"
    243 "870970-basis:29682518"
    246 "870970-basis:50789748"
    248 "870970-basis:45139344"
    249 "870970-basis:29406855"
    249 "870970-basis:29551421"
    250 "870970-basis:28438028"
    250 "870970-basis:29972362"
    250 "874310-katalog:DBB0018798"
    254 "870970-basis:28373929"
    256 "870970-basis:28373988"
    257 "874310-katalog:DBB0041769"
    258 "870970-basis:29494940"
    259 "870970-basis:27173640"
    259 "870970-basis:27884296"
    261 "870970-basis:27735576"
    263 "870970-basis:25146999"
    265 "870970-basis:28299125"
    266 "870970-basis:28075480"
    267 "870970-basis:06185657"
    268 "870970-basis:50768104"
    269 "870970-basis:28407866"
    272 "758000-katalog:93204271"
    276 "870970-basis:29953104"
    277 "870970-basis:27186327"
    282 "870970-basis:44996596"
    283 "870970-basis:29060681"
    292 "870970-basis:29589143"
    292 "870970-basis:29957045"
    294 "870970-basis:45000710"
    295 "870970-basis:03200442"
    295 "870970-basis:29978891"
    296 "870970-basis:26820359"
    302 "870970-basis:29027641"
    303 "870970-basis:27266304"
    304 "870970-basis:51667743"
    305 "870970-basis:24725006"
    306 "870970-basis:28377444"
    309 "870970-basis:25700872"
    310 "870970-basis:28940424"
    313 "870970-basis:04978617"
    318 "870970-basis:29477744"
    320 "874310-katalog:DBB0018963"
    325 "870970-basis:28467567"
    326 "870970-basis:26878411"
    326 "870970-basis:51232453"
    330 "870970-basis:29278563"
    334 "776600-katalog:93360133"
    337 "870970-basis:28770316"
    338 "870970-basis:28753128"
    339 "870970-basis:27218784"
    339 "870970-basis:45603318"
    341 "870970-basis:50694240"
    346 "870970-basis:50536270"
    346 "870970-basis:50688534"
    347 "870970-basis:27787207"
    350 "870970-basis:28456433"
    359 "870970-basis:28420943"
    361 "870970-basis:28429576"
    361 "870970-basis:51109058"
    367 "870970-basis:28244967"
    375 "870970-basis:50801098"
    376 "870970-basis:29974861"
    377 "870970-basis:50629627"
    378 "870970-basis:28824130"
    380 "870970-basis:29335826"
    383 "870970-basis:45662128"
    387 "870970-basis:28117434"
    388 "870970-basis:28902239"
    390 "870970-basis:29953554"
    392 "870970-basis:29076588"
    395 "870970-basis:06373674"
    401 "870970-basis:26923530"
    407 "870970-basis:29589062"
    408 "870970-basis:28595565"
    423 "870970-basis:27266428"
    423 "874310-katalog:DBB0019782"
    426 "874310-katalog:DBB0040899"
    436 "870970-basis:28724683"
    445 "870970-basis:28043872"
    446 "870970-basis:45226409"
    446 "874310-katalog:DBB0019369"
    462 "870970-basis:28220405"
    464 "870970-basis:51298721"
    496 "870970-basis:29535795"
    505 "870970-basis:29535876"
    505 "870970-basis:45060136"
    519 "771000-katalog:90185543"
    548 "870970-basis:29754519"
    558 "870970-basis:28511663"
