    223 "870970-basis:42825115"
    224 "870970-basis:27243266"
    225 "870970-basis:50768104"
    226 "870970-basis:27262627"
    226 "870970-basis:28116047"
    229 "870970-basis:26701139"
    230 "870970-basis:29027641"
    231 "870970-basis:28992297"
    231 "870970-basis:29551421"
    232 "874310-katalog:DBB0018963"
    233 "870970-basis:24933520"
    234 "870970-basis:22375733"
    234 "870970-basis:27884296"
    235 "758000-katalog:93204271"
    237 "870970-basis:03644669"
    237 "870970-basis:29595631"
    239 "776600-katalog:93360133"
    241 "870970-basis:29567301"
    242 "870970-basis:50918114"
    243 "870970-basis:50618595"
    246 "870970-basis:25683463"
    247 "870970-basis:25451104"
    251 "870970-basis:25146999"
    251 "870970-basis:28299125"
    252 "870970-basis:26886120"
    254 "870970-basis:51667743"
    257 "870970-basis:29589143"
    258 "870970-basis:29278563"
    259 "870970-basis:28438028"
    259 "870970-basis:29477744"
    260 "870970-basis:28377444"
    263 "870970-basis:51232453"
    264 "870970-basis:27186327"
    273 "870970-basis:28940424"
    273 "870970-basis:29953104"
    278 "870970-basis:29060681"
    279 "870970-basis:06185657"
    281 "870970-basis:25700872"
    281 "870970-basis:26878411"
    282 "870970-basis:28753128"
    284 "870970-basis:51109058"
    289 "870970-basis:03200442"
    289 "870970-basis:26799325"
    289 "870970-basis:27218784"
    291 "870970-basis:24732789"
    291 "870970-basis:28117434"
    291 "870970-basis:28467567"
    292 "870970-basis:27266304"
    294 "870970-basis:28770316"
    294 "870970-basis:50536270"
    297 "870970-basis:29978891"
    299 "870970-basis:29076588"
    301 "874310-katalog:DBB0019782"
    302 "870970-basis:29957045"
    302 "870970-basis:50688534"
    306 "870970-basis:28290853"
    308 "870970-basis:22252852"
    311 "870970-basis:28456433"
    311 "870970-basis:28824130"
    316 "870970-basis:28420943"
    317 "870970-basis:27787207"
    317 "870970-basis:29953554"
    318 "870970-basis:28429576"
    320 "870970-basis:26213959"
    323 "870970-basis:04978617"
    327 "870970-basis:26820359"
    327 "870970-basis:50629627"
    328 "870970-basis:29335826"
    334 "870970-basis:45603318"
    340 "870970-basis:29494940"
    344 "870970-basis:28902239"
    346 "870970-basis:28331142"
    347 "870970-basis:50801098"
    348 "870970-basis:28244967"
    354 "870970-basis:50694240"
    356 "874310-katalog:DBB0040899"
    357 "870970-basis:28724683"
    358 "870970-basis:23672626"
    359 "870970-basis:29589062"
    363 "870970-basis:29974861"
    372 "870970-basis:25325311"
    377 "870970-basis:28595565"
    377 "870970-basis:45662128"
    389 "870970-basis:26923530"
    398 "874310-katalog:DBB0019369"
    401 "870970-basis:29535795"
    404 "870970-basis:28043872"
    404 "870970-basis:51298721"
    413 "870970-basis:27266428"
    421 "870970-basis:28220405"
    431 "870970-basis:06373674"
    435 "771000-katalog:90185543"
    440 "870970-basis:45226409"
    443 "870970-basis:45060136"
    446 "870970-basis:29535876"
    490 "870970-basis:29465649"
    512 "870970-basis:26837235"
    547 "870970-basis:28511663"
    549 "870970-basis:29754519"
    573 "870970-basis:28394438"
