    318 "870970-basis:28699018"
    320 "870970-basis:05123208"
    320 "870970-basis:21824054"
    320 "870970-basis:28785186"
    322 "870970-basis:28204787"
    323 "870970-basis:28220405"
    324 "870970-basis:28043872"
    325 "870970-basis:05060540"
    325 "870970-basis:06894216"
    325 "870970-basis:07071477"
    325 "870970-basis:27458300"
    326 "870970-basis:05690021"
    326 "870970-basis:26892163"
    329 "870970-basis:00964352"
    330 "870970-basis:26763029"
    330 "870970-basis:45226409"
    334 "874310-katalog:DBB0019369"
    335 "870970-basis:26251419"
    337 "870970-basis:25142918"
    339 "870970-basis:21149012"
    339 "870970-basis:26923530"
    341 "870970-basis:06749534"
    341 "870970-basis:28331142"
    343 "870970-basis:26892139"
    344 "870970-basis:27458467"
    344 "870970-basis:45060136"
    345 "870970-basis:22375733"
    349 "870970-basis:25095332"
    350 "870970-basis:06939317"
    354 "870970-basis:29535876"
    355 "870970-basis:24352722"
    355 "870970-basis:26760844"
    362 "771000-katalog:90185543"
    368 "870970-basis:24732789"
    370 "870970-basis:24254909"
    371 "870970-basis:27771912"
    372 "870970-basis:23677105"
    372 "870970-basis:29494940"
    373 "870970-basis:06168140"
    373 "870970-basis:23888491"
    374 "874310-katalog:DBB0019233"
    378 "870970-basis:29269815"
    381 "870970-basis:50507009"
    385 "870970-basis:06373674"
    386 "870970-basis:05846242"
    387 "870970-basis:25797736"
    390 "820010-katalog:2459966"
    394 "870970-basis:20916079"
    395 "870970-basis:27487475"
    396 "870970-basis:00158224"
    398 "870970-basis:05036259"
    402 "870970-basis:22579215"
    403 "870970-basis:01184733"
    404 "870970-basis:26837235"
    405 "870970-basis:20349530"
    405 "870970-basis:28511663"
    406 "870970-basis:28446616"
    407 "870970-basis:27921116"
    412 "870970-basis:26213959"
    412 "870970-basis:27262481"
    412 "870970-basis:29646066"
    415 "870970-basis:28176481"
    418 "870970-basis:22254901"
    420 "870970-basis:28906730"
    423 "870970-basis:29980705"
    424 "870970-basis:24306232"
    429 "870970-basis:29130167"
    430 "870970-basis:29572232"
    434 "870970-basis:27256430"
    439 "870970-basis:27487394"
    446 "870970-basis:27404588"
    450 "870970-basis:05497965"
    450 "870970-basis:28239106"
    452 "870970-basis:23672626"
    454 "870970-basis:28322674"
    457 "870970-basis:22653164"
    468 "870970-basis:01647105"
    469 "870970-basis:05126541"
    471 "870970-basis:22406213"
    473 "870970-basis:05926890"
    473 "870970-basis:29754519"
    477 "870970-basis:05025184"
    479 "870970-basis:27262546"
    484 "870970-basis:27266649"
    491 "870970-basis:28646526"
    492 "870970-basis:27654053"
    493 "870970-basis:24741133"
    500 "870970-basis:26247888"
    503 "870970-basis:27404596"
    508 "870970-basis:22893645"
    513 "870970-basis:25120949"
    514 "870970-basis:26768322"
    516 "870970-basis:27672493"
    527 "870970-basis:22252852"
    532 "870970-basis:28185871"
    543 "870970-basis:25286235"
    619 "870970-basis:25325311"
    755 "870970-basis:28394438"
    948 "870970-basis:25683463"
    964 "870970-basis:29465649"
