    234 "870970-basis:28176481"
    234 "870970-basis:28322674"
    236 "870970-basis:05926890"
    236 "870970-basis:26799325"
    237 "870970-basis:00158224"
    237 "870970-basis:05036259"
    237 "870970-basis:24352722"
    237 "870970-basis:51232453"
    239 "870970-basis:28377444"
    240 "870970-basis:29957045"
    242 "870970-basis:22893645"
    242 "870970-basis:25120949"
    242 "870970-basis:42825115"
    243 "870970-basis:26496233"
    244 "870970-basis:28822030"
    244 "870970-basis:29953104"
    247 "870970-basis:01647105"
    247 "870970-basis:24741133"
    249 "870970-basis:45673332"
    250 "870970-basis:22639862"
    250 "870970-basis:27672493"
    251 "870970-basis:28117434"
    252 "870970-basis:28116047"
    252 "870970-basis:28940424"
    254 "870970-basis:29978891"
    254 "870970-basis:51063376"
    255 "870970-basis:26247888"
    256 "870970-basis:06647804"
    257 "870970-basis:24933520"
    258 "870970-basis:23780062"
    260 "870970-basis:28770316"
    266 "870970-basis:28902239"
    266 "870970-basis:50629627"
    268 "870970-basis:28420943"
    269 "870970-basis:26768322"
    269 "870970-basis:51109058"
    270 "870970-basis:28467567"
    271 "870970-basis:27266649"
    272 "870970-basis:27266304"
    276 "870970-basis:28456433"
    277 "870970-basis:28185871"
    277 "870970-basis:50536270"
    278 "870970-basis:50688534"
    280 "870970-basis:05025184"
    280 "874310-katalog:DBB0019782"
    281 "870970-basis:28429576"
    281 "870970-basis:28753128"
    288 "870970-basis:25700872"
    291 "870970-basis:28824130"
    292 "870970-basis:29060681"
    292 "870970-basis:29076588"
    292 "870970-basis:50801098"
    292 "874310-katalog:DBB0040899"
    293 "870970-basis:29595631"
    294 "870970-basis:25146999"
    298 "870970-basis:03200442"
    306 "870970-basis:26878411"
    306 "870970-basis:29953554"
    308 "870970-basis:29974861"
    311 "870970-basis:22375733"
    313 "870970-basis:29980705"
    315 "870970-basis:28290853"
    315 "870970-basis:29335826"
    319 "870970-basis:28244967"
    320 "870970-basis:24732789"
    322 "870970-basis:45603318"
    323 "870970-basis:26820359"
    323 "870970-basis:50694240"
    326 "870970-basis:06185657"
    326 "870970-basis:27218784"
    329 "870970-basis:45662128"
    332 "870970-basis:27787207"
    335 "870970-basis:28724683"
    346 "870970-basis:04978617"
    363 "870970-basis:29494940"
    363 "870970-basis:29589062"
    367 "870970-basis:26213959"
    373 "870970-basis:28595565"
    400 "870970-basis:26923530"
    401 "870970-basis:29535795"
    409 "874310-katalog:DBB0019369"
    418 "870970-basis:28331142"
    421 "870970-basis:27266428"
    427 "870970-basis:28220405"
    428 "870970-basis:22252852"
    430 "870970-basis:28043872"
    431 "870970-basis:51298721"
    434 "870970-basis:06373674"
    445 "870970-basis:45226409"
    446 "870970-basis:25683463"
    447 "870970-basis:23672626"
    453 "870970-basis:29535876"
    459 "870970-basis:45060136"
    480 "771000-katalog:90185543"
    487 "870970-basis:25325311"
    519 "870970-basis:26837235"
    519 "870970-basis:29754519"
    551 "870970-basis:28511663"
    637 "870970-basis:29465649"
    783 "870970-basis:28394438"
