    277 "870970-basis:24352722"
    278 "870970-basis:27921116"
    278 "870970-basis:28322674"
    279 "870970-basis:05036259"
    284 "870970-basis:29957045"
    285 "870970-basis:27262546"
    285 "870970-basis:51232453"
    286 "870970-basis:25451104"
    288 "870970-basis:06185657"
    288 "870970-basis:20916079"
    289 "870970-basis:51109058"
    290 "870970-basis:28940424"
    291 "870970-basis:27487394"
    292 "870970-basis:28753128"
    293 "870970-basis:28429576"
    294 "870970-basis:29595631"
    294 "870970-basis:50688534"
    295 "870970-basis:29477744"
    297 "870970-basis:26496233"
    297 "870970-basis:29060681"
    298 "870970-basis:28824130"
    298 "870970-basis:50629627"
    302 "874310-katalog:DBB0019782"
    303 "870970-basis:03200442"
    304 "870970-basis:29953104"
    305 "870970-basis:22639862"
    305 "870970-basis:22893645"
    309 "870970-basis:27654053"
    309 "870970-basis:28117434"
    310 "870970-basis:01647105"
    310 "870970-basis:27266304"
    313 "870970-basis:27404596"
    314 "870970-basis:25146999"
    314 "870970-basis:26878411"
    319 "870970-basis:00158224"
    320 "870970-basis:22254901"
    320 "870970-basis:50801098"
    323 "870970-basis:01184733"
    323 "870970-basis:29335826"
    326 "870970-basis:26820359"
    327 "870970-basis:28902239"
    327 "870970-basis:29978891"
    328 "870970-basis:05926890"
    328 "870970-basis:28770316"
    330 "870970-basis:24741133"
    330 "870970-basis:28290853"
    330 "870970-basis:28420943"
    331 "874310-katalog:DBB0040899"
    333 "870970-basis:28244967"
    333 "870970-basis:28906730"
    334 "870970-basis:05025184"
    334 "870970-basis:50536270"
    337 "870970-basis:29076588"
    338 "870970-basis:25700872"
    339 "870970-basis:06647804"
    339 "870970-basis:27787207"
    339 "870970-basis:28185871"
    340 "870970-basis:26768322"
    343 "870970-basis:28646526"
    346 "870970-basis:27266649"
    346 "870970-basis:28724683"
    346 "870970-basis:29974861"
    347 "870970-basis:27218784"
    350 "870970-basis:45603318"
    352 "870970-basis:26247888"
    357 "870970-basis:22375733"
    361 "870970-basis:04978617"
    361 "870970-basis:45662128"
    362 "870970-basis:29953554"
    365 "870970-basis:27672493"
    378 "870970-basis:29494940"
    383 "870970-basis:28771835"
    401 "870970-basis:28331142"
    404 "870970-basis:29589062"
    406 "870970-basis:50694240"
    409 "870970-basis:29980705"
    420 "870970-basis:28595565"
    425 "874310-katalog:DBB0019369"
    432 "870970-basis:27266428"
    434 "870970-basis:24732789"
    434 "870970-basis:29535795"
    435 "870970-basis:25683463"
    438 "870970-basis:28220405"
    440 "870970-basis:06373674"
    453 "870970-basis:26923530"
    456 "870970-basis:26213959"
    463 "870970-basis:28043872"
    483 "870970-basis:29535876"
    485 "870970-basis:45060136"
    487 "870970-basis:51298721"
    506 "870970-basis:23672626"
    511 "870970-basis:45226409"
    512 "870970-basis:22252852"
    536 "870970-basis:28511663"
    539 "771000-katalog:90185543"
    552 "870970-basis:25325311"
    559 "870970-basis:29754519"
    658 "870970-basis:26837235"
    743 "870970-basis:29465649"
    799 "870970-basis:28394438"
