    304 "870970-basis:20164557"
    304 "870970-basis:26486548"
    305 "870970-basis:28595565"
    307 "870970-basis:06894216"
    307 "870970-basis:26763029"
    308 "874310-katalog:DBB0019233"
    310 "870970-basis:21149012"
    314 "870970-basis:06939317"
    316 "870970-basis:07071477"
    320 "870970-basis:24254909"
    324 "870970-basis:50589110"
    325 "870970-basis:29535795"
    326 "870970-basis:25724100"
    327 "870970-basis:27266428"
    327 "870970-basis:27458467"
    329 "870970-basis:29646066"
    330 "870970-basis:06749534"
    331 "870970-basis:05846242"
    331 "870970-basis:24306232"
    334 "810010-katalog:000276564"
    334 "870970-basis:25095332"
    335 "870970-basis:23888491"
    335 "870970-basis:25797736"
    335 "870970-basis:51298721"
    336 "870970-basis:45060136"
    337 "870970-basis:50507009"
    338 "870970-basis:05123194"
    342 "870970-basis:04978617"
    346 "870970-basis:24352722"
    347 "870970-basis:26760844"
    347 "870970-basis:28220405"
    350 "870970-basis:26923530"
    351 "870970-basis:27771912"
    354 "870970-basis:22406213"
    355 "870970-basis:28043872"
    355 "870970-basis:28771835"
    355 "870970-basis:29494940"
    358 "870970-basis:23677105"
    363 "870970-basis:27262481"
    365 "870970-basis:22579215"
    367 "870970-basis:05690021"
    367 "870970-basis:27921116"
    368 "870970-basis:22375733"
    368 "870970-basis:45226409"
    369 "874310-katalog:DBB0019369"
    370 "870970-basis:20349530"
    374 "870970-basis:06168140"
    375 "870970-basis:29535876"
    376 "870970-basis:00158224"
    376 "870970-basis:27256430"
    376 "870970-basis:29269815"
    381 "820010-katalog:2459966"
    383 "870970-basis:28176481"
    385 "870970-basis:27487394"
    386 "870970-basis:29130167"
    387 "870970-basis:28239106"
    388 "870970-basis:27487475"
    389 "870970-basis:05036259"
    390 "771000-katalog:90185543"
    390 "870970-basis:24732789"
    395 "870970-basis:22653164"
    399 "870970-basis:25286235"
    406 "870970-basis:20916079"
    407 "870970-basis:29572232"
    410 "870970-basis:06373674"
    413 "870970-basis:27404588"
    414 "870970-basis:28906730"
    421 "870970-basis:01184733"
    423 "870970-basis:22254901"
    425 "870970-basis:05025184"
    425 "870970-basis:28446616"
    427 "870970-basis:05126541"
    428 "870970-basis:26247888"
    432 "870970-basis:28331142"
    439 "870970-basis:27654053"
    444 "870970-basis:26837235"
    446 "870970-basis:27266649"
    447 "870970-basis:01647105"
    447 "870970-basis:05497965"
    447 "870970-basis:28511663"
    449 "870970-basis:26213959"
    451 "870970-basis:28646526"
    452 "870970-basis:27672493"
    456 "870970-basis:25120949"
    458 "870970-basis:27262546"
    459 "870970-basis:22893645"
    461 "870970-basis:27404596"
    467 "870970-basis:28322674"
    472 "870970-basis:26768322"
    472 "870970-basis:29754519"
    479 "870970-basis:24741133"
    480 "870970-basis:23672626"
    506 "870970-basis:05926890"
    519 "870970-basis:28185871"
    521 "870970-basis:29980705"
    539 "870970-basis:22252852"
    604 "870970-basis:25325311"
    797 "870970-basis:29465649"
    881 "870970-basis:25683463"
    928 "870970-basis:28394438"
