    315 "870970-basis:26760844"
    317 "870970-basis:29535876"
    319 "870970-basis:26763029"
    320 "870970-basis:00964352"
    322 "870970-basis:26923530"
    323 "870970-basis:24732789"
    325 "870970-basis:05060427"
    326 "870970-basis:28785186"
    327 "870970-basis:24352722"
    327 "870970-basis:26208432"
    328 "870970-basis:05123208"
    328 "870970-basis:06894100"
    328 "870970-basis:20708182"
    329 "870970-basis:05092973"
    330 "870970-basis:00964395"
    330 "870970-basis:05172403"
    330 "870970-basis:26251419"
    331 "870970-basis:06373674"
    331 "870970-basis:23625679"
    331 "870970-basis:28204787"
    332 "870970-basis:05690021"
    335 "870970-basis:01654233"
    336 "870970-basis:28771835"
    338 "870970-basis:06894216"
    338 "870970-basis:21846384"
    339 "870970-basis:24254909"
    340 "870970-basis:21149012"
    340 "870970-basis:29494940"
    341 "870970-basis:05060419"
    342 "874310-katalog:DBB0019233"
    343 "870970-basis:06939317"
    344 "870970-basis:21824054"
    348 "870970-basis:07071477"
    348 "870970-basis:25095332"
    349 "870970-basis:28511663"
    352 "870970-basis:00158224"
    355 "870970-basis:26837235"
    357 "870970-basis:06749534"
    359 "870970-basis:26213959"
    360 "810010-katalog:000276564"
    360 "870970-basis:05060540"
    360 "870970-basis:05123194"
    363 "870970-basis:05036259"
    363 "870970-basis:27771912"
    364 "870970-basis:01184733"
    364 "870970-basis:23888491"
    366 "870970-basis:06168140"
    367 "870970-basis:27262481"
    369 "870970-basis:23677105"
    369 "870970-basis:29130167"
    373 "870970-basis:27921116"
    377 "870970-basis:05846242"
    379 "870970-basis:24306232"
    379 "870970-basis:28176481"
    380 "870970-basis:27487475"
    380 "870970-basis:29754519"
    383 "870970-basis:29646066"
    392 "870970-basis:22579215"
    396 "870970-basis:29269815"
    403 "820010-katalog:2459966"
    405 "870970-basis:23672626"
    408 "870970-basis:05497965"
    409 "870970-basis:50507009"
    410 "870970-basis:20349530"
    413 "870970-basis:22254901"
    413 "870970-basis:25797736"
    416 "870970-basis:05926890"
    417 "870970-basis:28446616"
    418 "870970-basis:28239106"
    420 "870970-basis:27487394"
    421 "870970-basis:20916079"
    424 "870970-basis:29572232"
    428 "870970-basis:27266649"
    429 "870970-basis:27404588"
    434 "870970-basis:22406213"
    434 "870970-basis:22653164"
    436 "870970-basis:27654053"
    437 "870970-basis:27256430"
    439 "870970-basis:05025184"
    441 "870970-basis:28322674"
    442 "870970-basis:27672493"
    448 "870970-basis:26247888"
    450 "870970-basis:01647105"
    467 "870970-basis:24741133"
    467 "870970-basis:27404596"
    468 "870970-basis:05126541"
    469 "870970-basis:28185871"
    470 "870970-basis:25120949"
    471 "870970-basis:27262546"
    472 "870970-basis:26768322"
    473 "870970-basis:22252852"
    477 "870970-basis:25286235"
    478 "870970-basis:28646526"
    480 "870970-basis:29980705"
    494 "870970-basis:22893645"
    529 "870970-basis:28906730"
    534 "870970-basis:25325311"
    664 "870970-basis:28394438"
    844 "870970-basis:29465649"
    978 "870970-basis:25683463"
