    256 "870970-basis:27723942"
    256 "870970-basis:28204787"
    256 "870970-basis:28977522"
    257 "870970-basis:43590669"
    259 "870970-basis:21085766"
    260 "870970-basis:28446616"
    261 "870970-basis:29489483"
    263 "870970-basis:23625679"
    265 "870970-basis:28511663"
    266 "870970-basis:29051690"
    268 "870970-basis:27487475"
    268 "870970-basis:29605343"
    270 "870970-basis:27367992"
    270 "870970-basis:29754519"
    272 "870970-basis:28785186"
    274 "870970-basis:27487394"
    275 "870970-basis:27921116"
    275 "874310-katalog:DBB0019233"
    276 "870970-basis:27771912"
    277 "870970-basis:29130167"
    278 "870970-basis:26208432"
    278 "870970-basis:29465649"
    279 "870970-basis:28176481"
    283 "870970-basis:25707036"
    284 "870970-basis:23147211"
    286 "870970-basis:28424671"
    287 "870970-basis:06763367"
    289 "870970-basis:05497965"
    289 "870970-basis:21836931"
    291 "870970-basis:20708182"
    294 "870970-basis:01647105"
    294 "870970-basis:27723810"
    295 "870970-basis:29572232"
    296 "870970-basis:26116309"
    297 "870970-basis:20916079"
    302 "870970-basis:05126533"
    302 "870970-basis:27672493"
    303 "870970-basis:22254901"
    303 "870970-basis:28239106"
    304 "870970-basis:50507009"
    307 "870970-basis:26247888"
    307 "870970-basis:29494940"
    311 "870970-basis:27404588"
    313 "870970-basis:21846384"
    317 "870970-basis:27266649"
    318 "870970-basis:21824054"
    320 "870970-basis:05926890"
    320 "870970-basis:27423647"
    324 "870970-basis:28185871"
    326 "810010-katalog:000276564"
    326 "870970-basis:29646066"
    330 "870970-basis:06749534"
    331 "870970-basis:05172403"
    333 "870970-basis:27654053"
    333 "870970-basis:28322674"
    337 "870970-basis:28906730"
    338 "870970-basis:28646526"
    341 "870970-basis:23888491"
    345 "870970-basis:27262546"
    347 "870970-basis:06939317"
    352 "870970-basis:05025184"
    354 "870970-basis:05092973"
    356 "870970-basis:26251419"
    357 "870970-basis:05060427"
    361 "870970-basis:27404596"
    361 "870970-basis:29269815"
    363 "870970-basis:05060370"
    363 "870970-basis:05172411"
    365 "870970-basis:24306232"
    366 "870970-basis:24741133"
    368 "870970-basis:26768322"
    369 "870970-basis:05846242"
    371 "870970-basis:25797736"
    372 "870970-basis:07071760"
    373 "870970-basis:00964352"
    373 "870970-basis:06894186"
    373 "870970-basis:07071442"
    378 "870970-basis:05060419"
    382 "870970-basis:00767840"
    382 "870970-basis:25120949"
    385 "870970-basis:01654233"
    385 "870970-basis:06894100"
    386 "870970-basis:20349530"
    388 "870970-basis:05419859"
    394 "820010-katalog:2459966"
    400 "870970-basis:22406213"
    404 "870970-basis:05123208"
    404 "870970-basis:07071604"
    405 "870970-basis:22893645"
    409 "870970-basis:27256430"
    413 "870970-basis:00964395"
    416 "870970-basis:06894216"
    424 "870970-basis:05060540"
    428 "870970-basis:05123194"
    431 "870970-basis:07071477"
    437 "870970-basis:25286235"
    452 "870970-basis:22653164"
    477 "870970-basis:05126541"
    510 "870970-basis:22579215"
    989 "870970-basis:25683463"
