    286 "870970-basis:23625679"
    288 "870970-basis:06168140"
    288 "870970-basis:28511663"
    289 "870970-basis:25325311"
    289 "870970-basis:29494940"
    290 "870970-basis:21149012"
    290 "870970-basis:22252852"
    291 "870970-basis:05074975"
    292 "870970-basis:27723942"
    295 "870970-basis:05126533"
    295 "870970-basis:27423647"
    296 "870970-basis:26116309"
    304 "870970-basis:27367992"
    306 "870970-basis:07259778"
    306 "870970-basis:20708182"
    307 "870970-basis:26208432"
    308 "870970-basis:06763367"
    311 "870970-basis:28204787"
    312 "870970-basis:29754519"
    315 "870970-basis:23677105"
    315 "870970-basis:29130167"
    317 "870970-basis:07071442"
    317 "870970-basis:21836931"
    318 "870970-basis:06749534"
    322 "870970-basis:05497965"
    323 "870970-basis:27262481"
    323 "870970-basis:28446616"
    324 "870970-basis:25707036"
    325 "874310-katalog:DBB0019233"
    326 "870970-basis:28785186"
    329 "870970-basis:20916079"
    330 "870970-basis:21824054"
    330 "870970-basis:27921116"
    348 "870970-basis:27771912"
    349 "870970-basis:21846384"
    350 "870970-basis:07071760"
    352 "870970-basis:01647105"
    353 "870970-basis:05172411"
    353 "870970-basis:27487475"
    355 "810010-katalog:000276564"
    355 "870970-basis:28176481"
    358 "870970-basis:22254901"
    359 "870970-basis:06894186"
    359 "870970-basis:27266649"
    360 "870970-basis:05092973"
    363 "870970-basis:05025184"
    363 "870970-basis:26251419"
    364 "870970-basis:23888491"
    365 "870970-basis:00964352"
    365 "870970-basis:27487394"
    370 "870970-basis:05172403"
    371 "870970-basis:24306232"
    372 "870970-basis:06939317"
    372 "870970-basis:27672493"
    373 "870970-basis:00964395"
    373 "870970-basis:05846242"
    373 "870970-basis:07071477"
    374 "870970-basis:00767840"
    375 "870970-basis:05123208"
    375 "870970-basis:29572232"
    380 "870970-basis:06894100"
    380 "870970-basis:50507009"
    381 "870970-basis:26247888"
    382 "870970-basis:01654233"
    384 "870970-basis:05926890"
    385 "870970-basis:07071604"
    386 "870970-basis:05060419"
    389 "870970-basis:05060370"
    389 "870970-basis:05123194"
    389 "870970-basis:27262546"
    389 "870970-basis:28322674"
    390 "870970-basis:27404588"
    391 "870970-basis:05060540"
    394 "870970-basis:05419859"
    394 "870970-basis:27654053"
    394 "870970-basis:29646066"
    397 "870970-basis:27404596"
    397 "870970-basis:28239106"
    398 "870970-basis:28906730"
    400 "870970-basis:05060427"
    400 "870970-basis:29465649"
    403 "870970-basis:28394438"
    407 "870970-basis:25120949"
    413 "870970-basis:28646526"
    414 "870970-basis:25797736"
    418 "820010-katalog:2459966"
    420 "870970-basis:06894216"
    420 "870970-basis:28185871"
    421 "870970-basis:24741133"
    422 "870970-basis:20349530"
    431 "870970-basis:22893645"
    431 "870970-basis:29269815"
    433 "870970-basis:22579215"
    439 "870970-basis:26768322"
    461 "870970-basis:22653164"
    470 "870970-basis:25286235"
    491 "870970-basis:22406213"
    504 "870970-basis:27256430"
    524 "870970-basis:05126541"
    955 "870970-basis:25683463"
