    295 "870970-basis:45226409"
    296 "870970-basis:06373674"
    297 "870970-basis:21497185"
    299 "870970-basis:27367992"
    300 "870970-basis:25095332"
    303 "870970-basis:00158224"
    303 "870970-basis:29130167"
    304 "870970-basis:20708182"
    308 "870970-basis:21836931"
    308 "870970-basis:28785186"
    311 "870970-basis:29494940"
    315 "870970-basis:26208432"
    315 "870970-basis:29980705"
    317 "870970-basis:05126533"
    318 "870970-basis:23677105"
    321 "870970-basis:26251419"
    322 "870970-basis:06749534"
    328 "870970-basis:05092973"
    328 "870970-basis:24254909"
    329 "870970-basis:25707036"
    331 "870970-basis:21846384"
    331 "874310-katalog:DBB0019233"
    335 "870970-basis:05060419"
    335 "870970-basis:21824054"
    337 "870970-basis:29646066"
    339 "870970-basis:00964352"
    340 "870970-basis:07071442"
    341 "870970-basis:05172403"
    341 "870970-basis:06168140"
    342 "870970-basis:28511663"
    343 "870970-basis:05172411"
    343 "870970-basis:07071760"
    343 "870970-basis:50507009"
    346 "870970-basis:05060370"
    346 "870970-basis:27262481"
    348 "870970-basis:05060427"
    355 "870970-basis:20916079"
    356 "870970-basis:01184733"
    357 "810010-katalog:000276564"
    358 "870970-basis:06894100"
    358 "870970-basis:29754519"
    359 "870970-basis:01654233"
    361 "870970-basis:05846242"
    366 "870970-basis:06939317"
    367 "870970-basis:05036259"
    369 "870970-basis:06894186"
    370 "870970-basis:05060540"
    374 "870970-basis:27672493"
    375 "870970-basis:05419859"
    376 "870970-basis:00767840"
    376 "870970-basis:27771912"
    378 "870970-basis:07071604"
    378 "870970-basis:22254901"
    380 "870970-basis:23888491"
    383 "870970-basis:27487475"
    383 "870970-basis:28239106"
    385 "870970-basis:05497965"
    385 "870970-basis:25325311"
    385 "870970-basis:28394438"
    386 "870970-basis:27487394"
    386 "870970-basis:28176481"
    389 "870970-basis:05123194"
    390 "870970-basis:27921116"
    391 "870970-basis:00964395"
    392 "870970-basis:27266649"
    392 "870970-basis:28185871"
    393 "870970-basis:06894216"
    395 "870970-basis:29572232"
    396 "870970-basis:07071477"
    399 "870970-basis:20349530"
    400 "870970-basis:24306232"
    400 "870970-basis:28446616"
    401 "870970-basis:28906730"
    404 "820010-katalog:2459966"
    405 "870970-basis:05123208"
    405 "870970-basis:05926890"
    412 "870970-basis:29269815"
    413 "870970-basis:25797736"
    413 "870970-basis:27404588"
    415 "870970-basis:28646526"
    418 "870970-basis:26247888"
    419 "870970-basis:22252852"
    419 "870970-basis:25286235"
    420 "870970-basis:22653164"
    423 "870970-basis:01647105"
    424 "870970-basis:24741133"
    428 "870970-basis:27654053"
    432 "870970-basis:22893645"
    438 "870970-basis:27404596"
    440 "870970-basis:05025184"
    441 "870970-basis:28322674"
    448 "870970-basis:26768322"
    454 "870970-basis:27256430"
    459 "870970-basis:27262546"
    461 "870970-basis:25120949"
    469 "870970-basis:22579215"
    478 "870970-basis:22406213"
    516 "870970-basis:05126541"
    624 "870970-basis:29465649"
   1010 "870970-basis:25683463"
