    293 "870970-basis:26878411"
    293 "870970-basis:29269815"
    294 "874310-katalog:DBB0019233"
    295 "870970-basis:27458300"
    297 "870970-basis:27458467"
    297 "870970-basis:28724683"
    298 "870970-basis:28771835"
    301 "870970-basis:26486548"
    301 "870970-basis:26760844"
    301 "870970-basis:27787207"
    301 "870970-basis:28244967"
    304 "870970-basis:25142918"
    307 "870970-basis:22579215"
    308 "870970-basis:29974861"
    310 "870970-basis:21149012"
    311 "870970-basis:25797736"
    313 "870970-basis:45662128"
    315 "870970-basis:29595631"
    317 "870970-basis:25095332"
    318 "870970-basis:05126541"
    318 "870970-basis:06647804"
    319 "870970-basis:21497185"
    321 "870970-basis:06168140"
    321 "870970-basis:22406213"
    321 "870970-basis:25724100"
    322 "870970-basis:29646066"
    322 "870970-basis:50507009"
    322 "870970-basis:50589110"
    328 "870970-basis:24254909"
    331 "870970-basis:05690021"
    331 "870970-basis:26496233"
    334 "870970-basis:29589062"
    341 "870970-basis:25286235"
    341 "870970-basis:28043872"
    342 "870970-basis:22653164"
    344 "870970-basis:29572232"
    345 "870970-basis:27256430"
    346 "870970-basis:04978617"
    348 "870970-basis:27262481"
    350 "870970-basis:28176481"
    352 "870970-basis:27266428"
    353 "870970-basis:28595565"
    359 "870970-basis:27771912"
    361 "870970-basis:24352722"
    361 "870970-basis:26923530"
    361 "870970-basis:28906730"
    362 "870970-basis:01647105"
    363 "870970-basis:27487475"
    364 "870970-basis:00158224"
    366 "870970-basis:22375733"
    368 "870970-basis:20916079"
    371 "870970-basis:23677105"
    372 "870970-basis:27921116"
    375 "870970-basis:29535795"
    376 "870970-basis:22254901"
    378 "870970-basis:29494940"
    379 "870970-basis:29130167"
    383 "870970-basis:01184733"
    384 "870970-basis:05036259"
    384 "870970-basis:05497965"
    385 "870970-basis:28220405"
    385 "874310-katalog:DBB0019369"
    387 "870970-basis:28331142"
    388 "870970-basis:51298721"
    393 "870970-basis:05926890"
    394 "870970-basis:28446616"
    402 "870970-basis:27404588"
    402 "870970-basis:28239106"
    405 "870970-basis:45060136"
    406 "870970-basis:05025184"
    409 "870970-basis:06373674"
    409 "870970-basis:28322674"
    413 "870970-basis:27487394"
    420 "870970-basis:28511663"
    421 "870970-basis:26247888"
    423 "870970-basis:27262546"
    425 "870970-basis:24732789"
    425 "870970-basis:27654053"
    428 "870970-basis:22893645"
    429 "870970-basis:25120949"
    430 "870970-basis:27404596"
    437 "870970-basis:28646526"
    439 "870970-basis:45226409"
    443 "870970-basis:27266649"
    451 "870970-basis:26768322"
    457 "870970-basis:29535876"
    463 "771000-katalog:90185543"
    464 "870970-basis:27672493"
    471 "870970-basis:24741133"
    472 "870970-basis:28185871"
    479 "870970-basis:29980705"
    487 "870970-basis:26213959"
    499 "870970-basis:29754519"
    535 "870970-basis:23672626"
    542 "870970-basis:26837235"
    551 "870970-basis:22252852"
    633 "870970-basis:25683463"
    656 "870970-basis:25325311"
    907 "870970-basis:29465649"
   1034 "870970-basis:28394438"
