    288 "870970-basis:28446616"
    288 "870970-basis:29076588"
    288 "870970-basis:29335826"
    289 "870970-basis:05690021"
    289 "870970-basis:29978891"
    289 "870970-basis:50629627"
    290 "870970-basis:06185657"
    290 "870970-basis:28244967"
    291 "870970-basis:05126541"
    291 "870970-basis:06647804"
    291 "870970-basis:51063376"
    292 "870970-basis:23677105"
    292 "870970-basis:25142918"
    293 "870970-basis:27771912"
    295 "870970-basis:25095332"
    295 "870970-basis:27487475"
    298 "870970-basis:27218784"
    298 "870970-basis:27256430"
    298 "870970-basis:28724683"
    299 "870970-basis:28429576"
    299 "870970-basis:29130167"
    300 "870970-basis:22639862"
    300 "870970-basis:28824130"
    301 "870970-basis:50589110"
    306 "870970-basis:24254909"
    307 "870970-basis:06168140"
    307 "870970-basis:23780062"
    307 "870970-basis:50801098"
    308 "870970-basis:26820359"
    309 "870970-basis:29996792"
    313 "870970-basis:28176481"
    314 "870970-basis:27262546"
    318 "870970-basis:03200442"
    319 "870970-basis:28771835"
    323 "870970-basis:00158224"
    324 "870970-basis:20916079"
    325 "870970-basis:27487394"
    327 "870970-basis:29974861"
    328 "870970-basis:50688534"
    329 "870970-basis:22254901"
    332 "870970-basis:27787207"
    332 "870970-basis:28239106"
    334 "870970-basis:29489483"
    336 "870970-basis:01184733"
    338 "870970-basis:45662128"
    339 "870970-basis:27654053"
    340 "870970-basis:26496233"
    342 "870970-basis:05025184"
    342 "870970-basis:05036259"
    342 "870970-basis:25120949"
    344 "870970-basis:28290853"
    346 "870970-basis:50694240"
    347 "870970-basis:04978617"
    349 "870970-basis:24352722"
    349 "870970-basis:28906730"
    350 "870970-basis:24732789"
    350 "870970-basis:27404588"
    351 "874310-katalog:DBB0040899"
    353 "870970-basis:29535795"
    353 "870970-basis:29589062"
    357 "870970-basis:05497965"
    362 "870970-basis:27266649"
    365 "870970-basis:24741133"
    366 "870970-basis:27404596"
    369 "870970-basis:28322674"
    370 "870970-basis:01647105"
    370 "870970-basis:27266428"
    370 "870970-basis:28595565"
    371 "870970-basis:28646526"
    371 "870970-basis:29494940"
    372 "870970-basis:26247888"
    380 "870970-basis:22375733"
    382 "870970-basis:22893645"
    387 "870970-basis:26923530"
    388 "870970-basis:05926890"
    389 "874310-katalog:DBB0019369"
    403 "870970-basis:51298721"
    404 "870970-basis:26768322"
    406 "870970-basis:25286235"
    412 "870970-basis:28043872"
    414 "870970-basis:28220405"
    414 "870970-basis:45226409"
    415 "870970-basis:45060136"
    423 "870970-basis:28185871"
    424 "870970-basis:27672493"
    431 "870970-basis:29535876"
    433 "771000-katalog:90185543"
    456 "870970-basis:29980705"
    460 "870970-basis:06373674"
    488 "870970-basis:29754519"
    502 "870970-basis:28511663"
    520 "870970-basis:22252852"
    555 "870970-basis:26213959"
    564 "870970-basis:28331142"
    575 "870970-basis:23672626"
    652 "870970-basis:25683463"
    677 "870970-basis:26837235"
    739 "870970-basis:25325311"
    851 "870970-basis:29465649"
    888 "870970-basis:28394438"
