    165 "870970-basis:27727247"
    165 "870970-basis:28906730"
    165 "870970-basis:29595631"
    166 "870970-basis:06402321"
    166 "870970-basis:07259778"
    167 "870970-basis:06763367"
    168 "870970-basis:21836931"
    168 "870970-basis:24741133"
    168 "870970-basis:29646066"
    169 "870970-basis:27367992"
    169 "870970-basis:28554990"
    170 "870970-basis:28646526"
    170 "870970-basis:45060136"
    171 "870970-basis:26973503"
    172 "870970-basis:01235257"
    172 "870970-basis:29535876"
    173 "870970-basis:28939876"
    174 "870970-basis:05025184"
    175 "870970-basis:05126533"
    177 "870970-basis:26116309"
    177 "870970-basis:29236623"
    178 "870970-basis:23142392"
    179 "870970-basis:28356463"
    181 "870970-basis:29051690"
    182 "870970-basis:50520730"
    183 "870970-basis:27997570"
    184 "870970-basis:27423647"
    185 "870970-basis:22277634"
    187 "870970-basis:22893645"
    187 "870970-basis:26208432"
    190 "870970-basis:20708182"
    190 "870970-basis:28533276"
    191 "870970-basis:23625679"
    191 "870970-basis:28399499"
    192 "870970-basis:45226409"
    193 "870970-basis:27592805"
    193 "870970-basis:28209754"
    194 "870970-basis:29265887"
    195 "870970-basis:25120949"
    196 "870970-basis:28977522"
    197 "870970-basis:21085766"
    197 "870970-basis:26768322"
    197 "870970-basis:27081738"
    198 "870970-basis:28257856"
    200 "870970-basis:26229227"
    200 "870970-basis:28936540"
    202 "810010-katalog:000276564"
    202 "870970-basis:23888491"
    203 "870970-basis:21824054"
    203 "870970-basis:29523606"
    204 "870970-basis:06749534"
    206 "870970-basis:05846242"
    207 "870970-basis:28799721"
    209 "870970-basis:21846384"
    212 "870970-basis:27723942"
    214 "870970-basis:26251419"
    216 "870970-basis:27256430"
    216 "870970-basis:29754519"
    217 "870970-basis:27723810"
    219 "870970-basis:43590669"
    223 "870970-basis:29269815"
    226 "870970-basis:28511663"
    228 "870970-basis:05074975"
    229 "870970-basis:24306232"
    230 "870970-basis:28424671"
    231 "870970-basis:26076544"
    232 "870970-basis:05092973"
    232 "870970-basis:06939317"
    248 "870970-basis:22653164"
    253 "870970-basis:22406213"
    254 "870970-basis:25797736"
    258 "870970-basis:29494940"
    261 "820010-katalog:2459966"
    265 "870970-basis:20349530"
    271 "870970-basis:22873482"
    272 "870970-basis:00964352"
    277 "870970-basis:29489483"
    283 "870970-basis:05172403"
    293 "870970-basis:05123194"
    294 "870970-basis:25286235"
    295 "870970-basis:07071442"
    307 "870970-basis:00767840"
    308 "870970-basis:05060540"
    309 "870970-basis:05123208"
    310 "870970-basis:01654233"
    311 "870970-basis:06894186"
    312 "870970-basis:05060370"
    317 "870970-basis:05060427"
    317 "870970-basis:05172411"
    323 "870970-basis:07071477"
    330 "870970-basis:05419859"
    331 "870970-basis:22579215"
    336 "870970-basis:06894100"
    340 "870970-basis:05126541"
    342 "870970-basis:00964395"
    342 "870970-basis:05060419"
    355 "870970-basis:06894216"
    357 "870970-basis:07071604"
    376 "870970-basis:07071760"
    767 "870970-basis:25683463"
