    111 "870970-basis:28331142"
    111 "870970-basis:28742886"
    113 "870970-basis:27423647"
    113 "870970-basis:28785186"
    113 "870970-basis:28838654"
    113 "870970-basis:29523606"
    113 "870970-basis:51298721"
    114 "870970-basis:25901576"
    115 "870970-basis:24819515"
    115 "870970-basis:25721101"
    115 "870970-basis:28209622"
    116 "870970-basis:06939317"
    116 "870970-basis:27266304"
    116 "870970-basis:28220405"
    117 "870970-basis:22277634"
    117 "870970-basis:28527748"
    118 "870970-basis:43590669"
    119 "870970-basis:25941349"
    120 "870970-basis:25351282"
    120 "870970-basis:26820359"
    120 "870970-basis:45060136"
    122 "870970-basis:27585299"
    123 "870970-basis:22653164"
    125 "758000-katalog:93204271"
    125 "870970-basis:04978617"
    125 "870970-basis:29066019"
    126 "870970-basis:24306232"
    126 "870970-basis:27266428"
    127 "870970-basis:27723810"
    127 "870970-basis:44996596"
    128 "870970-basis:05074975"
    128 "870970-basis:28424671"
    130 "870970-basis:28043872"
    131 "870970-basis:27787207"
    131 "870970-basis:27997570"
    131 "870970-basis:28554990"
    133 "870970-basis:50645169"
    134 "870970-basis:26496276"
    135 "870970-basis:06373674"
    136 "870970-basis:05092973"
    138 "870970-basis:28607857"
    139 "870970-basis:29630364"
    140 "870970-basis:22753797"
    140 "870970-basis:26193648"
    140 "870970-basis:26251419"
    141 "771000-katalog:90185543"
    142 "820010-katalog:2459966"
    143 "870970-basis:27256430"
    145 "870970-basis:45673332"
    147 "870970-basis:20349530"
    148 "870970-basis:22406213"
    148 "870970-basis:27482414"
    148 "870970-basis:28138482"
    153 "870970-basis:45226409"
    155 "870970-basis:50623300"
    156 "870970-basis:21852961"
    156 "870970-basis:26923530"
    156 "870970-basis:26973503"
    158 "870970-basis:28209754"
    158 "870970-basis:28257856"
    159 "870970-basis:25286235"
    160 "870970-basis:00964352"
    163 "870970-basis:25797736"
    171 "870970-basis:27081738"
    171 "870970-basis:27727247"
    176 "870970-basis:29595631"
    177 "870970-basis:28511663"
    182 "870970-basis:22994026"
    184 "870970-basis:26229227"
    190 "870970-basis:05172403"
    191 "870970-basis:05123194"
    194 "870970-basis:05172411"
    194 "870970-basis:29754519"
    195 "870970-basis:05060427"
    195 "870970-basis:05126541"
    198 "870970-basis:00767840"
    198 "870970-basis:05060370"
    198 "870970-basis:29265887"
    199 "870970-basis:06894186"
    203 "870970-basis:06894100"
    206 "870970-basis:05419859"
    209 "870970-basis:05123208"
    209 "870970-basis:07071442"
    211 "870970-basis:01654233"
    213 "870970-basis:05060540"
    214 "870970-basis:07071477"
    216 "870970-basis:07071760"
    216 "870970-basis:28936540"
    217 "870970-basis:28399499"
    220 "870970-basis:05060419"
    220 "870970-basis:07071604"
    225 "870970-basis:22579215"
    228 "870970-basis:00964395"
    239 "870970-basis:06894216"
    240 "870970-basis:29494940"
    245 "870970-basis:22873482"
    269 "870970-basis:26076544"
    275 "870970-basis:27592805"
    363 "870970-basis:29489483"
    591 "870970-basis:25683463"
