    135 "870970-basis:29051690"
    136 "870970-basis:20923059"
    136 "870970-basis:25120949"
    136 "870970-basis:26193648"
    137 "820010-katalog:4850459"
    137 "870970-basis:06763367"
    137 "870970-basis:23625679"
    138 "870970-basis:21085766"
    138 "870970-basis:28533276"
    139 "870970-basis:05025184"
    139 "870970-basis:27423647"
    139 "870970-basis:27727247"
    139 "870970-basis:28838700"
    141 "870970-basis:25707036"
    141 "870970-basis:28043872"
    141 "870970-basis:28939876"
    143 "810010-katalog:000276564"
    143 "870970-basis:21846384"
    143 "870970-basis:22753797"
    144 "870970-basis:21836931"
    144 "870970-basis:26251419"
    144 "870970-basis:28220405"
    144 "870970-basis:29974861"
    145 "870970-basis:29521263"
    145 "870970-basis:50520730"
    146 "870970-basis:29630364"
    147 "870970-basis:22994026"
    149 "771000-katalog:90185543"
    150 "870970-basis:29523606"
    155 "870970-basis:01235257"
    155 "870970-basis:45060136"
    156 "870970-basis:43590669"
    160 "870970-basis:05126533"
    160 "870970-basis:06749534"
    160 "870970-basis:27081738"
    161 "870970-basis:45226409"
    162 "870970-basis:28331142"
    164 "870970-basis:27997570"
    164 "870970-basis:45673332"
    165 "870970-basis:20708182"
    166 "870970-basis:22277634"
    167 "870970-basis:27723942"
    169 "870970-basis:24306232"
    169 "870970-basis:28799721"
    173 "870970-basis:28554990"
    176 "870970-basis:29595631"
    177 "870970-basis:05074975"
    178 "870970-basis:05846242"
    178 "870970-basis:29269815"
    180 "870970-basis:26923530"
    181 "870970-basis:25797736"
    181 "870970-basis:27256430"
    184 "870970-basis:28257856"
    186 "870970-basis:26973503"
    186 "870970-basis:28424671"
    188 "870970-basis:28399499"
    188 "870970-basis:28936540"
    189 "870970-basis:06939317"
    190 "870970-basis:28511663"
    191 "870970-basis:23888491"
    192 "870970-basis:28209754"
    194 "870970-basis:29754519"
    197 "870970-basis:22653164"
    197 "870970-basis:27723810"
    199 "870970-basis:25721101"
    199 "870970-basis:26229227"
    206 "870970-basis:00964352"
    206 "870970-basis:05092973"
    207 "870970-basis:20349530"
    209 "870970-basis:22406213"
    209 "870970-basis:29265887"
    234 "870970-basis:05172403"
    235 "870970-basis:22873482"
    236 "820010-katalog:2459966"
    236 "870970-basis:06894186"
    239 "870970-basis:05060540"
    242 "870970-basis:06894100"
    247 "870970-basis:05060370"
    248 "870970-basis:05419859"
    248 "870970-basis:26076544"
    251 "870970-basis:05123194"
    251 "870970-basis:07071442"
    256 "870970-basis:05123208"
    256 "870970-basis:06894216"
    259 "870970-basis:05060427"
    259 "870970-basis:05172411"
    261 "870970-basis:25286235"
    262 "870970-basis:07071477"
    264 "870970-basis:07071604"
    266 "870970-basis:27592805"
    267 "870970-basis:00767840"
    267 "870970-basis:01654233"
    268 "870970-basis:00964395"
    271 "870970-basis:05126541"
    274 "870970-basis:29494940"
    287 "870970-basis:05060419"
    288 "870970-basis:22579215"
    291 "870970-basis:07071760"
    342 "870970-basis:29489483"
    724 "870970-basis:25683463"
