    117 "870970-basis:26845572"
    117 "870970-basis:29953104"
    119 "870970-basis:22100912"
    119 "870970-basis:23100762"
    119 "870970-basis:25063287"
    119 "870970-basis:27325017"
    120 "870970-basis:22608134"
    120 "870970-basis:26984467"
    120 "870970-basis:27173640"
    120 "870970-basis:28936540"
    121 "870970-basis:24679705"
    121 "870970-basis:27081738"
    121 "870970-basis:27440908"
    123 "870970-basis:23716526"
    123 "870970-basis:28531680"
    125 "870970-basis:25388623"
    126 "870970-basis:26452384"
    127 "870970-basis:20541954"
    128 "870970-basis:22665626"
    128 "870970-basis:28209622"
    128 "870970-basis:28607857"
    128 "870970-basis:29060681"
    129 "870970-basis:20545720"
    129 "870970-basis:23460688"
    129 "870970-basis:25902440"
    129 "870970-basis:29265887"
    130 "870970-basis:26415470"
    131 "870970-basis:28516614"
    132 "870970-basis:06162355"
    133 "870970-basis:04978617"
    134 "758000-katalog:93204271"
    135 "870970-basis:29066019"
    136 "870970-basis:20802901"
    136 "870970-basis:45226409"
    139 "870970-basis:24259110"
    140 "870970-basis:26923530"
    141 "870970-basis:07324375"
    141 "870970-basis:22996118"
    142 "870970-basis:22434942"
    142 "870970-basis:27116191"
    142 "870970-basis:27354173"
    143 "870970-basis:22260766"
    143 "870970-basis:25926781"
    143 "870970-basis:27097979"
    144 "870970-basis:20711507"
    144 "870970-basis:26820359"
    144 "870970-basis:28043872"
    145 "870970-basis:29974861"
    146 "870970-basis:21082554"
    148 "870970-basis:50615049"
    149 "870970-basis:24163466"
    151 "870970-basis:25881990"
    151 "870970-basis:26266262"
    151 "870970-basis:27266428"
    152 "870970-basis:28257473"
    153 "870970-basis:26899621"
    153 "870970-basis:28844794"
    154 "870970-basis:26885566"
    155 "870970-basis:27724795"
    156 "870970-basis:26076544"
    157 "870970-basis:28065590"
    157 "870970-basis:28331142"
    157 "870970-basis:45673332"
    159 "870970-basis:28718993"
    163 "870970-basis:28511663"
    164 "870970-basis:21790834"
    164 "870970-basis:26111943"
    165 "870970-basis:27140564"
    170 "870970-basis:22770047"
    170 "870970-basis:27727247"
    172 "870970-basis:22873482"
    174 "870970-basis:28168217"
    175 "870970-basis:26136741"
    179 "870970-basis:27673031"
    180 "870970-basis:28399499"
    184 "870970-basis:25721101"
    184 "870970-basis:29754519"
    185 "870970-basis:23254123"
    190 "870970-basis:29595631"
    194 "870970-basis:27859003"
    196 "870970-basis:27114334"
    205 "870970-basis:27823149"
    205 "870970-basis:29106142"
    210 "870970-basis:28395655"
    218 "870970-basis:24819515"
    241 "870970-basis:25901576"
    245 "870970-basis:26193648"
    249 "870970-basis:21181633"
    250 "870970-basis:50645169"
    252 "870970-basis:27430740"
    262 "870970-basis:25683463"
    264 "870970-basis:27488935"
    271 "870970-basis:29494940"
    284 "870970-basis:28742886"
    290 "870970-basis:25941349"
    305 "870970-basis:28138482"
    328 "870970-basis:21852961"
    365 "870970-basis:22994026"
    679 "870970-basis:27592805"
    764 "870970-basis:29489483"
