    111 "870970-basis:26773350"
    113 "870970-basis:07071442"
    113 "870970-basis:07071477"
    113 "870970-basis:27597335"
    113 "870970-basis:29587353"
    114 "870970-basis:06930891"
    114 "870970-basis:28456433"
    115 "870970-basis:06162355"
    116 "870970-basis:00964395"
    116 "870970-basis:20545720"
    116 "870970-basis:26899621"
    116 "870970-basis:28516614"
    116 "870970-basis:45060136"
    117 "870970-basis:01654233"
    117 "870970-basis:05123194"
    117 "870970-basis:07071604"
    117 "870970-basis:22579215"
    119 "870970-basis:06894100"
    119 "870970-basis:24874443"
    119 "870970-basis:25926781"
    119 "870970-basis:28209622"
    121 "870970-basis:05060419"
    121 "870970-basis:25872533"
    122 "870970-basis:06894216"
    122 "870970-basis:27354173"
    123 "870970-basis:27325017"
    123 "870970-basis:28168217"
    124 "870970-basis:25316592"
    124 "870970-basis:26266262"
    124 "870970-basis:26452384"
    125 "870970-basis:26111943"
    125 "870970-basis:28844794"
    126 "870970-basis:05060427"
    126 "870970-basis:27173640"
    126 "870970-basis:50615049"
    128 "870970-basis:24163466"
    130 "870970-basis:22665626"
    131 "870970-basis:26973503"
    131 "870970-basis:27097979"
    131 "870970-basis:27116191"
    132 "870970-basis:27482414"
    132 "870970-basis:28209754"
    132 "870970-basis:29060681"
    133 "870970-basis:28718993"
    134 "870970-basis:27081738"
    134 "870970-basis:29974861"
    135 "870970-basis:28331142"
    137 "870970-basis:25881990"
    137 "870970-basis:45673332"
    138 "870970-basis:28043872"
    139 "758000-katalog:93204271"
    139 "870970-basis:27140564"
    141 "870970-basis:26820359"
    141 "870970-basis:27266428"
    141 "870970-basis:27724795"
    141 "870970-basis:29066019"
    142 "870970-basis:27440908"
    143 "870970-basis:23254123"
    146 "870970-basis:26923530"
    146 "870970-basis:45226409"
    147 "870970-basis:28065590"
    148 "870970-basis:26229227"
    148 "870970-basis:27114334"
    152 "870970-basis:28936540"
    153 "870970-basis:29265887"
    153 "870970-basis:50623300"
    155 "870970-basis:28607857"
    157 "870970-basis:26136741"
    157 "870970-basis:27859003"
    159 "870970-basis:22770047"
    161 "870970-basis:26885566"
    163 "870970-basis:21790834"
    166 "870970-basis:29106142"
    169 "870970-basis:27823149"
    175 "870970-basis:27430740"
    175 "870970-basis:27727247"
    181 "870970-basis:28511663"
    184 "870970-basis:27673031"
    190 "870970-basis:28395655"
    191 "870970-basis:24819515"
    192 "870970-basis:29754519"
    194 "870970-basis:25901576"
    200 "870970-basis:29595631"
    203 "870970-basis:22873482"
    203 "870970-basis:28399499"
    206 "870970-basis:21181633"
    212 "870970-basis:26193648"
    215 "870970-basis:27488935"
    226 "870970-basis:25721101"
    229 "870970-basis:28742886"
    231 "870970-basis:25941349"
    240 "870970-basis:26076544"
    258 "870970-basis:50645169"
    269 "870970-basis:28138482"
    292 "870970-basis:29494940"
    296 "870970-basis:21852961"
    300 "870970-basis:22994026"
    365 "870970-basis:25683463"
    522 "870970-basis:27592805"
    565 "870970-basis:29489483"
