    230 "870970-basis:45226409"
    231 "870970-basis:21085766"
    231 "870970-basis:27771912"
    231 "870970-basis:28446616"
    232 "870970-basis:26247888"
    237 "870970-basis:22254901"
    237 "870970-basis:27672493"
    238 "870970-basis:05497965"
    238 "870970-basis:27487394"
    238 "870970-basis:28939876"
    239 "870970-basis:29489483"
    240 "870970-basis:29630364"
    241 "870970-basis:05926890"
    241 "870970-basis:07259778"
    241 "870970-basis:23147211"
    243 "870970-basis:27367992"
    243 "870970-basis:27404588"
    243 "870970-basis:29051690"
    245 "870970-basis:20916079"
    245 "870970-basis:21846384"
    245 "870970-basis:23142392"
    247 "870970-basis:28239106"
    252 "870970-basis:26208432"
    254 "870970-basis:23625679"
    254 "870970-basis:28785186"
    255 "870970-basis:25707036"
    256 "870970-basis:28799721"
    257 "870970-basis:22873482"
    258 "870970-basis:05074975"
    258 "870970-basis:28176481"
    260 "870970-basis:29572232"
    263 "870970-basis:27654053"
    266 "870970-basis:27262546"
    266 "870970-basis:27723810"
    268 "870970-basis:06763367"
    268 "870970-basis:24741133"
    268 "870970-basis:50507009"
    269 "870970-basis:20708182"
    269 "870970-basis:28511663"
    269 "870970-basis:43590669"
    272 "870970-basis:28646526"
    273 "870970-basis:26116309"
    275 "870970-basis:27723942"
    276 "870970-basis:01647105"
    282 "870970-basis:28424671"
    283 "870970-basis:21824054"
    283 "870970-basis:27423647"
    284 "870970-basis:29754519"
    285 "870970-basis:28185871"
    285 "870970-basis:29465649"
    286 "870970-basis:21836931"
    286 "870970-basis:28322674"
    289 "870970-basis:28906730"
    290 "870970-basis:05025184"
    291 "870970-basis:26251419"
    292 "870970-basis:29646066"
    293 "870970-basis:06749534"
    295 "870970-basis:26768322"
    296 "870970-basis:27404596"
    297 "870970-basis:23888491"
    302 "870970-basis:05846242"
    304 "870970-basis:29494940"
    306 "870970-basis:05126533"
    307 "870970-basis:06939317"
    309 "870970-basis:25120949"
    315 "870970-basis:05092973"
    316 "810010-katalog:000276564"
    323 "870970-basis:24306232"
    324 "870970-basis:22893645"
    337 "870970-basis:29269815"
    353 "870970-basis:25797736"
    358 "870970-basis:07071442"
    359 "870970-basis:05172411"
    361 "870970-basis:06894100"
    362 "870970-basis:00964352"
    362 "870970-basis:20349530"
    365 "820010-katalog:2459966"
    367 "870970-basis:27256430"
    369 "870970-basis:01654233"
    370 "870970-basis:06894186"
    372 "870970-basis:25286235"
    373 "870970-basis:00767840"
    373 "870970-basis:05060427"
    375 "870970-basis:05060540"
    376 "870970-basis:05060370"
    377 "870970-basis:07071760"
    378 "870970-basis:05123208"
    382 "870970-basis:05172403"
    383 "870970-basis:22653164"
    387 "870970-basis:05060419"
    387 "870970-basis:05123194"
    401 "870970-basis:05419859"
    412 "870970-basis:00964395"
    413 "870970-basis:22406213"
    415 "870970-basis:07071604"
    425 "870970-basis:07071477"
    429 "870970-basis:06894216"
    461 "870970-basis:05126541"
    499 "870970-basis:22579215"
   1105 "870970-basis:25683463"
