    147 "870970-basis:28043872"
    148 "870970-basis:27346928"
    149 "870970-basis:22434942"
    149 "870970-basis:25842049"
    149 "870970-basis:26923530"
    149 "870970-basis:29034338"
    150 "870970-basis:25388623"
    150 "870970-basis:45673332"
    151 "870970-basis:22665626"
    151 "870970-basis:29060681"
    152 "870970-basis:20939966"
    153 "870970-basis:27393969"
    155 "870970-basis:28084579"
    156 "870970-basis:22996118"
    156 "870970-basis:25721101"
    156 "870970-basis:26773350"
    157 "870970-basis:28531494"
    158 "870970-basis:22636510"
    158 "870970-basis:23460688"
    159 "870970-basis:27116191"
    160 "870970-basis:25683463"
    161 "870970-basis:29922993"
    162 "870970-basis:29754519"
    163 "870970-basis:22747258"
    164 "870970-basis:27958230"
    165 "870970-basis:26984467"
    169 "870970-basis:20802901"
    169 "870970-basis:27854125"
    170 "870970-basis:24943186"
    171 "870970-basis:28028806"
    172 "870970-basis:28516614"
    174 "870970-basis:06930891"
    175 "870970-basis:07324375"
    176 "870970-basis:20711507"
    176 "870970-basis:23716526"
    177 "870970-basis:26452384"
    178 "870970-basis:24259110"
    178 "870970-basis:27354173"
    179 "870970-basis:28226098"
    180 "870970-basis:23100762"
    181 "870970-basis:29248958"
    186 "870970-basis:29974861"
    187 "870970-basis:28729944"
    187 "870970-basis:50615049"
    189 "870970-basis:22466704"
    189 "870970-basis:28718993"
    192 "870970-basis:06162355"
    192 "870970-basis:20545720"
    193 "870970-basis:26885566"
    193 "870970-basis:28331142"
    197 "758000-katalog:93204271"
    199 "870970-basis:28511663"
    201 "870970-basis:29595631"
    203 "870970-basis:27325017"
    203 "870970-basis:27440908"
    203 "870970-basis:28458649"
    205 "870970-basis:21082554"
    205 "870970-basis:27724795"
    207 "870970-basis:25902440"
    208 "870970-basis:28168217"
    210 "870970-basis:22260766"
    214 "870970-basis:24163466"
    221 "870970-basis:28531680"
    223 "870970-basis:21790834"
    224 "870970-basis:20541954"
    224 "870970-basis:27097979"
    227 "870970-basis:23254123"
    235 "870970-basis:26899621"
    237 "870970-basis:28844794"
    240 "870970-basis:50628485"
    241 "870970-basis:26136741"
    243 "870970-basis:25881990"
    247 "870970-basis:27114334"
    264 "870970-basis:29106142"
    265 "870970-basis:26266262"
    266 "870970-basis:28257473"
    270 "870970-basis:26111943"
    270 "870970-basis:27673031"
    270 "870970-basis:28065590"
    274 "870970-basis:22770047"
    280 "870970-basis:29494940"
    282 "870970-basis:29047979"
    296 "870970-basis:27140564"
    304 "870970-basis:28395655"
    307 "870970-basis:27859003"
    310 "870970-basis:21181633"
    323 "870970-basis:27488935"
    325 "870970-basis:50645169"
    328 "870970-basis:25941349"
    331 "870970-basis:24819515"
    332 "870970-basis:26193648"
    356 "870970-basis:27823149"
    370 "870970-basis:28138482"
    412 "870970-basis:21852961"
    417 "870970-basis:25901576"
    428 "870970-basis:27430740"
    460 "870970-basis:22994026"
    496 "870970-basis:28742886"
    836 "870970-basis:27592805"
   1061 "870970-basis:29489483"
