    112 "870970-basis:25926781"
    112 "870970-basis:27997570"
    113 "870970-basis:27585299"
    113 "870970-basis:27597335"
    114 "870970-basis:06373674"
    115 "870970-basis:05172403"
    116 "870970-basis:24163466"
    116 "870970-basis:28209622"
    117 "870970-basis:23254123"
    117 "870970-basis:26496276"
    118 "870970-basis:26885566"
    118 "870970-basis:27673031"
    118 "870970-basis:27724795"
    120 "870970-basis:28220405"
    121 "870970-basis:26136741"
    121 "870970-basis:27266304"
    121 "870970-basis:27787207"
    121 "870970-basis:29587353"
    122 "870970-basis:27140564"
    123 "820010-katalog:2459966"
    123 "870970-basis:05123194"
    123 "870970-basis:26266262"
    124 "771000-katalog:90185543"
    124 "870970-basis:26820359"
    125 "870970-basis:27173640"
    125 "870970-basis:27859003"
    125 "870970-basis:28065590"
    126 "870970-basis:05060370"
    126 "870970-basis:05092973"
    126 "870970-basis:05123208"
    128 "870970-basis:25286235"
    128 "870970-basis:28257856"
    128 "870970-basis:29974861"
    129 "870970-basis:45673332"
    130 "870970-basis:00767840"
    130 "870970-basis:04978617"
    130 "870970-basis:06185657"
    131 "870970-basis:05060540"
    131 "870970-basis:27114334"
    131 "870970-basis:45060136"
    132 "870970-basis:05419859"
    134 "870970-basis:50623300"
    135 "870970-basis:22277634"
    138 "870970-basis:07071442"
    141 "870970-basis:05060427"
    141 "870970-basis:05172411"
    142 "870970-basis:05126541"
    142 "874310-katalog:DBB0019369"
    148 "870970-basis:07071760"
    148 "870970-basis:27081738"
    149 "870970-basis:06894100"
    149 "870970-basis:27482414"
    149 "870970-basis:29066019"
    150 "870970-basis:06894186"
    151 "870970-basis:05060419"
    151 "870970-basis:27430740"
    151 "870970-basis:45226409"
    152 "870970-basis:27266428"
    152 "870970-basis:29106142"
    153 "870970-basis:24819515"
    153 "870970-basis:26923530"
    156 "870970-basis:00964395"
    156 "870970-basis:01654233"
    156 "870970-basis:07071604"
    156 "870970-basis:28607857"
    158 "870970-basis:07071477"
    158 "870970-basis:25721101"
    163 "870970-basis:28209754"
    163 "870970-basis:28395655"
    164 "870970-basis:25941349"
    165 "870970-basis:21181633"
    165 "870970-basis:27823149"
    165 "870970-basis:28936540"
    166 "870970-basis:22579215"
    166 "870970-basis:29595631"
    168 "758000-katalog:93204271"
    168 "870970-basis:27488935"
    173 "870970-basis:27727247"
    174 "870970-basis:25901576"
    174 "870970-basis:28331142"
    178 "870970-basis:26193648"
    180 "870970-basis:06894216"
    181 "870970-basis:28043872"
    183 "870970-basis:26229227"
    184 "870970-basis:26973503"
    189 "870970-basis:29265887"
    192 "870970-basis:28742886"
    192 "870970-basis:50645169"
    200 "870970-basis:21852961"
    200 "870970-basis:28511663"
    203 "870970-basis:29754519"
    206 "870970-basis:28138482"
    236 "870970-basis:28399499"
    238 "870970-basis:22994026"
    242 "870970-basis:26076544"
    243 "870970-basis:22873482"
    276 "870970-basis:29494940"
    435 "870970-basis:27592805"
    494 "870970-basis:25683463"
    499 "870970-basis:29489483"
