    140 "870970-basis:25872533"
    140 "870970-basis:28012578"
    141 "870970-basis:27727247"
    141 "870970-basis:28084579"
    143 "870970-basis:25316592"
    144 "870970-basis:20545720"
    144 "870970-basis:26415470"
    144 "870970-basis:26744121"
    144 "870970-basis:27958230"
    145 "870970-basis:25926781"
    145 "870970-basis:27159834"
    146 "870970-basis:24583899"
    146 "870970-basis:27346928"
    146 "870970-basis:29922993"
    148 "870970-basis:29531943"
    149 "870970-basis:24679705"
    149 "870970-basis:26984467"
    150 "870970-basis:22434942"
    152 "870970-basis:06930891"
    152 "870970-basis:20711507"
    152 "870970-basis:23460688"
    152 "870970-basis:28043872"
    153 "810010-katalog:003162003"
    155 "870970-basis:29754519"
    156 "870970-basis:45673332"
    158 "870970-basis:07324375"
    158 "870970-basis:22996118"
    159 "758000-katalog:93204271"
    159 "870970-basis:26773350"
    159 "870970-basis:26820359"
    159 "870970-basis:27116191"
    160 "870970-basis:26923530"
    161 "870970-basis:28028806"
    162 "870970-basis:06162355"
    162 "870970-basis:22466704"
    162 "870970-basis:24943186"
    164 "870970-basis:20802901"
    164 "870970-basis:24259110"
    166 "870970-basis:26845572"
    166 "870970-basis:29974861"
    168 "870970-basis:22665626"
    169 "870970-basis:28226098"
    177 "870970-basis:22260766"
    177 "870970-basis:28531680"
    178 "870970-basis:27325017"
    180 "870970-basis:26452384"
    180 "870970-basis:27393969"
    183 "870970-basis:27354173"
    186 "870970-basis:27097979"
    189 "870970-basis:25902440"
    191 "870970-basis:50615049"
    193 "870970-basis:28718993"
    194 "870970-basis:28257473"
    194 "870970-basis:28511663"
    195 "870970-basis:20541954"
    195 "870970-basis:24163466"
    195 "870970-basis:27440908"
    196 "870970-basis:27114334"
    196 "870970-basis:28516614"
    197 "870970-basis:29047979"
    197 "870970-basis:29595631"
    198 "870970-basis:28331142"
    200 "870970-basis:27724795"
    202 "870970-basis:25683463"
    203 "870970-basis:21082554"
    204 "870970-basis:25881990"
    206 "870970-basis:28844794"
    208 "870970-basis:21790834"
    208 "870970-basis:50628485"
    209 "870970-basis:26111943"
    211 "870970-basis:22770047"
    212 "870970-basis:26899621"
    214 "870970-basis:26885566"
    219 "870970-basis:28168217"
    226 "870970-basis:27140564"
    227 "870970-basis:28065590"
    230 "870970-basis:23254123"
    243 "870970-basis:25721101"
    249 "870970-basis:26136741"
    250 "870970-basis:26266262"
    276 "870970-basis:27673031"
    277 "870970-basis:28395655"
    278 "870970-basis:27859003"
    290 "870970-basis:29494940"
    291 "870970-basis:29106142"
    301 "870970-basis:27823149"
    306 "870970-basis:21181633"
    312 "870970-basis:26193648"
    314 "870970-basis:24819515"
    332 "870970-basis:27488935"
    343 "870970-basis:25941349"
    345 "870970-basis:50645169"
    364 "870970-basis:27430740"
    388 "870970-basis:25901576"
    389 "870970-basis:28742886"
    405 "870970-basis:21852961"
    416 "870970-basis:28138482"
    440 "870970-basis:22994026"
    866 "870970-basis:27592805"
    996 "870970-basis:29489483"
