    189 "870970-basis:01235257"
    189 "870970-basis:22254901"
    189 "870970-basis:28446616"
    189 "870970-basis:29595631"
    190 "870970-basis:29592438"
    191 "870970-basis:28977522"
    192 "870970-basis:27592805"
    193 "870970-basis:29521263"
    196 "870970-basis:28939876"
    197 "870970-basis:28257856"
    197 "870970-basis:29579326"
    198 "870970-basis:22277634"
    198 "870970-basis:23625679"
    198 "870970-basis:50507009"
    199 "870970-basis:20923059"
    200 "870970-basis:05926890"
    200 "870970-basis:26116309"
    201 "870970-basis:29523606"
    202 "870970-basis:27997570"
    202 "870970-basis:29572232"
    203 "870970-basis:27654053"
    204 "870970-basis:23142392"
    204 "870970-basis:28533276"
    205 "870970-basis:06763367"
    205 "870970-basis:28262582"
    207 "870970-basis:29051690"
    209 "870970-basis:26768322"
    209 "870970-basis:28185871"
    211 "870970-basis:27367992"
    211 "870970-basis:28646526"
    213 "870970-basis:25707036"
    213 "870970-basis:27262546"
    215 "870970-basis:21836931"
    215 "870970-basis:26208432"
    215 "870970-basis:27404596"
    215 "870970-basis:28239106"
    215 "870970-basis:29754519"
    217 "870970-basis:21085766"
    217 "870970-basis:28785186"
    218 "870970-basis:29646066"
    220 "870970-basis:22873482"
    222 "870970-basis:28322674"
    223 "870970-basis:26076544"
    223 "870970-basis:28511663"
    224 "870970-basis:24741133"
    225 "870970-basis:28424671"
    226 "870970-basis:21846384"
    227 "870970-basis:01647105"
    227 "870970-basis:05025184"
    230 "870970-basis:27423647"
    233 "870970-basis:21824054"
    233 "870970-basis:22893645"
    233 "870970-basis:43590669"
    234 "870970-basis:27723942"
    244 "870970-basis:05126533"
    254 "870970-basis:29494940"
    255 "810010-katalog:000276564"
    255 "870970-basis:27723810"
    256 "870970-basis:05074975"
    258 "870970-basis:26251419"
    261 "870970-basis:06749534"
    264 "870970-basis:20708182"
    264 "870970-basis:29489483"
    265 "870970-basis:25120949"
    265 "870970-basis:29269815"
    267 "870970-basis:05846242"
    285 "870970-basis:05092973"
    295 "870970-basis:23888491"
    304 "870970-basis:24306232"
    306 "870970-basis:25797736"
    307 "870970-basis:00964352"
    309 "870970-basis:20349530"
    313 "870970-basis:06939317"
    314 "870970-basis:05060427"
    326 "870970-basis:22653164"
    328 "870970-basis:06894100"
    329 "870970-basis:25286235"
    333 "870970-basis:05172403"
    334 "870970-basis:00767840"
    337 "870970-basis:01654233"
    339 "870970-basis:05060370"
    340 "820010-katalog:2459966"
    341 "870970-basis:05419859"
    344 "870970-basis:05123208"
    344 "870970-basis:27256430"
    346 "870970-basis:05172411"
    346 "870970-basis:07071442"
    347 "870970-basis:07071760"
    349 "870970-basis:22406213"
    352 "870970-basis:05060540"
    352 "870970-basis:06894186"
    365 "870970-basis:00964395"
    369 "870970-basis:05060419"
    373 "870970-basis:07071604"
    376 "870970-basis:05123194"
    377 "870970-basis:22579215"
    393 "870970-basis:07071477"
    396 "870970-basis:06894216"
    423 "870970-basis:05126541"
    906 "870970-basis:25683463"
