    158 "870970-basis:26074347"
    158 "870970-basis:28802293"
    160 "870970-basis:28947321"
    161 "870970-basis:23780062"
    161 "870970-basis:27019935"
    161 "870970-basis:29051860"
    163 "870970-basis:28183380"
    164 "870970-basis:29265828"
    165 "870970-basis:28664761"
    167 "870970-basis:51381696"
    168 "870970-basis:25915356"
    171 "870970-basis:28344368"
    172 "870970-basis:27767443"
    172 "870970-basis:29195463"
    172 "870970-basis:29456933"
    173 "870970-basis:26521602"
    175 "870970-basis:26263336"
    175 "870970-basis:27609473"
    177 "870970-basis:25570634"
    177 "870970-basis:25915399"
    178 "870970-basis:26206472"
    178 "874310-katalog:DBB0041584"
    180 "870970-basis:25807995"
    180 "870970-basis:27557880"
    181 "870970-basis:29514984"
    182 "870970-basis:29494940"
    184 "870970-basis:28220545"
    185 "870970-basis:28478372"
    187 "870970-basis:29534527"
    190 "870970-basis:28112688"
    190 "870970-basis:29898154"
    195 "870970-basis:27430309"
    195 "870970-basis:28194293"
    198 "870970-basis:28665024"
    200 "870970-basis:27379494"
    201 "870970-basis:26521637"
    202 "870970-basis:26917921"
    203 "870970-basis:29456968"
    204 "870970-basis:24880605"
    204 "870970-basis:25791908"
    205 "870970-basis:50589110"
    207 "870970-basis:28543816"
    208 "870970-basis:27589375"
    209 "870970-basis:28313187"
    209 "870970-basis:29584273"
    211 "870970-basis:23154382"
    213 "870970-basis:28975759"
    214 "870970-basis:27695183"
    217 "870970-basis:25798171"
    217 "870970-basis:28285507"
    217 "870970-basis:29415439"
    218 "870970-basis:28331274"
    219 "870970-basis:26913004"
    219 "870970-basis:28714394"
    222 "870970-basis:29509158"
    224 "870970-basis:22375733"
    226 "870970-basis:27957889"
    226 "870970-basis:28356307"
    229 "870970-basis:22639862"
    232 "870970-basis:27103871"
    238 "870970-basis:28813910"
    238 "870970-basis:29649103"
    258 "870970-basis:25801431"
    258 "870970-basis:27858791"
    259 "870970-basis:27335144"
    259 "870970-basis:28506430"
    264 "870970-basis:23672626"
    266 "870970-basis:49327978"
    271 "870970-basis:26391148"
    274 "870970-basis:28381689"
    275 "870970-basis:27670768"
    277 "870970-basis:29456941"
    280 "870970-basis:28996411"
    289 "870970-basis:27986404"
    293 "870970-basis:28298781"
    306 "870970-basis:27204260"
    306 "870970-basis:28183488"
    325 "870970-basis:27116213"
    336 "870970-basis:22252852"
    343 "870970-basis:27768962"
    347 "870970-basis:28693699"
    390 "870970-basis:28116047"
    402 "870970-basis:26837235"
    422 "870970-basis:25493478"
    428 "870970-basis:29560749"
    434 "870970-basis:28394438"
    438 "870970-basis:29298130"
    440 "870970-basis:50986942"
    471 "870970-basis:26568498"
    500 "870970-basis:28996381"
    503 "870970-basis:28290853"
    506 "870970-basis:26778190"
    541 "870970-basis:50600483"
    562 "870970-basis:50997545"
    573 "870970-basis:27560253"
    584 "870970-basis:29303576"
    610 "870970-basis:02231336"
    772 "870970-basis:26799325"
    838 "870970-basis:50607712"
   1818 "870970-basis:28331142"
