    143 "870970-basis:27854125"
    143 "870970-basis:28711204"
    143 "870970-basis:45673332"
    144 "870970-basis:26452384"
    145 "870970-basis:28453604"
    145 "870970-basis:28612389"
    146 "870970-basis:24259110"
    146 "870970-basis:28511663"
    147 "870970-basis:26845572"
    147 "870970-basis:28932995"
    149 "870970-basis:29754519"
    149 "870970-basis:49381999"
    150 "870970-basis:26923530"
    151 "870970-basis:22665626"
    151 "870970-basis:23100762"
    152 "810010-katalog:003162003"
    153 "870970-basis:24853195"
    154 "870970-basis:06162355"
    154 "870970-basis:28028806"
    155 "758000-katalog:93204271"
    157 "870970-basis:50514528"
    158 "870970-basis:27325017"
    159 "870970-basis:23716526"
    160 "870970-basis:27393969"
    160 "870970-basis:27440908"
    161 "870970-basis:04978617"
    161 "870970-basis:25683463"
    161 "870970-basis:27438075"
    161 "870970-basis:28718993"
    163 "870970-basis:28459777"
    164 "870970-basis:27354173"
    165 "870970-basis:25374185"
    166 "870970-basis:28516614"
    168 "870970-basis:27116191"
    169 "870970-basis:26885566"
    170 "870970-basis:28012578"
    170 "870970-basis:28081634"
    170 "870970-basis:29974861"
    176 "870970-basis:24943186"
    178 "870970-basis:27958230"
    181 "870970-basis:28458649"
    183 "870970-basis:26820359"
    183 "870970-basis:29248958"
    185 "870970-basis:27724795"
    185 "870970-basis:50628639"
    187 "870970-basis:28729944"
    188 "870970-basis:25881990"
    194 "870970-basis:07324375"
    194 "870970-basis:28168217"
    194 "870970-basis:28531494"
    194 "870970-basis:29922993"
    195 "870970-basis:23254123"
    196 "870970-basis:29595631"
    200 "870970-basis:20711507"
    201 "870970-basis:21790834"
    208 "870970-basis:28226098"
    210 "870970-basis:50615049"
    211 "870970-basis:28084579"
    213 "870970-basis:28844794"
    215 "870970-basis:28531680"
    217 "870970-basis:21082554"
    217 "870970-basis:22747258"
    220 "870970-basis:27114334"
    226 "870970-basis:26136741"
    226 "870970-basis:27097979"
    233 "870970-basis:29106142"
    234 "870970-basis:26111943"
    234 "870970-basis:26899621"
    239 "870970-basis:24163466"
    239 "870970-basis:27859003"
    246 "870970-basis:27673031"
    248 "870970-basis:25721101"
    248 "870970-basis:28065590"
    249 "870970-basis:25941349"
    250 "870970-basis:50628485"
    259 "870970-basis:28395655"
    260 "870970-basis:25902440"
    263 "870970-basis:22260766"
    264 "870970-basis:20541954"
    280 "870970-basis:24819515"
    283 "870970-basis:28331142"
    288 "870970-basis:27488935"
    291 "870970-basis:22770047"
    294 "870970-basis:21181633"
    297 "870970-basis:29047979"
    300 "870970-basis:26193648"
    310 "870970-basis:28257473"
    312 "870970-basis:26266262"
    316 "870970-basis:29494940"
    317 "870970-basis:28138482"
    326 "870970-basis:27140564"
    326 "870970-basis:50645169"
    351 "870970-basis:21852961"
    402 "870970-basis:25901576"
    440 "870970-basis:22994026"
    450 "870970-basis:27823149"
    463 "870970-basis:28742886"
    466 "870970-basis:27430740"
    828 "870970-basis:27592805"
   1077 "870970-basis:29489483"
