    163 "870970-basis:25915399"
    163 "870970-basis:26074347"
    163 "870970-basis:26263336"
    163 "870970-basis:26471060"
    163 "870970-basis:27940234"
    163 "870970-basis:28563213"
    163 "870970-basis:29595631"
    164 "870970-basis:28934432"
    164 "870970-basis:29272425"
    165 "870970-basis:27589375"
    167 "870970-basis:26471028"
    168 "870970-basis:25888847"
    168 "870970-basis:26886120"
    169 "870970-basis:26319099"
    169 "870970-basis:27379494"
    170 "870970-basis:25915356"
    170 "870970-basis:28816324"
    172 "870970-basis:24227928"
    172 "870970-basis:26074479"
    173 "870970-basis:29415439"
    173 "870970-basis:29584273"
    174 "870970-basis:27103871"
    174 "870970-basis:28412533"
    176 "870970-basis:28802293"
    176 "870970-basis:50603822"
    177 "870970-basis:28388438"
    177 "870970-basis:28636121"
    179 "870970-basis:28438222"
    180 "870970-basis:25807995"
    181 "870970-basis:28112688"
    181 "870970-basis:29509158"
    182 "870970-basis:29170711"
    184 "870970-basis:26917921"
    185 "870970-basis:28220545"
    186 "870970-basis:27957889"
    188 "870970-basis:29514984"
    189 "870970-basis:26391148"
    190 "870970-basis:25791908"
    192 "870970-basis:24880605"
    194 "870970-basis:22639862"
    195 "870970-basis:29456941"
    196 "870970-basis:26319064"
    196 "870970-basis:28478372"
    196 "870970-basis:29649103"
    198 "870970-basis:25798171"
    202 "870970-basis:23154382"
    202 "870970-basis:23672626"
    203 "870970-basis:29898154"
    204 "870970-basis:28813910"
    205 "870970-basis:27430309"
    205 "870970-basis:28356307"
    206 "870970-basis:27103677"
    206 "870970-basis:28300549"
    209 "870970-basis:28543816"
    212 "870970-basis:28331274"
    215 "870970-basis:28665024"
    221 "870970-basis:28975759"
    224 "870970-basis:28194293"
    229 "870970-basis:28313187"
    232 "870970-basis:22375733"
    238 "870970-basis:27858791"
    244 "870970-basis:27695183"
    251 "870970-basis:28714394"
    254 "870970-basis:28506430"
    254 "870970-basis:29494940"
    256 "870970-basis:27335144"
    258 "870970-basis:28285507"
    264 "870970-basis:22252852"
    268 "870970-basis:27670768"
    271 "870970-basis:28996411"
    272 "870970-basis:27768962"
    276 "870970-basis:28394438"
    281 "870970-basis:27986404"
    296 "870970-basis:27204260"
    304 "870970-basis:50986942"
    306 "870970-basis:28298781"
    310 "870970-basis:28693699"
    325 "870970-basis:28381689"
    328 "870970-basis:25801431"
    335 "870970-basis:28116047"
    345 "870970-basis:27116213"
    353 "870970-basis:28183488"
    358 "870970-basis:26913004"
    363 "870970-basis:25570634"
    376 "870970-basis:50997545"
    395 "870970-basis:29560749"
    440 "870970-basis:29298130"
    447 "870970-basis:02231336"
    463 "870970-basis:28290853"
    469 "870970-basis:28996381"
    484 "870970-basis:29303576"
    504 "870970-basis:25493478"
    534 "870970-basis:26568498"
    626 "870970-basis:50600483"
    694 "870970-basis:50607712"
    733 "870970-basis:26837235"
    776 "870970-basis:26799325"
    804 "870970-basis:26778190"
    822 "870970-basis:27560253"
   1618 "870970-basis:28331142"
