    107 "870970-basis:25801431"
    108 "870970-basis:23154382"
    108 "870970-basis:28090099"
    109 "870970-basis:28313187"
    110 "870970-basis:27895395"
    110 "870970-basis:28506430"
    111 "870970-basis:26820359"
    111 "870970-basis:27489540"
    112 "870970-basis:26206472"
    112 "870970-basis:28194293"
    113 "870970-basis:22509632"
    114 "870970-basis:23209330"
    114 "870970-basis:25570634"
    115 "870970-basis:25697073"
    116 "870970-basis:21437557"
    117 "870970-basis:25505832"
    117 "870970-basis:44646218"
    118 "870970-basis:22364448"
    120 "870970-basis:25807995"
    120 "870970-basis:29406448"
    122 "870970-basis:20802901"
    122 "870970-basis:27670768"
    122 "870970-basis:27695183"
    123 "870970-basis:22639862"
    124 "870970-basis:23391872"
    125 "870970-basis:22375733"
    125 "870970-basis:27190731"
    125 "870970-basis:28285507"
    125 "870970-basis:29303576"
    126 "870970-basis:24880605"
    126 "870970-basis:27858791"
    127 "870970-basis:20186356"
    127 "870970-basis:28511663"
    128 "870970-basis:28996411"
    128 "870970-basis:29974861"
    129 "870970-basis:27768962"
    130 "870970-basis:22751662"
    131 "870970-basis:28202318"
    132 "870970-basis:01362984"
    132 "870970-basis:21500674"
    132 "870970-basis:25888847"
    132 "870970-basis:27633331"
    132 "870970-basis:28347839"
    133 "758000-katalog:93204271"
    134 "830690-katalog:93124596"
    134 "870970-basis:29060681"
    135 "870970-basis:28381689"
    136 "870970-basis:02231336"
    136 "870970-basis:06058728"
    139 "870970-basis:24260844"
    139 "870970-basis:50760480"
    144 "820050-katalog:001012121"
    149 "870970-basis:25493478"
    149 "870970-basis:27335144"
    149 "870970-basis:50986942"
    154 "870970-basis:28752784"
    156 "870970-basis:26923530"
    157 "870970-basis:27986404"
    161 "870970-basis:26750288"
    161 "870970-basis:27116213"
    162 "870970-basis:04978617"
    164 "870970-basis:26913004"
    164 "870970-basis:28298781"
    165 "870970-basis:23672626"
    167 "870970-basis:05000181"
    167 "870970-basis:26917921"
    167 "870970-basis:29298130"
    167 "870970-basis:50997545"
    171 "870970-basis:27682243"
    173 "870970-basis:28822030"
    176 "870970-basis:28183488"
    182 "870970-basis:28996381"
    183 "870970-basis:22252852"
    185 "870970-basis:28693699"
    187 "870970-basis:29276307"
    188 "870970-basis:28300549"
    189 "870970-basis:27204260"
    190 "870970-basis:03644669"
    193 "870970-basis:50645169"
    194 "870970-basis:29560749"
    197 "870970-basis:04034570"
    197 "870970-basis:21181633"
    207 "870970-basis:24223795"
    210 "870970-basis:50607712"
    214 "870970-basis:22747258"
    215 "870970-basis:45673332"
    218 "870970-basis:26073723"
    227 "870970-basis:28116047"
    231 "870970-basis:26225221"
    260 "870970-basis:26568498"
    269 "870970-basis:25721101"
    281 "870970-basis:28290853"
    288 "870970-basis:50600483"
    293 "870970-basis:29595631"
    318 "870970-basis:26837235"
    345 "870970-basis:27560253"
    458 "870970-basis:29494940"
    484 "870970-basis:26778190"
    484 "870970-basis:26799325"
    689 "870970-basis:28331142"
