    103 "870970-basis:21526207"
    103 "870970-basis:25503767"
    103 "870970-basis:27430740"
    103 "870970-basis:28194293"
    104 "870970-basis:25888847"
    104 "870970-basis:26673194"
    105 "870970-basis:25493478"
    105 "870970-basis:27266428"
    105 "870970-basis:27695183"
    105 "870970-basis:28090099"
    106 "820010-katalog:3145907"
    106 "870970-basis:27768962"
    108 "870970-basis:25929942"
    108 "870970-basis:27942725"
    110 "870970-basis:22509632"
    110 "870970-basis:25505832"
    110 "870970-basis:28394438"
    111 "870970-basis:01362984"
    111 "870970-basis:21062898"
    111 "870970-basis:23391872"
    112 "870970-basis:23209330"
    112 "870970-basis:25363957"
    112 "870970-basis:26507057"
    112 "870970-basis:27489540"
    112 "870970-basis:29298130"
    112 "870970-basis:50607712"
    113 "870970-basis:20186356"
    113 "870970-basis:23154382"
    114 "870970-basis:23848759"
    114 "870970-basis:24260844"
    115 "870970-basis:25697073"
    115 "870970-basis:27190731"
    116 "870970-basis:27535038"
    116 "870970-basis:27858791"
    117 "870970-basis:20802901"
    117 "870970-basis:21567612"
    117 "870970-basis:28511663"
    119 "870970-basis:27670768"
    120 "870970-basis:24880605"
    122 "870970-basis:50986942"
    123 "758000-katalog:93204271"
    123 "870970-basis:25801431"
    123 "870970-basis:28347839"
    123 "870970-basis:28996381"
    124 "870970-basis:27633331"
    124 "870970-basis:29974861"
    126 "870970-basis:06058728"
    126 "870970-basis:28183488"
    129 "870970-basis:27116213"
    130 "870970-basis:26206472"
    130 "870970-basis:43903977"
    131 "870970-basis:26820359"
    132 "870970-basis:22751662"
    134 "870970-basis:21500674"
    134 "870970-basis:25570634"
    134 "870970-basis:27204260"
    136 "870970-basis:26923530"
    139 "870970-basis:22639862"
    140 "870970-basis:29560749"
    141 "870970-basis:22364448"
    141 "870970-basis:50997545"
    142 "870970-basis:22375733"
    143 "870970-basis:25807995"
    143 "870970-basis:29489483"
    144 "870970-basis:27986404"
    146 "820050-katalog:001012121"
    151 "870970-basis:22252852"
    154 "870970-basis:03644669"
    154 "870970-basis:28752784"
    155 "870970-basis:28822030"
    156 "870970-basis:28300549"
    156 "870970-basis:29060681"
    161 "870970-basis:26837235"
    164 "870970-basis:29276307"
    167 "870970-basis:05000181"
    167 "870970-basis:26917921"
    169 "870970-basis:27682243"
    172 "870970-basis:23672626"
    183 "870970-basis:50600483"
    184 "870970-basis:50645169"
    185 "870970-basis:04034570"
    185 "870970-basis:28693699"
    187 "870970-basis:21181633"
    187 "870970-basis:28116047"
    187 "870970-basis:45673332"
    195 "870970-basis:04978617"
    196 "870970-basis:26750288"
    202 "870970-basis:26568498"
    216 "870970-basis:24223795"
    227 "870970-basis:26073723"
    233 "870970-basis:28290853"
    250 "870970-basis:25721101"
    251 "870970-basis:27560253"
    253 "870970-basis:29595631"
    264 "870970-basis:26225221"
    288 "870970-basis:26799325"
    295 "870970-basis:26778190"
    317 "870970-basis:22747258"
    371 "870970-basis:29494940"
    560 "870970-basis:28331142"
