    133 "870970-basis:29248958"
    133 "870970-basis:29486956"
    134 "870970-basis:29496706"
    136 "870970-basis:04034570"
    136 "870970-basis:27438075"
    138 "870970-basis:28724454"
    140 "870970-basis:06930891"
    140 "870970-basis:27597335"
    140 "870970-basis:28516614"
    140 "870970-basis:29761345"
    141 "870970-basis:26820359"
    141 "870970-basis:27262570"
    141 "870970-basis:27325017"
    141 "870970-basis:29276307"
    142 "870970-basis:29754519"
    142 "870970-basis:49233515"
    143 "870970-basis:27816215"
    144 "870970-basis:04978617"
    146 "870970-basis:27440908"
    148 "810010-katalog:003162003"
    149 "870970-basis:28459777"
    150 "870970-basis:26136741"
    151 "870970-basis:27958230"
    151 "870970-basis:28511663"
    152 "870970-basis:23716526"
    152 "870970-basis:26923530"
    153 "870970-basis:23254123"
    153 "870970-basis:23672626"
    153 "870970-basis:26799325"
    153 "870970-basis:28290853"
    153 "870970-basis:28711204"
    153 "870970-basis:50615049"
    154 "870970-basis:29922993"
    155 "870970-basis:29106142"
    156 "870970-basis:27116191"
    156 "870970-basis:28844794"
    157 "870970-basis:27682243"
    158 "870970-basis:26750288"
    159 "870970-basis:29060681"
    161 "870970-basis:20802901"
    161 "870970-basis:28531494"
    162 "870970-basis:21790834"
    162 "870970-basis:26899621"
    163 "870970-basis:27854125"
    163 "870970-basis:29922969"
    163 "870970-basis:29974861"
    164 "870970-basis:20711507"
    164 "870970-basis:26885566"
    164 "870970-basis:28065590"
    164 "870970-basis:49381999"
    165 "870970-basis:28458649"
    167 "870970-basis:25881990"
    172 "870970-basis:26111943"
    173 "870970-basis:28729944"
    174 "870970-basis:25374185"
    178 "870970-basis:45673332"
    179 "870970-basis:28084579"
    181 "870970-basis:50628639"
    183 "870970-basis:28531680"
    187 "758000-katalog:93204271"
    190 "870970-basis:27673031"
    192 "870970-basis:28168217"
    193 "870970-basis:24943186"
    194 "870970-basis:27097979"
    197 "870970-basis:27724795"
    199 "870970-basis:21082554"
    200 "870970-basis:28395655"
    201 "870970-basis:24163466"
    201 "870970-basis:28226098"
    213 "870970-basis:22260766"
    216 "870970-basis:29047979"
    219 "870970-basis:25902440"
    220 "870970-basis:27114334"
    221 "870970-basis:29595631"
    226 "870970-basis:25941349"
    227 "870970-basis:20541954"
    229 "870970-basis:28138482"
    230 "870970-basis:27140564"
    232 "870970-basis:24819515"
    232 "870970-basis:27859003"
    235 "870970-basis:26193648"
    235 "870970-basis:27488935"
    238 "870970-basis:21852961"
    240 "870970-basis:22747258"
    245 "870970-basis:25721101"
    247 "870970-basis:22770047"
    247 "870970-basis:26266262"
    281 "870970-basis:50628485"
    285 "870970-basis:28257473"
    297 "870970-basis:21181633"
    300 "870970-basis:29494940"
    308 "870970-basis:50645169"
    331 "870970-basis:22994026"
    335 "870970-basis:25901576"
    353 "870970-basis:27823149"
    383 "870970-basis:28331142"
    407 "870970-basis:28742886"
    473 "870970-basis:27430740"
    581 "870970-basis:27592805"
    892 "870970-basis:29489483"
