     94 "870970-basis:28531680"
     94 "870970-basis:44213532"
     95 "870970-basis:22509632"
     95 "870970-basis:27173640"
     95 "870970-basis:27670768"
     96 "870970-basis:27768962"
     96 "870970-basis:27858791"
     96 "870970-basis:29143315"
     96 "870970-basis:29754519"
     97 "830690-katalog:93124596"
     97 "870970-basis:24105687"
     97 "870970-basis:24880605"
     98 "820010-katalog:3145907"
     98 "870970-basis:20186356"
     98 "870970-basis:25700872"
     98 "870970-basis:26913004"
     98 "870970-basis:27186327"
     99 "870970-basis:01362984"
    100 "870970-basis:27597335"
    101 "870970-basis:22375733"
    102 "870970-basis:25697073"
    102 "870970-basis:25807995"
    102 "870970-basis:27978371"
    103 "870970-basis:27114334"
    103 "870970-basis:27335144"
    103 "870970-basis:27489281"
    103 "870970-basis:28711204"
    103 "870970-basis:29749728"
    104 "870970-basis:20802901"
    104 "870970-basis:25503767"
    104 "870970-basis:27190731"
    105 "870970-basis:27116213"
    105 "870970-basis:28752784"
    106 "870970-basis:23391872"
    106 "870970-basis:27266428"
    107 "870970-basis:28091397"
    108 "870970-basis:28043872"
    109 "870970-basis:22751662"
    109 "870970-basis:22770047"
    109 "870970-basis:28300549"
    110 "870970-basis:25901576"
    110 "870970-basis:26266262"
    111 "870970-basis:21526207"
    111 "870970-basis:22639862"
    111 "870970-basis:27103871"
    111 "870970-basis:27986404"
    111 "870970-basis:50997545"
    113 "870970-basis:27805795"
    116 "870970-basis:25363957"
    117 "870970-basis:22364448"
    117 "870970-basis:29974861"
    118 "870970-basis:27633331"
    120 "870970-basis:25929942"
    122 "870970-basis:27942725"
    124 "870970-basis:50628485"
    128 "870970-basis:26917921"
    128 "870970-basis:29560749"
    129 "870970-basis:26568498"
    130 "870970-basis:28257473"
    134 "870970-basis:28511663"
    136 "870970-basis:27823149"
    139 "820050-katalog:001012121"
    140 "870970-basis:05000181"
    140 "870970-basis:06058728"
    142 "870970-basis:29060681"
    146 "870970-basis:22252852"
    148 "870970-basis:29276307"
    149 "870970-basis:26750288"
    150 "870970-basis:28116047"
    151 "870970-basis:26923530"
    151 "870970-basis:28693699"
    153 "870970-basis:03644669"
    156 "758000-katalog:93204271"
    156 "870970-basis:04034570"
    157 "870970-basis:27592805"
    160 "870970-basis:26837235"
    164 "870970-basis:26820359"
    167 "870970-basis:24223795"
    172 "870970-basis:50645169"
    174 "870970-basis:21181633"
    174 "870970-basis:25801431"
    176 "870970-basis:27204260"
    178 "870970-basis:28290853"
    178 "870970-basis:45673332"
    180 "870970-basis:04978617"
    180 "870970-basis:26225221"
    180 "870970-basis:27682243"
    181 "870970-basis:23672626"
    183 "870970-basis:28822030"
    186 "870970-basis:26073723"
    209 "870970-basis:27560253"
    218 "870970-basis:29595631"
    226 "870970-basis:26778190"
    248 "870970-basis:25721101"
    258 "870970-basis:27430740"
    284 "870970-basis:22747258"
    294 "870970-basis:29489483"
    300 "870970-basis:29494940"
    301 "870970-basis:26799325"
    413 "870970-basis:28331142"
