    116 "870970-basis:29248958"
    116 "870970-basis:44164191"
    117 "870970-basis:27673031"
    118 "870970-basis:21526207"
    118 "870970-basis:27489540"
    118 "870970-basis:28065590"
    119 "870970-basis:28043872"
    119 "870970-basis:28711204"
    119 "870970-basis:49233515"
    120 "870970-basis:25700872"
    120 "870970-basis:29749728"
    121 "870970-basis:28209622"
    121 "870970-basis:49381999"
    122 "820050-katalog:001012121"
    122 "870970-basis:27942725"
    123 "870970-basis:27805795"
    123 "870970-basis:28458649"
    123 "870970-basis:28844794"
    124 "870970-basis:27854125"
    124 "870970-basis:29060681"
    125 "870970-basis:25881990"
    125 "870970-basis:26111943"
    125 "870970-basis:28138482"
    126 "870970-basis:25941349"
    127 "870970-basis:28084579"
    128 "870970-basis:27325017"
    129 "870970-basis:26073723"
    130 "870970-basis:24943186"
    131 "870970-basis:28081634"
    131 "870970-basis:28693699"
    132 "870970-basis:28395655"
    133 "870970-basis:28116047"
    134 "870970-basis:04034570"
    134 "870970-basis:24163466"
    134 "870970-basis:27724795"
    134 "870970-basis:28531494"
    135 "870970-basis:27597335"
    135 "870970-basis:28531680"
    136 "870970-basis:25363957"
    136 "870970-basis:28724454"
    137 "870970-basis:22260766"
    138 "870970-basis:50514528"
    139 "870970-basis:24819515"
    139 "870970-basis:26778190"
    139 "870970-basis:27986404"
    140 "870970-basis:26568498"
    141 "870970-basis:29047979"
    142 "870970-basis:27489281"
    143 "870970-basis:26899621"
    145 "870970-basis:26923530"
    145 "870970-basis:27140564"
    145 "870970-basis:29761345"
    147 "870970-basis:45673332"
    149 "870970-basis:24223795"
    149 "870970-basis:25374185"
    149 "870970-basis:28226098"
    150 "870970-basis:28822030"
    152 "870970-basis:25902440"
    153 "870970-basis:26193648"
    153 "870970-basis:27859003"
    154 "870970-basis:28290853"
    155 "758000-katalog:93204271"
    156 "870970-basis:27488935"
    157 "870970-basis:26917921"
    158 "870970-basis:21082554"
    159 "870970-basis:29974861"
    160 "870970-basis:03644669"
    160 "870970-basis:26225221"
    160 "870970-basis:28511663"
    160 "870970-basis:50628639"
    161 "870970-basis:29276307"
    162 "870970-basis:26750288"
    164 "870970-basis:22770047"
    164 "870970-basis:27097979"
    169 "870970-basis:27114334"
    170 "870970-basis:29922969"
    172 "870970-basis:20802901"
    174 "870970-basis:23672626"
    179 "870970-basis:26820359"
    185 "870970-basis:26266262"
    187 "870970-basis:27682243"
    189 "870970-basis:29595631"
    193 "870970-basis:20541954"
    194 "870970-basis:22994026"
    200 "870970-basis:04978617"
    203 "870970-basis:28742886"
    214 "870970-basis:25901576"
    229 "870970-basis:26799325"
    235 "870970-basis:28257473"
    250 "870970-basis:22747258"
    251 "870970-basis:21181633"
    263 "870970-basis:50628485"
    268 "870970-basis:27823149"
    284 "870970-basis:50645169"
    292 "870970-basis:25721101"
    311 "870970-basis:28331142"
    316 "870970-basis:29494940"
    329 "870970-basis:27592805"
    419 "870970-basis:27430740"
    600 "870970-basis:29489483"
