    136 "870970-basis:26263336"
    137 "870970-basis:25915356"
    138 "870970-basis:26886120"
    138 "870970-basis:29272425"
    139 "870970-basis:27743943"
    140 "870970-basis:28412533"
    140 "870970-basis:28816324"
    140 "870970-basis:29170711"
    142 "870970-basis:28708378"
    142 "870970-basis:28778880"
    142 "870970-basis:28934432"
    144 "870970-basis:25791908"
    144 "870970-basis:28388438"
    148 "870970-basis:25798171"
    149 "870970-basis:24227928"
    149 "870970-basis:26206472"
    150 "870970-basis:25888847"
    150 "870970-basis:25915399"
    155 "870970-basis:28822030"
    156 "870970-basis:45181812"
    156 "870970-basis:45673332"
    157 "870970-basis:25977599"
    157 "870970-basis:29584273"
    159 "870970-basis:27379494"
    159 "870970-basis:29415439"
    163 "870970-basis:29195463"
    165 "870970-basis:28813910"
    166 "870970-basis:29649103"
    167 "870970-basis:28300549"
    168 "870970-basis:22747258"
    168 "870970-basis:28636121"
    170 "870970-basis:28543816"
    170 "870970-basis:29509158"
    172 "870970-basis:28090099"
    172 "870970-basis:28209614"
    172 "870970-basis:28394438"
    173 "870970-basis:28063083"
    173 "870970-basis:28194293"
    176 "870970-basis:24880605"
    176 "870970-basis:27430309"
    176 "870970-basis:27940234"
    178 "870970-basis:27589375"
    179 "870970-basis:28665024"
    181 "870970-basis:27957889"
    183 "870970-basis:23154382"
    183 "870970-basis:25807995"
    185 "870970-basis:26391148"
    185 "870970-basis:27103677"
    187 "870970-basis:29514984"
    188 "870970-basis:28438222"
    192 "870970-basis:28331274"
    194 "870970-basis:28220545"
    197 "870970-basis:28478372"
    199 "870970-basis:28313187"
    201 "870970-basis:29595631"
    203 "870970-basis:26917921"
    205 "870970-basis:27768962"
    206 "870970-basis:22639862"
    206 "870970-basis:27204260"
    208 "870970-basis:28506430"
    210 "870970-basis:26507057"
    210 "870970-basis:27858791"
    214 "870970-basis:23672626"
    218 "870970-basis:25801431"
    220 "870970-basis:26913004"
    223 "870970-basis:28996411"
    224 "870970-basis:28714394"
    226 "870970-basis:22375733"
    227 "870970-basis:26778182"
    227 "870970-basis:27695183"
    229 "870970-basis:28285507"
    240 "870970-basis:27670768"
    246 "870970-basis:27335144"
    253 "870970-basis:26837235"
    254 "870970-basis:27986404"
    254 "870970-basis:50986942"
    268 "870970-basis:25493478"
    271 "870970-basis:25570634"
    284 "870970-basis:22252852"
    286 "870970-basis:28298781"
    293 "870970-basis:27116213"
    299 "870970-basis:28183488"
    302 "870970-basis:29560749"
    302 "870970-basis:50997545"
    305 "870970-basis:28381689"
    315 "870970-basis:28693699"
    322 "870970-basis:28116047"
    330 "870970-basis:29298130"
    333 "870970-basis:02231336"
    343 "870970-basis:29494940"
    382 "870970-basis:28996381"
    392 "870970-basis:29303576"
    403 "870970-basis:28290853"
    498 "870970-basis:26568498"
    566 "870970-basis:50607712"
    595 "870970-basis:27560253"
    615 "870970-basis:26778190"
    674 "870970-basis:50600483"
    799 "870970-basis:26799325"
   1348 "870970-basis:28331142"
