    117 "870970-basis:27379494"
    118 "870970-basis:27589375"
    119 "870970-basis:27648223"
    119 "870970-basis:28543816"
    120 "870970-basis:01362984"
    120 "870970-basis:23780062"
    120 "870970-basis:27430309"
    120 "870970-basis:27743943"
    120 "870970-basis:28563213"
    120 "870970-basis:29276307"
    120 "870970-basis:50645169"
    121 "870970-basis:24260844"
    122 "870970-basis:28220545"
    122 "870970-basis:28388438"
    122 "870970-basis:28394438"
    123 "870970-basis:29649103"
    124 "870970-basis:24223795"
    128 "870970-basis:28636121"
    129 "870970-basis:27957889"
    130 "870970-basis:26923530"
    131 "870970-basis:21181633"
    131 "870970-basis:28478372"
    131 "870970-basis:29170711"
    133 "870970-basis:03644669"
    133 "870970-basis:25807995"
    133 "870970-basis:28090099"
    135 "870970-basis:04978617"
    136 "870970-basis:27103871"
    137 "870970-basis:05000181"
    137 "870970-basis:27682243"
    138 "820050-katalog:001012121"
    138 "870970-basis:23154382"
    138 "870970-basis:27103677"
    139 "870970-basis:28714394"
    140 "870970-basis:26750288"
    141 "870970-basis:29514984"
    141 "870970-basis:43903977"
    142 "870970-basis:28665024"
    144 "870970-basis:26206472"
    144 "870970-basis:28438222"
    146 "870970-basis:24880605"
    148 "870970-basis:26073723"
    148 "870970-basis:27940234"
    150 "870970-basis:22639862"
    150 "870970-basis:28194293"
    151 "870970-basis:22375733"
    152 "870970-basis:26507057"
    153 "870970-basis:28331274"
    155 "870970-basis:26917921"
    155 "870970-basis:27768962"
    157 "870970-basis:50760480"
    162 "870970-basis:25721101"
    163 "870970-basis:27858791"
    163 "870970-basis:28313187"
    165 "870970-basis:27335144"
    167 "870970-basis:28506430"
    168 "870970-basis:28822030"
    169 "870970-basis:28285507"
    170 "870970-basis:27695183"
    171 "870970-basis:22747258"
    172 "870970-basis:04034570"
    173 "870970-basis:27670768"
    181 "870970-basis:25888847"
    181 "870970-basis:27986404"
    186 "870970-basis:28996411"
    187 "870970-basis:22252852"
    196 "870970-basis:23672626"
    202 "870970-basis:28300549"
    207 "870970-basis:28381689"
    209 "870970-basis:25977599"
    211 "870970-basis:26913004"
    216 "870970-basis:50986942"
    218 "870970-basis:45673332"
    221 "870970-basis:02231336"
    222 "870970-basis:26225221"
    222 "870970-basis:27116213"
    225 "870970-basis:29303576"
    226 "870970-basis:27204260"
    228 "870970-basis:28183488"
    230 "870970-basis:25493478"
    237 "870970-basis:28298781"
    252 "870970-basis:29560749"
    255 "870970-basis:28116047"
    258 "870970-basis:50997545"
    261 "870970-basis:28693699"
    263 "870970-basis:29298130"
    271 "870970-basis:25801431"
    301 "870970-basis:29595631"
    302 "870970-basis:25570634"
    318 "870970-basis:28996381"
    320 "870970-basis:28290853"
    339 "870970-basis:50607712"
    364 "870970-basis:26837235"
    439 "870970-basis:26568498"
    440 "870970-basis:29494940"
    452 "870970-basis:50600483"
    606 "870970-basis:26778190"
    606 "870970-basis:27560253"
    645 "870970-basis:26799325"
    999 "870970-basis:28331142"
