    153 "870970-basis:29020469"
    154 "870970-basis:27245684"
    154 "870970-basis:27552544"
    154 "870970-basis:29885923"
    155 "870970-basis:28435762"
    156 "870970-basis:23154382"
    156 "870970-basis:26326591"
    157 "870970-basis:27765017"
    157 "870970-basis:27765033"
    157 "870970-basis:50600483"
    158 "870970-basis:25325311"
    160 "870970-basis:27618774"
    160 "870970-basis:50559084"
    161 "870970-basis:25683463"
    162 "870970-basis:28381441"
    163 "870970-basis:28905254"
    163 "870970-basis:29298130"
    165 "870970-basis:28285620"
    167 "870970-basis:26483972"
    168 "870970-basis:24732789"
    168 "870970-basis:27131751"
    168 "870970-basis:27670768"
    169 "870970-basis:29269955"
    171 "870970-basis:28994869"
    171 "870970-basis:29344000"
    173 "870970-basis:22375733"
    173 "870970-basis:22639862"
    173 "870970-basis:27245633"
    174 "870970-basis:26568498"
    178 "870970-basis:27611656"
    179 "870970-basis:29047936"
    180 "870970-basis:26752183"
    180 "870970-basis:29427348"
    181 "870970-basis:29427410"
    182 "870970-basis:28624158"
    182 "870970-basis:29636443"
    183 "870970-basis:28664877"
    184 "870970-basis:26960665"
    186 "870970-basis:27166113"
    187 "870970-basis:27909140"
    187 "870970-basis:28474598"
    188 "870970-basis:27490476"
    188 "870970-basis:28427263"
    190 "870970-basis:28481233"
    192 "870970-basis:27767443"
    192 "870970-basis:29496226"
    193 "870970-basis:26753902"
    193 "870970-basis:27560253"
    194 "870970-basis:25915690"
    194 "870970-basis:26698359"
    196 "870970-basis:26956943"
    197 "870970-basis:23780062"
    197 "870970-basis:26799325"
    198 "870970-basis:24352722"
    198 "870970-basis:27768962"
    198 "870970-basis:28200552"
    200 "870970-basis:27311423"
    204 "870970-basis:26486548"
    204 "870970-basis:26753929"
    204 "870970-basis:28493061"
    204 "870970-basis:45027244"
    206 "870970-basis:27409512"
    206 "870970-basis:28624123"
    208 "870970-basis:26778190"
    211 "870970-basis:26338735"
    211 "870970-basis:28850662"
    212 "870970-basis:25771931"
    212 "870970-basis:29456941"
    215 "870970-basis:29262837"
    217 "870970-basis:26698383"
    217 "870970-basis:28693699"
    221 "870970-basis:28279981"
    221 "870970-basis:28356307"
    223 "870970-basis:27019935"
    225 "870970-basis:27557880"
    235 "870970-basis:26668603"
    237 "870970-basis:22252852"
    237 "874310-katalog:DBB0039682"
    241 "870970-basis:50986942"
    251 "870970-basis:29303576"
    253 "870970-basis:26521602"
    257 "870970-basis:28116047"
    261 "870970-basis:50607712"
    267 "870970-basis:28280041"
    281 "870970-basis:26384095"
    282 "870970-basis:28183380"
    293 "870970-basis:26521637"
    300 "870970-basis:50997545"
    302 "870970-basis:51063376"
    306 "870970-basis:50593282"
    309 "870970-basis:25493478"
    333 "870970-basis:29465649"
    370 "870970-basis:23672626"
    372 "870970-basis:28290853"
    460 "870970-basis:29560749"
    475 "870970-basis:49327978"
    549 "870970-basis:02231336"
    591 "870970-basis:28331142"
    663 "870970-basis:50589110"
   1140 "870970-basis:28394438"
