     81 "870970-basis:27672493"
     81 "870970-basis:28719108"
     81 "870970-basis:29712670"
     81 "870970-basis:50712389"
     82 "870970-basis:29790973"
     83 "870970-basis:01647105"
     83 "870970-basis:05497965"
     83 "870970-basis:22406213"
     83 "870970-basis:22653164"
     83 "870970-basis:29500800"
     84 "870970-basis:24352722"
     84 "870970-basis:25095332"
     84 "870970-basis:26752183"
     84 "870970-basis:28919379"
     84 "870970-basis:50608239"
     85 "870970-basis:28396732"
     85 "870970-basis:28506449"
     85 "870970-basis:29980705"
     86 "870970-basis:28394365"
     86 "870970-basis:29941513"
     87 "870970-basis:01184733"
     87 "870970-basis:27015824"
     87 "870970-basis:28729774"
     88 "870970-basis:26753929"
     88 "870970-basis:28975384"
     89 "870970-basis:26956943"
     89 "870970-basis:28919441"
     90 "870970-basis:26317843"
     90 "870970-basis:28391315"
     91 "870970-basis:25290054"
     91 "870970-basis:27333982"
     91 "870970-basis:27655823"
     91 "870970-basis:28765355"
     92 "870970-basis:05126541"
     92 "870970-basis:25290062"
     92 "870970-basis:27655777"
     92 "870970-basis:29020469"
     92 "870970-basis:29439001"
     93 "870970-basis:29130167"
     94 "870970-basis:25120949"
     96 "870970-basis:27458467"
     96 "870970-basis:28427263"
     97 "870970-basis:26753902"
     98 "870970-basis:27909140"
     98 "870970-basis:27921116"
     98 "870970-basis:28664877"
     99 "870970-basis:27266649"
     99 "870970-basis:27771912"
     99 "870970-basis:28322674"
    100 "870970-basis:25542932"
    100 "870970-basis:27458300"
    100 "870970-basis:28185871"
    101 "870970-basis:26486548"
    102 "870970-basis:25286235"
    103 "870970-basis:26760828"
    103 "870970-basis:27744028"
    103 "870970-basis:28176481"
    103 "870970-basis:29399476"
    105 "870970-basis:28506392"
    105 "870970-basis:49327978"
    106 "870970-basis:29941564"
    107 "870970-basis:26768322"
    107 "870970-basis:27458394"
    107 "870970-basis:28396678"
    107 "870970-basis:50507009"
    108 "870970-basis:24741133"
    108 "870970-basis:27404588"
    109 "870970-basis:25915690"
    111 "870970-basis:27404596"
    111 "870970-basis:27487394"
    111 "870970-basis:28646526"
    111 "870970-basis:28905254"
    114 "870970-basis:29399514"
    115 "870970-basis:05025184"
    116 "870970-basis:26338735"
    116 "870970-basis:27654053"
    116 "870970-basis:28705719"
    116 "870970-basis:28919417"
    117 "870970-basis:27409512"
    117 "870970-basis:29572232"
    119 "870970-basis:27487475"
    120 "870970-basis:22893645"
    120 "870970-basis:28239106"
    121 "870970-basis:27262546"
    124 "870970-basis:27262481"
    126 "870970-basis:27743951"
    127 "870970-basis:25771931"
    128 "870970-basis:29646066"
    130 "870970-basis:28446616"
    138 "870970-basis:26760798"
    140 "870970-basis:26760844"
    141 "870970-basis:28705751"
    143 "870970-basis:28699018"
    144 "870970-basis:28771835"
    145 "870970-basis:26763029"
    153 "870970-basis:28394438"
    160 "870970-basis:25683463"
    165 "870970-basis:28906730"
    186 "870970-basis:29636443"
    209 "870970-basis:29465649"
