    162 "870970-basis:27611656"
    163 "870970-basis:28381441"
    164 "870970-basis:27589375"
    164 "870970-basis:27609473"
    164 "870970-basis:28664877"
    164 "870970-basis:29415439"
    165 "870970-basis:28435762"
    166 "870970-basis:25915399"
    166 "870970-basis:45027244"
    167 "870970-basis:24352722"
    167 "870970-basis:28869177"
    168 "870970-basis:27393608"
    168 "870970-basis:27605370"
    168 "870970-basis:50634043"
    169 "870970-basis:25915690"
    169 "870970-basis:28624158"
    170 "870970-basis:28427263"
    172 "870970-basis:25570634"
    172 "870970-basis:27379494"
    172 "870970-basis:29427410"
    173 "870970-basis:27909140"
    173 "870970-basis:28285620"
    177 "870970-basis:28298781"
    177 "870970-basis:51063376"
    179 "870970-basis:26956943"
    180 "870970-basis:23154382"
    181 "870970-basis:23780062"
    181 "870970-basis:26960665"
    183 "870970-basis:29859698"
    184 "870970-basis:26338735"
    184 "870970-basis:26752183"
    184 "870970-basis:28481233"
    184 "870970-basis:29047936"
    186 "870970-basis:27131751"
    186 "870970-basis:27858791"
    188 "870970-basis:26837235"
    188 "870970-basis:27409512"
    191 "870970-basis:27116213"
    192 "870970-basis:28474598"
    195 "870970-basis:22639862"
    197 "870970-basis:28183488"
    197 "870970-basis:28279981"
    198 "870970-basis:25771931"
    198 "870970-basis:27311423"
    199 "870970-basis:25798171"
    202 "870970-basis:25791908"
    205 "870970-basis:29456968"
    206 "870970-basis:29262837"
    207 "870970-basis:25683463"
    208 "870970-basis:28493061"
    210 "870970-basis:27019935"
    210 "870970-basis:28200552"
    210 "870970-basis:29344000"
    212 "870970-basis:28356307"
    213 "870970-basis:28850662"
    214 "870970-basis:28624123"
    216 "870970-basis:27670768"
    217 "870970-basis:26698359"
    219 "870970-basis:26799325"
    219 "870970-basis:27767443"
    219 "870970-basis:51381696"
    220 "870970-basis:22375733"
    221 "870970-basis:26391148"
    223 "870970-basis:29465649"
    229 "870970-basis:25801431"
    229 "874310-katalog:DBB0039682"
    233 "870970-basis:26698383"
    235 "870970-basis:27557880"
    238 "870970-basis:26568498"
    240 "870970-basis:26668603"
    242 "870970-basis:27768962"
    248 "870970-basis:28280041"
    249 "870970-basis:28183380"
    250 "870970-basis:28996381"
    260 "870970-basis:26521602"
    266 "870970-basis:28996411"
    271 "870970-basis:26384095"
    274 "870970-basis:26778190"
    295 "870970-basis:22252852"
    296 "870970-basis:28693699"
    298 "870970-basis:29456941"
    322 "870970-basis:50986942"
    324 "870970-basis:26521637"
    330 "870970-basis:29298130"
    353 "870970-basis:50593282"
    354 "870970-basis:50600483"
    356 "870970-basis:28116047"
    358 "870970-basis:25493478"
    368 "870970-basis:23672626"
    380 "870970-basis:27560253"
    406 "870970-basis:50997545"
    444 "870970-basis:29560749"
    459 "870970-basis:28290853"
    473 "870970-basis:29303576"
    473 "870970-basis:50607712"
    481 "870970-basis:49327978"
    698 "870970-basis:50589110"
    730 "870970-basis:02231336"
    921 "870970-basis:28394438"
   1156 "870970-basis:28331142"
