    142 "870970-basis:24199282"
    143 "870970-basis:26483972"
    143 "870970-basis:27131751"
    145 "870970-basis:50598853"
    146 "870970-basis:20164557"
    146 "870970-basis:22375733"
    148 "870970-basis:27611656"
    148 "870970-basis:28493061"
    148 "870970-basis:29496226"
    149 "870970-basis:00158224"
    149 "870970-basis:27490476"
    149 "870970-basis:29590265"
    151 "870970-basis:27552544"
    151 "870970-basis:27765033"
    151 "870970-basis:28762275"
    152 "870970-basis:28749449"
    153 "870970-basis:28716966"
    153 "870970-basis:28850662"
    154 "870970-basis:27765017"
    155 "870970-basis:05025184"
    155 "870970-basis:25137256"
    156 "870970-basis:26586054"
    157 "870970-basis:27245684"
    158 "870970-basis:29427410"
    159 "870970-basis:29676682"
    160 "870970-basis:27245633"
    160 "870970-basis:27311423"
    160 "870970-basis:29335818"
    160 "870970-basis:29570159"
    161 "870970-basis:27767443"
    161 "870970-basis:28481233"
    162 "870970-basis:28200552"
    162 "870970-basis:28975384"
    162 "870970-basis:28994869"
    163 "870970-basis:28624158"
    164 "870970-basis:26960665"
    165 "870970-basis:28624123"
    166 "870970-basis:26753902"
    166 "870970-basis:29500800"
    167 "870970-basis:25683463"
    167 "870970-basis:26698359"
    167 "870970-basis:28765355"
    168 "870970-basis:29618585"
    169 "870970-basis:29427348"
    170 "870970-basis:25983246"
    170 "870970-basis:29712670"
    172 "870970-basis:27166113"
    172 "870970-basis:28771835"
    172 "870970-basis:29262837"
    174 "870970-basis:28906730"
    175 "870970-basis:26486548"
    177 "870970-basis:29980705"
    178 "870970-basis:25493478"
    181 "870970-basis:26326591"
    181 "870970-basis:26753929"
    182 "870970-basis:29269955"
    184 "870970-basis:29047936"
    185 "870970-basis:28331142"
    186 "870970-basis:28474598"
    187 "870970-basis:26698383"
    187 "870970-basis:28506449"
    188 "870970-basis:23780062"
    189 "870970-basis:27019935"
    191 "870970-basis:25325311"
    191 "870970-basis:26956943"
    191 "870970-basis:28290853"
    192 "870970-basis:24352722"
    194 "874310-katalog:DBB0039682"
    196 "870970-basis:27557880"
    197 "870970-basis:29020469"
    197 "870970-basis:45027244"
    198 "870970-basis:28427263"
    199 "870970-basis:24732789"
    201 "870970-basis:27909140"
    204 "870970-basis:22252852"
    205 "870970-basis:28506392"
    206 "870970-basis:28664877"
    208 "870970-basis:26338735"
    208 "870970-basis:26521602"
    208 "870970-basis:26752183"
    212 "870970-basis:26668603"
    213 "870970-basis:28183380"
    215 "870970-basis:25771931"
    222 "870970-basis:25915690"
    223 "870970-basis:28905254"
    229 "870970-basis:28279981"
    233 "870970-basis:26384095"
    236 "870970-basis:27409512"
    250 "870970-basis:28280041"
    260 "870970-basis:51063376"
    266 "870970-basis:26521637"
    299 "870970-basis:50593282"
    309 "870970-basis:29465649"
    329 "870970-basis:29560749"
    333 "870970-basis:29636443"
    407 "870970-basis:23672626"
    444 "870970-basis:49327978"
    455 "870970-basis:02231336"
    507 "870970-basis:50589110"
   1092 "870970-basis:28394438"
