    175 "870970-basis:28285507"
    175 "870970-basis:28493061"
    176 "870970-basis:23154382"
    176 "870970-basis:28220545"
    177 "870970-basis:27103677"
    177 "870970-basis:27379524"
    177 "870970-basis:27767443"
    177 "874310-katalog:DBB0041584"
    179 "870970-basis:27335144"
    179 "870970-basis:28344368"
    179 "870970-basis:29262837"
    181 "870970-basis:27695183"
    183 "870970-basis:27605370"
    184 "870970-basis:26917921"
    184 "870970-basis:28200552"
    184 "870970-basis:28714394"
    184 "870970-basis:29456976"
    185 "870970-basis:29534527"
    186 "870970-basis:29584273"
    187 "870970-basis:24880605"
    189 "870970-basis:28279981"
    191 "870970-basis:27311423"
    191 "870970-basis:28543816"
    192 "870970-basis:27609473"
    192 "870970-basis:28664761"
    193 "870970-basis:26668603"
    193 "870970-basis:27019935"
    193 "870970-basis:28331274"
    194 "870970-basis:23780062"
    194 "870970-basis:28112688"
    195 "870970-basis:29898154"
    195 "874310-katalog:DBB0039682"
    197 "870970-basis:25791908"
    197 "870970-basis:26698383"
    197 "870970-basis:28280041"
    200 "870970-basis:26698359"
    201 "870970-basis:27430309"
    202 "870970-basis:28665024"
    202 "870970-basis:51381696"
    204 "870970-basis:26521602"
    204 "870970-basis:27858791"
    206 "870970-basis:28183380"
    209 "870970-basis:27379494"
    213 "870970-basis:22639862"
    213 "870970-basis:28975759"
    214 "870970-basis:25798171"
    215 "870970-basis:27557880"
    215 "870970-basis:27957889"
    217 "870970-basis:26913004"
    220 "870970-basis:27204260"
    220 "870970-basis:28813910"
    226 "870970-basis:28313187"
    226 "870970-basis:29415439"
    227 "870970-basis:29456933"
    230 "870970-basis:27986404"
    235 "870970-basis:27589375"
    235 "870970-basis:29509158"
    238 "870970-basis:22375733"
    244 "870970-basis:29649103"
    247 "870970-basis:26384095"
    247 "870970-basis:28506430"
    248 "870970-basis:28381689"
    252 "870970-basis:28356307"
    256 "870970-basis:29456968"
    284 "870970-basis:26391148"
    284 "870970-basis:27670768"
    286 "870970-basis:26521637"
    289 "870970-basis:22252852"
    289 "870970-basis:50593282"
    291 "870970-basis:25801431"
    293 "870970-basis:26837235"
    300 "870970-basis:28996411"
    306 "870970-basis:27116213"
    309 "870970-basis:27768962"
    313 "870970-basis:28298781"
    326 "870970-basis:28183488"
    330 "870970-basis:25570634"
    335 "870970-basis:23672626"
    356 "870970-basis:29456941"
    397 "870970-basis:26568498"
    398 "870970-basis:49327978"
    400 "870970-basis:28693699"
    401 "870970-basis:28996381"
    414 "870970-basis:26799325"
    418 "870970-basis:28116047"
    418 "870970-basis:50986942"
    422 "870970-basis:25493478"
    469 "870970-basis:29298130"
    478 "870970-basis:50589110"
    499 "870970-basis:28290853"
    502 "870970-basis:29560749"
    562 "870970-basis:50997545"
    569 "870970-basis:29303576"
    576 "870970-basis:50600483"
    681 "870970-basis:26778190"
    695 "870970-basis:02231336"
    718 "870970-basis:27560253"
    762 "870970-basis:28394438"
    859 "870970-basis:50607712"
   1541 "870970-basis:28331142"
