     42 "870970-basis:27367992"
     42 "870970-basis:29570299"
     42 "870970-basis:50710327"
     43 "870970-basis:29399409"
     44 "870970-basis:05305551"
     44 "870970-basis:06894100"
     44 "870970-basis:07145586"
     44 "870970-basis:21939862"
     44 "870970-basis:28450702"
     44 "870970-basis:29071578"
     44 "870970-basis:29500762"
     45 "870970-basis:01184873"
     45 "870970-basis:05074975"
     45 "870970-basis:21131024"
     45 "870970-basis:26116309"
     45 "870970-basis:26919010"
     45 "870970-basis:29331235"
     46 "870970-basis:01648640"
     46 "870970-basis:23625679"
     46 "870970-basis:26962668"
     46 "870970-basis:27404596"
     46 "870970-basis:28424671"
     46 "870970-basis:28897278"
     46 "870970-basis:29051690"
     46 "870970-basis:29256535"
     47 "870970-basis:05060419"
     47 "870970-basis:06894186"
     48 "820010-katalog:4850459"
     48 "870970-basis:05000319"
     48 "870970-basis:05172411"
     48 "870970-basis:27771912"
     48 "870970-basis:28239106"
     48 "870970-basis:28906730"
     49 "870970-basis:25707036"
     49 "870970-basis:28234635"
     49 "870970-basis:28949952"
     49 "870970-basis:29572232"
     50 "870970-basis:05060370"
     50 "870970-basis:05419859"
     50 "870970-basis:07259778"
     50 "870970-basis:50507009"
     51 "870970-basis:29646066"
     52 "870970-basis:05172403"
     52 "870970-basis:21085766"
     52 "870970-basis:28356463"
     52 "870970-basis:28977522"
     52 "870970-basis:43590669"
     52 "870970-basis:50520765"
     54 "870970-basis:01215469"
     54 "870970-basis:28705875"
     55 "870970-basis:21846384"
     55 "870970-basis:22598279"
     55 "870970-basis:26208432"
     55 "870970-basis:28897294"
     55 "870970-basis:50754359"
     55 "870970-basis:50754405"
     56 "810010-katalog:000276564"
     56 "870970-basis:06894216"
     56 "870970-basis:26928990"
     56 "870970-basis:29240957"
     58 "870970-basis:05060540"
     59 "870970-basis:07071760"
     59 "870970-basis:29924708"
     60 "870970-basis:01654233"
     60 "870970-basis:29592438"
     61 "870970-basis:27256430"
     63 "870970-basis:05123208"
     63 "870970-basis:07071604"
     63 "870970-basis:20708182"
     63 "870970-basis:28677006"
     65 "870970-basis:05126533"
     65 "870970-basis:05846242"
     65 "870970-basis:27723942"
     66 "870970-basis:00767840"
     66 "870970-basis:29207429"
     67 "870970-basis:05123194"
     67 "870970-basis:24251837"
     67 "870970-basis:28785186"
     68 "870970-basis:07071477"
     69 "870970-basis:05408857"
     70 "870970-basis:27723810"
     71 "870970-basis:29269815"
     73 "870970-basis:00964352"
     74 "870970-basis:00964395"
     75 "870970-basis:23888491"
     75 "870970-basis:28799721"
     77 "870970-basis:22653164"
     78 "870970-basis:23142392"
     79 "870970-basis:06939317"
     82 "870970-basis:24306232"
     83 "870970-basis:20349530"
     83 "870970-basis:22406213"
     84 "870970-basis:27423647"
     85 "870970-basis:05126541"
     85 "870970-basis:06749534"
     87 "820010-katalog:2459966"
     95 "870970-basis:25286235"
    103 "870970-basis:25797736"
    112 "870970-basis:22579215"
    151 "870970-basis:25683463"
