     73 "870970-basis:29477612"
     73 "870970-basis:50729567"
     74 "870970-basis:22893645"
     74 "870970-basis:27911404"
     74 "870970-basis:29130167"
     74 "874310-katalog:DBB0019233"
     75 "870970-basis:06894216"
     75 "870970-basis:07071760"
     75 "870970-basis:24306232"
     75 "870970-basis:26892201"
     76 "870970-basis:28646526"
     76 "870970-basis:28729782"
     76 "870970-basis:29996792"
     77 "870970-basis:06749534"
     77 "870970-basis:07071604"
     77 "870970-basis:26768322"
     78 "870970-basis:22598279"
     78 "870970-basis:25290062"
     78 "870970-basis:28204787"
     78 "870970-basis:28771835"
     78 "870970-basis:29960771"
     79 "870970-basis:00964395"
     79 "870970-basis:28124058"
     79 "870970-basis:28322674"
     79 "870970-basis:28853947"
     80 "870970-basis:07071477"
     80 "870970-basis:22406213"
     80 "870970-basis:27015778"
     80 "870970-basis:27458300"
     80 "870970-basis:28396732"
     80 "870970-basis:29418578"
     80 "870970-basis:29960844"
     81 "870970-basis:26892252"
     81 "870970-basis:28239106"
     81 "870970-basis:29494010"
     81 "870970-basis:29769427"
     81 "870970-basis:29941513"
     81 "870970-basis:50773973"
     82 "870970-basis:07071442"
     82 "870970-basis:26892139"
     83 "870970-basis:20349530"
     83 "870970-basis:27262481"
     83 "870970-basis:28394365"
     83 "870970-basis:29395446"
     84 "870970-basis:25290054"
     84 "870970-basis:27950337"
     84 "870970-basis:29269815"
     85 "870970-basis:05060540"
     85 "870970-basis:05123194"
     85 "870970-basis:05408857"
     85 "870970-basis:25542932"
     85 "870970-basis:27655777"
     85 "870970-basis:27744028"
     85 "870970-basis:27921116"
     85 "870970-basis:29493936"
     86 "870970-basis:05123208"
     86 "870970-basis:29399514"
     88 "870970-basis:05126541"
     88 "870970-basis:27423647"
     89 "870970-basis:22579215"
     89 "870970-basis:27487475"
     89 "870970-basis:27928293"
     89 "870970-basis:28176481"
     90 "870970-basis:27262546"
     90 "870970-basis:28391315"
     90 "870970-basis:28719108"
     91 "870970-basis:27464475"
     93 "870970-basis:29439001"
     94 "870970-basis:27458467"
     95 "870970-basis:27458394"
     96 "870970-basis:29129983"
     97 "870970-basis:28919441"
     97 "870970-basis:29941564"
     98 "870970-basis:22653164"
     98 "870970-basis:28919417"
     99 "870970-basis:29399476"
     99 "870970-basis:29646066"
    101 "870970-basis:25797736"
    101 "870970-basis:29995451"
    103 "870970-basis:26760828"
    103 "870970-basis:27404588"
    103 "870970-basis:50507009"
    104 "870970-basis:27654053"
    104 "870970-basis:27655823"
    104 "870970-basis:27771912"
    105 "870970-basis:27487394"
    105 "870970-basis:29572232"
    106 "870970-basis:28446616"
    106 "870970-basis:28705719"
    111 "870970-basis:27404596"
    119 "870970-basis:26760798"
    120 "870970-basis:25286235"
    121 "870970-basis:28396678"
    123 "870970-basis:27743951"
    125 "870970-basis:26760844"
    130 "870970-basis:28705751"
    130 "870970-basis:28906730"
    131 "870970-basis:28699018"
    142 "870970-basis:26763029"
    218 "870970-basis:25683463"
