    116 "870970-basis:27672493"
    116 "870970-basis:27727263"
    116 "870970-basis:28493061"
    116 "870970-basis:28646526"
    116 "870970-basis:28762275"
    117 "870970-basis:28633939"
    118 "870970-basis:27404596"
    118 "870970-basis:27767443"
    121 "870970-basis:29618585"
    121 "870970-basis:50637247"
    122 "870970-basis:26483972"
    124 "870970-basis:25120949"
    124 "870970-basis:26763029"
    124 "870970-basis:28446616"
    124 "870970-basis:51181336"
    125 "870970-basis:01184733"
    125 "870970-basis:24741133"
    125 "870970-basis:28828403"
    126 "870970-basis:05036259"
    126 "870970-basis:22375733"
    126 "870970-basis:50706818"
    127 "870970-basis:26521602"
    128 "870970-basis:27311423"
    128 "870970-basis:29496226"
    129 "870970-basis:27765017"
    129 "874310-katalog:DBB0039682"
    130 "870970-basis:27245684"
    130 "870970-basis:27611656"
    131 "870970-basis:27266649"
    131 "870970-basis:27392407"
    131 "870970-basis:28123736"
    131 "870970-basis:50960382"
    132 "870970-basis:27019935"
    133 "870970-basis:28183380"
    133 "870970-basis:29560749"
    134 "870970-basis:29262837"
    135 "870970-basis:28185871"
    139 "870970-basis:27552544"
    140 "870970-basis:25983246"
    140 "870970-basis:50756343"
    141 "870970-basis:27557880"
    141 "870970-basis:28994869"
    142 "870970-basis:29934428"
    143 "870970-basis:05926890"
    143 "870970-basis:20164557"
    143 "870970-basis:45027244"
    144 "870970-basis:05025184"
    144 "870970-basis:50618463"
    146 "870970-basis:27245633"
    146 "870970-basis:29856915"
    149 "870970-basis:28749449"
    154 "870970-basis:27166113"
    154 "870970-basis:28279981"
    155 "870970-basis:26668603"
    157 "870970-basis:26326591"
    160 "870970-basis:29676682"
    160 "870970-basis:50608239"
    161 "870970-basis:28280041"
    163 "870970-basis:24352722"
    163 "870970-basis:26753929"
    167 "870970-basis:24732789"
    168 "870970-basis:26521637"
    170 "870970-basis:29570159"
    170 "870970-basis:29980705"
    172 "870970-basis:28506449"
    173 "870970-basis:26753902"
    174 "870970-basis:26956943"
    177 "870970-basis:28506392"
    178 "870970-basis:27909140"
    178 "870970-basis:28427263"
    182 "870970-basis:28765355"
    182 "870970-basis:29910189"
    183 "870970-basis:26384095"
    183 "870970-basis:28975384"
    184 "870970-basis:22252852"
    184 "870970-basis:29335818"
    188 "870970-basis:29712670"
    189 "870970-basis:29020469"
    192 "870970-basis:25325311"
    193 "870970-basis:25915690"
    194 "870970-basis:28664877"
    197 "870970-basis:26338735"
    199 "870970-basis:26752183"
    201 "870970-basis:26486548"
    206 "870970-basis:28905254"
    211 "870970-basis:25683463"
    212 "870970-basis:29500800"
    221 "870970-basis:25771931"
    224 "870970-basis:27409512"
    227 "870970-basis:51063376"
    231 "870970-basis:28771835"
    241 "870970-basis:50593282"
    247 "870970-basis:28906730"
    293 "870970-basis:02231336"
    300 "870970-basis:23672626"
    304 "870970-basis:29636443"
    325 "870970-basis:49327978"
    377 "870970-basis:29465649"
    386 "870970-basis:50589110"
    861 "870970-basis:28394438"
