     58 "870970-basis:05126533"
     58 "870970-basis:28234635"
     58 "870970-basis:29494010"
     59 "870970-basis:25290054"
     59 "870970-basis:27367992"
     59 "870970-basis:28949952"
     59 "870970-basis:29592438"
     59 "874310-katalog:DBB0019233"
     60 "870970-basis:00767840"
     60 "870970-basis:07071442"
     60 "870970-basis:22653164"
     60 "870970-basis:24741729"
     60 "870970-basis:26928990"
     60 "870970-basis:50729567"
     61 "870970-basis:21824054"
     61 "870970-basis:28396678"
     61 "870970-basis:28677006"
     62 "870970-basis:07259778"
     62 "870970-basis:25120949"
     62 "870970-basis:25707036"
     62 "870970-basis:27723810"
     62 "870970-basis:27743951"
     62 "870970-basis:28176481"
     62 "870970-basis:43590669"
     63 "870970-basis:01215469"
     64 "870970-basis:27744028"
     64 "870970-basis:28392893"
     64 "870970-basis:28785186"
     64 "870970-basis:28799721"
     65 "870970-basis:05060370"
     65 "870970-basis:05172411"
     65 "870970-basis:27262481"
     65 "870970-basis:28204787"
     65 "870970-basis:28322674"
     65 "870970-basis:28977522"
     65 "870970-basis:29071578"
     67 "870970-basis:28897294"
     67 "870970-basis:28919441"
     68 "870970-basis:24251837"
     68 "870970-basis:27921116"
     68 "870970-basis:29129983"
     69 "870970-basis:01654233"
     69 "870970-basis:06894216"
     69 "870970-basis:22893645"
     69 "870970-basis:29493936"
     70 "870970-basis:05846242"
     70 "870970-basis:24741133"
     70 "870970-basis:27256430"
     71 "870970-basis:23142392"
     72 "870970-basis:00964395"
     72 "870970-basis:05060419"
     72 "870970-basis:27487475"
     73 "870970-basis:05060427"
     73 "870970-basis:05172403"
     73 "870970-basis:07071760"
     73 "870970-basis:25542932"
     73 "870970-basis:27723942"
     73 "870970-basis:27771912"
     73 "870970-basis:28239106"
     74 "870970-basis:24306232"
     75 "870970-basis:00964352"
     75 "870970-basis:26760798"
     75 "870970-basis:28906730"
     75 "870970-basis:28919417"
     77 "870970-basis:05123194"
     78 "870970-basis:06894100"
     78 "870970-basis:06894186"
     78 "870970-basis:07071477"
     78 "870970-basis:29439001"
     78 "870970-basis:29572232"
     79 "820010-katalog:2459966"
     79 "870970-basis:05419859"
     79 "870970-basis:27404588"
     80 "870970-basis:05123208"
     81 "870970-basis:05408857"
     81 "870970-basis:29269815"
     82 "870970-basis:27487394"
     82 "870970-basis:27654053"
     83 "870970-basis:06939317"
     83 "870970-basis:07071604"
     83 "870970-basis:20349530"
     83 "870970-basis:29995451"
     85 "870970-basis:26760844"
     85 "870970-basis:29646066"
     87 "870970-basis:27423647"
     88 "870970-basis:22406213"
     89 "870970-basis:05060540"
     89 "870970-basis:06749534"
     90 "870970-basis:23888491"
     91 "870970-basis:27262546"
     91 "870970-basis:28705751"
     93 "870970-basis:50507009"
     95 "870970-basis:27404596"
     99 "870970-basis:28699018"
    104 "870970-basis:22579215"
    106 "870970-basis:05126541"
    108 "870970-basis:26763029"
    113 "870970-basis:25797736"
    158 "870970-basis:25286235"
    202 "870970-basis:25683463"
