    103 "870970-basis:28396678"
    103 "870970-basis:28699018"
    103 "870970-basis:50618463"
    104 "870970-basis:25198301"
    104 "870970-basis:27392407"
    104 "870970-basis:27743951"
    104 "870970-basis:29268142"
    104 "870970-basis:29646066"
    105 "870970-basis:28646526"
    105 "870970-basis:28705719"
    105 "870970-basis:29399476"
    108 "870970-basis:28227140"
    108 "870970-basis:50507009"
    109 "870970-basis:24732789"
    109 "870970-basis:27487475"
    109 "870970-basis:27552544"
    110 "870970-basis:01647105"
    110 "870970-basis:27166113"
    110 "870970-basis:27439896"
    110 "870970-basis:28239106"
    110 "870970-basis:50815587"
    111 "870970-basis:27672493"
    112 "870970-basis:27458394"
    112 "870970-basis:29268029"
    113 "870970-basis:27245633"
    113 "870970-basis:29856915"
    114 "870970-basis:26653363"
    115 "870970-basis:22893645"
    115 "870970-basis:25120949"
    115 "870970-basis:26763029"
    115 "870970-basis:50706818"
    116 "870970-basis:27262481"
    118 "870970-basis:24352722"
    118 "870970-basis:26760798"
    119 "870970-basis:28322674"
    119 "870970-basis:50960382"
    120 "870970-basis:26760844"
    120 "870970-basis:28280041"
    121 "870970-basis:26586054"
    122 "870970-basis:05926890"
    122 "870970-basis:25325311"
    122 "870970-basis:27765033"
    122 "870970-basis:28185871"
    123 "870970-basis:05025184"
    123 "870970-basis:22252852"
    124 "820010-katalog:5256211"
    124 "870970-basis:51063376"
    125 "870970-basis:24741133"
    125 "870970-basis:27404596"
    125 "870970-basis:27765017"
    125 "870970-basis:28749449"
    127 "870970-basis:26768322"
    127 "870970-basis:27487394"
    128 "870970-basis:28705751"
    129 "870970-basis:50756343"
    130 "870970-basis:25137256"
    130 "870970-basis:29980705"
    131 "870970-basis:02231336"
    131 "870970-basis:25286235"
    131 "870970-basis:29934428"
    135 "870970-basis:27245684"
    135 "870970-basis:29335818"
    136 "870970-basis:27654053"
    138 "870970-basis:26753929"
    138 "870970-basis:29676682"
    139 "870970-basis:28765355"
    140 "870970-basis:26486548"
    140 "870970-basis:26753902"
    141 "870970-basis:28446616"
    141 "870970-basis:29572232"
    142 "870970-basis:28427263"
    142 "870970-basis:28506449"
    144 "870970-basis:26956943"
    146 "870970-basis:27909140"
    148 "870970-basis:28664877"
    148 "870970-basis:50593282"
    149 "870970-basis:28975384"
    151 "870970-basis:26326591"
    151 "870970-basis:50608239"
    152 "870970-basis:29020469"
    153 "870970-basis:29910189"
    154 "870970-basis:50589110"
    156 "870970-basis:29570159"
    157 "870970-basis:28506392"
    161 "870970-basis:25771931"
    162 "870970-basis:29712670"
    165 "870970-basis:29500800"
    167 "870970-basis:26752183"
    167 "870970-basis:27409512"
    170 "870970-basis:25915690"
    172 "870970-basis:26338735"
    175 "870970-basis:28771835"
    192 "870970-basis:28905254"
    192 "870970-basis:28906730"
    200 "870970-basis:23672626"
    211 "870970-basis:49327978"
    216 "870970-basis:25683463"
    256 "870970-basis:29465649"
    333 "870970-basis:29636443"
    486 "870970-basis:28394438"
