      6 "870970-basis:28377681"
      6 "870970-basis:28407866"
      6 "870970-basis:28476639"
      6 "870970-basis:28762461"
      6 "870970-basis:28838700"
      6 "870970-basis:28897154"
      6 "870970-basis:28897170"
      6 "870970-basis:28971214"
      6 "870970-basis:29244472"
      6 "870970-basis:29285403"
      6 "870970-basis:29285470"
      6 "870970-basis:29323755"
      6 "870970-basis:29485127"
      6 "870970-basis:29630364"
      6 "870970-basis:29632898"
      6 "870970-basis:29764999"
      6 "870970-basis:29882487"
      6 "870970-basis:43590669"
      6 "870970-basis:50895041"
      6 "870970-basis:50900207"
      6 "870970-basis:50939855"
      6 "870970-basis:51006062"
      6 "870970-basis:51026462"
      6 "870970-basis:51121635"
      6 "870970-basis:51136969"
      6 "870970-basis:51267664"
      6 "870970-basis:51332989"
      6 "870970-basis:51616480"
      6 "870970-basis:51616537"
      6 "870970-basis:51616545"
      7 "870970-basis:05060427"
      7 "870970-basis:05419859"
      7 "870970-basis:05767180"
      7 "870970-basis:21776734"
      7 "870970-basis:21881740"
      7 "870970-basis:26465451"
      7 "870970-basis:26947561"
      7 "870970-basis:27443591"
      7 "870970-basis:28381719"
      7 "870970-basis:28527748"
      7 "870970-basis:28762313"
      7 "870970-basis:28838654"
      7 "870970-basis:28838913"
      7 "870970-basis:29098751"
      7 "870970-basis:29236674"
      7 "870970-basis:29236720"
      7 "870970-basis:29260222"
      7 "870970-basis:29521263"
      7 "870970-basis:29766746"
      7 "870970-basis:29773831"
      7 "870970-basis:29778930"
      7 "870970-basis:29861765"
      7 "870970-basis:50520730"
      7 "870970-basis:50991482"
      7 "870970-basis:51271009"
      7 "870970-basis:51333020"
      8 "870970-basis:05123208"
      8 "870970-basis:05767202"
      8 "870970-basis:05916844"
      8 "870970-basis:22579215"
      8 "870970-basis:27663907"
      8 "870970-basis:28240821"
      8 "870970-basis:28424671"
      8 "870970-basis:28868278"
      8 "870970-basis:29452849"
      8 "870970-basis:29506906"
      8 "870970-basis:29922667"
      8 "870970-basis:50984656"
      8 "870970-basis:50988708"
      8 "870970-basis:51238435"
      9 "870970-basis:00964352"
      9 "870970-basis:06402321"
      9 "870970-basis:20919922"
      9 "870970-basis:25683463"
      9 "870970-basis:28234503"
      9 "870970-basis:28240880"
      9 "870970-basis:28262582"
      9 "870970-basis:42425842"
      9 "870970-basis:50860620"
      9 "870970-basis:50967441"
     10 "870970-basis:06402372"
     10 "870970-basis:28614691"
     10 "870970-basis:50984591"
     11 "810015-katalog:008002031"
     11 "870970-basis:01654233"
     11 "870970-basis:05172411"
     11 "870970-basis:06894186"
     11 "870970-basis:29285330"
     11 "870970-basis:50967514"
     12 "870970-basis:07071760"
     13 "870970-basis:27723810"
     14 "870970-basis:05060370"
     14 "870970-basis:05060419"
     14 "870970-basis:05767199"
     14 "870970-basis:07071442"
     15 "870970-basis:00964395"
     15 "870970-basis:06894100"
     15 "870970-basis:06894216"
     15 "870970-basis:07071477"
     16 "870970-basis:05172403"
