     28 "870970-basis:05305551"
     28 "870970-basis:05408857"
     28 "870970-basis:27662471"
     28 "870970-basis:28240880"
     28 "870970-basis:28469322"
     28 "870970-basis:29285446"
     29 "870970-basis:01648640"
     29 "870970-basis:21881740"
     29 "870970-basis:29051690"
     29 "870970-basis:50754359"
     30 "870970-basis:23162334"
     30 "870970-basis:27463509"
     30 "870970-basis:27997570"
     30 "870970-basis:28234503"
     30 "870970-basis:28240988"
     30 "870970-basis:28377509"
     30 "870970-basis:29500762"
     31 "870970-basis:21776734"
     31 "870970-basis:23625679"
     31 "870970-basis:26947561"
     32 "870970-basis:05092973"
     32 "870970-basis:05126533"
     32 "870970-basis:28240821"
     32 "870970-basis:28762461"
     32 "870970-basis:28785186"
     32 "870970-basis:28939876"
     32 "870970-basis:29207429"
     33 "870970-basis:28838654"
     33 "870970-basis:29521263"
     34 "870970-basis:27663907"
     35 "870970-basis:05074975"
     35 "870970-basis:27321348"
     35 "870970-basis:29592438"
     35 "870970-basis:29621691"
     35 "870970-basis:29630364"
     36 "870970-basis:22843451"
     36 "870970-basis:26116309"
     36 "870970-basis:29240957"
     36 "870970-basis:50710327"
     37 "870970-basis:05000319"
     37 "870970-basis:22406183"
     37 "870970-basis:24402037"
     38 "870970-basis:28838700"
     39 "870970-basis:24306232"
     39 "870970-basis:26658403"
     39 "870970-basis:28356463"
     39 "870970-basis:28677006"
     39 "870970-basis:28977522"
     39 "870970-basis:29269815"
     39 "870970-basis:50754405"
     40 "870970-basis:27423647"
     40 "870970-basis:28262582"
     40 "870970-basis:29236623"
     40 "870970-basis:50520730"
     41 "870970-basis:05123208"
     41 "870970-basis:06939317"
     41 "870970-basis:29236674"
     42 "870970-basis:20708182"
     43 "870970-basis:25797736"
     43 "870970-basis:27256430"
     44 "870970-basis:05060427"
     44 "870970-basis:26928990"
     45 "870970-basis:06894186"
     45 "870970-basis:28424671"
     46 "870970-basis:05060370"
     46 "870970-basis:05172411"
     47 "870970-basis:00767840"
     47 "870970-basis:24251837"
     48 "820010-katalog:2459966"
     48 "870970-basis:05060419"
     48 "870970-basis:06749534"
     48 "870970-basis:23888491"
     48 "870970-basis:28240953"
     49 "870970-basis:01654233"
     49 "870970-basis:05846242"
     49 "870970-basis:27260799"
     50 "870970-basis:07071477"
     50 "870970-basis:07071760"
     51 "870970-basis:22406213"
     53 "870970-basis:05123194"
     53 "870970-basis:05419859"
     53 "870970-basis:22653164"
     55 "870970-basis:28799721"
     57 "870970-basis:00964352"
     57 "870970-basis:05172403"
     57 "870970-basis:06894100"
     57 "870970-basis:23142392"
     58 "870970-basis:07071442"
     60 "870970-basis:21085766"
     61 "870970-basis:05126541"
     61 "870970-basis:07071604"
     62 "870970-basis:20349530"
     62 "870970-basis:43590669"
     64 "870970-basis:27723942"
     66 "870970-basis:05060540"
     67 "870970-basis:00964395"
     67 "870970-basis:27723810"
     68 "870970-basis:06894216"
     70 "870970-basis:25683463"
     74 "870970-basis:22579215"
