     15 "870970-basis:51136675"
     16 "870970-basis:06402321"
     16 "870970-basis:24127419"
     16 "870970-basis:26923948"
     16 "870970-basis:26962668"
     16 "870970-basis:27463452"
     16 "870970-basis:27463509"
     16 "870970-basis:27997570"
     16 "870970-basis:28234503"
     16 "870970-basis:28240953"
     16 "870970-basis:28262582"
     16 "870970-basis:28377509"
     16 "870970-basis:28785186"
     16 "870970-basis:28988060"
     16 "870970-basis:29331235"
     16 "870970-basis:29446326"
     16 "870970-basis:50556794"
     17 "870970-basis:05846242"
     17 "870970-basis:20349530"
     17 "870970-basis:26465451"
     17 "870970-basis:27662374"
     17 "870970-basis:28762461"
     17 "870970-basis:29285470"
     17 "870970-basis:29323755"
     17 "870970-basis:29592438"
     17 "870970-basis:29784558"
     17 "870970-basis:50860620"
     18 "810015-katalog:002680089"
     18 "870970-basis:05017874"
     18 "870970-basis:05126533"
     18 "870970-basis:06402372"
     18 "870970-basis:21085766"
     18 "870970-basis:23888491"
     18 "870970-basis:26443733"
     18 "870970-basis:27256430"
     18 "870970-basis:28329512"
     18 "870970-basis:29236623"
     18 "870970-basis:29269815"
     19 "870970-basis:05092973"
     19 "870970-basis:05767199"
     19 "870970-basis:21776734"
     19 "870970-basis:26279054"
     19 "870970-basis:26947561"
     19 "870970-basis:29323801"
     19 "870970-basis:29766746"
     20 "870970-basis:06939317"
     20 "870970-basis:20919922"
     20 "870970-basis:25797736"
     20 "870970-basis:26279046"
     20 "870970-basis:27423647"
     20 "870970-basis:29934525"
     21 "870970-basis:22406213"
     21 "870970-basis:26279011"
     21 "870970-basis:26658403"
     21 "870970-basis:29285403"
     21 "870970-basis:29630364"
     22 "870970-basis:05126541"
     22 "870970-basis:29521263"
     22 "870970-basis:29584362"
     22 "870970-basis:51062876"
     23 "820010-katalog:2459966"
     23 "870970-basis:22277634"
     23 "870970-basis:22653164"
     23 "870970-basis:28533276"
     23 "870970-basis:28939876"
     23 "870970-basis:29452849"
     24 "870970-basis:20708182"
     24 "870970-basis:28838700"
     24 "870970-basis:51333020"
     25 "870970-basis:29285446"
     25 "870970-basis:51136969"
     26 "870970-basis:29285330"
     27 "870970-basis:28977522"
     27 "870970-basis:50520730"
     28 "870970-basis:05060427"
     28 "870970-basis:06894100"
     28 "870970-basis:28799721"
     30 "870970-basis:06894216"
     32 "870970-basis:05060370"
     32 "870970-basis:05123194"
     32 "870970-basis:43590669"
     33 "870970-basis:05060540"
     33 "870970-basis:06894186"
     34 "870970-basis:05172403"
     35 "870970-basis:00767840"
     36 "870970-basis:05419859"
     36 "870970-basis:07071760"
     37 "870970-basis:05172411"
     38 "870970-basis:07071442"
     38 "870970-basis:28424671"
     39 "870970-basis:01654233"
     39 "870970-basis:05123208"
     39 "870970-basis:27723942"
     42 "870970-basis:00964395"
     42 "870970-basis:07071477"
     44 "870970-basis:07071604"
     45 "870970-basis:00964352"
     47 "870970-basis:22579215"
     49 "870970-basis:05060419"
     55 "870970-basis:27723810"
