     37 "870970-basis:50520730"
     38 "870970-basis:27997570"
     38 "870970-basis:28554990"
     38 "870970-basis:28705875"
     38 "870970-basis:28838654"
     39 "870970-basis:05427770"
     39 "870970-basis:23625679"
     39 "870970-basis:28240821"
     39 "870970-basis:28762461"
     39 "870970-basis:29267979"
     39 "870970-basis:29630364"
     40 "870970-basis:27463355"
     40 "870970-basis:50520765"
     40 "870970-basis:50710327"
     41 "870970-basis:25935845"
     41 "870970-basis:28377509"
     41 "870970-basis:29236623"
     41 "870970-basis:29523606"
     42 "810010-katalog:000276564"
     42 "870970-basis:07145586"
     42 "870970-basis:27367992"
     42 "870970-basis:28469322"
     42 "870970-basis:29240957"
     42 "870970-basis:29331235"
     42 "870970-basis:29521263"
     43 "870970-basis:05000319"
     43 "870970-basis:29570299"
     44 "870970-basis:01648640"
     44 "870970-basis:07259778"
     44 "870970-basis:26658403"
     44 "870970-basis:28424671"
     45 "870970-basis:29071330"
     46 "820010-katalog:4850459"
     46 "870970-basis:05074975"
     46 "870970-basis:05092973"
     46 "870970-basis:25895754"
     46 "870970-basis:28262582"
     46 "870970-basis:50754405"
     47 "870970-basis:21846384"
     47 "870970-basis:28838700"
     47 "870970-basis:28939876"
     49 "870970-basis:22653164"
     49 "870970-basis:26962641"
     49 "870970-basis:27463509"
     49 "870970-basis:28240953"
     49 "870970-basis:29236674"
     51 "870970-basis:05126533"
     51 "870970-basis:26962668"
     51 "870970-basis:28785186"
     52 "870970-basis:29592438"
     53 "870970-basis:28897294"
     55 "870970-basis:26116309"
     55 "870970-basis:28977522"
     56 "870970-basis:20708182"
     56 "870970-basis:28677006"
     58 "870970-basis:24306232"
     59 "870970-basis:25286235"
     59 "870970-basis:50754359"
     60 "870970-basis:43590669"
     61 "870970-basis:05172403"
     62 "870970-basis:06939317"
     62 "870970-basis:27256430"
     63 "870970-basis:27723942"
     64 "870970-basis:05060419"
     64 "870970-basis:05172411"
     64 "870970-basis:07071442"
     64 "870970-basis:23888491"
     65 "870970-basis:05060370"
     65 "870970-basis:05060427"
     66 "870970-basis:07071760"
     66 "870970-basis:21085766"
     67 "870970-basis:00767840"
     67 "870970-basis:26928990"
     68 "870970-basis:06894186"
     68 "870970-basis:29269815"
     69 "870970-basis:06894100"
     69 "870970-basis:20349530"
     69 "870970-basis:22406213"
     71 "870970-basis:05123194"
     71 "870970-basis:24251837"
     73 "870970-basis:27723810"
     74 "870970-basis:05419859"
     74 "870970-basis:05846242"
     75 "870970-basis:00964395"
     75 "870970-basis:25797736"
     76 "870970-basis:01654233"
     77 "870970-basis:05123208"
     78 "870970-basis:27423647"
     82 "820010-katalog:2459966"
     82 "870970-basis:06749534"
     82 "870970-basis:28799721"
     84 "870970-basis:06894216"
     84 "870970-basis:07071477"
     89 "870970-basis:00964352"
     92 "870970-basis:23142392"
     93 "870970-basis:05126541"
     94 "870970-basis:07071604"
     98 "870970-basis:05060540"
    104 "870970-basis:22579215"
    130 "870970-basis:25683463"
