      5 "870970-basis:29523606"
      5 "870970-basis:29646066"
      5 "870970-basis:29649146"
      5 "870970-basis:29687412"
      5 "870970-basis:29832978"
      5 "870970-basis:29885869"
      5 "870970-basis:29922640"
      5 "870970-basis:29945810"
      5 "870970-basis:50538737"
      5 "870970-basis:50547825"
      5 "870970-basis:50699935"
      5 "870970-basis:50700089"
      5 "870970-basis:50710327"
      5 "870970-basis:50761983"
      5 "870970-basis:50997545"
      5 "870970-basis:51159632"
      5 "870970-basis:51292316"
      5 "870970-basis:51378040"
      6 "820010-katalog:2459966"
      6 "870970-basis:01177338"
      6 "870970-basis:04036638"
      6 "870970-basis:05025184"
      6 "870970-basis:05060540"
      6 "870970-basis:05172403"
      6 "870970-basis:05767180"
      6 "870970-basis:06894100"
      6 "870970-basis:06894186"
      6 "870970-basis:21846384"
      6 "870970-basis:22719513"
      6 "870970-basis:22843451"
      6 "870970-basis:23677105"
      6 "870970-basis:24741729"
      6 "870970-basis:24990192"
      6 "870970-basis:25286235"
      6 "870970-basis:25290054"
      6 "870970-basis:25558030"
      6 "870970-basis:26278945"
      6 "870970-basis:26947561"
      6 "870970-basis:27549349"
      6 "870970-basis:27672493"
      6 "870970-basis:27771912"
      6 "870970-basis:28176414"
      6 "870970-basis:28424671"
      6 "870970-basis:28446616"
      6 "870970-basis:28469675"
      6 "870970-basis:28572255"
      6 "870970-basis:29187487"
      6 "870970-basis:29285330"
      6 "870970-basis:29285446"
      6 "870970-basis:29355843"
      6 "870970-basis:29365326"
      6 "870970-basis:29415218"
      6 "870970-basis:29618496"
      6 "870970-basis:29764999"
      6 "870970-basis:50507009"
      6 "870970-basis:50547833"
      6 "870970-basis:50684024"
      6 "870970-basis:50699854"
      6 "870970-basis:50792854"
      6 "870970-basis:50792935"
      6 "870970-basis:50801098"
      6 "870970-basis:50973611"
      6 "870970-basis:51006062"
      6 "870970-basis:51214676"
      6 "870970-basis:51240618"
      7 "870970-basis:01235257"
      7 "870970-basis:05419859"
      7 "870970-basis:05846242"
      7 "870970-basis:06894216"
      7 "870970-basis:21776734"
      7 "870970-basis:22653164"
      7 "870970-basis:23672626"
      7 "870970-basis:24741133"
      7 "870970-basis:26251419"
      7 "870970-basis:27404588"
      7 "870970-basis:27699855"
      7 "870970-basis:28377614"
      7 "870970-basis:28533276"
      7 "870970-basis:28538987"
      7 "870970-basis:29098751"
      7 "870970-basis:29323801"
      7 "870970-basis:50571459"
      7 "870970-basis:50712389"
      8 "830380-katalog:20915420"
      8 "870970-basis:21085081"
      8 "870970-basis:27264956"
      8 "870970-basis:27572731"
      8 "870970-basis:27723810"
      8 "870970-basis:28450710"
      8 "874310-katalog:DBB0019233"
      9 "870970-basis:27423647"
      9 "870970-basis:28394438"
      9 "870970-basis:28572263"
      9 "870970-basis:29807418"
      9 "870970-basis:51128664"
     10 "870970-basis:05060419"
     10 "870970-basis:22579215"
     10 "870970-basis:22893645"
     10 "870970-basis:29706050"
     11 "870970-basis:28024207"
