      2 "870970-basis:51270886"
      2 "870970-basis:51309928"
      2 "870970-basis:51367057"
      2 "870970-basis:51375483"
      2 "870970-basis:51378040"
      2 "870970-basis:51398904"
      2 "870970-basis:51413369"
      2 "870970-basis:51424247"
      2 "870970-basis:51440137"
      2 "870970-basis:51496965"
      2 "870970-basis:51534166"
      2 "870970-basis:51539257"
      2 "870970-basis:51566513"
      2 "870970-basis:51578171"
      2 "870970-basis:51584333"
      2 "870970-basis:51592352"
      2 "870970-basis:51609476"
      2 "870970-basis:51613252"
      2 "870970-basis:51630807"
      2 "870970-basis:51656423"
      2 "870970-basis:51665929"
      2 "870970-basis:51667026"
      2 "870970-basis:51787013"
      2 "874310-katalog:DBB0019233"
      2 "874310-katalog:DBB0706003"
      3 "810015-katalog:001784835"
      3 "820010-katalog:165610"
      3 "820010-katalog:53944"
      3 "820010-katalog:6178758__1"
      3 "870970-basis:04117174"
      3 "870970-basis:04257413"
      3 "870970-basis:04478606"
      3 "870970-basis:04549813"
      3 "870970-basis:04816668"
      3 "870970-basis:05925045"
      3 "870970-basis:05976545"
      3 "870970-basis:06016901"
      3 "870970-basis:06692826"
      3 "870970-basis:08553475"
      3 "870970-basis:21892262"
      3 "870970-basis:22042904"
      3 "870970-basis:22110667"
      3 "870970-basis:22445154"
      3 "870970-basis:22893793"
      3 "870970-basis:23209276"
      3 "870970-basis:23622300"
      3 "870970-basis:23786230"
      3 "870970-basis:24815420"
      3 "870970-basis:24869857"
      3 "870970-basis:25505832"
      3 "870970-basis:25700872"
      3 "870970-basis:25734300"
      3 "870970-basis:26473853"
      3 "870970-basis:26684307"
      3 "870970-basis:26689023"
      3 "870970-basis:26800323"
      3 "870970-basis:26802210"
      3 "870970-basis:26997593"
      3 "870970-basis:27393349"
      3 "870970-basis:27502202"
      3 "870970-basis:27650341"
      3 "870970-basis:27811434"
      3 "870970-basis:28239548"
      3 "870970-basis:28484283"
      3 "870970-basis:28729812"
      3 "870970-basis:29260206"
      3 "870970-basis:29535795"
      3 "870970-basis:29834784"
      3 "870970-basis:40142258"
      3 "870970-basis:50580873"
      3 "870970-basis:51699556"
      4 "810015-katalog:001806459"
      4 "820010-katalog:2370326__1"
      4 "820010-katalog:3192115__1"
      4 "820010-katalog:4436311__1"
      4 "870970-basis:05089298"
      4 "870970-basis:07176171"
      4 "870970-basis:20934344"
      4 "870970-basis:21046345"
      4 "870970-basis:21496669"
      4 "870970-basis:21828238"
      4 "870970-basis:22223607"
      4 "870970-basis:22333879"
      4 "870970-basis:22859536"
      4 "870970-basis:25080009"
      4 "870970-basis:26170508"
      4 "870970-basis:26206510"
      4 "870970-basis:26423880"
      4 "870970-basis:27400264"
      4 "870970-basis:27551440"
      4 "870970-basis:27597343"
      4 "870970-basis:27888097"
      4 "870970-basis:28394438"
      4 "870970-basis:29125724"
      4 "870970-basis:29276307"
      4 "870970-basis:50789748"
      5 "870970-basis:27238173"
      5 "870970-basis:27597335"
      6 "870970-basis:21862274"
      6 "870970-basis:22966022"
