      1 "870970-basis:28309171"
      1 "870970-basis:28383347"
      1 "870970-basis:28392621"
      1 "870970-basis:28402910"
      1 "870970-basis:28417160"
      1 "870970-basis:28423446"
      1 "870970-basis:28452519"
      1 "870970-basis:28456611"
      1 "870970-basis:28461534"
      1 "870970-basis:28468474"
      1 "870970-basis:28468636"
      1 "870970-basis:28469837"
      1 "870970-basis:28517181"
      1 "870970-basis:28529724"
      1 "870970-basis:28530439"
      1 "870970-basis:28595611"
      1 "870970-basis:28616031"
      1 "870970-basis:28616058"
      1 "870970-basis:28620519"
      1 "870970-basis:28649851"
      1 "870970-basis:28688547"
      1 "870970-basis:28782748"
      1 "870970-basis:28808720"
      1 "870970-basis:28872801"
      1 "870970-basis:28930291"
      1 "870970-basis:28949928"
      1 "870970-basis:28951833"
      1 "870970-basis:28963637"
      1 "870970-basis:28975724"
      1 "870970-basis:28992335"
      1 "870970-basis:29011362"
      1 "870970-basis:29054746"
      1 "870970-basis:29098840"
      1 "870970-basis:29103488"
      1 "870970-basis:29139113"
      1 "870970-basis:29143498"
      1 "870970-basis:29201463"
      1 "870970-basis:29273782"
      1 "870970-basis:29316813"
      1 "870970-basis:29349061"
      1 "870970-basis:29354456"
      1 "870970-basis:29367558"
      1 "870970-basis:29382298"
      1 "870970-basis:29383197"
      1 "870970-basis:29555826"
      1 "870970-basis:29643121"
      1 "870970-basis:29696144"
      1 "870970-basis:29697221"
      1 "870970-basis:29746680"
      1 "870970-basis:29793158"
      1 "870970-basis:29851360"
      1 "870970-basis:29851409"
      1 "870970-basis:29851433"
      1 "870970-basis:29851468"
      1 "870970-basis:29851476"
      1 "870970-basis:29851506"
      1 "870970-basis:29851514"
      1 "870970-basis:29851530"
      1 "870970-basis:29851549"
      1 "870970-basis:29851557"
      1 "870970-basis:29857199"
      1 "870970-basis:29885885"
      1 "870970-basis:29894582"
      1 "870970-basis:29902348"
      1 "870970-basis:29928541"
      1 "870970-basis:29932093"
      1 "870970-basis:29957193"
      1 "870970-basis:29960801"
      1 "870970-basis:29969981"
      1 "870970-basis:29975116"
      1 "870970-basis:29989613"
      1 "870970-basis:40001638"
      1 "870970-basis:42725633"
      1 "870970-basis:45330249"
      1 "870970-basis:50516296"
      1 "870970-basis:50547965"
      1 "870970-basis:50587185"
      1 "870970-basis:50623971"
      1 "870970-basis:50633977"
      1 "870970-basis:50647188"
      1 "870970-basis:50684199"
      1 "870970-basis:50694410"
      1 "870970-basis:50715310"
      1 "870970-basis:50749983"
      1 "870970-basis:50811115"
      1 "870970-basis:50853527"
      1 "870970-basis:50895092"
      1 "870970-basis:50904512"
      1 "870970-basis:51004558"
      1 "870970-basis:51040414"
      1 "870970-basis:51121325"
      1 "874310-katalog:DBB0040832"
      2 "810015-katalog:002258216"
      2 "870970-basis:06067158"
      2 "870970-basis:20981512"
      2 "870970-basis:25972341"
      2 "870970-basis:27363091"
      2 "870970-basis:29458103"
      3 "870970-basis:05700752"
      3 "870970-basis:23215594"
