      2 "870970-basis:40515615"
      2 "870970-basis:41125063"
      2 "870970-basis:42262587"
      2 "870970-basis:44317427"
      2 "870970-basis:45090108"
      2 "870970-basis:45324125"
      2 "870970-basis:45475166"
      2 "870970-basis:45603318"
      2 "870970-basis:45662128"
      2 "870970-basis:50589110"
      2 "870970-basis:50729400"
      2 "870970-basis:50771512"
      2 "870970-basis:50774554"
      2 "870970-basis:50836010"
      2 "870970-basis:50928632"
      2 "870970-basis:50942937"
      2 "870970-basis:51244044"
      2 "870970-basis:51270991"
      2 "870970-basis:51327209"
      2 "870970-basis:51340639"
      2 "870970-basis:51363000"
      2 "870970-basis:51375394"
      2 "870970-basis:51637208"
      2 "870970-basis:51779118"
      2 "870978-monografi:66723402"
      2 "874310-katalog:DBB0029567"
      2 "874310-katalog:DBB0032598"
      3 "733000-katalog:93022033"
      3 "810015-katalog:001391334"
      3 "810015-katalog:001391337"
      3 "810015-katalog:001784833"
      3 "820010-katalog:294283"
      3 "820010-katalog:315627"
      3 "820010-katalog:4934832__1"
      3 "870970-basis:04164334"
      3 "870970-basis:04281756"
      3 "870970-basis:05903521"
      3 "870970-basis:06268617"
      3 "870970-basis:08103518"
      3 "870970-basis:08166307"
      3 "870970-basis:21593206"
      3 "870970-basis:22223607"
      3 "870970-basis:22357409"
      3 "870970-basis:22620177"
      3 "870970-basis:22954814"
      3 "870970-basis:23712601"
      3 "870970-basis:24260844"
      3 "870970-basis:24619303"
      3 "870970-basis:24854272"
      3 "870970-basis:24942856"
      3 "870970-basis:25625439"
      3 "870970-basis:25694090"
      3 "870970-basis:25714067"
      3 "870970-basis:25741420"
      3 "870970-basis:25798961"
      3 "870970-basis:26073626"
      3 "870970-basis:26486637"
      3 "870970-basis:26871506"
      3 "870970-basis:26940443"
      3 "870970-basis:27119956"
      3 "870970-basis:27238173"
      3 "870970-basis:27291562"
      3 "870970-basis:27393349"
      3 "870970-basis:27423582"
      3 "870970-basis:27476295"
      3 "870970-basis:27709990"
      3 "870970-basis:27711227"
      3 "870970-basis:27746071"
      3 "870970-basis:27811434"
      3 "870970-basis:28026544"
      3 "870970-basis:28239548"
      3 "870970-basis:28247664"
      3 "870970-basis:28721420"
      3 "870970-basis:28942613"
      3 "870970-basis:29569894"
      3 "870970-basis:40885439"
      3 "870970-basis:45474933"
      3 "870970-basis:51201868"
      4 "778700-katalog:92323609"
      4 "870970-basis:01360639"
      4 "870970-basis:04079949"
      4 "870970-basis:22374257"
      4 "870970-basis:22893793"
      4 "870970-basis:23164264"
      4 "870970-basis:23881748"
      4 "870970-basis:25112873"
      4 "870970-basis:27579388"
      4 "870970-basis:28429576"
      4 "870970-basis:51072766"
      5 "820010-katalog:3166958__1"
      5 "870970-basis:26677262"
      5 "870970-basis:26922143"
      5 "870970-basis:27096387"
      5 "870970-basis:29260206"
      6 "870970-basis:26689023"
      7 "870970-basis:04079841"
      7 "870970-basis:28456433"
      8 "870970-basis:27186327"
      8 "870970-basis:28891229"
     10 "870970-basis:25721101"
