      3 "870970-basis:24250466"
      3 "870970-basis:24364445"
      3 "870970-basis:24882322"
      3 "870970-basis:24936457"
      3 "870970-basis:25112873"
      3 "870970-basis:25299191"
      3 "870970-basis:25331990"
      3 "870970-basis:25433262"
      3 "870970-basis:26055113"
      3 "870970-basis:26243351"
      3 "870970-basis:26370574"
      3 "870970-basis:26923530"
      3 "870970-basis:27119956"
      3 "870970-basis:27186114"
      3 "870970-basis:27186327"
      3 "870970-basis:27446272"
      3 "870970-basis:27551440"
      3 "870970-basis:27597343"
      3 "870970-basis:27722865"
      3 "870970-basis:27884296"
      3 "870970-basis:27913288"
      3 "870970-basis:28117434"
      3 "870970-basis:28120958"
      3 "870970-basis:28126956"
      3 "870970-basis:28188625"
      3 "870970-basis:28204760"
      3 "870970-basis:28220405"
      3 "870970-basis:28511663"
      3 "870970-basis:28595565"
      3 "870970-basis:28824130"
      3 "870970-basis:28898924"
      3 "870970-basis:28979274"
      3 "870970-basis:29210292"
      3 "870970-basis:29261962"
      3 "870970-basis:29304521"
      3 "870970-basis:29354405"
      3 "870970-basis:29569894"
      3 "870970-basis:29754519"
      3 "870970-basis:29937710"
      3 "870970-basis:29953554"
      3 "870970-basis:29972362"
      3 "870970-basis:40345043"
      3 "870970-basis:40885439"
      3 "870970-basis:45226409"
      3 "870970-basis:49332920"
      3 "870970-basis:50618595"
      3 "870970-basis:50629627"
      3 "870970-basis:50694240"
      3 "870970-basis:50718808"
      3 "870970-basis:50727025"
      3 "870970-basis:50801098"
      3 "870970-basis:51109058"
      3 "870970-basis:51269780"
      3 "870970-basis:51298721"
      3 "874310-katalog:DBB0019782"
      4 "810015-katalog:001606003"
      4 "820010-katalog:105856"
      4 "870970-basis:00140899"
      4 "870970-basis:00157740"
      4 "870970-basis:00954004"
      4 "870970-basis:04769058"
      4 "870970-basis:06013244"
      4 "870970-basis:21900516"
      4 "870970-basis:22205900"
      4 "870970-basis:22893793"
      4 "870970-basis:23830116"
      4 "870970-basis:23856948"
      4 "870970-basis:24240584"
      4 "870970-basis:25248821"
      4 "870970-basis:25700872"
      4 "870970-basis:25798961"
      4 "870970-basis:25929942"
      4 "870970-basis:27269184"
      4 "870970-basis:27400264"
      4 "870970-basis:28244967"
      4 "870970-basis:28377444"
      4 "870970-basis:28413149"
      4 "870970-basis:28441428"
      4 "870970-basis:28711239"
      4 "870970-basis:29076588"
      4 "870970-basis:29535876"
      5 "771000-katalog:90185543"
      5 "870970-basis:23660245"
      5 "870970-basis:27106730"
      5 "870970-basis:27114261"
      5 "870970-basis:28351631"
      5 "870970-basis:28373929"
      5 "870970-basis:28986203"
      5 "870970-basis:29535795"
      5 "870970-basis:29867666"
      6 "870970-basis:03993744"
      6 "870970-basis:20161809"
      6 "870970-basis:25887719"
      6 "870970-basis:26098122"
      6 "870970-basis:27470610"
      6 "870970-basis:27825206"
      8 "870970-basis:20279427"
      9 "870970-basis:25721101"
     11 "870970-basis:28456433"
     11 "870970-basis:29793158"
