      2 "870970-basis:21520675"
      2 "870970-basis:21889040"
      2 "870970-basis:22067605"
      2 "870970-basis:22101390"
      2 "870970-basis:22385828"
      2 "870970-basis:22389157"
      2 "870970-basis:22931970"
      2 "870970-basis:23298686"
      2 "870970-basis:24085422"
      2 "870970-basis:24240622"
      2 "870970-basis:24244601"
      2 "870970-basis:24557154"
      2 "870970-basis:24586669"
      2 "870970-basis:24908763"
      2 "870970-basis:25188233"
      2 "870970-basis:25445791"
      2 "870970-basis:25625447"
      2 "870970-basis:25688961"
      2 "870970-basis:25693906"
      2 "870970-basis:25796535"
      2 "870970-basis:25798961"
      2 "870970-basis:25929942"
      2 "870970-basis:25932781"
      2 "870970-basis:26043972"
      2 "870970-basis:26186285"
      2 "870970-basis:26195489"
      2 "870970-basis:26206510"
      2 "870970-basis:26400430"
      2 "870970-basis:26474345"
      2 "870970-basis:26632323"
      2 "870970-basis:26825857"
      2 "870970-basis:26879140"
      2 "870970-basis:26958407"
      2 "870970-basis:26964547"
      2 "870970-basis:26972027"
      2 "870970-basis:27013902"
      2 "870970-basis:27114091"
      2 "870970-basis:27187501"
      2 "870970-basis:27224679"
      2 "870970-basis:27233503"
      2 "870970-basis:27269184"
      2 "870970-basis:27403271"
      2 "870970-basis:27404561"
      2 "870970-basis:27605850"
      2 "870970-basis:27699456"
      2 "870970-basis:27711227"
      2 "870970-basis:27725562"
      2 "870970-basis:27787398"
      2 "870970-basis:27865976"
      2 "870970-basis:27891268"
      2 "870970-basis:27927955"
      2 "870970-basis:27942504"
      2 "870970-basis:27947018"
      2 "870970-basis:27986161"
      2 "870970-basis:27997562"
      2 "870970-basis:28007604"
      2 "870970-basis:28163363"
      2 "870970-basis:28245661"
      2 "870970-basis:28269978"
      2 "870970-basis:28300565"
      2 "870970-basis:28406134"
      2 "870970-basis:28467087"
      2 "870970-basis:28478666"
      2 "870970-basis:28498527"
      2 "870970-basis:28523920"
      2 "870970-basis:28649754"
      2 "870970-basis:28655932"
      2 "870970-basis:28715730"
      2 "870970-basis:29143013"
      2 "870970-basis:29535795"
      2 "870970-basis:41017848"
      2 "870970-basis:43483099"
      2 "874310-katalog:DBB0019369"
      3 "810015-katalog:001327973"
      3 "810015-katalog:001806459"
      3 "820010-katalog:2370326__1"
      3 "820010-katalog:335961"
      3 "870970-basis:05925045"
      3 "870970-basis:06988059"
      3 "870970-basis:22223607"
      3 "870970-basis:22620177"
      3 "870970-basis:23830116"
      3 "870970-basis:25734300"
      3 "870970-basis:26923425"
      3 "870970-basis:27423582"
      3 "870970-basis:27868673"
      3 "870970-basis:27909248"
      3 "870970-basis:28257929"
      3 "870970-basis:29084068"
      3 "870970-basis:44204746"
      4 "810010-katalog:000845288"
      4 "820010-katalog:6178758__1"
      4 "870970-basis:04412419"
      4 "870970-basis:21496669"
      4 "870970-basis:23164264"
      4 "870970-basis:26519152"
      4 "870970-basis:26673607"
      4 "870970-basis:28188625"
      4 "870970-basis:28403801"
      4 "870970-basis:28484283"
