      1 "870970-basis:28922833"
      1 "870970-basis:28954611"
      1 "870970-basis:28988427"
      1 "870970-basis:28997892"
      1 "870970-basis:29022267"
      1 "870970-basis:29024626"
      1 "870970-basis:29024650"
      1 "870970-basis:29060665"
      1 "870970-basis:29084068"
      1 "870970-basis:29143315"
      1 "870970-basis:29173796"
      1 "870970-basis:29205590"
      1 "870970-basis:29214778"
      1 "870970-basis:29231923"
      1 "870970-basis:29276307"
      1 "870970-basis:29304521"
      1 "870970-basis:29316813"
      1 "870970-basis:29333610"
      1 "870970-basis:29333777"
      1 "870970-basis:29335265"
      1 "870970-basis:29348782"
      1 "870970-basis:29386145"
      1 "870970-basis:29403708"
      1 "870970-basis:29521298"
      1 "870970-basis:29537399"
      1 "870970-basis:29567069"
      1 "870970-basis:29570396"
      1 "870970-basis:29590257"
      1 "870970-basis:29598487"
      1 "870970-basis:29643806"
      1 "870970-basis:29657092"
      1 "870970-basis:29708711"
      1 "870970-basis:29924589"
      1 "870970-basis:29986398"
      1 "870970-basis:29988404"
      1 "870970-basis:29991855"
      1 "870970-basis:43544055"
      1 "870970-basis:43583948"
      1 "870970-basis:44012103"
      1 "870970-basis:44572923"
      1 "870970-basis:45000710"
      1 "870970-basis:45060136"
      1 "870970-basis:45179672"
      1 "870970-basis:45274039"
      1 "870970-basis:49382375"
      1 "870970-basis:50623351"
      1 "870970-basis:50639835"
      1 "870970-basis:50752127"
      1 "870970-basis:50773825"
      1 "874310-katalog:DBB0023821"
      1 "874310-katalog:DBB0028658"
      1 "874310-katalog:DBB0028788"
      2 "771000-katalog:90185543"
      2 "810015-katalog:001613819"
      2 "810015-katalog:001794965"
      2 "810015-katalog:001806459"
      2 "820010-katalog:2370326__1"
      2 "831020-katalog:22484710"
      2 "870970-basis:04952790"
      2 "870970-basis:05934664"
      2 "870970-basis:07252250"
      2 "870970-basis:20375515"
      2 "870970-basis:22330349"
      2 "870970-basis:22394029"
      2 "870970-basis:22593463"
      2 "870970-basis:23660245"
      2 "870970-basis:24486230"
      2 "870970-basis:25112873"
      2 "870970-basis:25700872"
      2 "870970-basis:25796624"
      2 "870970-basis:26186285"
      2 "870970-basis:26886120"
      2 "870970-basis:27013902"
      2 "870970-basis:27218784"
      2 "870970-basis:27597335"
      2 "870970-basis:27597343"
      2 "870970-basis:27722865"
      2 "870970-basis:27884296"
      2 "870970-basis:28188625"
      2 "870970-basis:28239548"
      2 "870970-basis:28244967"
      2 "870970-basis:28373929"
      2 "870970-basis:28421672"
      2 "870970-basis:28480814"
      2 "870970-basis:28511663"
      2 "870970-basis:28724683"
      2 "870970-basis:28753128"
      2 "870970-basis:29335826"
      2 "870970-basis:29535795"
      2 "870970-basis:43483099"
      2 "874310-katalog:DBB0019369"
      3 "820010-katalog:311414"
      3 "870970-basis:08553475"
      3 "870970-basis:27400264"
      3 "870970-basis:29248850"
      3 "870970-basis:29754519"
      3 "870970-basis:45139344"
      4 "820010-katalog:3145796"
      5 "870970-basis:28456433"
      5 "870970-basis:29551421"
