      2 "870970-basis:22620118"
      2 "870970-basis:22620428"
      2 "870970-basis:22736868"
      2 "870970-basis:22765094"
      2 "870970-basis:22781618"
      2 "870970-basis:22883410"
      2 "870970-basis:22887572"
      2 "870970-basis:23069083"
      2 "870970-basis:23082357"
      2 "870970-basis:23092298"
      2 "870970-basis:23113449"
      2 "870970-basis:23205769"
      2 "870970-basis:23248379"
      2 "870970-basis:23345706"
      2 "870970-basis:23369737"
      2 "870970-basis:23409062"
      2 "870970-basis:23444143"
      2 "870970-basis:23518597"
      2 "870970-basis:23524937"
      2 "870970-basis:23569051"
      2 "870970-basis:23598981"
      2 "870970-basis:23662930"
      2 "870970-basis:24288927"
      2 "870970-basis:24295389"
      2 "870970-basis:24346250"
      2 "870970-basis:24386279"
      2 "870970-basis:24543439"
      2 "870970-basis:24869857"
      2 "870970-basis:24942856"
      2 "870970-basis:25117255"
      2 "870970-basis:25497007"
      2 "870970-basis:25505832"
      2 "870970-basis:26158761"
      2 "870970-basis:26170508"
      2 "870970-basis:26605458"
      2 "870970-basis:26658403"
      2 "870970-basis:26885310"
      2 "870970-basis:26924537"
      2 "870970-basis:26930898"
      2 "870970-basis:27284760"
      2 "870970-basis:27415857"
      2 "870970-basis:27504574"
      2 "870970-basis:27551440"
      2 "870970-basis:27701361"
      2 "870970-basis:27722865"
      2 "870970-basis:28630867"
      2 "870970-basis:40172769"
      2 "870970-basis:40409165"
      2 "870970-basis:41426802"
      2 "870970-basis:44301636"
      2 "870970-basis:44317427"
      2 "870970-basis:51150163"
      2 "874310-katalog:DBB0028946"
      2 "874310-katalog:DBB0029151"
      2 "874310-katalog:DBB0030218"
      2 "874310-katalog:DBB0032295"
      3 "810015-katalog:001806459"
      3 "810015-katalog:005282270"
      3 "820010-katalog:2376761"
      3 "870970-basis:01190415"
      3 "870970-basis:01289918"
      3 "870970-basis:04424549"
      3 "870970-basis:04992857"
      3 "870970-basis:05077923"
      3 "870970-basis:05208068"
      3 "870970-basis:05446228"
      3 "870970-basis:05577993"
      3 "870970-basis:06943268"
      3 "870970-basis:07266618"
      3 "870970-basis:22331167"
      3 "870970-basis:22420747"
      3 "870970-basis:22422405"
      3 "870970-basis:22484869"
      3 "870970-basis:22546155"
      3 "870970-basis:22893793"
      3 "870970-basis:23087502"
      3 "870970-basis:23202239"
      3 "870970-basis:23255618"
      3 "870970-basis:23464861"
      3 "870970-basis:23965798"
      3 "870970-basis:24316416"
      3 "870970-basis:26943884"
      3 "870970-basis:27238173"
      3 "870970-basis:27393349"
      3 "870970-basis:27811434"
      3 "870970-basis:28075480"
      3 "870970-basis:29793158"
      3 "870970-basis:42480908"
      3 "870970-basis:44317400"
      4 "810015-katalog:001698814"
      4 "870970-basis:04769058"
      4 "870970-basis:06601421"
      4 "870970-basis:06621538"
      4 "870970-basis:21889962"
      4 "870970-basis:22676083"
      4 "870970-basis:40234187"
      4 "870970-basis:42435503"
      5 "810015-katalog:001391337"
      5 "820010-katalog:2319534"
      5 "870970-basis:23063239"
