     20 "870970-basis:28293402"
     20 "870970-basis:28299125"
     20 "870970-basis:28421826"
     20 "870970-basis:28942613"
     20 "870970-basis:29304521"
     20 "870970-basis:29972362"
     20 "870970-basis:51298721"
     20 "874310-katalog:DBB0018798"
     21 "870970-basis:24960129"
     21 "870970-basis:24973417"
     21 "870970-basis:25146999"
     21 "870970-basis:25929942"
     21 "870970-basis:25972341"
     21 "870970-basis:26104866"
     21 "870970-basis:26473853"
     21 "870970-basis:27262627"
     21 "870970-basis:27551440"
     21 "870970-basis:27597335"
     21 "870970-basis:28595565"
     21 "870970-basis:28824130"
     21 "870970-basis:29088853"
     21 "870970-basis:29261962"
     22 "870970-basis:20124407"
     22 "870970-basis:25080009"
     22 "870970-basis:25371542"
     22 "870970-basis:25771559"
     22 "870970-basis:26923530"
     22 "870970-basis:27474632"
     22 "870970-basis:29335826"
     22 "870970-basis:45139344"
     22 "870970-basis:45226409"
     23 "870970-basis:23660245"
     23 "870970-basis:27430287"
     23 "870970-basis:28069170"
     23 "870970-basis:29027471"
     23 "870970-basis:29076588"
     24 "870970-basis:24654400"
     24 "870970-basis:27731236"
     24 "870970-basis:28407866"
     24 "870970-basis:51327209"
     25 "870970-basis:22205900"
     25 "870970-basis:24022242"
     25 "870970-basis:24882322"
     25 "870970-basis:26438640"
     25 "870970-basis:27266428"
     25 "870970-basis:28117434"
     25 "870970-basis:50789748"
     25 "874310-katalog:DBB0019369"
     26 "870970-basis:24250466"
     26 "870970-basis:25112873"
     26 "870970-basis:26922143"
     26 "870970-basis:27114261"
     26 "870970-basis:27709990"
     26 "870970-basis:28373988"
     27 "870970-basis:26777771"
     28 "870970-basis:07252250"
     28 "870970-basis:21862274"
     28 "870970-basis:26170508"
     28 "870970-basis:26878411"
     28 "870970-basis:26885310"
     28 "870970-basis:27393349"
     28 "870970-basis:27811434"
     28 "870970-basis:27884296"
     28 "870970-basis:28043872"
     28 "870970-basis:28724683"
     28 "870970-basis:29535795"
     30 "870970-basis:26423880"
     30 "870970-basis:27711227"
     30 "870970-basis:28204760"
     30 "870970-basis:29535876"
     31 "870970-basis:24815420"
     31 "870970-basis:26519152"
     31 "870970-basis:28986203"
     31 "870970-basis:29953554"
     32 "870970-basis:26186285"
     34 "870970-basis:25700872"
     34 "870970-basis:27266304"
     34 "870970-basis:27868673"
     34 "870970-basis:28220405"
     34 "870970-basis:28484283"
     35 "870970-basis:27238173"
     35 "870970-basis:27400264"
     35 "870970-basis:28891229"
     35 "870970-basis:29027641"
     36 "771000-katalog:90185543"
     36 "870970-basis:27787207"
     36 "870970-basis:29867666"
     36 "870970-basis:45060136"
     39 "870970-basis:22893793"
     39 "870970-basis:26684307"
     39 "870970-basis:27218784"
     39 "870970-basis:27423833"
     40 "870970-basis:29754519"
     41 "870970-basis:29551421"
     45 "870970-basis:28511663"
     47 "870970-basis:27119956"
     50 "870970-basis:27186327"
     54 "870970-basis:29793158"
     61 "870970-basis:28188625"
     64 "870970-basis:28456433"
