     25 "870970-basis:27393349"
     25 "870970-basis:27430287"
     25 "870970-basis:28392621"
     25 "870970-basis:28824130"
     25 "870970-basis:29537011"
     25 "870970-basis:45139344"
     25 "874310-katalog:DBB0040899"
     26 "870970-basis:06643663"
     26 "870970-basis:25863747"
     26 "870970-basis:26473853"
     26 "870970-basis:26872405"
     26 "870970-basis:26879140"
     26 "870970-basis:28403801"
     26 "870970-basis:28714289"
     26 "870970-basis:28942613"
     26 "870970-basis:29076588"
     27 "820010-katalog:5573862__2"
     27 "870970-basis:24328457"
     27 "870970-basis:24882322"
     27 "870970-basis:28026544"
     27 "870970-basis:28117434"
     27 "870970-basis:28244967"
     27 "874310-katalog:DBB0018963"
     28 "870970-basis:25112873"
     28 "870970-basis:26509025"
     28 "870970-basis:26519152"
     28 "870970-basis:28992408"
     29 "870970-basis:07681526"
     29 "870970-basis:24022242"
     29 "870970-basis:25798961"
     29 "870970-basis:26104866"
     29 "870970-basis:26922143"
     29 "870970-basis:27722865"
     29 "870970-basis:27868673"
     29 "870970-basis:28902239"
     29 "870970-basis:29972362"
     30 "870970-basis:26964547"
     30 "870970-basis:27186327"
     30 "870970-basis:27446272"
     30 "870970-basis:29051836"
     30 "874310-katalog:DBB0019782"
     31 "810015-katalog:001806459"
     31 "870970-basis:22101390"
     31 "870970-basis:24815420"
     31 "870970-basis:25146999"
     31 "870970-basis:28595565"
     31 "870970-basis:28675127"
     31 "870970-basis:29551421"
     32 "870970-basis:25929942"
     32 "870970-basis:27238173"
     32 "870970-basis:27731236"
     32 "870970-basis:28043872"
     32 "870970-basis:29793158"
     33 "870970-basis:26878411"
     33 "870970-basis:27114261"
     33 "870970-basis:28729820"
     33 "870970-basis:29027641"
     33 "870970-basis:51298721"
     34 "870970-basis:26684307"
     34 "870970-basis:28160801"
     34 "870970-basis:28373929"
     34 "870970-basis:29569894"
     35 "870970-basis:26923530"
     35 "870970-basis:28120958"
     35 "870970-basis:29027471"
     35 "870970-basis:29260206"
     36 "870970-basis:28373988"
     37 "810015-katalog:001363578"
     37 "870970-basis:26186285"
     37 "870970-basis:27218784"
     37 "870970-basis:27266304"
     37 "870970-basis:27474632"
     37 "870970-basis:28204760"
     39 "758000-katalog:93204271"
     39 "870970-basis:27711227"
     39 "870970-basis:28891229"
     40 "870970-basis:28724683"
     41 "870970-basis:27884296"
     42 "870970-basis:27266428"
     42 "870970-basis:27650341"
     42 "870970-basis:28484283"
     43 "870970-basis:07252250"
     43 "870970-basis:28220405"
     43 "870970-basis:28293402"
     43 "870970-basis:29535876"
     44 "771000-katalog:90185543"
     44 "870970-basis:27400264"
     44 "870970-basis:27787207"
     45 "870970-basis:28986203"
     45 "870970-basis:29867666"
     45 "874310-katalog:DBB0019369"
     46 "870970-basis:29754519"
     49 "870970-basis:27119956"
     49 "870970-basis:29535795"
     50 "870970-basis:28429576"
     50 "870970-basis:28511663"
     50 "870970-basis:45060136"
     51 "870970-basis:26170508"
     57 "870970-basis:28456433"
     65 "870970-basis:28188625"
