     10 "870970-basis:27884296"
     10 "870970-basis:28211503"
     10 "870970-basis:29276307"
     10 "870970-basis:29569894"
     10 "870970-basis:29754519"
     10 "870970-basis:40345043"
     10 "870970-basis:40885439"
     11 "820010-katalog:168519"
     11 "820010-katalog:3192115__1"
     11 "820010-katalog:370264"
     11 "870970-basis:05066522"
     11 "870970-basis:07176171"
     11 "870970-basis:24815420"
     11 "870970-basis:24973417"
     11 "870970-basis:25693906"
     11 "870970-basis:25700872"
     11 "870970-basis:25771559"
     11 "870970-basis:25929942"
     11 "870970-basis:27114091"
     11 "870970-basis:27114261"
     11 "870970-basis:27551440"
     11 "870970-basis:27650341"
     11 "870970-basis:28069170"
     11 "870970-basis:28117434"
     11 "870970-basis:28220405"
     11 "870970-basis:28374968"
     11 "870970-basis:28392621"
     11 "870970-basis:28429576"
     11 "870970-basis:28675127"
     11 "870970-basis:29051836"
     11 "870970-basis:29246076"
     11 "870970-basis:45139344"
     11 "870970-basis:50727025"
     11 "870970-basis:50789748"
     12 "810010-katalog:000341086"
     12 "810015-katalog:001680200"
     12 "870970-basis:04816668"
     12 "870970-basis:06755496"
     12 "870970-basis:07252250"
     12 "870970-basis:21862274"
     12 "870970-basis:22359541"
     12 "870970-basis:24869857"
     12 "870970-basis:24882322"
     12 "870970-basis:25741420"
     12 "870970-basis:25863747"
     12 "870970-basis:26855977"
     12 "870970-basis:26885310"
     12 "870970-basis:28204760"
     13 "810015-katalog:001495929"
     13 "810015-katalog:001604530"
     13 "870970-basis:07681526"
     13 "870970-basis:22330349"
     13 "870970-basis:24250466"
     13 "870970-basis:25080009"
     13 "870970-basis:26170508"
     13 "870970-basis:26423880"
     13 "870970-basis:26474345"
     13 "870970-basis:27261574"
     13 "870970-basis:27269184"
     13 "870970-basis:27811434"
     13 "870970-basis:28729812"
     13 "870970-basis:29551421"
     14 "870970-basis:24619303"
     14 "870970-basis:25798961"
     14 "870970-basis:26689023"
     14 "870970-basis:26800323"
     14 "870970-basis:26923530"
     14 "870970-basis:27218784"
     14 "870970-basis:27711227"
     14 "870970-basis:28403801"
     14 "870970-basis:29027641"
     14 "870970-basis:29535795"
     15 "810015-katalog:001363578"
     15 "820010-katalog:3166958__1"
     15 "870970-basis:24328457"
     15 "870970-basis:26677262"
     15 "870970-basis:27266304"
     15 "870970-basis:28456433"
     16 "870970-basis:04278860"
     16 "870970-basis:07247079"
     16 "870970-basis:23660245"
     16 "870970-basis:26519152"
     16 "870970-basis:28293402"
     16 "870970-basis:28484283"
     16 "870970-basis:28986203"
     17 "870970-basis:24022242"
     17 "870970-basis:26943884"
     17 "870970-basis:27238173"
     18 "870970-basis:26922143"
     18 "870970-basis:28188625"
     18 "870970-basis:29261962"
     19 "870970-basis:26684307"
     20 "870970-basis:20124407"
     20 "870970-basis:26186285"
     22 "870970-basis:22893793"
     22 "870970-basis:28891229"
     23 "870970-basis:27119956"
     24 "870970-basis:27400264"
     30 "870970-basis:27186327"
     32 "870970-basis:29793158"
