     27 "870970-basis:27722865"
     27 "870970-basis:28204760"
     27 "870970-basis:28299125"
     27 "870970-basis:28810679"
     27 "870970-basis:29260206"
     27 "870970-basis:45226409"
     27 "874310-katalog:DBB0018963"
     27 "874310-katalog:DBB0019782"
     28 "870970-basis:23461005"
     28 "870970-basis:23830116"
     28 "870970-basis:27114261"
     28 "870970-basis:28429576"
     28 "870970-basis:28758057"
     28 "870970-basis:29276307"
     28 "870970-basis:29335826"
     28 "870970-basis:29972362"
     29 "870970-basis:06366414"
     29 "870970-basis:25505832"
     29 "870970-basis:25741420"
     29 "870970-basis:26879140"
     29 "870970-basis:27597335"
     29 "870970-basis:28026544"
     29 "870970-basis:28484283"
     29 "870970-basis:51298721"
     30 "870970-basis:23660245"
     30 "870970-basis:24022242"
     30 "870970-basis:25771559"
     30 "870970-basis:26473853"
     30 "870970-basis:26964547"
     30 "870970-basis:27393349"
     30 "870970-basis:27868673"
     30 "870970-basis:28824130"
     30 "870970-basis:28942613"
     31 "820010-katalog:286822"
     31 "870970-basis:07252250"
     31 "870970-basis:24815420"
     31 "870970-basis:26509025"
     31 "870970-basis:26684307"
     31 "870970-basis:26923530"
     31 "870970-basis:28729820"
     31 "870970-basis:28891229"
     31 "870970-basis:51327209"
     32 "870970-basis:22765094"
     32 "870970-basis:26922143"
     32 "870970-basis:29978891"
     33 "870970-basis:26423880"
     33 "870970-basis:27597343"
     33 "870970-basis:28069170"
     33 "870970-basis:28244967"
     34 "870970-basis:24250466"
     34 "870970-basis:25112873"
     34 "870970-basis:29027641"
     35 "810015-katalog:001391647"
     35 "870970-basis:07192045"
     35 "870970-basis:25080009"
     35 "870970-basis:26104866"
     35 "870970-basis:29051836"
     35 "870970-basis:29076588"
     35 "870970-basis:29261962"
     35 "870970-basis:29569894"
     36 "870970-basis:27013902"
     36 "870970-basis:27474632"
     36 "870970-basis:28986203"
     37 "870970-basis:26878411"
     37 "870970-basis:27811434"
     37 "870970-basis:28724683"
     38 "870970-basis:27174213"
     38 "870970-basis:27711227"
     38 "870970-basis:28043872"
     38 "870970-basis:28293402"
     40 "870970-basis:28120958"
     41 "870970-basis:22893793"
     41 "870970-basis:26186285"
     41 "870970-basis:29867666"
     42 "870970-basis:28220405"
     43 "771000-katalog:90185543"
     43 "870970-basis:27238173"
     43 "870970-basis:27266428"
     43 "870970-basis:27884296"
     43 "870970-basis:45139344"
     46 "874310-katalog:DBB0019369"
     47 "870970-basis:26170508"
     47 "870970-basis:45060136"
     49 "870970-basis:27186327"
     49 "870970-basis:28117434"
     49 "870970-basis:28188625"
     50 "870970-basis:27266304"
     50 "870970-basis:28595565"
     50 "870970-basis:29535795"
     50 "870970-basis:29535876"
     52 "870970-basis:29754519"
     54 "870970-basis:27400264"
     55 "870970-basis:27787207"
     57 "870970-basis:25700872"
     58 "870970-basis:27218784"
     58 "870970-basis:29551421"
     59 "870970-basis:29793158"
     61 "870970-basis:28456433"
     63 "870970-basis:27119956"
     70 "870970-basis:28511663"
