     16 "870970-basis:41017848"
     16 "870970-basis:51232453"
     17 "733000-katalog:93022033"
     17 "810010-katalog:000900817"
     17 "810015-katalog:001681338"
     17 "810015-katalog:007139463__1"
     17 "820010-katalog:2375830"
     17 "820010-katalog:434146"
     17 "870970-basis:22893793"
     17 "870970-basis:24058794"
     17 "870970-basis:25741420"
     17 "870970-basis:25798961"
     17 "870970-basis:27393349"
     17 "870970-basis:27650341"
     17 "870970-basis:27731236"
     17 "870970-basis:27735576"
     17 "870970-basis:28377444"
     17 "870970-basis:28429576"
     17 "870970-basis:28729820"
     17 "870970-basis:29261962"
     17 "870970-basis:29276307"
     18 "810010-katalog:001047683"
     18 "820010-katalog:143822"
     18 "870970-basis:07192045"
     18 "870970-basis:07252250"
     18 "870970-basis:20124407"
     18 "870970-basis:21892262"
     18 "870970-basis:23660245"
     18 "870970-basis:26170508"
     18 "870970-basis:26964547"
     18 "870970-basis:27266428"
     18 "870970-basis:28373929"
     18 "870970-basis:28595565"
     18 "870970-basis:51298721"
     19 "870970-basis:05058058"
     19 "870970-basis:22374257"
     19 "870970-basis:25112873"
     19 "870970-basis:28043872"
     19 "870970-basis:29027471"
     19 "870970-basis:29076588"
     20 "820010-katalog:2617968__3"
     20 "870970-basis:04278860"
     20 "870970-basis:25771559"
     20 "870970-basis:27114261"
     20 "870970-basis:27269184"
     20 "870970-basis:27597343"
     20 "870970-basis:27884296"
     20 "870970-basis:28120958"
     20 "870970-basis:28986203"
     20 "874310-katalog:DBB0019369"
     21 "810015-katalog:001784833"
     21 "870970-basis:26872405"
     21 "870970-basis:27446272"
     21 "870970-basis:27711227"
     21 "870970-basis:28244967"
     21 "870970-basis:29551421"
     22 "870970-basis:20148098"
     22 "870970-basis:22330349"
     22 "870970-basis:28117434"
     23 "778700-katalog:92323609"
     23 "870970-basis:25080009"
     23 "870970-basis:26684307"
     23 "870970-basis:27787207"
     23 "870970-basis:28204760"
     23 "870970-basis:28220405"
     23 "870970-basis:28293402"
     23 "870970-basis:28484283"
     23 "870970-basis:29535795"
     23 "870970-basis:29754519"
     24 "870970-basis:06755496"
     24 "870970-basis:24815420"
     24 "870970-basis:27266304"
     24 "870970-basis:29027641"
     25 "870970-basis:25700872"
     25 "870970-basis:26923530"
     25 "870970-basis:27474632"
     25 "870970-basis:29535876"
     26 "810015-katalog:001495929"
     26 "870970-basis:26186285"
     27 "870970-basis:27238173"
     28 "870970-basis:24250466"
     28 "870970-basis:27174213"
     28 "870970-basis:27430287"
     29 "870970-basis:26423880"
     29 "870970-basis:45060136"
     30 "870970-basis:26922143"
     31 "870970-basis:28721420"
     32 "810015-katalog:001363578"
     32 "870970-basis:25929942"
     33 "771000-katalog:90185543"
     33 "870970-basis:27400264"
     33 "870970-basis:28511663"
     34 "870970-basis:27218784"
     34 "870970-basis:29867666"
     35 "870970-basis:28456433"
     36 "810015-katalog:001391647"
     37 "870970-basis:29793158"
     42 "820010-katalog:286822"
     42 "870970-basis:27119956"
     42 "870970-basis:28188625"
