      7 "870970-basis:06692826"
      7 "870970-basis:07176171"
      7 "870970-basis:22042904"
      7 "870970-basis:22205900"
      7 "870970-basis:22966022"
      7 "870970-basis:24328457"
      7 "870970-basis:24619303"
      7 "870970-basis:25626060"
      7 "870970-basis:25711483"
      7 "870970-basis:25798961"
      7 "870970-basis:26473853"
      7 "870970-basis:26689023"
      7 "870970-basis:26752604"
      7 "870970-basis:27218784"
      7 "870970-basis:27266428"
      7 "870970-basis:27281915"
      7 "870970-basis:27317812"
      7 "870970-basis:27430287"
      7 "870970-basis:27454038"
      7 "870970-basis:27990754"
      7 "870970-basis:28043872"
      7 "870970-basis:28069170"
      7 "870970-basis:28204760"
      7 "870970-basis:28239548"
      7 "870970-basis:28729820"
      7 "870970-basis:28753128"
      7 "870970-basis:28992408"
      7 "870970-basis:29027471"
      7 "870970-basis:29027641"
      7 "870970-basis:29051836"
      7 "870970-basis:29076588"
      7 "870970-basis:29276307"
      8 "810015-katalog:001495929"
      8 "820010-katalog:3166958__1"
      8 "870970-basis:20723386"
      8 "870970-basis:22859536"
      8 "870970-basis:23660245"
      8 "870970-basis:25112873"
      8 "870970-basis:26206510"
      8 "870970-basis:26943884"
      8 "870970-basis:27261574"
      8 "870970-basis:27597343"
      8 "870970-basis:27624472"
      8 "870970-basis:28484283"
      8 "870970-basis:28724683"
      8 "870970-basis:29304521"
      9 "810010-katalog:000899183"
      9 "870970-basis:01425285"
      9 "870970-basis:04520351"
      9 "870970-basis:06366414"
      9 "870970-basis:07354878"
      9 "870970-basis:07681526"
      9 "870970-basis:22765094"
      9 "870970-basis:22893793"
      9 "870970-basis:25700872"
      9 "870970-basis:25929942"
      9 "870970-basis:26423880"
      9 "870970-basis:26677262"
      9 "870970-basis:27238173"
      9 "870970-basis:27787207"
      9 "870970-basis:28231776"
      9 "870970-basis:28511663"
      9 "870970-basis:28986203"
     10 "870970-basis:06755496"
     10 "870970-basis:06943268"
     10 "870970-basis:07192045"
     10 "870970-basis:24250466"
     10 "870970-basis:25721101"
     10 "870970-basis:26170508"
     10 "870970-basis:26684307"
     10 "870970-basis:27114091"
     10 "870970-basis:27884296"
     10 "870970-basis:28220405"
     10 "870970-basis:28891229"
     10 "870970-basis:29260206"
     10 "870970-basis:29261962"
     11 "810015-katalog:001363578"
     11 "810015-katalog:001784833"
     11 "870970-basis:25734300"
     11 "870970-basis:27119956"
     11 "870970-basis:27597335"
     11 "870970-basis:27711227"
     11 "870970-basis:28293402"
     11 "870970-basis:28595565"
     11 "870970-basis:29535795"
     12 "870970-basis:26027586"
     12 "870970-basis:27400264"
     12 "870970-basis:29320594"
     13 "870970-basis:25771559"
     13 "870970-basis:27186327"
     13 "874310-katalog:DBB0019369"
     14 "810015-katalog:001391337"
     14 "870970-basis:23461005"
     14 "870970-basis:27551440"
     16 "870970-basis:24882322"
     16 "870970-basis:29793158"
     17 "870970-basis:28188625"
     18 "870970-basis:26186285"
     20 "870970-basis:28456433"
     21 "870970-basis:26519152"
