     17 "870970-basis:28392621"
     17 "870970-basis:28721420"
     17 "870970-basis:28942613"
     17 "870970-basis:29754519"
     17 "870970-basis:45226409"
     17 "870970-basis:50629627"
     18 "870970-basis:22101390"
     18 "870970-basis:25863747"
     18 "870970-basis:26206510"
     18 "870970-basis:26509025"
     18 "870970-basis:26922143"
     18 "870970-basis:27266304"
     18 "870970-basis:27269184"
     18 "870970-basis:27597343"
     18 "870970-basis:28902239"
     18 "870970-basis:29076588"
     18 "870970-basis:29273731"
     19 "810015-katalog:001328354"
     19 "870970-basis:04549813"
     19 "870970-basis:24882322"
     19 "870970-basis:26677262"
     19 "870970-basis:26855977"
     19 "870970-basis:26923425"
     19 "870970-basis:27174213"
     19 "870970-basis:27731236"
     19 "870970-basis:28373988"
     19 "870970-basis:49205058"
     20 "810010-katalog:000341086"
     20 "820010-katalog:5470792"
     20 "870970-basis:05066522"
     20 "870970-basis:06755496"
     20 "870970-basis:24618080"
     20 "870970-basis:24942856"
     20 "870970-basis:24973417"
     20 "870970-basis:25112873"
     20 "870970-basis:26885310"
     20 "870970-basis:27474632"
     20 "870970-basis:27551440"
     20 "870970-basis:27884296"
     20 "870970-basis:28043872"
     20 "870970-basis:28293402"
     21 "810010-katalog:000899183"
     21 "810015-katalog:001495929"
     21 "810015-katalog:001784833"
     21 "870970-basis:26104866"
     21 "870970-basis:28407866"
     21 "870970-basis:29569894"
     21 "870970-basis:51327209"
     22 "870970-basis:07354878"
     22 "870970-basis:22359541"
     22 "870970-basis:25929942"
     22 "870970-basis:26879140"
     22 "870970-basis:27811434"
     22 "870970-basis:28429576"
     22 "870970-basis:28484283"
     22 "870970-basis:28729820"
     23 "870970-basis:24250466"
     23 "870970-basis:26423880"
     23 "870970-basis:29051836"
     23 "870970-basis:29535795"
     23 "870970-basis:29535876"
     24 "820010-katalog:362198"
     24 "870970-basis:24022242"
     24 "870970-basis:24328457"
     24 "870970-basis:27446272"
     24 "870970-basis:28117434"
     24 "870970-basis:28891229"
     24 "870970-basis:45060136"
     25 "870970-basis:26684307"
     25 "870970-basis:27400264"
     25 "870970-basis:27711227"
     25 "870970-basis:27787207"
     25 "870970-basis:29027641"
     25 "870970-basis:29867666"
     26 "810015-katalog:001327973"
     26 "870970-basis:07254121"
     26 "870970-basis:22893793"
     26 "870970-basis:23660245"
     26 "870970-basis:27114261"
     26 "870970-basis:28069170"
     26 "870970-basis:28220405"
     26 "874310-katalog:DBB0019369"
     27 "870970-basis:25700872"
     27 "870970-basis:25771559"
     27 "870970-basis:28986203"
     28 "870970-basis:25972341"
     28 "870970-basis:27238173"
     28 "870970-basis:28724683"
     29 "870970-basis:25798961"
     30 "870970-basis:26186285"
     30 "870970-basis:27218784"
     31 "870970-basis:28511663"
     33 "870970-basis:26923530"
     34 "870970-basis:28188625"
     38 "810015-katalog:001363578"
     39 "870970-basis:29551421"
     41 "870970-basis:28456433"
     42 "870970-basis:27186327"
     46 "870970-basis:27119956"
     77 "870970-basis:29793158"
