      4 "870970-basis:29084068"
      4 "870970-basis:29386471"
      4 "870970-basis:29537011"
      4 "870970-basis:29877084"
      4 "870970-basis:45060136"
      4 "870970-basis:45603318"
      4 "870970-basis:50918076"
      4 "870970-basis:51100743"
      4 "870978-monografi:56453407"
      5 "810015-katalog:001681338"
      5 "820010-katalog:156187"
      5 "820010-katalog:286822"
      5 "870970-basis:05048427"
      5 "870970-basis:06883346"
      5 "870970-basis:07180454"
      5 "870970-basis:09317864"
      5 "870970-basis:22665502"
      5 "870970-basis:23124785"
      5 "870970-basis:23461005"
      5 "870970-basis:24619303"
      5 "870970-basis:25112873"
      5 "870970-basis:25460731"
      5 "870970-basis:26684307"
      5 "870970-basis:26802210"
      5 "870970-basis:26923530"
      5 "870970-basis:27195768"
      5 "870970-basis:27218784"
      5 "870970-basis:27238173"
      5 "870970-basis:27393349"
      5 "870970-basis:27446272"
      5 "870970-basis:27474632"
      5 "870970-basis:27579388"
      5 "870970-basis:27585140"
      5 "870970-basis:27868673"
      5 "870970-basis:28120958"
      5 "870970-basis:28392621"
      5 "870970-basis:28443110"
      5 "870970-basis:28753128"
      5 "870970-basis:28870760"
      5 "870970-basis:28992408"
      5 "870970-basis:29276307"
      5 "870970-basis:51053605"
      5 "870970-basis:51103203"
      6 "810015-katalog:001391282"
      6 "810015-katalog:001391647"
      6 "820010-katalog:4934832__1"
      6 "870970-basis:01301063"
      6 "870970-basis:03145069"
      6 "870970-basis:04584228"
      6 "870970-basis:05923301"
      6 "870970-basis:07252250"
      6 "870970-basis:07681526"
      6 "870970-basis:20148098"
      6 "870970-basis:21669024"
      6 "870970-basis:22859536"
      6 "870970-basis:22893793"
      6 "870970-basis:24116816"
      6 "870970-basis:26043972"
      6 "870970-basis:26186285"
      6 "870970-basis:26423880"
      6 "870970-basis:26677262"
      6 "870970-basis:26924006"
      6 "870970-basis:27114261"
      6 "870970-basis:27266428"
      6 "870970-basis:27711227"
      6 "870970-basis:28043872"
      6 "870970-basis:28069170"
      6 "870970-basis:28456433"
      6 "870970-basis:28511663"
      6 "870970-basis:28624123"
      6 "870970-basis:28891229"
      6 "870970-basis:29535876"
      6 "870970-basis:42480908"
      7 "870970-basis:21115665"
      7 "870970-basis:24058794"
      7 "870970-basis:24654400"
      7 "870970-basis:25505832"
      7 "870970-basis:25700872"
      7 "870970-basis:26170508"
      7 "870970-basis:26878411"
      7 "870970-basis:26962676"
      7 "870970-basis:27400264"
      7 "870970-basis:28117434"
      7 "870970-basis:28484283"
      7 "870970-basis:28729820"
      8 "870970-basis:05182689"
      8 "870970-basis:22101390"
      8 "870970-basis:24973417"
      8 "870970-basis:26689023"
      8 "870970-basis:27430287"
      8 "870970-basis:29535795"
      8 "870970-basis:29754519"
      8 "874310-katalog:DBB0019369"
      9 "870970-basis:27119956"
      9 "870970-basis:29261962"
      9 "870970-basis:29793158"
     11 "870970-basis:24882322"
     12 "870970-basis:04051793"
     12 "870970-basis:28188625"
     12 "870970-basis:29867666"
