      9 "870970-basis:25515382"
      9 "870970-basis:26027586"
      9 "870970-basis:26423880"
      9 "870970-basis:26885310"
      9 "870970-basis:26923425"
      9 "870970-basis:27114091"
      9 "870970-basis:27190731"
      9 "870970-basis:27430287"
      9 "870970-basis:27490360"
      9 "870970-basis:27502202"
      9 "870970-basis:27597335"
      9 "870970-basis:27597343"
      9 "870970-basis:27711227"
      9 "870970-basis:27731236"
      9 "870970-basis:27744710"
      9 "870970-basis:28212321"
      9 "870970-basis:28438028"
      9 "870970-basis:28721420"
      9 "870970-basis:28810679"
      9 "870970-basis:28824157"
      9 "870970-basis:28986203"
      9 "870970-basis:29304521"
      9 "870970-basis:29754519"
      9 "870970-basis:29934118"
      9 "874310-katalog:DBB0019782"
     10 "820010-katalog:156187"
     10 "870970-basis:04549813"
     10 "870970-basis:07192045"
     10 "870970-basis:22966022"
     10 "870970-basis:23164264"
     10 "870970-basis:25711483"
     10 "870970-basis:26509025"
     10 "870970-basis:26997593"
     10 "870970-basis:27269184"
     10 "870970-basis:28244967"
     10 "870970-basis:28922272"
     10 "874310-katalog:DBB0018798"
     11 "870970-basis:01484737"
     11 "870970-basis:22223607"
     11 "870970-basis:22893793"
     11 "870970-basis:25080009"
     11 "870970-basis:25112873"
     11 "870970-basis:25700872"
     11 "870970-basis:26186285"
     11 "870970-basis:26689023"
     11 "870970-basis:26872405"
     11 "870970-basis:26916720"
     11 "870970-basis:27218784"
     11 "870970-basis:27266428"
     11 "870970-basis:27446272"
     11 "870970-basis:27474632"
     11 "870970-basis:27888097"
     11 "870970-basis:28120958"
     11 "870970-basis:28456735"
     11 "870970-basis:28675127"
     11 "870970-basis:29535795"
     11 "870970-basis:29551421"
     12 "870970-basis:04278860"
     12 "870970-basis:28043872"
     12 "870970-basis:28595565"
     12 "870970-basis:28753128"
     12 "870970-basis:29027641"
     12 "870970-basis:29261962"
     12 "870970-basis:29535876"
     12 "870970-basis:29569894"
     13 "870970-basis:22060554"
     13 "870970-basis:25505832"
     13 "870970-basis:26750288"
     13 "870970-basis:26922143"
     13 "870970-basis:27114261"
     13 "870970-basis:27811434"
     13 "870970-basis:27884296"
     13 "870970-basis:28239548"
     13 "870970-basis:28373988"
     13 "870970-basis:28456433"
     14 "771000-katalog:90185543"
     14 "870970-basis:22205900"
     14 "870970-basis:26473853"
     14 "870970-basis:26684307"
     14 "870970-basis:26878411"
     14 "870970-basis:27266304"
     14 "870970-basis:28293402"
     14 "870970-basis:29276307"
     15 "870970-basis:26519152"
     15 "870970-basis:27174213"
     15 "870970-basis:28484283"
     15 "874310-katalog:DBB0019369"
     16 "870970-basis:21862274"
     16 "870970-basis:26879140"
     16 "870970-basis:27119956"
     16 "870970-basis:27787207"
     16 "870970-basis:28511663"
     17 "870970-basis:26170508"
     18 "820010-katalog:286822"
     19 "870970-basis:27400264"
     21 "870970-basis:27238173"
     22 "870970-basis:25929942"
     24 "870970-basis:28891229"
     25 "870970-basis:27186327"
     25 "870970-basis:28188625"
