      6 "820010-katalog:86307"
      6 "870970-basis:00157740"
      6 "870970-basis:03972682"
      6 "870970-basis:05593646"
      6 "870970-basis:05695031"
      6 "870970-basis:06011748"
      6 "870970-basis:06559891"
      6 "870970-basis:07180454"
      6 "870970-basis:08553475"
      6 "870970-basis:20059702"
      6 "870970-basis:22359541"
      6 "870970-basis:22765094"
      6 "870970-basis:24869857"
      6 "870970-basis:25080009"
      6 "870970-basis:25771559"
      6 "870970-basis:26027586"
      6 "870970-basis:26195489"
      6 "870970-basis:26509025"
      6 "870970-basis:26802210"
      6 "870970-basis:26885310"
      6 "870970-basis:26970237"
      6 "870970-basis:27114091"
      6 "870970-basis:27266428"
      6 "870970-basis:27423833"
      6 "870970-basis:27474632"
      6 "870970-basis:27490360"
      6 "870970-basis:27579388"
      6 "870970-basis:27722865"
      6 "870970-basis:28026544"
      6 "870970-basis:28043872"
      6 "870970-basis:28220405"
      6 "870970-basis:28347839"
      6 "870970-basis:28484283"
      6 "870970-basis:28729820"
      6 "870970-basis:28898924"
      6 "870970-basis:29406081"
      6 "870970-basis:29535795"
      6 "870970-basis:29569894"
      6 "870970-basis:50835995"
      7 "810015-katalog:001917522"
      7 "870970-basis:05000181"
      7 "870970-basis:21642940"
      7 "870970-basis:21889040"
      7 "870970-basis:24240622"
      7 "870970-basis:25688961"
      7 "870970-basis:25700872"
      7 "870970-basis:26206510"
      7 "870970-basis:26474345"
      7 "870970-basis:26923425"
      7 "870970-basis:27502261"
      7 "870970-basis:27597343"
      7 "870970-basis:27709990"
      7 "870970-basis:27711227"
      7 "870970-basis:28069170"
      7 "870970-basis:28188625"
      7 "870970-basis:28204760"
      7 "870970-basis:28456735"
      7 "870970-basis:28480814"
      7 "870970-basis:28719019"
      7 "870970-basis:28721420"
      7 "870970-basis:43483099"
      8 "820010-katalog:297834"
      8 "870970-basis:06643663"
      8 "870970-basis:07139578"
      8 "870970-basis:23660245"
      8 "870970-basis:24022242"
      8 "870970-basis:24346250"
      8 "870970-basis:26519152"
      8 "870970-basis:26879140"
      8 "870970-basis:27238173"
      8 "870970-basis:27446272"
      8 "870970-basis:29276307"
      8 "870970-basis:29793158"
      9 "778700-katalog:92323609"
      9 "810015-katalog:001391337"
      9 "820010-katalog:286822"
      9 "820010-katalog:316871"
      9 "870970-basis:25626060"
      9 "870970-basis:26423880"
      9 "870970-basis:26923530"
      9 "870970-basis:27400264"
      9 "870970-basis:27884296"
      9 "870970-basis:29027641"
     10 "870970-basis:22893793"
     10 "870970-basis:26922143"
     10 "870970-basis:27218784"
     10 "870970-basis:27266304"
     10 "870970-basis:27787207"
     10 "870970-basis:27868673"
     10 "870970-basis:28511663"
     11 "870970-basis:26684307"
     11 "874310-katalog:DBB0019369"
     12 "870970-basis:25863747"
     13 "810015-katalog:001806459"
     14 "870970-basis:05596076"
     14 "870970-basis:26186285"
     14 "870970-basis:27119956"
     14 "870970-basis:28986203"
     18 "870970-basis:28456433"
     22 "870970-basis:27186327"
