     32 "870970-basis:25080009"
     32 "870970-basis:26423880"
     32 "870970-basis:27731236"
     32 "870970-basis:29260206"
     32 "870970-basis:29261962"
     32 "870970-basis:29978891"
     32 "870970-basis:50694240"
     32 "870970-basis:50801098"
     33 "870970-basis:26370574"
     33 "870970-basis:28204760"
     33 "870970-basis:43483099"
     34 "776600-katalog:93360133"
     34 "870970-basis:22893793"
     34 "870970-basis:26104866"
     34 "870970-basis:27650341"
     34 "870970-basis:27811434"
     34 "870970-basis:28160801"
     34 "870970-basis:29273731"
     34 "874310-katalog:DBB0018963"
     35 "870970-basis:25112873"
     35 "870970-basis:26873681"
     35 "870970-basis:27722865"
     35 "874310-katalog:DBB0018798"
     36 "870970-basis:27262627"
     36 "870970-basis:45139344"
     36 "874310-katalog:DBB0040899"
     37 "870970-basis:27114261"
     37 "870970-basis:29972362"
     37 "870970-basis:50789748"
     38 "870970-basis:23660245"
     38 "870970-basis:27254128"
     38 "870970-basis:29027641"
     38 "870970-basis:29569894"
     38 "870970-basis:29611556"
     39 "870970-basis:26684307"
     39 "870970-basis:28484283"
     39 "870970-basis:28721420"
     39 "870970-basis:29088853"
     39 "870970-basis:45226409"
     40 "870970-basis:24022242"
     40 "870970-basis:25146999"
     40 "870970-basis:25929942"
     40 "870970-basis:27446272"
     40 "870970-basis:28293402"
     40 "870970-basis:28373929"
     40 "870970-basis:50707946"
     41 "870970-basis:26879140"
     41 "870970-basis:27238173"
     41 "870970-basis:28407866"
     42 "870970-basis:26922143"
     42 "870970-basis:26964547"
     42 "870970-basis:28117434"
     42 "870970-basis:28942613"
     43 "870970-basis:28891229"
     43 "870970-basis:29551421"
     43 "870970-basis:29953554"
     43 "870970-basis:50727025"
     44 "870970-basis:29076588"
     45 "810010-katalog:000341086"
     45 "870970-basis:26438640"
     45 "870970-basis:27474632"
     45 "870970-basis:29335826"
     45 "870970-basis:51298721"
     46 "870970-basis:28824130"
     46 "874310-katalog:DBB0019782"
     47 "870970-basis:25798961"
     47 "870970-basis:27266428"
     47 "870970-basis:27430287"
     48 "870970-basis:26878411"
     49 "870970-basis:27711227"
     49 "870970-basis:29051836"
     50 "870970-basis:26186285"
     51 "870970-basis:28220405"
     52 "870970-basis:27787207"
     52 "870970-basis:28373988"
     53 "870970-basis:27266304"
     53 "870970-basis:28724683"
     53 "870970-basis:28986203"
     54 "870970-basis:28244967"
     55 "870970-basis:28043872"
     56 "870970-basis:27186327"
     56 "870970-basis:27884296"
     56 "870970-basis:28456433"
     57 "870970-basis:28120958"
     57 "870970-basis:29535876"
     57 "874310-katalog:DBB0019369"
     58 "870970-basis:27218784"
     60 "870970-basis:28595565"
     61 "870970-basis:27400264"
     61 "870970-basis:28188625"
     63 "771000-katalog:90185543"
     64 "870970-basis:26923530"
     68 "870970-basis:25700872"
     68 "870970-basis:29535795"
     68 "870970-basis:29867666"
     69 "870970-basis:29754519"
     70 "870970-basis:45060136"
     71 "870970-basis:27119956"
     77 "870970-basis:28511663"
     87 "870970-basis:29793158"
