     55 "870970-basis:25112873"
     55 "870970-basis:27185851"
     55 "870970-basis:28392621"
     55 "870970-basis:29934118"
     55 "870970-basis:49205058"
     55 "874310-katalog:DBB0018963"
     56 "870970-basis:25972341"
     56 "870970-basis:27474632"
     56 "870970-basis:28377444"
     56 "870970-basis:28675127"
     57 "870970-basis:26473853"
     57 "870970-basis:27262627"
     57 "870970-basis:29260206"
     57 "870970-basis:50789748"
     57 "870970-basis:51232453"
     58 "870970-basis:29051836"
     59 "870970-basis:03145069"
     59 "870970-basis:29304521"
     59 "870970-basis:29953104"
     60 "870970-basis:27254128"
     60 "870970-basis:28293402"
     60 "870970-basis:28420943"
     60 "870970-basis:28940424"
     60 "870970-basis:29027471"
     60 "870970-basis:29027641"
     61 "870970-basis:24973417"
     61 "870970-basis:29261962"
     61 "870970-basis:29589062"
     62 "870970-basis:28441428"
     62 "870970-basis:45662128"
     62 "870970-basis:50727025"
     62 "870970-basis:50801098"
     63 "870970-basis:06486541"
     63 "870970-basis:28438028"
     64 "776600-katalog:93360133"
     64 "870970-basis:27430287"
     65 "870970-basis:26186285"
     65 "870970-basis:26370574"
     66 "870970-basis:28407866"
     66 "870970-basis:28952082"
     66 "870970-basis:29088853"
     66 "870970-basis:45226409"
     66 "870970-basis:50694240"
     67 "870970-basis:25626060"
     67 "870970-basis:28373929"
     67 "870970-basis:28467567"
     67 "870970-basis:28721420"
     67 "870970-basis:28729820"
     67 "870970-basis:29972362"
     69 "870970-basis:29953554"
     70 "870970-basis:27186327"
     70 "870970-basis:27400264"
     70 "870970-basis:29335826"
     72 "870970-basis:26438640"
     72 "870970-basis:27119956"
     72 "870970-basis:28244967"
     73 "870970-basis:28373988"
     73 "870970-basis:29569894"
     75 "870970-basis:28942613"
     75 "870970-basis:29611556"
     75 "874310-katalog:DBB0019782"
     77 "870970-basis:28075480"
     77 "870970-basis:28891229"
     77 "874310-katalog:DBB0040899"
     78 "870970-basis:27884296"
     78 "870970-basis:50707946"
     79 "870970-basis:51298721"
     80 "870970-basis:25146999"
     81 "870970-basis:28824130"
     82 "870970-basis:28595565"
     82 "870970-basis:45139344"
     83 "870970-basis:27266304"
     85 "870970-basis:26878411"
     86 "870970-basis:27446272"
     86 "870970-basis:29978891"
     87 "874310-katalog:DBB0019369"
     88 "870970-basis:29551421"
     89 "870970-basis:27787207"
     89 "870970-basis:28120958"
     89 "870970-basis:28429576"
     90 "870970-basis:25700872"
     91 "870970-basis:29076588"
     92 "870970-basis:28117434"
     93 "870970-basis:29793158"
     94 "870970-basis:28986203"
     97 "870970-basis:45060136"
     98 "870970-basis:28220405"
    104 "870970-basis:27218784"
    107 "870970-basis:27266428"
    110 "870970-basis:28724683"
    112 "870970-basis:26923530"
    115 "870970-basis:28188625"
    118 "870970-basis:29535876"
    119 "870970-basis:29867666"
    120 "870970-basis:28043872"
    121 "870970-basis:28456433"
    125 "771000-katalog:90185543"
    126 "870970-basis:29535795"
    127 "870970-basis:29754519"
    165 "870970-basis:28511663"
