     65 "870970-basis:28824157"
     65 "870970-basis:50768104"
     66 "870970-basis:06605737"
     66 "870970-basis:29793158"
     66 "870970-basis:50789748"
     66 "870970-basis:51232453"
     67 "870970-basis:26370574"
     67 "870970-basis:27650341"
     67 "870970-basis:27735576"
     67 "870970-basis:28753128"
     67 "870970-basis:29260206"
     67 "870970-basis:29953104"
     68 "870970-basis:03644669"
     68 "870970-basis:29607788"
     69 "870970-basis:06605583"
     69 "870970-basis:29027471"
     70 "870970-basis:28373988"
     70 "870970-basis:29088853"
     70 "870970-basis:29611556"
     70 "870970-basis:29972362"
     70 "874310-katalog:DBB0018963"
     71 "870970-basis:25112873"
     71 "870970-basis:26964547"
     71 "870970-basis:28160801"
     71 "870970-basis:28438028"
     71 "870970-basis:45603318"
     72 "870970-basis:07252250"
     72 "870970-basis:26923425"
     73 "870970-basis:24973417"
     73 "870970-basis:28392621"
     73 "870970-basis:28441428"
     73 "870970-basis:28721420"
     73 "870970-basis:28729820"
     73 "870970-basis:29027641"
     74 "870970-basis:29052719"
     74 "870970-basis:50707946"
     75 "870970-basis:06605796"
     75 "874310-katalog:DBB0019782"
     76 "870970-basis:27266304"
     76 "870970-basis:28420943"
     77 "870970-basis:29589062"
     78 "870970-basis:29781524"
     79 "870970-basis:25146999"
     79 "870970-basis:27446272"
     79 "870970-basis:27474632"
     79 "870970-basis:28891229"
     80 "870970-basis:25626060"
     80 "870970-basis:28942613"
     80 "874310-katalog:DBB0040899"
     81 "870970-basis:28407866"
     81 "870970-basis:50801098"
     82 "870970-basis:27430287"
     82 "870970-basis:28824130"
     83 "870970-basis:27254128"
     83 "870970-basis:27884296"
     83 "870970-basis:45226409"
     84 "870970-basis:28244967"
     84 "870970-basis:29569894"
     85 "870970-basis:28467567"
     85 "870970-basis:29335826"
     85 "870970-basis:50694240"
     86 "870970-basis:25700872"
     86 "870970-basis:28429576"
     86 "870970-basis:28483414"
     86 "870970-basis:45662128"
     86 "870970-basis:51327209"
     87 "870970-basis:28075480"
     87 "870970-basis:29953554"
     91 "870970-basis:50727025"
     94 "870970-basis:26186285"
     96 "870970-basis:27186327"
     96 "870970-basis:27787207"
     96 "870970-basis:28220405"
     97 "870970-basis:27400264"
     99 "870970-basis:28373929"
    100 "874310-katalog:DBB0019369"
    101 "870970-basis:28120958"
    102 "870970-basis:28724683"
    102 "870970-basis:28986203"
    102 "870970-basis:45139344"
    103 "870970-basis:26878411"
    107 "870970-basis:28595565"
    107 "870970-basis:51298721"
    110 "870970-basis:29076588"
    113 "870970-basis:29535795"
    114 "870970-basis:45060136"
    115 "870970-basis:27218784"
    115 "870970-basis:28117434"
    117 "870970-basis:29978891"
    121 "870970-basis:28456433"
    122 "870970-basis:29551421"
    127 "771000-katalog:90185543"
    129 "870970-basis:26923530"
    130 "870970-basis:28188625"
    137 "870970-basis:29535876"
    139 "870970-basis:27266428"
    150 "870970-basis:28043872"
    157 "870970-basis:29867666"
    160 "870970-basis:29754519"
    170 "870970-basis:28511663"
