     79 "870970-basis:28721420"
     79 "870970-basis:29781524"
     79 "870970-basis:51667743"
     80 "870970-basis:26370574"
     80 "870970-basis:51109058"
     81 "776600-katalog:93360133"
     81 "870970-basis:28392621"
     82 "870970-basis:23660245"
     82 "870970-basis:26922143"
     82 "870970-basis:28136013"
     82 "870970-basis:50598527"
     83 "758000-katalog:93204271"
     83 "870970-basis:25972341"
     83 "870970-basis:26964547"
     83 "870970-basis:28377444"
     83 "870970-basis:28483414"
     84 "870970-basis:28729820"
     84 "870970-basis:28952082"
     84 "870970-basis:29027641"
     85 "870970-basis:29052719"
     86 "870970-basis:25626060"
     86 "870970-basis:27254128"
     86 "870970-basis:29793158"
     87 "870970-basis:26186285"
     87 "870970-basis:26879140"
     88 "870970-basis:28231776"
     88 "870970-basis:29406855"
     88 "870970-basis:49205058"
     89 "870970-basis:29953554"
     89 "870970-basis:50707946"
     89 "870970-basis:51232453"
     91 "870970-basis:26438640"
     92 "870970-basis:29088853"
     92 "870970-basis:29953104"
     92 "870970-basis:29972362"
     93 "870970-basis:24725006"
     93 "870970-basis:29589062"
     94 "870970-basis:28075480"
     95 "870970-basis:27884296"
     95 "874310-katalog:DBB0018798"
     96 "870970-basis:51327209"
     97 "870970-basis:28438028"
     97 "870970-basis:50727025"
     98 "870970-basis:29569894"
     98 "874310-katalog:DBB0040899"
     99 "870970-basis:27262627"
    100 "870970-basis:28429576"
    100 "870970-basis:28441428"
    100 "870970-basis:29260206"
    100 "874310-katalog:DBB0018963"
    101 "870970-basis:28940424"
    101 "870970-basis:29611556"
    102 "870970-basis:28407866"
    102 "870970-basis:50694240"
    103 "870970-basis:28770316"
    103 "870970-basis:45226409"
    104 "870970-basis:27400264"
    104 "870970-basis:28986203"
    104 "870970-basis:45662128"
    105 "870970-basis:25146999"
    106 "870970-basis:27446272"
    106 "870970-basis:28467567"
    107 "870970-basis:25700872"
    108 "870970-basis:28420943"
    110 "870970-basis:28824130"
    111 "870970-basis:28942613"
    112 "870970-basis:28373929"
    112 "870970-basis:28891229"
    115 "870970-basis:45139344"
    116 "870970-basis:26878411"
    117 "870970-basis:27266428"
    117 "874310-katalog:DBB0019782"
    118 "870970-basis:29335826"
    119 "870970-basis:28220405"
    119 "870970-basis:28373988"
    119 "870970-basis:51298721"
    120 "870970-basis:27787207"
    121 "870970-basis:27186327"
    124 "870970-basis:27266304"
    124 "870970-basis:29978891"
    125 "870970-basis:27218784"
    127 "870970-basis:28244967"
    133 "874310-katalog:DBB0019369"
    134 "870970-basis:29076588"
    134 "870970-basis:29551421"
    137 "870970-basis:28595565"
    137 "870970-basis:45060136"
    144 "870970-basis:26923530"
    146 "870970-basis:28724683"
    147 "870970-basis:28117434"
    147 "870970-basis:28120958"
    147 "870970-basis:28188625"
    148 "870970-basis:28043872"
    153 "870970-basis:28456433"
    154 "771000-katalog:90185543"
    155 "870970-basis:29867666"
    159 "870970-basis:29535876"
    160 "870970-basis:29535795"
    172 "870970-basis:29754519"
    213 "870970-basis:28511663"
