     42 "870970-basis:29953104"
     43 "870970-basis:23660245"
     43 "870970-basis:24116816"
     43 "870970-basis:25080009"
     43 "870970-basis:26370574"
     43 "870970-basis:27262627"
     43 "870970-basis:27597335"
     43 "870970-basis:28023448"
     43 "870970-basis:28231776"
     43 "870970-basis:29304521"
     44 "870970-basis:03145069"
     44 "870970-basis:24815420"
     44 "870970-basis:27597343"
     44 "870970-basis:28721420"
     44 "870970-basis:29589062"
     44 "870970-basis:29953554"
     45 "870970-basis:26509025"
     45 "870970-basis:27430287"
     45 "870970-basis:28075480"
     46 "870970-basis:27722865"
     46 "870970-basis:29273731"
     46 "870970-basis:29569894"
     46 "870970-basis:50707946"
     47 "870970-basis:26423880"
     47 "870970-basis:27185851"
     47 "870970-basis:27254128"
     47 "870970-basis:28407866"
     47 "870970-basis:28484283"
     47 "870970-basis:29027471"
     47 "870970-basis:29335826"
     47 "870970-basis:45226409"
     47 "874310-katalog:DBB0040899"
     48 "870970-basis:25626060"
     48 "870970-basis:26684307"
     48 "870970-basis:27868673"
     48 "870970-basis:50801098"
     49 "870970-basis:29972362"
     49 "870970-basis:50727025"
     50 "870970-basis:26923425"
     50 "870970-basis:28891229"
     50 "870970-basis:45662128"
     51 "870970-basis:24973417"
     51 "870970-basis:26473853"
     51 "870970-basis:27474632"
     51 "870970-basis:27650341"
     51 "870970-basis:28244967"
     51 "870970-basis:28293402"
     51 "870970-basis:28595565"
     52 "870970-basis:27711227"
     52 "870970-basis:28373929"
     52 "870970-basis:28942613"
     52 "870970-basis:29051836"
     53 "870970-basis:28729820"
     53 "870970-basis:28824130"
     54 "870970-basis:26879140"
     54 "874310-katalog:DBB0018963"
     57 "870970-basis:27884296"
     58 "870970-basis:26438640"
     58 "870970-basis:28986203"
     58 "870970-basis:29088853"
     59 "870970-basis:25112873"
     59 "870970-basis:27446272"
     59 "870970-basis:27787207"
     59 "870970-basis:45139344"
     61 "870970-basis:28373988"
     62 "870970-basis:28429576"
     62 "870970-basis:29551421"
     63 "870970-basis:29027641"
     63 "870970-basis:51298721"
     64 "870970-basis:25700872"
     64 "870970-basis:26170508"
     65 "870970-basis:25146999"
     66 "870970-basis:28117434"
     66 "870970-basis:29978891"
     68 "870970-basis:27266304"
     68 "874310-katalog:DBB0019782"
     69 "870970-basis:28120958"
     70 "870970-basis:27186327"
     70 "870970-basis:29076588"
     71 "870970-basis:26878411"
     71 "870970-basis:27119956"
     71 "870970-basis:28724683"
     72 "870970-basis:27400264"
     73 "870970-basis:27266428"
     74 "870970-basis:28220405"
     76 "870970-basis:27218784"
     79 "870970-basis:45060136"
     80 "870970-basis:26923530"
     80 "870970-basis:28456433"
     81 "870970-basis:29867666"
     84 "870970-basis:26186285"
     84 "870970-basis:29793158"
     84 "874310-katalog:DBB0019369"
     86 "870970-basis:29535795"
     88 "870970-basis:29535876"
     89 "870970-basis:28043872"
     90 "771000-katalog:90185543"
    107 "870970-basis:28188625"
    113 "870970-basis:28511663"
    114 "870970-basis:29754519"
