     46 "870970-basis:24815420"
     46 "870970-basis:24942856"
     46 "870970-basis:25146999"
     46 "870970-basis:26170508"
     46 "870970-basis:27650341"
     46 "870970-basis:28299125"
     46 "870970-basis:28446667"
     46 "870970-basis:28484283"
     46 "870970-basis:29261962"
     48 "870970-basis:26879140"
     48 "870970-basis:28441428"
     48 "870970-basis:28675127"
     48 "870970-basis:29022682"
     48 "870970-basis:29953104"
     48 "874310-katalog:DBB0040899"
     49 "870970-basis:26519152"
     49 "870970-basis:27174213"
     49 "870970-basis:28952082"
     49 "870970-basis:29088853"
     49 "870970-basis:29273731"
     50 "870970-basis:06605796"
     50 "870970-basis:26438640"
     50 "870970-basis:26473853"
     50 "874310-katalog:DBB0018963"
     51 "870970-basis:26872405"
     51 "870970-basis:27238173"
     52 "758000-katalog:93204271"
     52 "870970-basis:26922143"
     52 "870970-basis:27114261"
     52 "870970-basis:29972362"
     53 "870970-basis:27254128"
     53 "870970-basis:27711227"
     53 "870970-basis:28204760"
     53 "870970-basis:29260206"
     55 "870970-basis:29406855"
     56 "870970-basis:25626060"
     56 "870970-basis:28942613"
     56 "870970-basis:29076588"
     56 "870970-basis:45226409"
     57 "870970-basis:26923425"
     57 "870970-basis:28729820"
     57 "870970-basis:28753128"
     57 "870970-basis:29953554"
     57 "870970-basis:51298721"
     58 "870970-basis:25700872"
     58 "870970-basis:28293402"
     59 "820010-katalog:297834"
     60 "870970-basis:28721420"
     60 "870970-basis:28902239"
     61 "870970-basis:27474632"
     61 "870970-basis:28824130"
     61 "870970-basis:29027471"
     61 "870970-basis:29051836"
     63 "870970-basis:28373929"
     63 "870970-basis:50727025"
     63 "874310-katalog:DBB0019782"
     64 "870970-basis:26878411"
     64 "870970-basis:28891229"
     64 "870970-basis:45139344"
     64 "874310-katalog:DBB0019369"
     65 "870970-basis:28429576"
     66 "870970-basis:25112873"
     66 "870970-basis:27119956"
     66 "870970-basis:27430287"
     66 "870970-basis:28244967"
     66 "870970-basis:29335826"
     67 "870970-basis:27446272"
     68 "870970-basis:28724683"
     69 "870970-basis:28407866"
     69 "870970-basis:29551421"
     70 "870970-basis:28117434"
     72 "870970-basis:28075480"
     72 "870970-basis:28595565"
     73 "870970-basis:27884296"
     73 "870970-basis:28373988"
     73 "870970-basis:29027641"
     74 "870970-basis:27266304"
     74 "870970-basis:29569894"
     75 "870970-basis:26186285"
     76 "870970-basis:27787207"
     78 "870970-basis:28120958"
     78 "870970-basis:45060136"
     79 "870970-basis:27400264"
     80 "870970-basis:28220405"
     80 "870970-basis:29793158"
     81 "870970-basis:29867666"
     82 "870970-basis:29535876"
     83 "870970-basis:29535795"
     85 "870970-basis:29978891"
     87 "870970-basis:27218784"
     87 "870970-basis:28986203"
     88 "771000-katalog:90185543"
     96 "870970-basis:27186327"
     98 "870970-basis:28456433"
    109 "870970-basis:27266428"
    110 "870970-basis:26923530"
    110 "870970-basis:29754519"
    113 "870970-basis:28043872"
    121 "870970-basis:28188625"
    133 "870970-basis:28511663"
