     74 "870970-basis:28392621"
     74 "870970-basis:28438028"
     75 "758000-katalog:93204271"
     75 "870970-basis:27711227"
     75 "870970-basis:28483414"
     76 "870970-basis:24725006"
     76 "870970-basis:26727766"
     76 "870970-basis:28721420"
     76 "870970-basis:29052719"
     76 "870970-basis:29953104"
     77 "870970-basis:25146999"
     77 "870970-basis:27119956"
     77 "870970-basis:29051836"
     78 "870970-basis:28891229"
     79 "870970-basis:03145069"
     79 "870970-basis:28075480"
     79 "870970-basis:29974861"
     79 "870970-basis:45226409"
     79 "870970-basis:50629627"
     79 "870970-basis:51109058"
     79 "874310-katalog:DBB0018963"
     80 "870970-basis:25112873"
     80 "870970-basis:26370574"
     80 "870970-basis:28990243"
     80 "870970-basis:29607788"
     80 "870970-basis:29611556"
     80 "870970-basis:50789748"
     81 "776600-katalog:93360133"
     81 "870970-basis:27266304"
     81 "870970-basis:50801098"
     82 "870970-basis:29793158"
     83 "870970-basis:29261962"
     83 "870970-basis:29781524"
     83 "870970-basis:45603318"
     84 "870970-basis:26438640"
     84 "870970-basis:27186327"
     84 "870970-basis:27262627"
     84 "870970-basis:29477744"
     84 "870970-basis:29934118"
     85 "870970-basis:27474632"
     85 "870970-basis:28407866"
     85 "870970-basis:28413149"
     86 "870970-basis:28373988"
     86 "870970-basis:50625915"
     86 "874310-katalog:DBB0040899"
     87 "870970-basis:23650061"
     87 "870970-basis:27254128"
     87 "870970-basis:28942613"
     87 "870970-basis:29260206"
     88 "870970-basis:29972362"
     89 "870970-basis:28952082"
     89 "870970-basis:29953554"
     89 "870970-basis:50694240"
     89 "870970-basis:50707946"
     90 "870970-basis:28824130"
     91 "870970-basis:28441428"
     91 "870970-basis:28729820"
     91 "870970-basis:29027641"
     92 "870970-basis:28244967"
     92 "870970-basis:29335826"
     93 "870970-basis:26186285"
     94 "870970-basis:50727025"
     95 "870970-basis:28373929"
     96 "870970-basis:27884296"
     97 "870970-basis:27787207"
     97 "874310-katalog:DBB0019369"
     99 "870970-basis:27400264"
     99 "870970-basis:29589062"
     99 "870970-basis:51327209"
    100 "870970-basis:25700872"
    100 "870970-basis:45139344"
    101 "870970-basis:27446272"
    101 "870970-basis:45662128"
    105 "870970-basis:28120958"
    106 "874310-katalog:DBB0019782"
    107 "870970-basis:28429576"
    108 "870970-basis:27218784"
    108 "870970-basis:29076588"
    109 "870970-basis:29569894"
    110 "870970-basis:29978891"
    112 "870970-basis:28220405"
    113 "870970-basis:26878411"
    119 "870970-basis:28595565"
    119 "870970-basis:29535795"
    121 "870970-basis:45060136"
    123 "870970-basis:28117434"
    124 "870970-basis:29551421"
    127 "870970-basis:28986203"
    131 "870970-basis:51298721"
    132 "870970-basis:28724683"
    133 "870970-basis:28043872"
    135 "870970-basis:27266428"
    138 "870970-basis:28188625"
    149 "870970-basis:26923530"
    151 "870970-basis:29535876"
    154 "771000-katalog:90185543"
    163 "870970-basis:28456433"
    170 "870970-basis:29867666"
    178 "870970-basis:29754519"
    182 "870970-basis:28511663"
