     61 "870970-basis:07252250"
     61 "870970-basis:26370574"
     61 "870970-basis:27650341"
     61 "870970-basis:28438028"
     61 "870970-basis:28770316"
     61 "870970-basis:29051836"
     62 "870970-basis:28231776"
     62 "870970-basis:28483414"
     62 "870970-basis:29611556"
     62 "870970-basis:43483099"
     62 "874310-katalog:DBB0018798"
     63 "870970-basis:23650061"
     63 "870970-basis:27711227"
     64 "870970-basis:28484283"
     64 "870970-basis:50727025"
     64 "870970-basis:51681576"
     65 "870970-basis:29953104"
     65 "870970-basis:51109058"
     66 "870970-basis:26964547"
     66 "870970-basis:28420943"
     66 "870970-basis:29589062"
     67 "870970-basis:27735576"
     67 "870970-basis:28075480"
     67 "870970-basis:28940424"
     67 "870970-basis:29261962"
     67 "870970-basis:49205058"
     67 "874310-katalog:DBB0040899"
     68 "870970-basis:24815420"
     68 "870970-basis:25626060"
     68 "870970-basis:29953554"
     69 "870970-basis:26814286"
     70 "870970-basis:03145069"
     70 "870970-basis:28441428"
     70 "870970-basis:28729820"
     71 "870970-basis:25080009"
     71 "870970-basis:27262627"
     71 "870970-basis:45226409"
     71 "870970-basis:50707946"
     71 "870970-basis:50789748"
     72 "870970-basis:26879140"
     72 "870970-basis:27119956"
     72 "870970-basis:28467567"
     72 "870970-basis:45139344"
     73 "870970-basis:06605796"
     73 "870970-basis:28891229"
     74 "870970-basis:26438640"
     74 "870970-basis:27400264"
     74 "870970-basis:28373929"
     74 "870970-basis:28986203"
     74 "870970-basis:50694240"
     75 "870970-basis:28377444"
     76 "870970-basis:26186285"
     77 "870970-basis:25112873"
     77 "870970-basis:28824130"
     77 "870970-basis:29027641"
     78 "870970-basis:28721420"
     79 "870970-basis:28407866"
     79 "870970-basis:29569894"
     79 "870970-basis:45662128"
     81 "870970-basis:28942613"
     83 "870970-basis:27186327"
     83 "870970-basis:27884296"
     83 "870970-basis:29978891"
     84 "870970-basis:28373988"
     85 "870970-basis:27474632"
     85 "870970-basis:29088853"
     85 "874310-katalog:DBB0019782"
     87 "870970-basis:25146999"
     89 "870970-basis:27446272"
     90 "870970-basis:25700872"
     90 "870970-basis:51327209"
     92 "870970-basis:27266304"
     92 "870970-basis:28220405"
     92 "870970-basis:28429576"
     99 "870970-basis:28244967"
     99 "870970-basis:29335826"
     99 "870970-basis:51298721"
    101 "870970-basis:26878411"
    102 "870970-basis:27218784"
    103 "874310-katalog:DBB0019369"
    105 "870970-basis:28120958"
    109 "870970-basis:28117434"
    110 "870970-basis:27787207"
    112 "870970-basis:28595565"
    112 "870970-basis:29076588"
    113 "870970-basis:29551421"
    114 "870970-basis:28456433"
    115 "870970-basis:45060136"
    116 "870970-basis:28724683"
    119 "870970-basis:26923530"
    121 "870970-basis:27266428"
    121 "870970-basis:29793158"
    124 "870970-basis:29535876"
    127 "870970-basis:28188625"
    129 "771000-katalog:90185543"
    130 "870970-basis:28043872"
    135 "870970-basis:29535795"
    137 "870970-basis:29867666"
    141 "870970-basis:29754519"
    170 "870970-basis:28511663"
