     26 "870970-basis:27281915"
     26 "870970-basis:27722865"
     26 "874310-katalog:DBB0040899"
     27 "870970-basis:20148098"
     27 "870970-basis:25080009"
     27 "870970-basis:26370574"
     27 "870970-basis:26423880"
     27 "870970-basis:26873681"
     27 "870970-basis:27238173"
     27 "870970-basis:27430287"
     27 "870970-basis:27731236"
     27 "870970-basis:29261962"
     27 "870970-basis:29978891"
     27 "870970-basis:50789748"
     28 "870970-basis:26872405"
     28 "870970-basis:26964547"
     28 "870970-basis:27597343"
     29 "870970-basis:25771559"
     29 "870970-basis:27709990"
     29 "870970-basis:50707946"
     29 "874310-katalog:DBB0018798"
     30 "870970-basis:21115665"
     30 "870970-basis:25929942"
     30 "870970-basis:26689023"
     30 "870970-basis:29273731"
     30 "870970-basis:29304521"
     30 "870970-basis:29569894"
     30 "870970-basis:45139344"
     31 "870970-basis:29584338"
     31 "870970-basis:29972362"
     32 "870970-basis:03145069"
     32 "870970-basis:26170508"
     32 "870970-basis:27114261"
     32 "870970-basis:27650341"
     32 "870970-basis:28373929"
     32 "870970-basis:28484283"
     32 "870970-basis:28824130"
     32 "870970-basis:29076588"
     32 "870970-basis:51298721"
     33 "870970-basis:24815420"
     33 "870970-basis:26519152"
     33 "870970-basis:27446272"
     33 "870970-basis:27884296"
     33 "870970-basis:28204760"
     34 "870970-basis:25146999"
     34 "870970-basis:28244967"
     34 "870970-basis:28721420"
     34 "870970-basis:28729820"
     34 "870970-basis:29335826"
     35 "870970-basis:25112873"
     35 "870970-basis:26684307"
     35 "870970-basis:27597335"
     35 "870970-basis:28373988"
     35 "870970-basis:28942613"
     35 "870970-basis:45226409"
     35 "874310-katalog:DBB0018963"
     36 "870970-basis:26879140"
     37 "870970-basis:26186285"
     38 "870970-basis:26438640"
     38 "870970-basis:29260206"
     39 "870970-basis:29088853"
     40 "870970-basis:25700872"
     40 "870970-basis:26922143"
     40 "870970-basis:26923530"
     40 "870970-basis:28293402"
     40 "870970-basis:51327209"
     41 "870970-basis:27787207"
     41 "874310-katalog:DBB0019782"
     42 "870970-basis:27711227"
     42 "870970-basis:28429576"
     42 "870970-basis:29051836"
     43 "870970-basis:28120958"
     43 "870970-basis:28595565"
     45 "870970-basis:27266428"
     45 "870970-basis:29027641"
     46 "870970-basis:28117434"
     47 "870970-basis:26878411"
     47 "870970-basis:27266304"
     47 "870970-basis:27474632"
     47 "870970-basis:28986203"
     48 "870970-basis:28724683"
     49 "870970-basis:27400264"
     51 "874310-katalog:DBB0019369"
     52 "870970-basis:28043872"
     52 "870970-basis:28220405"
     53 "870970-basis:28891229"
     54 "870970-basis:27218784"
     54 "870970-basis:29535876"
     54 "870970-basis:45060136"
     55 "771000-katalog:90185543"
     55 "870970-basis:29535795"
     55 "870970-basis:29551421"
     56 "870970-basis:28511663"
     56 "870970-basis:29754519"
     57 "870970-basis:29867666"
     60 "870970-basis:27119956"
     66 "870970-basis:28188625"
     67 "870970-basis:28456433"
     68 "870970-basis:27186327"
     85 "870970-basis:29793158"
