     37 "870970-basis:28075480"
     37 "870970-basis:28438028"
     37 "870970-basis:28721420"
     37 "870970-basis:28940424"
     37 "870970-basis:29088853"
     37 "870970-basis:51232453"
     38 "870970-basis:22893793"
     38 "870970-basis:24815420"
     38 "870970-basis:25972341"
     38 "870970-basis:28484283"
     39 "870970-basis:26684307"
     39 "870970-basis:27430287"
     39 "870970-basis:29260206"
     39 "870970-basis:29974861"
     40 "870970-basis:25146999"
     40 "870970-basis:25626060"
     40 "870970-basis:25771559"
     40 "870970-basis:25929942"
     40 "870970-basis:26423880"
     40 "870970-basis:27269184"
     40 "870970-basis:27731236"
     41 "870970-basis:26104866"
     41 "870970-basis:26677262"
     41 "870970-basis:50727025"
     41 "870970-basis:50789748"
     41 "874310-katalog:DBB0040899"
     42 "758000-katalog:93204271"
     42 "870970-basis:27262627"
     42 "870970-basis:27650341"
     42 "870970-basis:27711227"
     42 "870970-basis:29304521"
     43 "870970-basis:26879140"
     43 "870970-basis:26964547"
     44 "870970-basis:28373929"
     44 "870970-basis:28483414"
     44 "870970-basis:45226409"
     45 "810010-katalog:000341086"
     45 "870970-basis:03145069"
     45 "870970-basis:26922143"
     45 "870970-basis:27114261"
     45 "870970-basis:27446272"
     45 "870970-basis:28373988"
     45 "870970-basis:28891229"
     45 "870970-basis:29953554"
     45 "870970-basis:29972362"
     46 "870970-basis:28069170"
     46 "870970-basis:28824130"
     46 "870970-basis:50801098"
     47 "870970-basis:23660245"
     47 "870970-basis:28467567"
     47 "870970-basis:28729820"
     47 "874310-katalog:DBB0019782"
     49 "870970-basis:25112873"
     49 "870970-basis:26473853"
     49 "870970-basis:45139344"
     51 "870970-basis:27474632"
     51 "870970-basis:28244967"
     51 "870970-basis:28392621"
     51 "870970-basis:28429576"
     51 "870970-basis:29569894"
     52 "870970-basis:28204760"
     52 "870970-basis:29335826"
     55 "870970-basis:27400264"
     56 "870970-basis:28293402"
     57 "870970-basis:26186285"
     57 "870970-basis:27884296"
     58 "870970-basis:27266304"
     59 "870970-basis:26878411"
     59 "870970-basis:29051836"
     59 "870970-basis:29978891"
     60 "870970-basis:29551421"
     61 "870970-basis:28043872"
     61 "870970-basis:28117434"
     61 "870970-basis:28120958"
     61 "870970-basis:29261962"
     62 "870970-basis:29027641"
     63 "870970-basis:27186327"
     64 "870970-basis:27787207"
     64 "870970-basis:28595565"
     64 "870970-basis:29076588"
     64 "870970-basis:51298721"
     66 "870970-basis:27218784"
     68 "870970-basis:26923530"
     68 "870970-basis:27119956"
     69 "870970-basis:28220405"
     70 "874310-katalog:DBB0019369"
     73 "870970-basis:25700872"
     74 "870970-basis:28986203"
     77 "870970-basis:27266428"
     77 "870970-basis:45060136"
     78 "771000-katalog:90185543"
     80 "870970-basis:28724683"
     82 "870970-basis:29535876"
     82 "870970-basis:29793158"
     83 "870970-basis:29867666"
     86 "870970-basis:29754519"
     88 "870970-basis:29535795"
     90 "870970-basis:28188625"
     97 "870970-basis:28456433"
    110 "870970-basis:28511663"
