     80 "870970-basis:29953554"
     81 "870970-basis:24815420"
     81 "870970-basis:27650341"
     81 "870970-basis:28420943"
     81 "870970-basis:28952082"
     82 "870970-basis:06605796"
     82 "870970-basis:28467567"
     82 "870970-basis:29052719"
     83 "870970-basis:25660684"
     83 "870970-basis:26473853"
     83 "870970-basis:29477744"
     83 "870970-basis:29974861"
     83 "870970-basis:50625915"
     83 "870970-basis:50707946"
     84 "870970-basis:28299125"
     84 "870970-basis:28315589"
     85 "870970-basis:06605583"
     86 "870970-basis:28446667"
     86 "870970-basis:29260206"
     86 "870970-basis:50598527"
     86 "870970-basis:50688534"
     87 "870970-basis:45226409"
     88 "870970-basis:24973417"
     88 "870970-basis:26438640"
     88 "870970-basis:29088853"
     89 "870970-basis:26820340"
     89 "870970-basis:28940424"
     90 "758000-katalog:93204271"
     90 "870970-basis:26727766"
     90 "870970-basis:29335826"
     91 "776600-katalog:93360133"
     91 "870970-basis:27474632"
     91 "870970-basis:28373988"
     91 "870970-basis:29589062"
     92 "870970-basis:28729820"
     92 "870970-basis:28942613"
     92 "870970-basis:45662128"
     93 "870970-basis:27884296"
     94 "870970-basis:23650061"
     94 "870970-basis:25700872"
     95 "870970-basis:27254128"
     95 "870970-basis:28770316"
     95 "870970-basis:29781524"
     95 "874310-katalog:DBB0018963"
     96 "870970-basis:28373929"
     97 "870970-basis:28721420"
     97 "870970-basis:50694240"
     97 "870970-basis:50801098"
     97 "870970-basis:51327209"
     99 "870970-basis:26370574"
     99 "870970-basis:27186327"
     99 "870970-basis:27262627"
    100 "870970-basis:25146999"
    101 "870970-basis:27266304"
    101 "870970-basis:29027641"
    101 "870970-basis:29611556"
    101 "870970-basis:49205058"
    103 "870970-basis:26186285"
    104 "870970-basis:27400264"
    104 "870970-basis:28220405"
    104 "870970-basis:28824130"
    104 "870970-basis:50727025"
    105 "874310-katalog:DBB0040899"
    107 "870970-basis:24725006"
    107 "870970-basis:28075480"
    108 "870970-basis:28724683"
    109 "870970-basis:28441428"
    110 "870970-basis:45139344"
    111 "870970-basis:27446272"
    116 "870970-basis:28244967"
    116 "874310-katalog:DBB0019782"
    117 "870970-basis:27787207"
    117 "870970-basis:28429576"
    117 "870970-basis:29953104"
    117 "870970-basis:29978891"
    118 "870970-basis:28120958"
    119 "870970-basis:26878411"
    119 "870970-basis:29076588"
    121 "870970-basis:29569894"
    123 "870970-basis:27218784"
    124 "870970-basis:28407866"
    128 "870970-basis:28986203"
    128 "870970-basis:29793158"
    129 "870970-basis:51298721"
    136 "870970-basis:27266428"
    138 "870970-basis:26923530"
    138 "870970-basis:45060136"
    139 "870970-basis:28117434"
    140 "874310-katalog:DBB0019369"
    141 "870970-basis:28595565"
    142 "870970-basis:29551421"
    144 "870970-basis:28043872"
    152 "771000-katalog:90185543"
    153 "870970-basis:29535795"
    156 "870970-basis:28188625"
    159 "870970-basis:29535876"
    178 "870970-basis:28456433"
    186 "870970-basis:29867666"
    187 "870970-basis:29754519"
    209 "870970-basis:28511663"
