     95 "870970-basis:28377444"
     95 "870970-basis:29607788"
     95 "874310-katalog:DBB0040899"
     96 "870970-basis:26727766"
     96 "870970-basis:27262627"
     96 "870970-basis:28136013"
     96 "870970-basis:28483414"
     96 "870970-basis:29406855"
     97 "870970-basis:28675127"
     97 "870970-basis:28770316"
     97 "870970-basis:29022682"
     98 "870970-basis:26370574"
     98 "870970-basis:27490360"
     98 "870970-basis:28721420"
     98 "870970-basis:29088853"
     99 "810015-katalog:005282270"
     99 "870970-basis:26923425"
     99 "870970-basis:28392621"
    100 "870970-basis:25340353"
    100 "870970-basis:27254128"
    100 "870970-basis:27787207"
    100 "870970-basis:28075480"
    100 "870970-basis:50688534"
    101 "870970-basis:25451104"
    101 "870970-basis:29953554"
    102 "870970-basis:27400264"
    102 "870970-basis:28824130"
    102 "870970-basis:50607852"
    104 "870970-basis:25087089"
    105 "870970-basis:28940424"
    105 "870970-basis:51109058"
    106 "870970-basis:27266304"
    107 "870970-basis:25660684"
    107 "870970-basis:26243351"
    108 "870970-basis:28942613"
    108 "870970-basis:51327209"
    109 "870970-basis:26701139"
    109 "870970-basis:28441428"
    110 "870970-basis:26820340"
    110 "870970-basis:29304521"
    110 "870970-basis:51074009"
    111 "870970-basis:29589143"
    112 "870970-basis:51681576"
    113 "870970-basis:28438028"
    113 "870970-basis:29052719"
    113 "874310-katalog:DBB0019782"
    114 "870970-basis:23650061"
    114 "870970-basis:28220405"
    114 "870970-basis:50625915"
    114 "870970-basis:50707946"
    115 "870970-basis:27218784"
    116 "870970-basis:26878411"
    116 "870970-basis:45226409"
    117 "870970-basis:03644669"
    117 "870970-basis:28467567"
    118 "870970-basis:29260206"
    119 "870970-basis:27446272"
    119 "870970-basis:29781524"
    121 "870970-basis:28373929"
    123 "870970-basis:29335826"
    123 "870970-basis:49205058"
    123 "870970-basis:50727025"
    125 "870970-basis:28188625"
    125 "870970-basis:28429576"
    125 "870970-basis:29611556"
    125 "870970-basis:50598527"
    127 "870970-basis:27266428"
    127 "874310-katalog:DBB0019369"
    129 "870970-basis:28244967"
    130 "870970-basis:28986203"
    130 "870970-basis:29535795"
    130 "870970-basis:29953104"
    130 "870970-basis:50801098"
    132 "870970-basis:29569894"
    132 "870970-basis:29793158"
    134 "776600-katalog:93360133"
    136 "870970-basis:28117434"
    137 "870970-basis:28120958"
    138 "870970-basis:26923530"
    141 "870970-basis:28456433"
    142 "870970-basis:51298721"
    145 "870970-basis:28724683"
    146 "870970-basis:29589062"
    148 "870970-basis:29551421"
    152 "870970-basis:29076588"
    153 "870970-basis:45139344"
    153 "870970-basis:45662128"
    154 "758000-katalog:93204271"
    154 "870970-basis:28595565"
    155 "870970-basis:50694240"
    156 "870970-basis:24725006"
    157 "870970-basis:45060136"
    159 "870970-basis:29535876"
    165 "771000-katalog:90185543"
    168 "870970-basis:28407866"
    175 "870970-basis:28043872"
    177 "870970-basis:29867666"
    200 "870970-basis:29978891"
    215 "870970-basis:29754519"
    250 "870970-basis:28511663"
