    112 "870970-basis:28753128"
    112 "870970-basis:50710238"
    113 "870970-basis:03644669"
    113 "870970-basis:26243351"
    113 "870970-basis:26820340"
    114 "874310-katalog:DBB0018963"
    115 "870970-basis:06605796"
    115 "870970-basis:26701139"
    115 "870970-basis:28891229"
    115 "870970-basis:29477744"
    116 "870970-basis:26438640"
    117 "870970-basis:27474632"
    117 "870970-basis:29304521"
    117 "870970-basis:51327209"
    118 "870970-basis:27262627"
    118 "870970-basis:28675127"
    119 "870970-basis:29937710"
    120 "870970-basis:25340353"
    120 "870970-basis:27266304"
    121 "870970-basis:23650061"
    121 "870970-basis:28467567"
    121 "870970-basis:29607788"
    122 "870970-basis:28942613"
    123 "870970-basis:45226409"
    125 "870970-basis:06605583"
    125 "870970-basis:28392621"
    125 "870970-basis:51681576"
    126 "870970-basis:27269184"
    126 "870970-basis:29260206"
    127 "870970-basis:27186327"
    127 "870970-basis:28438028"
    128 "870970-basis:25146999"
    128 "870970-basis:26727766"
    128 "870970-basis:29589143"
    129 "870970-basis:50801098"
    131 "870970-basis:28429576"
    131 "870970-basis:28940424"
    131 "874310-katalog:DBB0040899"
    132 "870970-basis:29027641"
    132 "870970-basis:29953554"
    133 "870970-basis:27400264"
    133 "870970-basis:28373929"
    134 "870970-basis:28483414"
    135 "870970-basis:28373988"
    136 "870970-basis:28407866"
    136 "870970-basis:28721420"
    137 "870970-basis:27884296"
    137 "870970-basis:28420943"
    138 "870970-basis:28824130"
    139 "870970-basis:28075480"
    139 "870970-basis:28441428"
    139 "870970-basis:29335826"
    140 "870970-basis:26370574"
    141 "758000-katalog:93204271"
    141 "870970-basis:25700872"
    141 "870970-basis:27446272"
    147 "870970-basis:29052719"
    147 "870970-basis:50707946"
    148 "870970-basis:27254128"
    148 "870970-basis:28244967"
    148 "870970-basis:49205058"
    149 "874310-katalog:DBB0019782"
    150 "870970-basis:27787207"
    151 "870970-basis:29611556"
    153 "870970-basis:29781524"
    154 "870970-basis:29569894"
    155 "870970-basis:28986203"
    157 "870970-basis:50727025"
    159 "870970-basis:50694240"
    160 "870970-basis:45662128"
    161 "776600-katalog:93360133"
    162 "870970-basis:29953104"
    162 "870970-basis:45139344"
    163 "870970-basis:29589062"
    164 "870970-basis:51298721"
    168 "870970-basis:28595565"
    170 "870970-basis:28220405"
    172 "870970-basis:26878411"
    172 "870970-basis:29551421"
    172 "870970-basis:29793158"
    173 "870970-basis:27218784"
    175 "870970-basis:28724683"
    175 "870970-basis:45060136"
    176 "870970-basis:28117434"
    176 "870970-basis:28120958"
    177 "874310-katalog:DBB0019369"
    179 "870970-basis:24725006"
    182 "870970-basis:29076588"
    191 "870970-basis:29978891"
    198 "870970-basis:28188625"
    202 "870970-basis:26923530"
    211 "870970-basis:27266428"
    212 "870970-basis:28456433"
    214 "870970-basis:29535795"
    215 "870970-basis:28043872"
    217 "771000-katalog:90185543"
    226 "870970-basis:29867666"
    244 "870970-basis:29535876"
    264 "870970-basis:29754519"
    314 "870970-basis:28511663"
