    138 "870970-basis:27474632"
    138 "870970-basis:29022682"
    138 "870970-basis:50629627"
    139 "870970-basis:28136013"
    139 "870970-basis:50727009"
    141 "870970-basis:25660684"
    141 "870970-basis:26701139"
    141 "870970-basis:27266304"
    141 "870970-basis:27735576"
    143 "870970-basis:26923425"
    143 "870970-basis:28441428"
    143 "874310-katalog:DBB0018963"
    144 "870970-basis:27262627"
    144 "870970-basis:50768104"
    145 "870970-basis:28373988"
    145 "870970-basis:28377444"
    145 "870970-basis:28952082"
    146 "870970-basis:27884296"
    146 "870970-basis:28075480"
    146 "870970-basis:28420943"
    147 "870970-basis:51109058"
    149 "870970-basis:28483414"
    150 "870970-basis:51327209"
    151 "870970-basis:23650061"
    151 "870970-basis:27787207"
    151 "870970-basis:50688534"
    152 "870970-basis:26186285"
    154 "870970-basis:28721420"
    154 "870970-basis:28753128"
    155 "870970-basis:26243351"
    156 "870970-basis:25146999"
    156 "870970-basis:26820340"
    156 "870970-basis:28467567"
    157 "870970-basis:25700872"
    157 "870970-basis:29589143"
    159 "870970-basis:45226409"
    159 "874310-katalog:DBB0019782"
    160 "870970-basis:29793158"
    161 "870970-basis:28220405"
    163 "870970-basis:29052719"
    164 "870970-basis:29781524"
    164 "870970-basis:29953554"
    164 "870970-basis:51681576"
    165 "870970-basis:27254128"
    165 "870970-basis:27400264"
    165 "870970-basis:27446272"
    165 "870970-basis:29088853"
    165 "870970-basis:49205058"
    165 "870970-basis:50727025"
    166 "870970-basis:50598527"
    167 "870970-basis:29335826"
    167 "874310-katalog:DBB0040899"
    168 "870970-basis:26727766"
    168 "870970-basis:50625915"
    168 "870970-basis:50801098"
    170 "870970-basis:28942613"
    171 "870970-basis:28373929"
    171 "870970-basis:28824130"
    173 "870970-basis:28120958"
    174 "870970-basis:28940424"
    174 "870970-basis:50707946"
    176 "870970-basis:28429576"
    176 "870970-basis:29260206"
    177 "870970-basis:29477744"
    178 "870970-basis:26370574"
    181 "870970-basis:28986203"
    185 "870970-basis:28117434"
    186 "758000-katalog:93204271"
    186 "870970-basis:26878411"
    187 "870970-basis:29569894"
    188 "776600-katalog:93360133"
    190 "870970-basis:29611556"
    192 "870970-basis:50694240"
    193 "870970-basis:28407866"
    193 "874310-katalog:DBB0019369"
    197 "870970-basis:28244967"
    199 "870970-basis:45662128"
    200 "870970-basis:27218784"
    200 "870970-basis:29589062"
    203 "870970-basis:45139344"
    204 "870970-basis:29076588"
    208 "870970-basis:24725006"
    213 "870970-basis:29953104"
    213 "870970-basis:45060136"
    214 "870970-basis:28724683"
    222 "870970-basis:26923530"
    224 "870970-basis:28188625"
    224 "870970-basis:29978891"
    225 "870970-basis:29535795"
    228 "870970-basis:29551421"
    229 "870970-basis:27266428"
    230 "870970-basis:28595565"
    234 "870970-basis:51298721"
    237 "870970-basis:28043872"
    246 "870970-basis:28456433"
    256 "771000-katalog:90185543"
    260 "870970-basis:29535876"
    295 "870970-basis:29867666"
    300 "870970-basis:29754519"
    327 "870970-basis:28511663"
