    117 "870970-basis:50607852"
    118 "870970-basis:06605796"
    119 "870970-basis:51681576"
    120 "870970-basis:26923425"
    120 "870970-basis:27269184"
    122 "870970-basis:24536793"
    122 "870970-basis:28377444"
    122 "870970-basis:29315183"
    123 "870970-basis:51109058"
    123 "870970-basis:51324099"
    124 "870970-basis:50789748"
    125 "870970-basis:28373988"
    125 "870970-basis:28420943"
    125 "870970-basis:29027641"
    126 "870970-basis:27884296"
    127 "870970-basis:25340353"
    127 "870970-basis:28441428"
    127 "870970-basis:28942613"
    127 "870970-basis:51327209"
    128 "870970-basis:27186327"
    128 "870970-basis:28373929"
    130 "870970-basis:23650061"
    131 "870970-basis:27400264"
    131 "870970-basis:27446272"
    131 "870970-basis:29406855"
    131 "870970-basis:29477744"
    131 "870970-basis:44236621"
    132 "870970-basis:26727766"
    132 "870970-basis:28675127"
    133 "870970-basis:25451104"
    133 "870970-basis:28940424"
    134 "870970-basis:28721420"
    134 "870970-basis:28824130"
    134 "870970-basis:50688534"
    136 "870970-basis:25146999"
    136 "870970-basis:29088853"
    137 "870970-basis:28467567"
    138 "870970-basis:03644669"
    138 "870970-basis:26243351"
    138 "870970-basis:26370574"
    138 "870970-basis:29589143"
    138 "870970-basis:50727009"
    139 "870970-basis:27787207"
    140 "870970-basis:27254128"
    140 "870970-basis:29953554"
    141 "870970-basis:29052719"
    141 "870970-basis:29781524"
    142 "870970-basis:50801098"
    143 "870970-basis:29611556"
    144 "870970-basis:50625915"
    145 "870970-basis:50598527"
    149 "870970-basis:29607788"
    151 "870970-basis:45226409"
    153 "870970-basis:49205058"
    153 "874310-katalog:DBB0019782"
    153 "874310-katalog:DBB0040899"
    154 "870970-basis:28220405"
    154 "870970-basis:29335826"
    155 "870970-basis:28120958"
    157 "870970-basis:29260206"
    158 "870970-basis:28244967"
    159 "870970-basis:27218784"
    163 "870970-basis:25700872"
    163 "870970-basis:50727025"
    164 "870970-basis:28075480"
    164 "870970-basis:28429576"
    165 "870970-basis:28117434"
    165 "870970-basis:29953104"
    168 "870970-basis:45139344"
    169 "870970-basis:28986203"
    170 "870970-basis:26820340"
    171 "776600-katalog:93360133"
    172 "870970-basis:28188625"
    174 "874310-katalog:DBB0019369"
    177 "758000-katalog:93204271"
    177 "870970-basis:29569894"
    179 "870970-basis:26923530"
    179 "870970-basis:29589062"
    180 "870970-basis:26878411"
    180 "870970-basis:50694240"
    181 "870970-basis:28724683"
    181 "870970-basis:50707946"
    187 "870970-basis:45662128"
    188 "870970-basis:29076588"
    191 "870970-basis:29535795"
    191 "870970-basis:29551421"
    192 "870970-basis:45060136"
    195 "870970-basis:28595565"
    195 "870970-basis:51298721"
    198 "870970-basis:24725006"
    202 "870970-basis:29978891"
    207 "870970-basis:27266428"
    209 "870970-basis:28407866"
    211 "870970-basis:28456433"
    213 "771000-katalog:90185543"
    218 "870970-basis:29535876"
    221 "870970-basis:28043872"
    248 "870970-basis:29867666"
    291 "870970-basis:29754519"
    311 "870970-basis:28511663"
