    124 "870970-basis:29607788"
    124 "870970-basis:51324099"
    126 "870970-basis:26923425"
    126 "870970-basis:50607852"
    129 "870970-basis:29022682"
    130 "870970-basis:28824130"
    130 "870970-basis:28952082"
    130 "870970-basis:29577315"
    131 "870970-basis:03644669"
    131 "870970-basis:29068011"
    132 "870970-basis:28373988"
    133 "810015-katalog:005282270"
    133 "870970-basis:28392621"
    133 "870970-basis:28441428"
    133 "870970-basis:28483414"
    133 "870970-basis:50688534"
    134 "870970-basis:28026544"
    135 "870970-basis:28377444"
    135 "870970-basis:45226409"
    136 "870970-basis:27266304"
    136 "870970-basis:28075480"
    137 "870970-basis:27884296"
    137 "870970-basis:28120958"
    137 "870970-basis:28420943"
    138 "874310-katalog:DBB0040899"
    139 "870970-basis:25087089"
    139 "870970-basis:27254128"
    139 "870970-basis:28753128"
    139 "870970-basis:51161556"
    140 "870970-basis:28675127"
    140 "870970-basis:29611556"
    142 "870970-basis:25146999"
    142 "870970-basis:25700872"
    142 "870970-basis:29793158"
    142 "870970-basis:50598527"
    143 "870970-basis:28438028"
    145 "870970-basis:28429576"
    145 "870970-basis:28942613"
    145 "870970-basis:49205058"
    146 "870970-basis:26370574"
    146 "870970-basis:28467567"
    146 "870970-basis:29052719"
    146 "870970-basis:29260206"
    147 "870970-basis:29477744"
    147 "870970-basis:45603318"
    148 "870970-basis:27787207"
    148 "870970-basis:51681576"
    149 "870970-basis:29953554"
    149 "870970-basis:50625915"
    150 "758000-katalog:93204271"
    151 "870970-basis:50801098"
    152 "870970-basis:23650061"
    152 "870970-basis:26727766"
    154 "870970-basis:25340353"
    156 "874310-katalog:DBB0019782"
    158 "870970-basis:28373929"
    160 "870970-basis:29589143"
    160 "870970-basis:50707946"
    161 "870970-basis:28721420"
    162 "870970-basis:51327209"
    165 "870970-basis:28986203"
    167 "870970-basis:26878411"
    168 "870970-basis:27446272"
    169 "870970-basis:29781524"
    170 "870970-basis:29335826"
    170 "874310-katalog:DBB0019369"
    173 "870970-basis:27218784"
    175 "870970-basis:50727025"
    176 "870970-basis:28940424"
    177 "870970-basis:24725006"
    179 "870970-basis:28244967"
    184 "870970-basis:28117434"
    186 "870970-basis:28220405"
    188 "870970-basis:29569894"
    191 "870970-basis:29953104"
    193 "776600-katalog:93360133"
    193 "870970-basis:28407866"
    195 "870970-basis:50694240"
    197 "870970-basis:28724683"
    198 "870970-basis:26820340"
    198 "870970-basis:45139344"
    199 "870970-basis:45662128"
    201 "870970-basis:29076588"
    201 "870970-basis:29589062"
    205 "870970-basis:45060136"
    206 "870970-basis:51298721"
    212 "870970-basis:27266428"
    214 "870970-basis:29551421"
    215 "870970-basis:28188625"
    220 "870970-basis:26923530"
    224 "870970-basis:28043872"
    224 "870970-basis:29535795"
    224 "870970-basis:29535876"
    234 "870970-basis:29978891"
    239 "771000-katalog:90185543"
    239 "870970-basis:28456433"
    243 "870970-basis:28595565"
    250 "870970-basis:29867666"
    286 "870970-basis:28511663"
    290 "870970-basis:29754519"
