     78 "870970-basis:28483414"
     78 "870970-basis:28891229"
     79 "870970-basis:03644669"
     79 "870970-basis:26820340"
     80 "870970-basis:06605583"
     80 "870970-basis:28824130"
     81 "870970-basis:24973417"
     81 "870970-basis:25626060"
     81 "870970-basis:29027471"
     81 "870970-basis:29607788"
     82 "870970-basis:24725006"
     82 "870970-basis:26879140"
     82 "870970-basis:27884296"
     82 "870970-basis:28026544"
     82 "870970-basis:28075480"
     82 "870970-basis:28902239"
     82 "870970-basis:29781524"
     82 "870970-basis:50789748"
     83 "758000-katalog:93204271"
     83 "870970-basis:26814286"
     84 "870970-basis:25146999"
     84 "870970-basis:25660684"
     84 "870970-basis:26370574"
     84 "874310-katalog:DBB0040899"
     85 "870970-basis:27266304"
     86 "870970-basis:26243351"
     86 "870970-basis:27400264"
     86 "870970-basis:28136013"
     86 "870970-basis:28952082"
     87 "870970-basis:29972362"
     88 "870970-basis:03145069"
     89 "870970-basis:28392621"
     89 "870970-basis:29477744"
     90 "870970-basis:26438640"
     90 "870970-basis:28940424"
     90 "870970-basis:50801098"
     90 "870970-basis:51232453"
     91 "870970-basis:23650061"
     91 "870970-basis:28420943"
     91 "870970-basis:28467567"
     91 "870970-basis:28729820"
     92 "870970-basis:29953554"
     92 "870970-basis:51681576"
     93 "870970-basis:27446272"
     94 "874310-katalog:DBB0019782"
     95 "870970-basis:26727766"
     95 "870970-basis:27186327"
     95 "870970-basis:27262627"
     96 "870970-basis:28441428"
     97 "870970-basis:28373929"
     97 "870970-basis:29027641"
     98 "870970-basis:28373988"
     98 "870970-basis:50598527"
     98 "870970-basis:50694240"
     98 "870970-basis:51327209"
     99 "870970-basis:29611556"
    100 "870970-basis:28244967"
    101 "870970-basis:25700872"
    101 "870970-basis:29953104"
    102 "870970-basis:29589062"
    103 "870970-basis:45226409"
    103 "870970-basis:50707946"
    104 "870970-basis:29260206"
    105 "870970-basis:28429576"
    105 "870970-basis:28942613"
    108 "870970-basis:28986203"
    110 "870970-basis:26878411"
    110 "870970-basis:29569894"
    111 "870970-basis:29335826"
    112 "870970-basis:28117434"
    114 "870970-basis:27218784"
    116 "870970-basis:29088853"
    117 "870970-basis:51298721"
    118 "776600-katalog:93360133"
    118 "870970-basis:50727025"
    120 "870970-basis:27787207"
    121 "870970-basis:45662128"
    124 "870970-basis:28220405"
    124 "870970-basis:28724683"
    127 "870970-basis:29076588"
    127 "870970-basis:45060136"
    128 "870970-basis:45139344"
    129 "870970-basis:27266428"
    130 "870970-basis:28120958"
    133 "870970-basis:29535795"
    134 "870970-basis:28595565"
    134 "874310-katalog:DBB0019369"
    138 "870970-basis:29793158"
    139 "870970-basis:29978891"
    144 "870970-basis:28188625"
    145 "870970-basis:28407866"
    147 "870970-basis:29535876"
    150 "771000-katalog:90185543"
    150 "870970-basis:28043872"
    161 "870970-basis:26923530"
    164 "870970-basis:28456433"
    165 "870970-basis:29551421"
    188 "870970-basis:29867666"
    205 "870970-basis:28511663"
    208 "870970-basis:29754519"
