    110 "870970-basis:25778871"
    110 "870970-basis:50707946"
    110 "870970-basis:50727009"
    111 "870970-basis:27266304"
    111 "870970-basis:28441428"
    111 "870970-basis:28566964"
    111 "870970-basis:29068011"
    111 "870970-basis:29477744"
    111 "870970-basis:29577315"
    112 "870970-basis:29847002"
    113 "870970-basis:25660684"
    113 "870970-basis:26923425"
    113 "870970-basis:28377444"
    113 "870970-basis:28414897"
    113 "870970-basis:45226409"
    114 "870970-basis:26370574"
    114 "870970-basis:28126956"
    116 "870970-basis:28420943"
    117 "870970-basis:25451104"
    117 "870970-basis:27254128"
    117 "870970-basis:50607852"
    118 "870970-basis:26701139"
    118 "870970-basis:28902239"
    118 "870970-basis:50789748"
    119 "870970-basis:29611556"
    119 "870970-basis:51205774"
    120 "870970-basis:27400264"
    121 "870970-basis:28483414"
    122 "870970-basis:28824130"
    123 "758000-katalog:93204271"
    123 "870970-basis:28392621"
    123 "870970-basis:51327209"
    126 "870970-basis:24536793"
    126 "870970-basis:25146999"
    126 "870970-basis:26727766"
    126 "870970-basis:28220405"
    126 "870970-basis:28438028"
    126 "870970-basis:29589143"
    126 "870970-basis:44236621"
    127 "870970-basis:27446272"
    127 "870970-basis:28075480"
    127 "870970-basis:29607788"
    128 "870970-basis:29022682"
    129 "870970-basis:28429576"
    131 "870970-basis:03644669"
    131 "870970-basis:28675127"
    133 "870970-basis:27787207"
    133 "870970-basis:29260206"
    133 "870970-basis:50625915"
    133 "870970-basis:50801098"
    135 "870970-basis:28117434"
    135 "870970-basis:28120958"
    135 "870970-basis:29335826"
    135 "870970-basis:50727025"
    136 "870970-basis:29052719"
    136 "870970-basis:51681576"
    136 "874310-katalog:DBB0019782"
    137 "870970-basis:50598527"
    138 "870970-basis:25340353"
    140 "870970-basis:28407866"
    140 "870970-basis:29781524"
    143 "870970-basis:28986203"
    143 "870970-basis:51298721"
    144 "870970-basis:25700872"
    144 "870970-basis:28373929"
    145 "870970-basis:28244967"
    147 "870970-basis:28940424"
    150 "870970-basis:27218784"
    150 "870970-basis:45139344"
    150 "874310-katalog:DBB0040899"
    151 "870970-basis:28721420"
    152 "870970-basis:28467567"
    153 "870970-basis:49205058"
    156 "870970-basis:26820340"
    157 "870970-basis:28724683"
    158 "870970-basis:26878411"
    158 "870970-basis:28188625"
    159 "870970-basis:29569894"
    160 "870970-basis:29953104"
    161 "870970-basis:29076588"
    162 "870970-basis:27266428"
    165 "776600-katalog:93360133"
    173 "870970-basis:29535795"
    173 "874310-katalog:DBB0019369"
    175 "870970-basis:26923530"
    177 "870970-basis:45060136"
    181 "870970-basis:50694240"
    185 "870970-basis:29535876"
    189 "870970-basis:29978891"
    191 "870970-basis:28043872"
    191 "870970-basis:29867666"
    194 "870970-basis:29551421"
    197 "771000-katalog:90185543"
    198 "870970-basis:45662128"
    201 "870970-basis:29589062"
    205 "870970-basis:28456433"
    207 "870970-basis:24725006"
    211 "870970-basis:28595565"
    254 "870970-basis:28511663"
    274 "870970-basis:29754519"
