    104 "870970-basis:25626060"
    104 "870970-basis:27400264"
    104 "870970-basis:51324099"
    105 "870970-basis:28770316"
    105 "870970-basis:28990243"
    105 "870970-basis:49205058"
    106 "870970-basis:28420943"
    107 "870970-basis:06605583"
    107 "870970-basis:25660684"
    107 "870970-basis:51161556"
    107 "874310-katalog:DBB0018963"
    108 "870970-basis:28438028"
    109 "870970-basis:26701139"
    110 "758000-katalog:93204271"
    110 "870970-basis:27430287"
    111 "870970-basis:26923425"
    111 "870970-basis:50727009"
    111 "870970-basis:51232453"
    112 "870970-basis:27735576"
    112 "874310-katalog:DBB0018798"
    113 "870970-basis:26820340"
    113 "870970-basis:27266304"
    113 "870970-basis:28075480"
    114 "870970-basis:26370574"
    114 "870970-basis:51667743"
    115 "870970-basis:25146999"
    115 "870970-basis:28441428"
    117 "870970-basis:28824130"
    117 "870970-basis:28952082"
    119 "870970-basis:28373929"
    119 "870970-basis:29589143"
    120 "870970-basis:28429576"
    120 "870970-basis:28942613"
    120 "870970-basis:29260206"
    120 "870970-basis:45226409"
    121 "870970-basis:50629627"
    121 "870970-basis:51109058"
    122 "870970-basis:27218784"
    122 "870970-basis:29477744"
    122 "870970-basis:51327209"
    123 "870970-basis:29052719"
    123 "870970-basis:29088853"
    123 "870970-basis:51681576"
    125 "870970-basis:28721420"
    125 "870970-basis:29027641"
    125 "870970-basis:29607788"
    126 "870970-basis:45603318"
    128 "870970-basis:27254128"
    129 "870970-basis:25700872"
    129 "870970-basis:50688534"
    131 "870970-basis:29335826"
    131 "870970-basis:50625915"
    132 "870970-basis:26878411"
    132 "870970-basis:28467567"
    132 "870970-basis:28940424"
    134 "870970-basis:50707946"
    135 "870970-basis:28220405"
    135 "870970-basis:29953554"
    137 "870970-basis:26727766"
    138 "870970-basis:29953104"
    138 "870970-basis:50598527"
    139 "870970-basis:27787207"
    139 "870970-basis:28244967"
    139 "870970-basis:29611556"
    141 "870970-basis:28120958"
    142 "870970-basis:28407866"
    142 "870970-basis:29781524"
    142 "874310-katalog:DBB0040899"
    144 "870970-basis:45139344"
    144 "874310-katalog:DBB0019782"
    145 "870970-basis:24725006"
    145 "870970-basis:50801098"
    149 "870970-basis:50727025"
    153 "870970-basis:27446272"
    153 "870970-basis:29589062"
    154 "870970-basis:28117434"
    154 "870970-basis:28986203"
    155 "870970-basis:29569894"
    156 "776600-katalog:93360133"
    156 "870970-basis:29535795"
    158 "870970-basis:50694240"
    160 "874310-katalog:DBB0019369"
    162 "870970-basis:45060136"
    164 "870970-basis:45662128"
    171 "870970-basis:29551421"
    175 "870970-basis:26923530"
    175 "870970-basis:28595565"
    175 "870970-basis:29076588"
    175 "870970-basis:29535876"
    178 "870970-basis:28724683"
    181 "870970-basis:28188625"
    182 "870970-basis:51298721"
    185 "771000-katalog:90185543"
    186 "870970-basis:27266428"
    188 "870970-basis:28043872"
    190 "870970-basis:29978891"
    198 "870970-basis:28456433"
    225 "870970-basis:29867666"
    259 "870970-basis:29754519"
    262 "870970-basis:28511663"
