    119 "870970-basis:27186327"
    120 "870970-basis:28675127"
    120 "870970-basis:29577315"
    120 "870970-basis:45603318"
    121 "870970-basis:26820340"
    121 "870970-basis:29406855"
    121 "870970-basis:51074009"
    122 "870970-basis:28414897"
    122 "870970-basis:28420943"
    123 "870970-basis:27884296"
    123 "870970-basis:28438028"
    123 "870970-basis:29589143"
    124 "870970-basis:25744446"
    124 "870970-basis:27262627"
    125 "870970-basis:51161556"
    126 "870970-basis:28753128"
    126 "870970-basis:29068011"
    127 "870970-basis:26727766"
    128 "870970-basis:03644669"
    128 "870970-basis:29607788"
    129 "870970-basis:28483414"
    129 "870970-basis:28770316"
    129 "870970-basis:29027641"
    130 "870970-basis:29088853"
    130 "870970-basis:50696626"
    131 "870970-basis:50688534"
    132 "870970-basis:28377444"
    132 "870970-basis:28952082"
    133 "870970-basis:23650061"
    134 "870970-basis:25700872"
    134 "870970-basis:50598527"
    135 "870970-basis:28824130"
    135 "870970-basis:29052719"
    136 "870970-basis:28721420"
    137 "870970-basis:27787207"
    137 "870970-basis:50707946"
    139 "870970-basis:28940424"
    139 "870970-basis:51232453"
    141 "870970-basis:28467567"
    141 "870970-basis:29793158"
    142 "870970-basis:27254128"
    142 "870970-basis:28075480"
    142 "870970-basis:29477744"
    144 "870970-basis:50801098"
    144 "870970-basis:51109058"
    147 "870970-basis:28942613"
    149 "870970-basis:28429576"
    149 "870970-basis:29335826"
    150 "870970-basis:27400264"
    150 "870970-basis:29953554"
    151 "870970-basis:28120958"
    153 "870970-basis:27218784"
    153 "870970-basis:28407866"
    153 "870970-basis:29260206"
    153 "874310-katalog:DBB0040899"
    154 "870970-basis:26878411"
    155 "758000-katalog:93204271"
    155 "870970-basis:26370574"
    155 "870970-basis:28373929"
    157 "870970-basis:50727025"
    158 "870970-basis:28441428"
    158 "874310-katalog:DBB0019782"
    159 "870970-basis:29781524"
    159 "870970-basis:45226409"
    160 "870970-basis:27446272"
    163 "870970-basis:28986203"
    164 "870970-basis:29611556"
    165 "870970-basis:28117434"
    165 "870970-basis:28244967"
    167 "870970-basis:28220405"
    167 "870970-basis:29569894"
    168 "870970-basis:50625915"
    169 "870970-basis:27266428"
    171 "870970-basis:26923530"
    173 "870970-basis:29953104"
    176 "870970-basis:51327209"
    177 "870970-basis:45139344"
    177 "870970-basis:49205058"
    177 "870970-basis:50694240"
    177 "874310-katalog:DBB0019369"
    180 "870970-basis:29589062"
    183 "776600-katalog:93360133"
    184 "870970-basis:29076588"
    186 "870970-basis:24725006"
    188 "870970-basis:45662128"
    190 "870970-basis:28724683"
    195 "870970-basis:45060136"
    204 "870970-basis:51298721"
    208 "870970-basis:28188625"
    211 "870970-basis:28595565"
    211 "870970-basis:29535795"
    219 "870970-basis:28043872"
    223 "771000-katalog:90185543"
    228 "870970-basis:29535876"
    233 "870970-basis:29551421"
    243 "870970-basis:29978891"
    246 "870970-basis:28456433"
    248 "870970-basis:29867666"
    297 "870970-basis:28511663"
    309 "870970-basis:29754519"
