     59 "870970-basis:51327209"
     59 "870970-basis:51681576"
     60 "870970-basis:29953554"
     60 "870970-basis:50607852"
     60 "870970-basis:50727009"
     61 "870970-basis:27765114"
     61 "870970-basis:29589143"
     61 "870970-basis:49343027"
     62 "870970-basis:27490360"
     63 "870970-basis:28373929"
     63 "870970-basis:50801098"
     64 "870970-basis:28349327"
     64 "870970-basis:29335826"
     64 "870970-basis:45179672"
     65 "870970-basis:26922143"
     65 "870970-basis:28467567"
     65 "870970-basis:28724683"
     65 "874310-katalog:DBB0040899"
     66 "870970-basis:27254128"
     66 "870970-basis:27552900"
     66 "870970-basis:51074009"
     67 "870970-basis:06818331"
     67 "870970-basis:50727025"
     68 "870970-basis:25700872"
     68 "870970-basis:27548822"
     69 "870970-basis:50625915"
     70 "870970-basis:24764265"
     70 "870970-basis:26820340"
     70 "870970-basis:28986203"
     72 "870970-basis:06647804"
     72 "870970-basis:25660684"
     72 "870970-basis:27266304"
     72 "870970-basis:27400264"
     72 "870970-basis:28940424"
     73 "870970-basis:24536793"
     73 "870970-basis:25340353"
     73 "870970-basis:29052719"
     74 "810015-katalog:005282270"
     74 "870970-basis:26701139"
     74 "870970-basis:26987377"
     74 "870970-basis:51298721"
     75 "870970-basis:25087089"
     75 "870970-basis:27446272"
     75 "870970-basis:28117434"
     75 "870970-basis:29076588"
     75 "870970-basis:45226409"
     75 "870970-basis:49332920"
     77 "870970-basis:27218784"
     77 "870970-basis:28414897"
     78 "870970-basis:26370574"
     78 "870970-basis:26727766"
     78 "870970-basis:26878411"
     79 "870970-basis:26243351"
     79 "870970-basis:29535795"
     80 "870970-basis:29611556"
     81 "870970-basis:25451104"
     81 "870970-basis:27787207"
     82 "870970-basis:29569894"
     83 "870970-basis:25744446"
     83 "870970-basis:27186327"
     84 "870970-basis:28721420"
     84 "870970-basis:50598527"
     86 "870970-basis:28429576"
     87 "758000-katalog:93204271"
     88 "870970-basis:27173640"
     88 "870970-basis:28244967"
     88 "870970-basis:50694240"
     89 "870970-basis:23650061"
     89 "870970-basis:28075480"
     89 "870970-basis:28220405"
     90 "870970-basis:28188625"
     93 "771000-katalog:90185543"
     93 "870970-basis:27243266"
     93 "870970-basis:28407866"
     93 "870970-basis:29535876"
     94 "870970-basis:26820359"
     94 "870970-basis:49205058"
     95 "870970-basis:45662128"
     96 "870970-basis:26923425"
     96 "870970-basis:44236621"
     97 "870970-basis:29867666"
    101 "870970-basis:28120958"
    102 "870970-basis:29551421"
    103 "870970-basis:29589062"
    103 "870970-basis:45139344"
    104 "870970-basis:28595565"
    105 "870970-basis:24725006"
    106 "870970-basis:45060136"
    107 "776600-katalog:93360133"
    114 "870970-basis:28026544"
    114 "874310-katalog:DBB0019369"
    123 "870970-basis:26923530"
    129 "870970-basis:28456433"
    129 "870970-basis:29953104"
    129 "870970-basis:29978891"
    131 "870970-basis:03644669"
    135 "870970-basis:27266428"
    143 "870970-basis:28043872"
    170 "870970-basis:28511663"
    175 "870970-basis:29754519"
