     80 "870970-basis:27266304"
     81 "870970-basis:26438640"
     81 "870970-basis:26727766"
     81 "870970-basis:27218784"
     81 "870970-basis:28136013"
     81 "870970-basis:29607788"
     82 "870970-basis:27243266"
     82 "870970-basis:27269184"
     83 "870970-basis:26820340"
     83 "870970-basis:27787207"
     83 "870970-basis:28377444"
     83 "870970-basis:28438028"
     83 "874310-katalog:DBB0018963"
     84 "870970-basis:27186327"
     84 "870970-basis:29477744"
     85 "870970-basis:25451104"
     85 "870970-basis:28414897"
     86 "870970-basis:28349327"
     86 "870970-basis:28566964"
     86 "870970-basis:51324099"
     87 "870970-basis:25146999"
     87 "870970-basis:28420943"
     87 "870970-basis:29589143"
     88 "870970-basis:28675127"
     88 "870970-basis:29022682"
     88 "870970-basis:50801098"
     89 "870970-basis:28075480"
     89 "870970-basis:28483414"
     89 "870970-basis:50607852"
     89 "874310-katalog:DBB0019782"
     90 "870970-basis:28026544"
     90 "870970-basis:29052719"
     90 "870970-basis:51327209"
     90 "870970-basis:51681576"
     91 "870970-basis:25660684"
     91 "870970-basis:26370574"
     91 "870970-basis:50598527"
     92 "870970-basis:25340353"
     92 "874310-katalog:DBB0040899"
     93 "810015-katalog:005282270"
     93 "870970-basis:26701139"
     93 "870970-basis:27400264"
     93 "870970-basis:49205058"
     94 "870970-basis:45226409"
     95 "870970-basis:26923425"
     95 "870970-basis:50625915"
     96 "870970-basis:45179672"
     97 "870970-basis:28407866"
     98 "870970-basis:28441428"
     98 "870970-basis:29260206"
     98 "870970-basis:29335826"
    100 "870970-basis:28429576"
    105 "870970-basis:26243351"
    105 "870970-basis:29611556"
    106 "870970-basis:28117434"
    106 "870970-basis:28940424"
    106 "870970-basis:44236621"
    107 "870970-basis:03644669"
    107 "870970-basis:25087089"
    107 "870970-basis:27552900"
    107 "870970-basis:28721420"
    107 "870970-basis:50694240"
    108 "758000-katalog:93204271"
    108 "870970-basis:26878411"
    108 "870970-basis:29076588"
    109 "870970-basis:51298721"
    111 "870970-basis:27254128"
    111 "870970-basis:28724683"
    112 "870970-basis:27446272"
    112 "870970-basis:28467567"
    113 "870970-basis:23650061"
    113 "870970-basis:28220405"
    115 "870970-basis:24725006"
    115 "870970-basis:28120958"
    118 "776600-katalog:93360133"
    118 "870970-basis:28373929"
    118 "870970-basis:29953104"
    119 "870970-basis:50727025"
    121 "870970-basis:27266428"
    121 "870970-basis:29569894"
    124 "870970-basis:29535795"
    124 "870970-basis:45662128"
    125 "870970-basis:28986203"
    125 "870970-basis:29535876"
    126 "870970-basis:28244967"
    128 "870970-basis:45060136"
    130 "870970-basis:29589062"
    133 "870970-basis:45139344"
    135 "870970-basis:26923530"
    135 "870970-basis:28188625"
    137 "771000-katalog:90185543"
    138 "870970-basis:29551421"
    139 "874310-katalog:DBB0019369"
    144 "870970-basis:29867666"
    149 "870970-basis:28456433"
    151 "870970-basis:28595565"
    163 "870970-basis:29978891"
    167 "870970-basis:28043872"
    190 "870970-basis:28511663"
    213 "870970-basis:29754519"
