     74 "870970-basis:25660684"
     74 "870970-basis:27186114"
     74 "870970-basis:28420943"
     74 "870970-basis:28952082"
     75 "870970-basis:25451104"
     75 "870970-basis:26186285"
     75 "870970-basis:26727766"
     76 "870970-basis:28753128"
     76 "870970-basis:51205774"
     77 "870970-basis:26243351"
     77 "870970-basis:29937710"
     78 "870970-basis:25146999"
     78 "870970-basis:29052719"
     78 "870970-basis:29260206"
     78 "870970-basis:50801098"
     79 "870970-basis:25087089"
     79 "870970-basis:26701139"
     79 "870970-basis:27266304"
     79 "870970-basis:28824130"
     79 "870970-basis:29406855"
     79 "870970-basis:51161556"
     80 "870970-basis:26820340"
     80 "870970-basis:26923425"
     80 "870970-basis:28414897"
     80 "870970-basis:29847002"
     80 "870970-basis:45179672"
     81 "870970-basis:27173640"
     81 "870970-basis:28566964"
     81 "870970-basis:50727025"
     81 "874310-katalog:DBB0040899"
     82 "870970-basis:26878411"
     82 "870970-basis:27446272"
     83 "870970-basis:27787207"
     84 "870970-basis:29953554"
     84 "870970-basis:50625915"
     85 "870970-basis:27186327"
     85 "870970-basis:51681576"
     86 "870970-basis:27218784"
     87 "870970-basis:27254128"
     87 "870970-basis:28467567"
     87 "870970-basis:28940424"
     87 "870970-basis:29335826"
     88 "870970-basis:28429576"
     88 "870970-basis:28438028"
     88 "870970-basis:29781524"
     88 "870970-basis:49343027"
     89 "870970-basis:50598527"
     89 "870970-basis:50607852"
     89 "870970-basis:51327209"
     89 "874310-katalog:DBB0019782"
     90 "870970-basis:28244967"
     91 "870970-basis:28349327"
     91 "870970-basis:28986203"
     91 "870970-basis:50688534"
     92 "870970-basis:28117434"
     93 "870970-basis:28075480"
     93 "874310-katalog:DBB0041769"
     94 "870970-basis:26370574"
     94 "870970-basis:28724683"
     95 "870970-basis:28721420"
     97 "870970-basis:45226409"
     99 "870970-basis:28220405"
     99 "870970-basis:28373929"
    100 "870970-basis:29569894"
    100 "870970-basis:49205058"
    101 "870970-basis:28120958"
    102 "870970-basis:28026544"
    102 "870970-basis:28441428"
    106 "870970-basis:29076588"
    107 "870970-basis:29589143"
    107 "870970-basis:44236621"
    108 "870970-basis:28407866"
    110 "870970-basis:28188625"
    112 "870970-basis:51298721"
    113 "771000-katalog:90185543"
    113 "870970-basis:24725006"
    113 "870970-basis:27400264"
    115 "758000-katalog:93204271"
    116 "870970-basis:29611556"
    117 "870970-basis:29535876"
    120 "870970-basis:29535795"
    121 "870970-basis:50694240"
    122 "776600-katalog:93360133"
    122 "870970-basis:45060136"
    122 "870970-basis:45662128"
    123 "870970-basis:29551421"
    124 "870970-basis:29589062"
    126 "870970-basis:29867666"
    128 "870970-basis:03644669"
    128 "870970-basis:28456433"
    128 "870970-basis:29953104"
    128 "870970-basis:45139344"
    129 "874310-katalog:DBB0019369"
    135 "870970-basis:26923530"
    142 "870970-basis:27266428"
    142 "870970-basis:28595565"
    145 "870970-basis:28043872"
    146 "870970-basis:29978891"
    201 "870970-basis:28511663"
    216 "870970-basis:29754519"
