     64 "870970-basis:29477744"
     65 "870970-basis:28463480"
     65 "870970-basis:29577315"
     66 "870970-basis:28414897"
     66 "870970-basis:28891229"
     67 "870970-basis:26727766"
     67 "870970-basis:26820359"
     67 "870970-basis:28483414"
     67 "870970-basis:28566964"
     67 "874310-katalog:DBB0019782"
     68 "870970-basis:26987377"
     68 "870970-basis:29260206"
     68 "870970-basis:50727009"
     69 "870970-basis:27266304"
     69 "870970-basis:27400264"
     69 "870970-basis:28075480"
     69 "870970-basis:49331819"
     70 "870970-basis:25660684"
     70 "870970-basis:26701139"
     70 "870970-basis:50607852"
     70 "870970-basis:50801098"
     71 "870970-basis:26820340"
     71 "870970-basis:27254128"
     72 "870970-basis:23650061"
     72 "870970-basis:29022682"
     72 "870970-basis:29076588"
     72 "870970-basis:50625915"
     73 "870970-basis:25451104"
     73 "870970-basis:26923425"
     73 "870970-basis:28392621"
     74 "870970-basis:26878411"
     74 "870970-basis:45226409"
     74 "870970-basis:51074009"
     75 "870970-basis:25744446"
     75 "870970-basis:28940424"
     76 "870970-basis:24764265"
     76 "870970-basis:27173640"
     76 "870970-basis:27218784"
     76 "870970-basis:29052719"
     76 "870970-basis:29781524"
     77 "870970-basis:28438028"
     78 "870970-basis:25087089"
     78 "870970-basis:28120958"
     79 "870970-basis:27186327"
     80 "870970-basis:27243266"
     80 "870970-basis:50598527"
     80 "870970-basis:51681576"
     81 "870970-basis:25340353"
     81 "870970-basis:26243351"
     81 "870970-basis:28429576"
     81 "870970-basis:28724683"
     81 "870970-basis:50727025"
     82 "870970-basis:28026544"
     82 "870970-basis:28986203"
     82 "870970-basis:49332920"
     82 "870970-basis:51298721"
     83 "810015-katalog:005282270"
     84 "870970-basis:27269184"
     84 "870970-basis:28126956"
     84 "870970-basis:29569894"
     85 "870970-basis:28244967"
     85 "870970-basis:29589143"
     86 "870970-basis:28467567"
     87 "870970-basis:28373929"
     88 "870970-basis:28349327"
     88 "870970-basis:29535795"
     89 "870970-basis:28117434"
     90 "758000-katalog:93204271"
     90 "870970-basis:28220405"
     93 "870970-basis:26370574"
     94 "870970-basis:27552900"
     94 "870970-basis:49343027"
     95 "870970-basis:29611556"
     96 "870970-basis:28721420"
     98 "870970-basis:45662128"
     99 "870970-basis:45060136"
    100 "771000-katalog:90185543"
    100 "870970-basis:28188625"
    101 "776600-katalog:93360133"
    101 "870970-basis:27446272"
    101 "870970-basis:44236621"
    102 "870970-basis:29551421"
    102 "870970-basis:45139344"
    103 "870970-basis:26923530"
    108 "870970-basis:29589062"
    108 "870970-basis:50694240"
    110 "870970-basis:24725006"
    110 "870970-basis:29978891"
    111 "870970-basis:29535876"
    111 "870970-basis:29867666"
    114 "870970-basis:28456433"
    117 "870970-basis:27266428"
    119 "874310-katalog:DBB0019369"
    121 "870970-basis:49205058"
    122 "870970-basis:29953104"
    123 "870970-basis:28595565"
    130 "870970-basis:28043872"
    157 "870970-basis:03644669"
    167 "870970-basis:28511663"
    170 "870970-basis:29754519"
