     66 "870970-basis:26789591"
     66 "870970-basis:27400264"
     66 "870970-basis:28429576"
     66 "870970-basis:51161556"
     66 "874310-katalog:DBB0040899"
     68 "870970-basis:28483414"
     69 "870970-basis:07338929"
     69 "870970-basis:27266304"
     69 "870970-basis:28724683"
     69 "870970-basis:45179672"
     70 "870970-basis:25340353"
     70 "870970-basis:25744446"
     70 "870970-basis:28441428"
     70 "870970-basis:29304521"
     70 "870970-basis:50696626"
     72 "870970-basis:26820340"
     72 "870970-basis:26923425"
     72 "870970-basis:27254128"
     73 "870970-basis:25087089"
     73 "870970-basis:28952082"
     74 "870970-basis:25660684"
     74 "870970-basis:28126956"
     74 "870970-basis:50625915"
     74 "870970-basis:50801098"
     75 "870970-basis:06647804"
     75 "870970-basis:26701139"
     75 "870970-basis:26765552"
     75 "870970-basis:28414897"
     75 "870970-basis:28467567"
     75 "870970-basis:28986203"
     76 "870970-basis:25248821"
     76 "870970-basis:28721420"
     76 "870970-basis:28753128"
     78 "810015-katalog:005282270"
     78 "870970-basis:26727766"
     78 "870970-basis:28373929"
     78 "870970-basis:28940424"
     78 "870970-basis:29335826"
     78 "870970-basis:51327209"
     79 "870970-basis:26243351"
     79 "870970-basis:27552900"
     79 "870970-basis:28075480"
     80 "870970-basis:29052719"
     80 "870970-basis:29589143"
     80 "870970-basis:49331819"
     81 "870970-basis:29781524"
     82 "870970-basis:29569894"
     82 "870970-basis:51298721"
     83 "870970-basis:27446272"
     83 "870970-basis:49332920"
     83 "870970-basis:50598527"
     85 "870970-basis:27173640"
     85 "870970-basis:27787207"
     85 "870970-basis:51681576"
     86 "870970-basis:50727025"
     87 "870970-basis:26878411"
     87 "870970-basis:29535795"
     87 "870970-basis:45139344"
     88 "870970-basis:24764265"
     88 "870970-basis:26820359"
     88 "870970-basis:45226409"
     89 "870970-basis:23650061"
     89 "870970-basis:26370574"
     90 "758000-katalog:93204271"
     90 "870970-basis:28117434"
     91 "870970-basis:28026544"
     91 "870970-basis:29076588"
     92 "870970-basis:25451104"
     92 "870970-basis:28407866"
     94 "870970-basis:28120958"
     94 "870970-basis:29611556"
     95 "870970-basis:27218784"
     97 "870970-basis:28188625"
     97 "870970-basis:28220405"
     99 "870970-basis:28244967"
    102 "776600-katalog:93360133"
    103 "870970-basis:49343027"
    106 "870970-basis:29589062"
    106 "870970-basis:29867666"
    107 "870970-basis:28349327"
    107 "870970-basis:45662128"
    108 "771000-katalog:90185543"
    108 "870970-basis:28595565"
    109 "870970-basis:26923530"
    109 "874310-katalog:DBB0019369"
    112 "870970-basis:50694240"
    113 "870970-basis:29953104"
    113 "870970-basis:45060136"
    114 "870970-basis:28456433"
    115 "870970-basis:27266428"
    116 "870970-basis:29551421"
    118 "870970-basis:29535876"
    118 "870970-basis:44236621"
    121 "870970-basis:49205058"
    122 "870970-basis:29978891"
    128 "870970-basis:24725006"
    145 "870970-basis:28043872"
    148 "870970-basis:03644669"
    167 "870970-basis:28511663"
    181 "870970-basis:29754519"
