     84 "870970-basis:27047548"
     85 "870970-basis:24764265"
     85 "870970-basis:28675127"
     85 "870970-basis:45179672"
     86 "870970-basis:29477744"
     87 "870970-basis:26701139"
     88 "810015-katalog:005282270"
     88 "870970-basis:28075480"
     88 "870970-basis:50727009"
     88 "870970-basis:51259386"
     88 "870970-basis:51327209"
     89 "870970-basis:25451104"
     89 "870970-basis:28942613"
     89 "870970-basis:29022682"
     89 "870970-basis:29577315"
     89 "870970-basis:50607852"
     89 "874310-katalog:DBB0041769"
     90 "870970-basis:29068011"
     90 "870970-basis:29847002"
     90 "870970-basis:50629627"
     90 "870970-basis:51074009"
     91 "870970-basis:23650061"
     91 "870970-basis:26923425"
     91 "870970-basis:28414897"
     91 "870970-basis:28438028"
     91 "870970-basis:51161556"
     92 "870970-basis:27254128"
     92 "870970-basis:27787207"
     92 "870970-basis:28349327"
     92 "874310-katalog:DBB0040899"
     93 "870970-basis:26186285"
     93 "870970-basis:28392621"
     94 "870970-basis:25700872"
     94 "870970-basis:28373929"
     95 "870970-basis:29953554"
     97 "870970-basis:26370574"
     97 "870970-basis:28721420"
     97 "870970-basis:51681576"
     98 "870970-basis:25744446"
     98 "870970-basis:29335826"
     98 "870970-basis:29607788"
     99 "870970-basis:50801098"
    100 "870970-basis:27243266"
    101 "870970-basis:26878411"
    102 "870970-basis:27218784"
    102 "870970-basis:28467567"
    102 "870970-basis:29052719"
    102 "870970-basis:29260206"
    103 "870970-basis:29076588"
    105 "758000-katalog:93204271"
    105 "870970-basis:26243351"
    105 "870970-basis:28441428"
    106 "870970-basis:28220405"
    106 "870970-basis:45226409"
    107 "870970-basis:28429576"
    107 "870970-basis:29781524"
    107 "870970-basis:49205058"
    108 "870970-basis:50688534"
    110 "870970-basis:28117434"
    110 "870970-basis:28244967"
    111 "870970-basis:29589143"
    111 "870970-basis:44236621"
    113 "870970-basis:28724683"
    115 "870970-basis:26820340"
    116 "870970-basis:45139344"
    117 "870970-basis:27446272"
    118 "870970-basis:03644669"
    118 "870970-basis:25340353"
    121 "870970-basis:29953104"
    123 "870970-basis:28120958"
    123 "870970-basis:45662128"
    123 "870970-basis:50625915"
    125 "870970-basis:28940424"
    125 "870970-basis:28986203"
    125 "870970-basis:45060136"
    126 "870970-basis:29611556"
    127 "870970-basis:50598527"
    127 "870970-basis:51298721"
    129 "870970-basis:29589062"
    129 "874310-katalog:DBB0019369"
    130 "870970-basis:50727025"
    131 "870970-basis:28456433"
    132 "870970-basis:28407866"
    134 "870970-basis:29535795"
    135 "870970-basis:26923530"
    135 "870970-basis:29551421"
    137 "870970-basis:28188625"
    137 "870970-basis:50694240"
    141 "776600-katalog:93360133"
    143 "870970-basis:29569894"
    144 "771000-katalog:90185543"
    144 "870970-basis:29535876"
    146 "870970-basis:24725006"
    148 "870970-basis:28595565"
    151 "870970-basis:27266428"
    154 "870970-basis:28043872"
    158 "870970-basis:29867666"
    164 "870970-basis:29978891"
    178 "870970-basis:28511663"
    208 "870970-basis:29754519"
