     70 "870970-basis:29589143"
     71 "870970-basis:27528708"
     71 "870970-basis:29022682"
     71 "870970-basis:29577315"
     72 "870970-basis:26789591"
     72 "870970-basis:27490360"
     72 "870970-basis:27552900"
     72 "870970-basis:29937710"
     72 "870970-basis:50707946"
     72 "870970-basis:51205774"
     73 "870970-basis:25660684"
     73 "870970-basis:27186327"
     74 "870970-basis:25451104"
     74 "870970-basis:27186114"
     74 "870970-basis:51259386"
     74 "870970-basis:51298721"
     75 "870970-basis:25087089"
     75 "870970-basis:26186285"
     75 "870970-basis:26701139"
     75 "870970-basis:28483414"
     75 "870970-basis:29260206"
     76 "870970-basis:25340353"
     76 "870970-basis:27047548"
     76 "870970-basis:28231776"
     76 "870970-basis:28349327"
     76 "870970-basis:28414897"
     76 "874310-katalog:DBB0019782"
     77 "870970-basis:50688534"
     78 "870970-basis:26243351"
     78 "870970-basis:28566964"
     78 "870970-basis:44236621"
     78 "870970-basis:51681576"
     79 "870970-basis:26923425"
     79 "870970-basis:28075480"
     80 "870970-basis:23650061"
     80 "870970-basis:29607788"
     81 "870970-basis:27787207"
     81 "870970-basis:45179672"
     81 "870970-basis:50625915"
     82 "870970-basis:26370574"
     82 "870970-basis:50598527"
     83 "870970-basis:27269184"
     84 "870970-basis:27173640"
     84 "870970-basis:27218784"
     84 "870970-basis:27254128"
     84 "870970-basis:28467567"
     84 "870970-basis:28724683"
     84 "874310-katalog:DBB0040899"
     85 "870970-basis:26878411"
     86 "870970-basis:28721420"
     86 "870970-basis:45226409"
     87 "870970-basis:29781524"
     87 "870970-basis:50607852"
     88 "870970-basis:28392621"
     88 "870970-basis:50801098"
     89 "870970-basis:28373929"
     91 "870970-basis:49205058"
     93 "870970-basis:28441428"
     93 "870970-basis:28940424"
     93 "870970-basis:29052719"
     94 "870970-basis:26727766"
     94 "870970-basis:27400264"
     94 "870970-basis:27446272"
     94 "870970-basis:28429576"
     95 "870970-basis:29535795"
     96 "870970-basis:28986203"
     97 "870970-basis:28220405"
     97 "870970-basis:50727025"
     98 "870970-basis:28120958"
     99 "870970-basis:29076588"
     99 "870970-basis:45139344"
    101 "870970-basis:26820340"
    102 "870970-basis:03644669"
    102 "870970-basis:45060136"
    103 "870970-basis:29569894"
    103 "870970-basis:29953104"
    104 "870970-basis:28117434"
    105 "870970-basis:29551421"
    105 "870970-basis:29611556"
    108 "870970-basis:29535876"
    109 "771000-katalog:90185543"
    109 "870970-basis:26923530"
    109 "870970-basis:45662128"
    112 "758000-katalog:93204271"
    112 "776600-katalog:93360133"
    112 "870970-basis:28244967"
    112 "870970-basis:28456433"
    114 "870970-basis:50694240"
    116 "870970-basis:29867666"
    119 "870970-basis:27266428"
    119 "870970-basis:28043872"
    119 "870970-basis:28188625"
    120 "870970-basis:24725006"
    123 "870970-basis:28595565"
    125 "870970-basis:29589062"
    131 "874310-katalog:DBB0019369"
    134 "870970-basis:28407866"
    156 "870970-basis:29978891"
    163 "870970-basis:29754519"
    186 "870970-basis:28511663"
