     70 "870970-basis:26923425"
     70 "870970-basis:27490360"
     70 "870970-basis:28420943"
     70 "870970-basis:29068011"
     70 "870970-basis:29847002"
     71 "870970-basis:29022682"
     71 "870970-basis:29793158"
     71 "870970-basis:49331819"
     71 "870970-basis:50607852"
     71 "870970-basis:51327209"
     72 "870970-basis:20029684"
     72 "870970-basis:27269184"
     72 "870970-basis:51074009"
     73 "870970-basis:24764265"
     73 "870970-basis:29260206"
     73 "870970-basis:50801098"
     74 "870970-basis:25700872"
     74 "870970-basis:25744446"
     74 "870970-basis:27266304"
     74 "870970-basis:28724683"
     74 "870970-basis:29370052"
     75 "870970-basis:28721420"
     75 "870970-basis:50688534"
     76 "870970-basis:24536793"
     76 "870970-basis:26701139"
     76 "870970-basis:26727766"
     77 "870970-basis:25451104"
     77 "870970-basis:25660684"
     77 "870970-basis:28414897"
     78 "870970-basis:28392621"
     78 "870970-basis:28891229"
     79 "870970-basis:25146999"
     79 "870970-basis:28026544"
     79 "870970-basis:29335826"
     79 "870970-basis:29492352"
     80 "870970-basis:25087089"
     81 "870970-basis:23650061"
     81 "870970-basis:26370574"
     81 "870970-basis:27218784"
     81 "870970-basis:51681576"
     83 "870970-basis:26878411"
     83 "870970-basis:29589143"
     84 "870970-basis:28373929"
     84 "870970-basis:28429576"
     84 "870970-basis:28441428"
     84 "870970-basis:29781524"
     85 "870970-basis:27400264"
     85 "870970-basis:27446272"
     85 "870970-basis:28075480"
     85 "870970-basis:28120958"
     85 "870970-basis:29607788"
     85 "870970-basis:45179672"
     85 "870970-basis:49332920"
     86 "870970-basis:28244967"
     86 "870970-basis:28467567"
     86 "870970-basis:29052719"
     87 "870970-basis:28566964"
     88 "870970-basis:28940424"
     88 "870970-basis:29076588"
     89 "870970-basis:25340353"
     91 "870970-basis:27186327"
     91 "870970-basis:27787207"
     92 "870970-basis:28117434"
     92 "870970-basis:28407866"
     92 "870970-basis:28986203"
     92 "870970-basis:45139344"
     92 "870970-basis:50727025"
     93 "870970-basis:44236621"
     94 "870970-basis:28349327"
     94 "870970-basis:50625915"
     94 "870970-basis:51298721"
     97 "870970-basis:28220405"
    100 "870970-basis:26923530"
    100 "870970-basis:49205058"
    101 "758000-katalog:93204271"
    101 "870970-basis:28126956"
    101 "870970-basis:28188625"
    101 "870970-basis:29611556"
    102 "870970-basis:03644669"
    103 "776600-katalog:93360133"
    103 "870970-basis:45662128"
    103 "870970-basis:50694240"
    104 "874310-katalog:DBB0019369"
    106 "870970-basis:29551421"
    109 "870970-basis:29535795"
    110 "870970-basis:27266428"
    110 "870970-basis:45060136"
    111 "870970-basis:29535876"
    117 "870970-basis:29953104"
    121 "870970-basis:28043872"
    122 "870970-basis:29569894"
    123 "870970-basis:28595565"
    124 "771000-katalog:90185543"
    125 "870970-basis:24725006"
    126 "870970-basis:29867666"
    127 "870970-basis:29978891"
    128 "870970-basis:28456433"
    141 "870970-basis:29589062"
    165 "870970-basis:28511663"
    172 "870970-basis:29754519"
