     86 "870970-basis:51109058"
     87 "870970-basis:27528708"
     87 "870970-basis:28026544"
     87 "870970-basis:50898199"
     89 "870970-basis:25660684"
     89 "870970-basis:27474632"
     89 "870970-basis:27552900"
     90 "870970-basis:27996434"
     90 "870970-basis:28373988"
     90 "870970-basis:29953554"
     91 "870970-basis:26243351"
     91 "870970-basis:26923425"
     91 "870970-basis:29304521"
     91 "870970-basis:50688534"
     91 "870970-basis:50789748"
     92 "870970-basis:21873063"
     93 "870970-basis:26820340"
     93 "870970-basis:45179672"
     93 "870970-basis:49332920"
     94 "870970-basis:28441428"
     94 "870970-basis:45603318"
     95 "870970-basis:26186285"
     95 "870970-basis:26701139"
     95 "870970-basis:27254128"
     96 "870970-basis:23650061"
     96 "870970-basis:26370574"
     96 "870970-basis:29260206"
     96 "870970-basis:51681576"
     97 "870970-basis:28377444"
     99 "870970-basis:28721420"
    100 "870970-basis:45226409"
    100 "870970-basis:51074009"
    101 "870970-basis:28075480"
    101 "870970-basis:29052719"
    102 "870970-basis:25340353"
    103 "870970-basis:28373929"
    103 "870970-basis:50598527"
    103 "870970-basis:50625915"
    103 "870970-basis:50801098"
    103 "874310-katalog:DBB0019782"
    104 "870970-basis:28940424"
    104 "870970-basis:29335826"
    104 "870970-basis:29589143"
    104 "874310-katalog:DBB0040899"
    105 "870970-basis:28824130"
    105 "870970-basis:51327209"
    106 "870970-basis:27400264"
    107 "870970-basis:29611556"
    108 "870970-basis:25700872"
    108 "870970-basis:27186327"
    108 "870970-basis:29781524"
    108 "870970-basis:44236621"
    109 "870970-basis:26727766"
    109 "870970-basis:28429576"
    110 "870970-basis:27266304"
    111 "870970-basis:50727009"
    114 "870970-basis:28986203"
    114 "870970-basis:49205058"
    117 "870970-basis:27218784"
    117 "870970-basis:28467567"
    117 "870970-basis:50707946"
    118 "870970-basis:26878411"
    118 "870970-basis:28724683"
    119 "870970-basis:27446272"
    120 "870970-basis:25146999"
    120 "870970-basis:28117434"
    120 "870970-basis:28220405"
    121 "870970-basis:27787207"
    122 "870970-basis:28244967"
    124 "870970-basis:29569894"
    124 "870970-basis:50727025"
    128 "870970-basis:29535795"
    128 "870970-basis:45139344"
    130 "870970-basis:26923530"
    130 "870970-basis:28120958"
    132 "870970-basis:29076588"
    132 "870970-basis:45662128"
    133 "870970-basis:24725006"
    133 "870970-basis:51298721"
    133 "874310-katalog:DBB0019369"
    134 "776600-katalog:93360133"
    135 "870970-basis:28188625"
    136 "870970-basis:50694240"
    140 "870970-basis:28456433"
    141 "870970-basis:03644669"
    142 "758000-katalog:93204271"
    143 "870970-basis:29589062"
    144 "870970-basis:29953104"
    147 "771000-katalog:90185543"
    154 "870970-basis:28043872"
    155 "870970-basis:28595565"
    155 "870970-basis:45060136"
    160 "870970-basis:29551421"
    163 "870970-basis:27266428"
    163 "870970-basis:29535876"
    167 "870970-basis:29867666"
    167 "870970-basis:29978891"
    180 "870970-basis:28407866"
    220 "870970-basis:28511663"
    253 "870970-basis:29754519"
