     81 "870970-basis:26701139"
     81 "870970-basis:28349327"
     81 "870970-basis:28446667"
     81 "870970-basis:50688534"
     82 "870970-basis:28377444"
     82 "870970-basis:29022682"
     83 "870970-basis:25451104"
     83 "870970-basis:28824130"
     83 "870970-basis:29953554"
     85 "870970-basis:25700872"
     85 "870970-basis:28675127"
     85 "870970-basis:50727009"
     86 "870970-basis:28414897"
     86 "870970-basis:29607788"
     87 "870970-basis:27254128"
     88 "870970-basis:28420943"
     88 "870970-basis:49332920"
     89 "870970-basis:25146999"
     89 "870970-basis:25744446"
     89 "870970-basis:27528708"
     89 "870970-basis:50607852"
     90 "870970-basis:24764265"
     90 "870970-basis:28026544"
     90 "870970-basis:50629627"
     92 "870970-basis:27218784"
     92 "870970-basis:28721420"
     93 "870970-basis:26727766"
     93 "870970-basis:27266304"
     94 "870970-basis:50801098"
     94 "874310-katalog:DBB0019782"
     95 "870970-basis:29052719"
     96 "870970-basis:29088853"
     97 "870970-basis:28438028"
     97 "870970-basis:51681576"
     98 "870970-basis:23650061"
     98 "870970-basis:26370574"
     98 "870970-basis:27446272"
     98 "870970-basis:50707946"
     99 "870970-basis:45226409"
    100 "870970-basis:28467567"
    100 "870970-basis:29335826"
    100 "870970-basis:29937710"
    101 "870970-basis:45179672"
    102 "870970-basis:27552900"
    102 "870970-basis:27787207"
    103 "870970-basis:28441428"
    103 "870970-basis:29781524"
    103 "870970-basis:51074009"
    104 "870970-basis:27400264"
    105 "870970-basis:28244967"
    105 "870970-basis:28429576"
    105 "870970-basis:50598527"
    106 "870970-basis:28126956"
    107 "870970-basis:28373929"
    107 "870970-basis:28986203"
    109 "870970-basis:28075480"
    109 "870970-basis:50625915"
    111 "870970-basis:28220405"
    111 "870970-basis:28724683"
    111 "870970-basis:28940424"
    112 "870970-basis:28117434"
    112 "870970-basis:44236621"
    113 "870970-basis:26878411"
    113 "870970-basis:29589143"
    115 "870970-basis:29611556"
    116 "870970-basis:26820340"
    117 "870970-basis:28120958"
    117 "870970-basis:51327209"
    118 "870970-basis:29569894"
    119 "870970-basis:45139344"
    119 "870970-basis:51298721"
    120 "870970-basis:29076588"
    121 "870970-basis:29535876"
    122 "870970-basis:29260206"
    122 "870970-basis:29535795"
    124 "870970-basis:45060136"
    124 "870970-basis:50727025"
    125 "758000-katalog:93204271"
    125 "870970-basis:03644669"
    132 "870970-basis:28188625"
    133 "870970-basis:28043872"
    133 "870970-basis:49205058"
    135 "870970-basis:24725006"
    135 "870970-basis:28407866"
    135 "874310-katalog:DBB0019369"
    137 "870970-basis:45662128"
    138 "870970-basis:27266428"
    139 "870970-basis:29551421"
    141 "776600-katalog:93360133"
    143 "870970-basis:26923530"
    143 "870970-basis:29953104"
    144 "870970-basis:28456433"
    147 "771000-katalog:90185543"
    148 "870970-basis:29589062"
    148 "870970-basis:29867666"
    159 "870970-basis:28595565"
    164 "870970-basis:50694240"
    165 "870970-basis:29978891"
    206 "870970-basis:28511663"
    213 "870970-basis:29754519"
