     69 "870970-basis:29790752"
     69 "870970-basis:50546292"
     70 "870970-basis:23154382"
     70 "870970-basis:26247888"
     70 "870970-basis:27312497"
     70 "870970-basis:28244967"
     71 "771000-katalog:90185543"
     71 "870970-basis:29506582"
     71 "870970-basis:29867666"
     71 "870970-basis:29972052"
     72 "870970-basis:27243266"
     72 "870970-basis:28407866"
     72 "870970-basis:29506604"
     73 "870970-basis:45060136"
     74 "870970-basis:27672493"
     75 "870970-basis:27218784"
     75 "870970-basis:27552900"
     75 "870970-basis:29551421"
     76 "870970-basis:22893645"
     76 "870970-basis:28117434"
     76 "870970-basis:29285659"
     76 "870970-basis:44358328"
     77 "870970-basis:24741133"
     77 "870970-basis:26878411"
     77 "870970-basis:27266304"
     77 "870970-basis:29605343"
     77 "870970-basis:29980705"
     78 "870970-basis:27496113"
     78 "870970-basis:28303076"
     79 "870970-basis:28891229"
     79 "870970-basis:29535795"
     81 "870970-basis:04978617"
     81 "870970-basis:22639862"
     82 "870970-basis:24764265"
     82 "870970-basis:29207593"
     84 "870970-basis:27173640"
     84 "870970-basis:27787207"
     84 "870970-basis:49332920"
     85 "870970-basis:26768322"
     86 "870970-basis:26213959"
     86 "870970-basis:27254128"
     86 "870970-basis:28185871"
     86 "870970-basis:49331819"
     87 "870970-basis:24880605"
     87 "870970-basis:25660684"
     89 "870970-basis:05676444"
     89 "870970-basis:23672626"
     89 "870970-basis:24725006"
     89 "870970-basis:26243351"
     89 "870970-basis:45662128"
     90 "870970-basis:26917921"
     90 "870970-basis:27947018"
     90 "870970-basis:28220405"
     91 "870970-basis:24352722"
     91 "870970-basis:26701139"
     91 "870970-basis:26923425"
     91 "870970-basis:29535876"
     92 "870970-basis:07352042"
     92 "870970-basis:23650061"
     92 "870970-basis:26820359"
     92 "870970-basis:26987377"
     92 "870970-basis:50694240"
     93 "776600-katalog:93360133"
     93 "870970-basis:07338929"
     93 "870970-basis:29589062"
     94 "870970-basis:25451104"
     95 "870970-basis:06185657"
     97 "870970-basis:28075480"
     97 "870970-basis:45139344"
     98 "870970-basis:26370574"
     99 "870970-basis:22375733"
    105 "870970-basis:06647804"
    105 "870970-basis:28456433"
    107 "870970-basis:27186327"
    108 "870970-basis:25325311"
    109 "870970-basis:24732789"
    110 "870970-basis:28595565"
    111 "870970-basis:28721420"
    111 "870970-basis:29978891"
    114 "870970-basis:28463480"
    114 "874310-katalog:DBB0019369"
    119 "870970-basis:28026544"
    120 "870970-basis:49343027"
    121 "870970-basis:26923530"
    121 "870970-basis:49205058"
    122 "870970-basis:22252852"
    128 "870970-basis:28349327"
    129 "870970-basis:25286235"
    137 "870970-basis:29465649"
    141 "870970-basis:28043872"
    146 "870970-basis:29953104"
    147 "870970-basis:27266428"
    148 "870970-basis:28394438"
    148 "870970-basis:44236621"
    162 "870970-basis:25248821"
    171 "870970-basis:28511663"
    178 "870970-basis:29754519"
    190 "870970-basis:03644669"
    190 "870970-basis:26837235"
    201 "870970-basis:25683463"
