     64 "870970-basis:27805868"
     64 "870970-basis:28290853"
     64 "870970-basis:29076588"
     64 "870970-basis:29092389"
     64 "874310-katalog:DBB0041769"
     65 "870970-basis:22725548"
     65 "870970-basis:27218784"
     65 "870970-basis:27787207"
     65 "870970-basis:28467567"
     66 "870970-basis:25778871"
     66 "870970-basis:29790752"
     66 "870970-basis:50625915"
     67 "870970-basis:25340353"
     68 "870970-basis:01834223"
     68 "870970-basis:23672626"
     68 "870970-basis:25146999"
     68 "870970-basis:28566964"
     68 "870970-basis:29535795"
     69 "758000-katalog:93204271"
     70 "870970-basis:28117434"
     71 "870970-basis:05676444"
     71 "870970-basis:07352042"
     71 "870970-basis:25660684"
     72 "870970-basis:28986203"
     72 "870970-basis:50727025"
     73 "870970-basis:22375733"
     73 "870970-basis:27173640"
     73 "870970-basis:28373929"
     73 "870970-basis:28940424"
     73 "870970-basis:29207593"
     73 "870970-basis:29611556"
     74 "870970-basis:26243351"
     74 "870970-basis:28220405"
     75 "870970-basis:50707946"
     76 "771000-katalog:90185543"
     76 "870970-basis:28429576"
     77 "870970-basis:25744446"
     77 "870970-basis:27266304"
     77 "870970-basis:28891229"
     78 "870970-basis:23650061"
     79 "870970-basis:45060136"
     80 "870970-basis:28188625"
     80 "870970-basis:28244967"
     81 "870970-basis:27446272"
     81 "870970-basis:29370052"
     82 "870970-basis:25087089"
     82 "870970-basis:27947018"
     83 "870970-basis:29569894"
     84 "810015-katalog:005282270"
     84 "870970-basis:27254128"
     84 "870970-basis:28126956"
     85 "870970-basis:22252852"
     85 "870970-basis:28075480"
     85 "870970-basis:28407866"
     86 "870970-basis:26923425"
     87 "870970-basis:29535876"
     89 "870970-basis:24725006"
     89 "870970-basis:27552900"
     89 "870970-basis:28414897"
     91 "870970-basis:28721420"
     91 "870970-basis:49332920"
     92 "870970-basis:26987377"
     93 "870970-basis:25451104"
     94 "870970-basis:26701139"
     94 "870970-basis:27243266"
     95 "870970-basis:29867666"
     96 "870970-basis:26765552"
     96 "870970-basis:29551421"
     97 "870970-basis:07338929"
     99 "870970-basis:26370574"
     99 "870970-basis:45139344"
    101 "870970-basis:50694240"
    104 "870970-basis:28394438"
    105 "870970-basis:49343027"
    107 "870970-basis:45662128"
    108 "870970-basis:27186327"
    109 "870970-basis:28463480"
    113 "776600-katalog:93360133"
    115 "870970-basis:06818331"
    118 "870970-basis:26820359"
    121 "870970-basis:25683463"
    122 "870970-basis:06647804"
    122 "870970-basis:29589062"
    123 "870970-basis:28595565"
    127 "870970-basis:25248821"
    129 "870970-basis:29978891"
    130 "870970-basis:49205058"
    130 "874310-katalog:DBB0019369"
    131 "870970-basis:28026544"
    133 "870970-basis:28456433"
    141 "870970-basis:44236621"
    143 "870970-basis:28349327"
    145 "870970-basis:28043872"
    147 "870970-basis:27266428"
    151 "870970-basis:03644669"
    156 "870970-basis:29953104"
    159 "870970-basis:26923530"
    169 "870970-basis:26837235"
    187 "870970-basis:29754519"
    208 "870970-basis:28511663"
