     69 "870970-basis:28220405"
     70 "870970-basis:05036259"
     70 "870970-basis:28753128"
     70 "870970-basis:29611556"
     70 "870970-basis:45662128"
     71 "810015-katalog:005282270"
     71 "870970-basis:07352042"
     71 "870970-basis:25142918"
     71 "870970-basis:27903096"
     71 "870970-basis:28646526"
     71 "870970-basis:29558450"
     72 "870970-basis:23677105"
     72 "870970-basis:25087089"
     72 "870970-basis:25660684"
     72 "870970-basis:29506582"
     73 "870970-basis:28293860"
     73 "870970-basis:29130167"
     74 "870970-basis:05025184"
     74 "870970-basis:28290853"
     74 "870970-basis:29790752"
     75 "870970-basis:28891229"
     75 "870970-basis:44358328"
     75 "870970-basis:49331819"
     77 "870970-basis:27186327"
     77 "870970-basis:29972052"
     78 "870970-basis:06818331"
     78 "870970-basis:23650061"
     78 "870970-basis:23672626"
     78 "870970-basis:26243351"
     78 "870970-basis:26923425"
     78 "870970-basis:29535876"
     79 "870970-basis:24732789"
     79 "870970-basis:27204260"
     79 "870970-basis:29506604"
     80 "758000-katalog:93204271"
     80 "870970-basis:22254901"
     80 "870970-basis:22639862"
     80 "870970-basis:27266649"
     81 "870970-basis:26701139"
     82 "870970-basis:26370574"
     82 "870970-basis:27496113"
     82 "870970-basis:29551421"
     83 "870970-basis:05676444"
     83 "870970-basis:28075480"
     83 "870970-basis:45060136"
     84 "870970-basis:28721420"
     85 "870970-basis:26213959"
     85 "870970-basis:27947018"
     86 "870970-basis:29285659"
     87 "870970-basis:27552900"
     87 "870970-basis:28420293"
     87 "874310-katalog:DBB0019369"
     88 "870970-basis:20916079"
     88 "870970-basis:22375733"
     89 "870970-basis:27672493"
     89 "870970-basis:29589062"
     89 "870970-basis:45139344"
     89 "870970-basis:50694240"
     91 "870970-basis:26247888"
     92 "870970-basis:28185871"
     92 "870970-basis:28595565"
     92 "870970-basis:49332920"
     93 "870970-basis:28303076"
     94 "870970-basis:28331142"
     94 "870970-basis:28456433"
     95 "870970-basis:01647105"
     95 "870970-basis:26820359"
     96 "870970-basis:29370052"
     98 "870970-basis:24741133"
     99 "870970-basis:04978617"
    100 "776600-katalog:93360133"
    100 "870970-basis:26768322"
    102 "870970-basis:22893645"
    104 "870970-basis:29978891"
    106 "870970-basis:24352722"
    110 "870970-basis:49343027"
    113 "870970-basis:07338929"
    113 "870970-basis:29980705"
    114 "870970-basis:28026544"
    117 "870970-basis:22252852"
    117 "870970-basis:25325311"
    118 "870970-basis:26923530"
    121 "870970-basis:49205058"
    122 "870970-basis:28043872"
    124 "870970-basis:27266428"
    134 "870970-basis:28394438"
    135 "870970-basis:25286235"
    143 "870970-basis:29953104"
    146 "870970-basis:28463480"
    148 "870970-basis:06647804"
    151 "870970-basis:29465649"
    161 "870970-basis:28511663"
    166 "870970-basis:44236621"
    167 "870970-basis:26799325"
    171 "870970-basis:29754519"
    179 "870970-basis:03644669"
    179 "870970-basis:25248821"
    200 "870970-basis:26837235"
    203 "870970-basis:28349327"
    211 "870970-basis:25683463"
