     72 "870970-basis:26878411"
     72 "870970-basis:28120958"
     73 "870970-basis:01834223"
     73 "870970-basis:26987377"
     73 "870970-basis:27173640"
     73 "870970-basis:27269184"
     73 "870970-basis:27400264"
     73 "870970-basis:29867666"
     74 "870970-basis:26768322"
     75 "870970-basis:22639862"
     75 "870970-basis:25325311"
     75 "870970-basis:26917921"
     76 "870970-basis:27254128"
     76 "870970-basis:27266304"
     76 "870970-basis:28185871"
     76 "870970-basis:28293860"
     76 "870970-basis:28429576"
     76 "870970-basis:29551421"
     77 "810015-katalog:005282270"
     77 "870970-basis:29790752"
     78 "870970-basis:22375733"
     78 "870970-basis:29611556"
     79 "870970-basis:26213959"
     79 "870970-basis:27672493"
     79 "870970-basis:28414897"
     80 "870970-basis:25721101"
     80 "870970-basis:28188625"
     80 "870970-basis:28986203"
     82 "758000-katalog:93204271"
     82 "870970-basis:04978617"
     82 "870970-basis:25744446"
     82 "870970-basis:26765552"
     82 "870970-basis:29535795"
     83 "870970-basis:27787207"
     83 "870970-basis:50694240"
     85 "870970-basis:25660684"
     85 "870970-basis:26043972"
     85 "870970-basis:28721420"
     85 "870970-basis:49331819"
     86 "870970-basis:07352042"
     86 "870970-basis:26370574"
     86 "870970-basis:28891229"
     87 "771000-katalog:90185543"
     87 "870970-basis:26820359"
     87 "870970-basis:27552900"
     88 "870970-basis:27218784"
     88 "870970-basis:27243266"
     89 "870970-basis:28244967"
     90 "870970-basis:06185657"
     90 "870970-basis:25087089"
     90 "870970-basis:26799325"
     91 "870970-basis:24732789"
     91 "870970-basis:26701139"
     92 "870970-basis:25451104"
     92 "870970-basis:27446272"
     92 "870970-basis:28117434"
     93 "870970-basis:05676444"
     94 "870970-basis:27947018"
     94 "870970-basis:28220405"
     95 "870970-basis:28075480"
     96 "870970-basis:07338929"
     96 "870970-basis:28407866"
     96 "870970-basis:45060136"
     97 "870970-basis:25286235"
     97 "870970-basis:26243351"
     97 "870970-basis:49332920"
     98 "870970-basis:23650061"
     99 "870970-basis:28463480"
     99 "870970-basis:29535876"
    100 "776600-katalog:93360133"
    100 "870970-basis:28126956"
    102 "870970-basis:22252852"
    102 "870970-basis:45139344"
    103 "870970-basis:24764265"
    103 "870970-basis:26923425"
    103 "870970-basis:27186327"
    103 "870970-basis:28456433"
    104 "870970-basis:29589062"
    106 "870970-basis:45662128"
    108 "870970-basis:49343027"
    117 "870970-basis:24725006"
    121 "870970-basis:29978891"
    122 "870970-basis:28026544"
    123 "870970-basis:28595565"
    129 "870970-basis:06647804"
    130 "870970-basis:49205058"
    133 "870970-basis:28394438"
    136 "870970-basis:29953104"
    137 "874310-katalog:DBB0019369"
    141 "870970-basis:25683463"
    145 "870970-basis:28349327"
    149 "870970-basis:27266428"
    155 "870970-basis:26923530"
    160 "870970-basis:25248821"
    162 "870970-basis:44236621"
    163 "870970-basis:03644669"
    163 "870970-basis:28043872"
    190 "870970-basis:29754519"
    197 "870970-basis:28511663"
    208 "870970-basis:26837235"
