     72 "870970-basis:29506582"
     73 "870970-basis:23672626"
     73 "870970-basis:26043972"
     74 "870970-basis:22639862"
     75 "870970-basis:24732789"
     75 "870970-basis:27266649"
     75 "870970-basis:28392621"
     76 "870970-basis:07352042"
     76 "870970-basis:28303076"
     76 "870970-basis:28429576"
     76 "870970-basis:28986203"
     76 "870970-basis:29210446"
     76 "870970-basis:29370052"
     76 "870970-basis:29972052"
     77 "870970-basis:28721420"
     78 "870970-basis:27243266"
     78 "870970-basis:27765246"
     78 "870970-basis:29207593"
     78 "870970-basis:29535795"
     78 "870970-basis:29611556"
     79 "870970-basis:24741133"
     79 "870970-basis:28188625"
     80 "870970-basis:25325311"
     80 "870970-basis:29790752"
     80 "870970-basis:29867666"
     81 "870970-basis:27218784"
     81 "870970-basis:29076588"
     82 "870970-basis:26768322"
     82 "870970-basis:26987377"
     82 "870970-basis:49332920"
     83 "870970-basis:06185657"
     83 "870970-basis:25660684"
     83 "870970-basis:28117434"
     83 "870970-basis:28220405"
     83 "870970-basis:29899657"
     84 "870970-basis:24764265"
     84 "870970-basis:25087089"
     84 "870970-basis:28244967"
     84 "870970-basis:28414897"
     84 "870970-basis:29551421"
     85 "758000-katalog:93204271"
     85 "870970-basis:05676444"
     85 "870970-basis:25340353"
     85 "870970-basis:26243351"
     86 "870970-basis:04978617"
     86 "870970-basis:27173640"
     87 "870970-basis:26878411"
     87 "870970-basis:26923425"
     87 "870970-basis:27552900"
     87 "870970-basis:29506604"
     88 "810015-katalog:005282270"
     88 "870970-basis:27947018"
     89 "776600-katalog:93360133"
     89 "870970-basis:22375733"
     91 "870970-basis:27446272"
     91 "870970-basis:51095669"
     94 "870970-basis:23650061"
     95 "870970-basis:26370574"
     95 "870970-basis:26799325"
     96 "870970-basis:29535876"
     97 "870970-basis:45139344"
     98 "870970-basis:45060136"
     98 "870970-basis:49331819"
    100 "870970-basis:25451104"
    101 "870970-basis:29589062"
    103 "870970-basis:26820359"
    104 "870970-basis:07338929"
    104 "870970-basis:26701139"
    104 "870970-basis:27186327"
    105 "870970-basis:24725006"
    106 "870970-basis:45662128"
    111 "870970-basis:06647804"
    111 "870970-basis:28075480"
    112 "870970-basis:26213959"
    113 "870970-basis:22252852"
    114 "870970-basis:28456433"
    117 "870970-basis:25248821"
    117 "870970-basis:49205058"
    117 "870970-basis:50694240"
    119 "870970-basis:28595565"
    122 "870970-basis:29465649"
    123 "870970-basis:29978891"
    125 "870970-basis:25286235"
    125 "874310-katalog:DBB0019369"
    127 "870970-basis:28331142"
    128 "870970-basis:49343027"
    129 "870970-basis:28463480"
    132 "870970-basis:28349327"
    135 "870970-basis:28394438"
    138 "870970-basis:28026544"
    140 "870970-basis:27266428"
    143 "870970-basis:29953104"
    154 "870970-basis:26923530"
    159 "870970-basis:28043872"
    166 "870970-basis:25683463"
    170 "870970-basis:44236621"
    178 "870970-basis:28511663"
    183 "870970-basis:29754519"
    198 "870970-basis:26837235"
    214 "870970-basis:03644669"
