     63 "870970-basis:50607852"
     63 "870970-basis:50727025"
     64 "870970-basis:25340353"
     64 "870970-basis:29260206"
     64 "870970-basis:50625915"
     65 "870970-basis:25146999"
     65 "870970-basis:27504094"
     66 "870970-basis:25700872"
     66 "870970-basis:29847002"
     66 "870970-basis:49331819"
     67 "870970-basis:26765552"
     68 "870970-basis:26878411"
     68 "870970-basis:28120958"
     69 "870970-basis:25248821"
     69 "870970-basis:25744446"
     69 "870970-basis:29052719"
     69 "870970-basis:49343027"
     69 "874310-katalog:DBB0041769"
     70 "870970-basis:27269184"
     71 "870970-basis:27262627"
     73 "810015-katalog:005282270"
     73 "870970-basis:29335826"
     73 "870970-basis:49332920"
     74 "870970-basis:45179672"
     75 "870970-basis:27787207"
     76 "870970-basis:25683463"
     76 "870970-basis:27218784"
     76 "870970-basis:27266304"
     76 "870970-basis:28724683"
     76 "870970-basis:28940424"
     76 "870970-basis:50801098"
     77 "870970-basis:28566964"
     78 "870970-basis:28441428"
     78 "870970-basis:28753128"
     78 "870970-basis:51298721"
     79 "870970-basis:23650061"
     79 "870970-basis:25087089"
     79 "870970-basis:27243266"
     79 "870970-basis:29611556"
     80 "870970-basis:29589143"
     80 "870970-basis:45226409"
     81 "870970-basis:27446272"
     81 "870970-basis:28373929"
     81 "870970-basis:28407866"
     81 "870970-basis:28429576"
     82 "870970-basis:24764265"
     82 "870970-basis:27173640"
     82 "870970-basis:27400264"
     82 "870970-basis:27552900"
     82 "870970-basis:29370052"
     83 "870970-basis:28220405"
     85 "870970-basis:29535795"
     86 "870970-basis:25660684"
     86 "870970-basis:28467567"
     87 "870970-basis:26370574"
     87 "870970-basis:26701139"
     87 "870970-basis:28075480"
     87 "870970-basis:28117434"
     87 "870970-basis:29569894"
     87 "870970-basis:50598527"
     89 "870970-basis:28986203"
     90 "870970-basis:27254128"
     90 "870970-basis:29076588"
     91 "870970-basis:28126956"
     91 "870970-basis:28414897"
     91 "870970-basis:28721420"
     95 "758000-katalog:93204271"
     95 "870970-basis:29551421"
     96 "870970-basis:25451104"
     96 "870970-basis:26923425"
     96 "870970-basis:27186327"
     96 "870970-basis:28188625"
     96 "870970-basis:29535876"
     97 "870970-basis:26820359"
     97 "870970-basis:28244967"
     98 "771000-katalog:90185543"
     99 "870970-basis:44236621"
    100 "870970-basis:26243351"
    103 "776600-katalog:93360133"
    104 "870970-basis:24725006"
    104 "870970-basis:28026544"
    104 "870970-basis:50694240"
    105 "870970-basis:45060136"
    106 "870970-basis:45139344"
    109 "870970-basis:29867666"
    109 "870970-basis:45662128"
    114 "870970-basis:28349327"
    116 "874310-katalog:DBB0019369"
    117 "870970-basis:29953104"
    118 "870970-basis:49205058"
    119 "870970-basis:28456433"
    121 "870970-basis:29589062"
    123 "870970-basis:29978891"
    127 "870970-basis:28043872"
    130 "870970-basis:27266428"
    134 "870970-basis:26923530"
    136 "870970-basis:03644669"
    138 "870970-basis:28595565"
    165 "870970-basis:28511663"
    178 "870970-basis:29754519"
