     60 "870970-basis:28414897"
     60 "870970-basis:29847002"
     61 "870970-basis:28438028"
     61 "870970-basis:51259386"
     62 "870970-basis:28377444"
     62 "870970-basis:29022682"
     62 "874310-katalog:DBB0019782"
     63 "870970-basis:26243351"
     63 "870970-basis:28753128"
     63 "870970-basis:45179672"
     64 "870970-basis:27266304"
     64 "870970-basis:50688534"
     65 "870970-basis:28117434"
     65 "870970-basis:29335826"
     65 "870970-basis:29781524"
     66 "870970-basis:26727766"
     66 "870970-basis:26765552"
     66 "870970-basis:28429576"
     66 "870970-basis:50625915"
     67 "870970-basis:27400264"
     67 "870970-basis:50598527"
     67 "870970-basis:50801098"
     67 "874310-katalog:DBB0041769"
     68 "870970-basis:25744446"
     68 "870970-basis:28120958"
     68 "870970-basis:28891229"
     68 "870970-basis:28986203"
     68 "870970-basis:49331819"
     69 "870970-basis:45226409"
     69 "870970-basis:51681576"
     70 "870970-basis:07338929"
     71 "870970-basis:27218784"
     71 "870970-basis:27254128"
     71 "870970-basis:27947018"
     71 "870970-basis:29076588"
     71 "870970-basis:50727025"
     72 "870970-basis:51298721"
     73 "870970-basis:26878411"
     73 "870970-basis:27243266"
     74 "870970-basis:28075480"
     75 "870970-basis:28566964"
     76 "870970-basis:25660684"
     77 "870970-basis:27173640"
     77 "870970-basis:28220405"
     77 "870970-basis:29569894"
     78 "870970-basis:27446272"
     78 "870970-basis:27787207"
     78 "870970-basis:28188625"
     79 "870970-basis:05676444"
     79 "870970-basis:26043972"
     80 "870970-basis:28724683"
     80 "870970-basis:29589143"
     81 "870970-basis:26923425"
     81 "870970-basis:29611556"
     82 "771000-katalog:90185543"
     82 "870970-basis:25087089"
     82 "870970-basis:29535876"
     83 "870970-basis:28940424"
     83 "870970-basis:29535795"
     84 "870970-basis:25451104"
     84 "870970-basis:27552900"
     84 "870970-basis:28126956"
     84 "870970-basis:28373929"
     85 "870970-basis:23650061"
     85 "870970-basis:29551421"
     85 "870970-basis:49332920"
     86 "870970-basis:28467567"
     88 "870970-basis:24764265"
     88 "870970-basis:26370574"
     88 "870970-basis:28244967"
     88 "870970-basis:45139344"
     89 "810015-katalog:005282270"
     90 "758000-katalog:93204271"
     92 "870970-basis:26820359"
     92 "870970-basis:28026544"
     93 "870970-basis:26701139"
     93 "870970-basis:49343027"
     94 "870970-basis:28721420"
     95 "870970-basis:29867666"
     97 "870970-basis:27186327"
    100 "776600-katalog:93360133"
    101 "870970-basis:45060136"
    104 "870970-basis:45662128"
    104 "870970-basis:50694240"
    107 "870970-basis:24725006"
    107 "870970-basis:28456433"
    112 "870970-basis:28349327"
    112 "870970-basis:29978891"
    114 "870970-basis:29589062"
    114 "870970-basis:49205058"
    116 "874310-katalog:DBB0019369"
    121 "870970-basis:26923530"
    125 "870970-basis:29953104"
    130 "870970-basis:28595565"
    131 "870970-basis:44236621"
    141 "870970-basis:27266428"
    146 "870970-basis:28043872"
    158 "870970-basis:03644669"
    193 "870970-basis:29754519"
    199 "870970-basis:28511663"
