     64 "870970-basis:28331142"
     64 "870970-basis:28566964"
     65 "870970-basis:26987377"
     65 "870970-basis:28126956"
     65 "870970-basis:28753128"
     66 "870970-basis:28120958"
     66 "870970-basis:29370052"
     66 "870970-basis:29569894"
     67 "870970-basis:27765246"
     67 "870970-basis:28394438"
     67 "870970-basis:28429576"
     67 "870970-basis:50801098"
     68 "870970-basis:26043972"
     68 "870970-basis:27400264"
     68 "870970-basis:29632790"
     69 "870970-basis:05676444"
     69 "870970-basis:25683463"
     69 "870970-basis:27243266"
     69 "870970-basis:28467567"
     69 "870970-basis:28952082"
     69 "870970-basis:44358328"
     70 "870970-basis:04978617"
     70 "870970-basis:27254128"
     70 "870970-basis:29972052"
     70 "870970-basis:45179672"
     71 "870970-basis:28373929"
     72 "870970-basis:27218784"
     72 "870970-basis:28463480"
     72 "870970-basis:28891229"
     72 "870970-basis:29611556"
     73 "870970-basis:03953793"
     73 "870970-basis:26765552"
     74 "758000-katalog:93204271"
     74 "870970-basis:25087089"
     74 "870970-basis:27947018"
     74 "870970-basis:29465649"
     74 "870970-basis:51298721"
     75 "870970-basis:25721101"
     75 "870970-basis:29076588"
     76 "870970-basis:28188625"
     77 "870970-basis:06647804"
     77 "870970-basis:26878411"
     77 "870970-basis:28414897"
     78 "870970-basis:26923425"
     78 "870970-basis:27186327"
     79 "810015-katalog:005282270"
     79 "870970-basis:25660684"
     79 "870970-basis:28244967"
     80 "771000-katalog:90185543"
     80 "870970-basis:25744446"
     81 "870970-basis:28117434"
     82 "870970-basis:29535876"
     83 "870970-basis:25451104"
     83 "870970-basis:27173640"
     83 "870970-basis:45226409"
     84 "870970-basis:27446272"
     84 "870970-basis:28407866"
     85 "870970-basis:27552900"
     85 "870970-basis:28721420"
     85 "870970-basis:29535795"
     85 "870970-basis:49331819"
     86 "870970-basis:28220405"
     86 "870970-basis:29551421"
     87 "776600-katalog:93360133"
     88 "870970-basis:26370574"
     89 "870970-basis:27787207"
     89 "870970-basis:28026544"
     90 "870970-basis:27266304"
     91 "870970-basis:45139344"
     92 "870970-basis:26243351"
     94 "870970-basis:29589062"
     96 "870970-basis:45662128"
     97 "870970-basis:23650061"
     97 "870970-basis:29867666"
     98 "870970-basis:26701139"
     98 "870970-basis:28075480"
     99 "870970-basis:24764265"
    100 "870970-basis:50694240"
    102 "870970-basis:49332920"
    103 "870970-basis:26820359"
    104 "870970-basis:24725006"
    104 "874310-katalog:DBB0019369"
    111 "870970-basis:07338929"
    111 "870970-basis:29978891"
    114 "870970-basis:45060136"
    117 "870970-basis:44236621"
    118 "870970-basis:49343027"
    120 "870970-basis:28456433"
    123 "870970-basis:29953104"
    124 "870970-basis:26923530"
    129 "870970-basis:28595565"
    129 "870970-basis:49205058"
    130 "870970-basis:25248821"
    134 "870970-basis:27266428"
    140 "870970-basis:28043872"
    146 "870970-basis:26837235"
    167 "870970-basis:28349327"
    167 "870970-basis:29754519"
    182 "870970-basis:28511663"
    192 "870970-basis:03644669"
