     60 "870970-basis:27884296"
     60 "870970-basis:28566964"
     60 "870970-basis:51074009"
     61 "870970-basis:28441428"
     61 "870970-basis:29304521"
     61 "870970-basis:50710238"
     61 "870970-basis:51259386"
     62 "870970-basis:06647804"
     62 "870970-basis:27552900"
     62 "870970-basis:28373929"
     63 "870970-basis:07338929"
     63 "870970-basis:28349327"
     64 "758000-katalog:93204271"
     64 "870970-basis:06185657"
     64 "870970-basis:28120958"
     64 "874310-katalog:DBB0041769"
     65 "870970-basis:27787207"
     66 "870970-basis:25248821"
     66 "870970-basis:26987377"
     67 "870970-basis:26878411"
     67 "870970-basis:45226409"
     68 "870970-basis:29052719"
     69 "870970-basis:25340353"
     69 "870970-basis:25721101"
     69 "870970-basis:27254128"
     69 "870970-basis:27269184"
     69 "870970-basis:28891229"
     70 "870970-basis:27400264"
     70 "870970-basis:28126956"
     70 "870970-basis:28392621"
     70 "870970-basis:28467567"
     70 "870970-basis:50727025"
     71 "870970-basis:26765552"
     71 "870970-basis:26820340"
     71 "870970-basis:27218784"
     72 "870970-basis:50598527"
     73 "870970-basis:25700872"
     73 "870970-basis:28220405"
     73 "870970-basis:29589143"
     73 "870970-basis:29781524"
     73 "870970-basis:50625915"
     74 "870970-basis:24764265"
     74 "870970-basis:49332920"
     75 "870970-basis:27430287"
     75 "870970-basis:51681576"
     76 "870970-basis:26820359"
     77 "870970-basis:25087089"
     77 "870970-basis:28724683"
     77 "870970-basis:29569894"
     78 "870970-basis:28986203"
     79 "870970-basis:25660684"
     79 "870970-basis:27266304"
     79 "870970-basis:28244967"
     79 "870970-basis:28429576"
     79 "870970-basis:29076588"
     80 "810015-katalog:005282270"
     81 "870970-basis:28414897"
     81 "870970-basis:29611556"
     82 "870970-basis:25451104"
     83 "870970-basis:06818331"
     83 "870970-basis:26243351"
     83 "870970-basis:28407866"
     83 "870970-basis:45060136"
     86 "870970-basis:23650061"
     86 "870970-basis:29535795"
     87 "870970-basis:26370574"
     87 "870970-basis:49343027"
     88 "771000-katalog:90185543"
     89 "870970-basis:28188625"
     89 "870970-basis:45139344"
     91 "870970-basis:28117434"
     92 "870970-basis:27446272"
     96 "870970-basis:26701139"
     96 "870970-basis:28721420"
     97 "870970-basis:28075480"
     98 "870970-basis:29867666"
     99 "870970-basis:49205058"
    100 "870970-basis:50694240"
    101 "870970-basis:26923425"
    102 "870970-basis:29535876"
    103 "870970-basis:29551421"
    105 "870970-basis:24725006"
    105 "870970-basis:45662128"
    107 "776600-katalog:93360133"
    109 "870970-basis:28026544"
    112 "870970-basis:27186327"
    113 "870970-basis:28456433"
    114 "870970-basis:29589062"
    120 "870970-basis:29953104"
    126 "874310-katalog:DBB0019369"
    130 "870970-basis:44236621"
    132 "870970-basis:28043872"
    132 "870970-basis:28595565"
    133 "870970-basis:29978891"
    137 "870970-basis:26923530"
    140 "870970-basis:03644669"
    147 "870970-basis:27266428"
    171 "870970-basis:29754519"
    182 "870970-basis:28511663"
    203 "870970-basis:26837235"
