     65 "870970-basis:29569894"
     65 "870970-basis:29964009"
     65 "870970-basis:29972052"
     66 "870970-basis:26789591"
     66 "870970-basis:27337368"
     67 "870970-basis:01834223"
     67 "870970-basis:22252852"
     67 "870970-basis:28724683"
     67 "870970-basis:28916566"
     67 "870970-basis:51298721"
     68 "820010-katalog:2573075__4"
     68 "870970-basis:25087089"
     68 "870970-basis:25660684"
     68 "870970-basis:28293860"
     68 "870970-basis:28303076"
     69 "870970-basis:06185657"
     69 "870970-basis:29632790"
     69 "870970-basis:29790752"
     70 "870970-basis:27269184"
     70 "870970-basis:27446272"
     70 "870970-basis:27947018"
     71 "870970-basis:04978617"
     71 "870970-basis:29535795"
     72 "870970-basis:28117434"
     72 "870970-basis:28188625"
     73 "870970-basis:23650061"
     73 "870970-basis:28126956"
     74 "776600-katalog:93360133"
     74 "810015-katalog:005282270"
     74 "870970-basis:26820340"
     74 "870970-basis:26987377"
     74 "870970-basis:28429576"
     74 "870970-basis:28891229"
     75 "870970-basis:25340353"
     75 "870970-basis:26923425"
     75 "870970-basis:27186327"
     75 "870970-basis:28244967"
     75 "870970-basis:28392621"
     75 "870970-basis:29611556"
     76 "870970-basis:27787207"
     76 "870970-basis:28407866"
     77 "870970-basis:29210446"
     78 "870970-basis:05676444"
     78 "870970-basis:26243351"
     78 "870970-basis:27173640"
     79 "771000-katalog:90185543"
     79 "870970-basis:24764265"
     79 "870970-basis:26370574"
     79 "870970-basis:45139344"
     80 "870970-basis:26701139"
     80 "870970-basis:26727766"
     80 "870970-basis:29506604"
     81 "870970-basis:26765552"
     81 "870970-basis:28721420"
     83 "758000-katalog:93204271"
     83 "870970-basis:49331819"
     84 "870970-basis:28414897"
     84 "870970-basis:29370052"
     84 "870970-basis:45060136"
     85 "870970-basis:27254128"
     85 "870970-basis:28463480"
     85 "870970-basis:29899657"
     88 "870970-basis:26043972"
     88 "870970-basis:27552900"
     89 "870970-basis:50694240"
     90 "870970-basis:28220405"
     90 "870970-basis:29867666"
     91 "870970-basis:28075480"
     94 "870970-basis:27243266"
     95 "870970-basis:24725006"
     95 "870970-basis:29535876"
     97 "870970-basis:07338929"
     97 "870970-basis:29589062"
     98 "870970-basis:45662128"
     99 "870970-basis:06818331"
     99 "870970-basis:26837235"
    102 "870970-basis:29551421"
    103 "870970-basis:28394438"
    103 "870970-basis:49332920"
    106 "870970-basis:25451104"
    110 "870970-basis:29978891"
    116 "870970-basis:28595565"
    121 "870970-basis:49343027"
    123 "870970-basis:28026544"
    124 "870970-basis:25248821"
    125 "870970-basis:25683463"
    126 "870970-basis:49205058"
    127 "870970-basis:06647804"
    128 "870970-basis:26820359"
    128 "870970-basis:28456433"
    129 "870970-basis:44236621"
    132 "874310-katalog:DBB0019369"
    141 "870970-basis:29953104"
    151 "870970-basis:26923530"
    151 "870970-basis:28349327"
    152 "870970-basis:27266428"
    161 "870970-basis:28043872"
    189 "870970-basis:29754519"
    201 "870970-basis:03644669"
    201 "870970-basis:28511663"
