     73 "870970-basis:28906730"
     73 "870970-basis:29269815"
     73 "870970-basis:29506582"
     74 "870970-basis:00158224"
     74 "870970-basis:26923425"
     74 "870970-basis:28220405"
     75 "758000-katalog:93204271"
     75 "870970-basis:26243351"
     75 "870970-basis:27173640"
     75 "870970-basis:27186327"
     75 "870970-basis:29207593"
     75 "870970-basis:29285659"
     75 "870970-basis:29436320"
     76 "870970-basis:24764265"
     76 "870970-basis:26917921"
     76 "870970-basis:29370052"
     76 "870970-basis:50694240"
     77 "831020-katalog:28020600"
     77 "870970-basis:28221738"
     78 "870970-basis:28331142"
     78 "870970-basis:29066043"
     79 "870970-basis:23677105"
     80 "870970-basis:28293860"
     80 "870970-basis:29646066"
     80 "870970-basis:44358328"
     80 "870970-basis:45139344"
     81 "870970-basis:25724100"
     81 "870970-basis:26370574"
     81 "870970-basis:28290853"
     82 "831020-katalog:28713258"
     82 "870970-basis:26820359"
     83 "870970-basis:05926890"
     84 "870970-basis:24254909"
     84 "870970-basis:27947018"
     84 "870970-basis:29991944"
     85 "870970-basis:01647105"
     85 "870970-basis:24732789"
     85 "870970-basis:29978891"
     86 "870970-basis:05025184"
     86 "870970-basis:22254901"
     86 "870970-basis:25451104"
     87 "870970-basis:22375733"
     87 "870970-basis:29589062"
     88 "870970-basis:06185657"
     88 "870970-basis:49331819"
     90 "870970-basis:29130167"
     91 "870970-basis:07352042"
     91 "870970-basis:21149012"
     91 "870970-basis:24725006"
     91 "870970-basis:27243266"
     91 "870970-basis:28456433"
     91 "874310-katalog:DBB0019369"
     92 "870970-basis:28026544"
     92 "870970-basis:45662128"
     93 "870970-basis:04978617"
     93 "870970-basis:24352722"
     93 "870970-basis:25095332"
     94 "870970-basis:29899657"
     94 "870970-basis:49205058"
     94 "870970-basis:49332920"
     98 "870970-basis:51095669"
     99 "870970-basis:29605343"
    100 "870970-basis:27312497"
    101 "870970-basis:23672626"
    102 "870970-basis:20916079"
    102 "870970-basis:28595565"
    104 "870970-basis:05676444"
    105 "870970-basis:22893645"
    106 "870970-basis:27266649"
    109 "870970-basis:27496113"
    113 "870970-basis:26213959"
    114 "870970-basis:24741133"
    114 "870970-basis:28185871"
    114 "870970-basis:28303076"
    115 "870970-basis:27672493"
    116 "870970-basis:07338929"
    118 "870970-basis:22252852"
    118 "870970-basis:28646526"
    119 "870970-basis:25286235"
    119 "870970-basis:25325311"
    120 "870970-basis:26768322"
    123 "870970-basis:26923530"
    127 "870970-basis:29953104"
    130 "870970-basis:26247888"
    131 "870970-basis:27266428"
    133 "870970-basis:28349327"
    135 "870970-basis:29980705"
    143 "870970-basis:49343027"
    145 "870970-basis:28043872"
    152 "870970-basis:25248821"
    157 "870970-basis:28394438"
    158 "870970-basis:29465649"
    159 "870970-basis:06647804"
    164 "870970-basis:29754519"
    167 "870970-basis:44236621"
    176 "870970-basis:28511663"
    189 "870970-basis:26837235"
    189 "870970-basis:28463480"
    196 "870970-basis:03644669"
    259 "870970-basis:25683463"
