     76 "870970-basis:05172403"
     76 "870970-basis:20916079"
     76 "870970-basis:28533276"
     76 "870970-basis:29953104"
     76 "870970-basis:43590669"
     76 "870970-basis:50712389"
     77 "870970-basis:05419859"
     77 "870970-basis:26923530"
     77 "870970-basis:27611710"
     77 "870970-basis:28043872"
     78 "870970-basis:23147211"
     78 "870970-basis:27771912"
     79 "870970-basis:05126533"
     79 "870970-basis:27262546"
     79 "870970-basis:27654053"
     79 "870970-basis:28176481"
     80 "820010-katalog:4850459"
     80 "870970-basis:06749534"
     80 "870970-basis:27404588"
     81 "870970-basis:05172411"
     81 "870970-basis:05497965"
     81 "870970-basis:24732789"
     81 "870970-basis:26116309"
     81 "870970-basis:27266428"
     81 "870970-basis:27487394"
     81 "870970-basis:27496113"
     82 "870970-basis:01654233"
     82 "870970-basis:23625679"
     83 "870970-basis:06763367"
     83 "870970-basis:07071477"
     83 "870970-basis:27266649"
     83 "870970-basis:28349327"
     84 "870970-basis:05092973"
     84 "870970-basis:07071760"
     84 "870970-basis:28906730"
     84 "870970-basis:29130167"
     84 "870970-basis:29592438"
     84 "870970-basis:50507009"
     85 "870970-basis:05123194"
     85 "870970-basis:07071604"
     85 "870970-basis:27404596"
     86 "870970-basis:05074975"
     86 "870970-basis:06894186"
     86 "870970-basis:21085766"
     86 "870970-basis:22254901"
     86 "870970-basis:28239106"
     86 "870970-basis:29572232"
     87 "870970-basis:05060419"
     87 "870970-basis:26208432"
     87 "870970-basis:27672493"
     88 "870970-basis:03644669"
     88 "870970-basis:05926890"
     88 "870970-basis:23677105"
     88 "870970-basis:28511663"
     88 "870970-basis:28785186"
     89 "870970-basis:21824054"
     89 "870970-basis:27423647"
     90 "870970-basis:24254909"
     91 "870970-basis:26251419"
     92 "870970-basis:01647105"
     92 "870970-basis:05060427"
     92 "870970-basis:06894216"
     92 "870970-basis:22252852"
     93 "870970-basis:23888491"
     93 "870970-basis:27312497"
     94 "870970-basis:21846384"
     95 "870970-basis:25120949"
     96 "870970-basis:05060370"
     96 "870970-basis:26247888"
     96 "870970-basis:28303076"
     96 "870970-basis:29991944"
     97 "870970-basis:22893645"
     97 "870970-basis:44164191"
     98 "870970-basis:00964395"
     98 "870970-basis:05060540"
    101 "870970-basis:06939317"
    101 "870970-basis:27256430"
    102 "870970-basis:25248821"
    102 "870970-basis:28185871"
    103 "870970-basis:05846242"
    103 "870970-basis:28322674"
    104 "870970-basis:29605343"
    105 "870970-basis:26768322"
    109 "870970-basis:20349530"
    110 "870970-basis:44236621"
    111 "870970-basis:29269815"
    112 "870970-basis:22406213"
    112 "870970-basis:24306232"
    114 "870970-basis:22653164"
    115 "870970-basis:29465649"
    117 "820010-katalog:2459966"
    117 "870970-basis:05025184"
    117 "870970-basis:28646526"
    118 "870970-basis:22579215"
    118 "870970-basis:25797736"
    123 "870970-basis:24741133"
    127 "870970-basis:29646066"
    148 "870970-basis:05126541"
    156 "870970-basis:25286235"
    392 "870970-basis:25683463"
