     75 "870970-basis:50507009"
     76 "870970-basis:05172411"
     76 "870970-basis:05427770"
     76 "870970-basis:07071442"
     76 "870970-basis:21149012"
     76 "870970-basis:24732789"
     76 "870970-basis:27423647"
     76 "870970-basis:28394438"
     76 "870970-basis:28939876"
     76 "870970-basis:29972052"
     77 "831020-katalog:28020600"
     77 "870970-basis:00964395"
     77 "870970-basis:05074975"
     77 "870970-basis:29370052"
     77 "870970-basis:29436320"
     77 "870970-basis:29523606"
     77 "870970-basis:29592438"
     78 "870970-basis:21085766"
     78 "870970-basis:24254909"
     79 "870970-basis:06763367"
     79 "870970-basis:27404596"
     79 "870970-basis:28424671"
     79 "870970-basis:28533276"
     79 "870970-basis:29500762"
     80 "870970-basis:26116309"
     80 "870970-basis:27312497"
     80 "870970-basis:27404588"
     80 "870970-basis:29719934"
     81 "831020-katalog:28713258"
     81 "870970-basis:25724100"
     81 "870970-basis:28511663"
     82 "870970-basis:05060370"
     82 "870970-basis:05123194"
     82 "870970-basis:29572232"
     84 "870970-basis:05060427"
     84 "870970-basis:06647804"
     84 "870970-basis:23677105"
     84 "870970-basis:27367992"
     84 "870970-basis:27921116"
     86 "870970-basis:23147211"
     86 "870970-basis:26208432"
     86 "870970-basis:27496113"
     86 "870970-basis:28176481"
     87 "870970-basis:05036259"
     87 "870970-basis:27262546"
     87 "870970-basis:29953104"
     88 "870970-basis:01647105"
     88 "870970-basis:05025184"
     88 "870970-basis:20916079"
     89 "870970-basis:05497965"
     89 "870970-basis:07071477"
     89 "870970-basis:21824054"
     90 "870970-basis:05126533"
     90 "870970-basis:20708182"
     91 "870970-basis:21846384"
     91 "870970-basis:25707036"
     92 "870970-basis:27654053"
     93 "870970-basis:26247888"
     93 "870970-basis:28830971"
     94 "870970-basis:25248821"
     95 "870970-basis:05926890"
     95 "870970-basis:26251419"
     95 "870970-basis:29754519"
     96 "870970-basis:25120949"
     97 "870970-basis:05846242"
     97 "870970-basis:06749534"
     97 "870970-basis:29646066"
     98 "820010-katalog:2459966"
     98 "870970-basis:28785186"
    100 "870970-basis:27266649"
    101 "870970-basis:25797736"
    102 "870970-basis:03644669"
    102 "870970-basis:22252852"
    103 "870970-basis:28322674"
    105 "870970-basis:23888491"
    108 "870970-basis:22254901"
    108 "870970-basis:27672493"
    110 "870970-basis:28185871"
    111 "870970-basis:22406213"
    112 "870970-basis:26768322"
    112 "870970-basis:28646526"
    113 "870970-basis:06939317"
    113 "870970-basis:29991944"
    114 "870970-basis:24306232"
    115 "870970-basis:29130167"
    116 "870970-basis:29269815"
    118 "870970-basis:22893645"
    120 "870970-basis:22579215"
    121 "870970-basis:24741133"
    121 "870970-basis:44164191"
    122 "870970-basis:22653164"
    122 "870970-basis:29465649"
    122 "870970-basis:44236621"
    127 "870970-basis:20349530"
    131 "870970-basis:05126541"
    133 "870970-basis:27256430"
    135 "870970-basis:28303076"
    161 "870970-basis:25286235"
    189 "870970-basis:29605343"
    359 "870970-basis:25683463"
