     84 "870970-basis:29285659"
     85 "831020-katalog:28713258"
     85 "870970-basis:05172403"
     85 "870970-basis:26923530"
     86 "870970-basis:05036259"
     86 "870970-basis:05126533"
     86 "870970-basis:06763367"
     86 "870970-basis:27262481"
     86 "870970-basis:27367992"
     86 "870970-basis:28349327"
     86 "870970-basis:28533276"
     87 "870970-basis:07071477"
     87 "870970-basis:07071760"
     87 "870970-basis:24732789"
     87 "870970-basis:28043872"
     88 "870970-basis:06894216"
     88 "870970-basis:25707036"
     89 "870970-basis:21149012"
     90 "870970-basis:06939317"
     90 "870970-basis:22375733"
     90 "870970-basis:27852149"
     90 "870970-basis:28906730"
     91 "870970-basis:25724100"
     91 "870970-basis:27404588"
     91 "870970-basis:28785186"
     92 "870970-basis:23677105"
     92 "870970-basis:27487475"
     93 "870970-basis:05060540"
     93 "870970-basis:23625679"
     94 "870970-basis:05060370"
     94 "870970-basis:06894100"
     94 "870970-basis:50507009"
     95 "870970-basis:26213959"
     95 "870970-basis:28830971"
     96 "870970-basis:05846242"
     96 "870970-basis:07071604"
     96 "870970-basis:27262546"
     96 "870970-basis:29953104"
     96 "870970-basis:44236621"
     97 "870970-basis:01647105"
     97 "870970-basis:05497965"
     97 "870970-basis:21846384"
     97 "870970-basis:25095332"
     97 "870970-basis:27487394"
     97 "870970-basis:29370052"
     98 "870970-basis:27349633"
     99 "870970-basis:06894186"
     99 "870970-basis:20916079"
     99 "870970-basis:25248821"
    100 "870970-basis:27404596"
    101 "870970-basis:05060427"
    101 "870970-basis:28239106"
    103 "820010-katalog:2459966"
    103 "870970-basis:05419859"
    103 "870970-basis:24254909"
    103 "870970-basis:27266649"
    104 "870970-basis:23888491"
    104 "870970-basis:26251419"
    105 "870970-basis:06749534"
    106 "870970-basis:21824054"
    106 "870970-basis:24306232"
    106 "870970-basis:26837235"
    106 "870970-basis:27256430"
    106 "870970-basis:27654053"
    107 "870970-basis:28176481"
    109 "870970-basis:27496113"
    110 "870970-basis:22406213"
    110 "870970-basis:27312497"
    111 "870970-basis:25325311"
    111 "870970-basis:25797736"
    111 "870970-basis:28511663"
    113 "870970-basis:05926890"
    113 "870970-basis:20349530"
    113 "870970-basis:29269815"
    114 "870970-basis:28303076"
    115 "870970-basis:29130167"
    116 "870970-basis:22252852"
    116 "870970-basis:29754519"
    117 "870970-basis:03644669"
    117 "870970-basis:29646066"
    118 "870970-basis:22254901"
    118 "870970-basis:44164191"
    120 "870970-basis:25120949"
    122 "870970-basis:22579215"
    122 "870970-basis:29991944"
    128 "870970-basis:27672493"
    131 "870970-basis:05025184"
    132 "870970-basis:05126541"
    136 "870970-basis:28322674"
    141 "870970-basis:26768322"
    143 "870970-basis:28646526"
    145 "870970-basis:29465649"
    147 "870970-basis:26247888"
    150 "870970-basis:28185871"
    154 "870970-basis:22893645"
    156 "870970-basis:24741133"
    156 "870970-basis:29605343"
    157 "870970-basis:22653164"
    199 "870970-basis:25286235"
    410 "870970-basis:25683463"
