     90 "870970-basis:26917921"
     92 "870970-basis:28239106"
     93 "870970-basis:06168140"
     93 "870970-basis:06749534"
     93 "870970-basis:06939317"
     93 "870970-basis:25116771"
     93 "870970-basis:29592438"
     94 "870970-basis:21846384"
     94 "870970-basis:29436320"
     95 "870970-basis:26208432"
     95 "870970-basis:27487475"
     95 "870970-basis:28026544"
     95 "870970-basis:29370052"
     96 "870970-basis:26251419"
     96 "870970-basis:28407866"
     96 "870970-basis:29572232"
     97 "831020-katalog:28713258"
     97 "870970-basis:05846242"
     97 "870970-basis:27404596"
     97 "870970-basis:27852149"
     97 "874310-katalog:DBB0019369"
     98 "870970-basis:26923530"
     99 "870970-basis:00158224"
     99 "870970-basis:21824054"
     99 "870970-basis:22639862"
    100 "870970-basis:05025184"
    100 "870970-basis:23625679"
    101 "820010-katalog:2459966"
    101 "870970-basis:21497185"
    102 "870970-basis:24254909"
    102 "870970-basis:28446616"
    102 "870970-basis:50712389"
    103 "870970-basis:29991944"
    104 "870970-basis:27487394"
    105 "870970-basis:05926890"
    105 "870970-basis:25797736"
    106 "870970-basis:28785186"
    107 "870970-basis:06647804"
    107 "870970-basis:27312497"
    107 "870970-basis:50507009"
    108 "870970-basis:27654053"
    109 "870970-basis:22579215"
    109 "870970-basis:24352722"
    110 "870970-basis:24306232"
    110 "870970-basis:25120949"
    110 "870970-basis:27496113"
    110 "870970-basis:28043872"
    111 "870970-basis:05497965"
    111 "870970-basis:21149012"
    111 "870970-basis:24732789"
    111 "870970-basis:25724100"
    112 "870970-basis:05126541"
    113 "870970-basis:20349530"
    115 "870970-basis:27404588"
    116 "870970-basis:05036259"
    116 "870970-basis:22406213"
    116 "870970-basis:25142918"
    116 "870970-basis:29953104"
    117 "870970-basis:23672626"
    117 "870970-basis:25095332"
    118 "870970-basis:01647105"
    119 "870970-basis:22653164"
    120 "870970-basis:27266428"
    120 "870970-basis:28322674"
    121 "870970-basis:23677105"
    122 "870970-basis:27262546"
    123 "870970-basis:20916079"
    123 "870970-basis:44236621"
    125 "870970-basis:29130167"
    127 "870970-basis:28906730"
    128 "870970-basis:27256430"
    131 "870970-basis:22375733"
    131 "870970-basis:29980705"
    134 "870970-basis:29754519"
    136 "870970-basis:28349327"
    137 "870970-basis:03644669"
    138 "870970-basis:29646066"
    140 "870970-basis:27266649"
    141 "870970-basis:44164191"
    142 "870970-basis:22254901"
    142 "870970-basis:29605343"
    144 "870970-basis:22893645"
    145 "870970-basis:27672493"
    146 "870970-basis:29269815"
    148 "870970-basis:26247888"
    153 "870970-basis:26837235"
    154 "870970-basis:26213959"
    156 "870970-basis:28511663"
    156 "870970-basis:28646526"
    158 "870970-basis:26768322"
    161 "870970-basis:24741133"
    161 "870970-basis:28303076"
    162 "870970-basis:25325311"
    175 "870970-basis:22252852"
    177 "870970-basis:28185871"
    182 "870970-basis:29465649"
    195 "870970-basis:25286235"
    208 "870970-basis:25248821"
    218 "870970-basis:28394438"
    383 "870970-basis:25683463"
