     64 "870970-basis:29579326"
     65 "870970-basis:01648640"
     65 "870970-basis:27312497"
     65 "870970-basis:28026544"
     66 "870970-basis:03644669"
     66 "870970-basis:27404588"
     67 "870970-basis:00964352"
     67 "870970-basis:01651412"
     67 "870970-basis:05497965"
     67 "870970-basis:28262582"
     67 "870970-basis:28977522"
     68 "870970-basis:06763367"
     68 "870970-basis:26848660"
     68 "870970-basis:27723942"
     68 "870970-basis:28424671"
     69 "870970-basis:07145586"
     69 "870970-basis:26247888"
     69 "870970-basis:29130167"
     69 "870970-basis:29630364"
     70 "870970-basis:27367992"
     70 "870970-basis:27496113"
     70 "870970-basis:28939876"
     70 "870970-basis:29754519"
     71 "870970-basis:21085766"
     71 "870970-basis:21836931"
     71 "870970-basis:44236621"
     72 "870970-basis:50520730"
     73 "810010-katalog:000276564"
     73 "870970-basis:27423647"
     74 "870970-basis:01647105"
     74 "870970-basis:05060419"
     74 "870970-basis:20708182"
     74 "870970-basis:25721101"
     74 "870970-basis:27266649"
     74 "870970-basis:28185871"
     74 "870970-basis:43590669"
     75 "870970-basis:27723810"
     75 "870970-basis:29953104"
     76 "870970-basis:05025184"
     76 "870970-basis:06749534"
     76 "870970-basis:23625679"
     76 "870970-basis:28533276"
     77 "820010-katalog:4850459"
     77 "870970-basis:07071604"
     77 "870970-basis:07071760"
     77 "870970-basis:28322674"
     78 "870970-basis:05172403"
     78 "870970-basis:05419859"
     78 "870970-basis:22254901"
     78 "870970-basis:24741133"
     79 "870970-basis:01654233"
     79 "870970-basis:05846242"
     79 "870970-basis:26208432"
     79 "870970-basis:27672493"
     79 "870970-basis:29646066"
     80 "870970-basis:00767840"
     80 "870970-basis:05074975"
     80 "870970-basis:05172411"
     80 "870970-basis:23147211"
     81 "870970-basis:25707036"
     81 "870970-basis:28511663"
     83 "870970-basis:05126533"
     84 "870970-basis:05060370"
     84 "870970-basis:05060427"
     88 "870970-basis:07071442"
     89 "870970-basis:06894100"
     90 "870970-basis:05060540"
     90 "870970-basis:07071477"
     91 "870970-basis:05123194"
     91 "870970-basis:21824054"
     91 "870970-basis:25120949"
     92 "870970-basis:00964395"
     93 "870970-basis:26768322"
     94 "870970-basis:06894216"
     94 "870970-basis:23888491"
     94 "870970-basis:28303076"
     95 "870970-basis:28646526"
     95 "870970-basis:28785186"
     95 "870970-basis:29991944"
     96 "870970-basis:22893645"
     96 "870970-basis:26116309"
     97 "870970-basis:22406213"
     97 "870970-basis:26251419"
     98 "870970-basis:20349530"
    100 "870970-basis:06939317"
    102 "870970-basis:24306232"
    102 "870970-basis:27256430"
    103 "870970-basis:06894186"
    108 "870970-basis:22579215"
    108 "870970-basis:29605343"
    109 "820010-katalog:2459966"
    111 "870970-basis:06647804"
    111 "870970-basis:25248821"
    111 "870970-basis:29269815"
    116 "870970-basis:25797736"
    121 "870970-basis:22653164"
    126 "870970-basis:05126541"
    129 "870970-basis:44164191"
    179 "870970-basis:25286235"
    401 "870970-basis:25683463"
