     87 "870970-basis:29506582"
     87 "870970-basis:29506604"
     88 "820010-katalog:2459966"
     88 "870970-basis:24725006"
     88 "870970-basis:26886120"
     88 "870970-basis:45662128"
     88 "870970-basis:50507009"
     89 "870970-basis:27404588"
     89 "870970-basis:28126956"
     90 "831020-katalog:28713258"
     90 "870970-basis:24254909"
     90 "870970-basis:27262481"
     90 "870970-basis:28420293"
     90 "870970-basis:28456433"
     91 "870970-basis:25797736"
     91 "870970-basis:27243266"
     91 "870970-basis:27256430"
     91 "870970-basis:29907544"
     92 "870970-basis:05126541"
     92 "870970-basis:27487475"
     93 "870970-basis:23677105"
     93 "870970-basis:26208432"
     93 "870970-basis:28239106"
     94 "870970-basis:25724100"
     94 "870970-basis:27654053"
     94 "870970-basis:28075480"
     94 "870970-basis:49343027"
     96 "870970-basis:01647105"
     97 "870970-basis:22406213"
     97 "870970-basis:29972052"
     97 "870970-basis:29978891"
     98 "870970-basis:21497185"
     98 "870970-basis:27262546"
     98 "870970-basis:28446616"
     99 "870970-basis:01184733"
     99 "870970-basis:05025184"
     99 "870970-basis:22579215"
    100 "870970-basis:51095669"
    101 "870970-basis:25142918"
    102 "870970-basis:20349530"
    102 "870970-basis:22254901"
    102 "870970-basis:26917921"
    102 "870970-basis:27404596"
    102 "870970-basis:49331819"
    103 "870970-basis:21149012"
    103 "870970-basis:44164191"
    104 "870970-basis:05497965"
    104 "870970-basis:05926890"
    104 "870970-basis:22653164"
    105 "870970-basis:22639862"
    105 "870970-basis:28595565"
    106 "870970-basis:27312497"
    106 "870970-basis:29269815"
    107 "870970-basis:05036259"
    107 "870970-basis:29605343"
    108 "870970-basis:27487394"
    108 "874310-katalog:DBB0019369"
    110 "870970-basis:29130167"
    111 "870970-basis:23154382"
    111 "870970-basis:27496113"
    114 "870970-basis:23672626"
    115 "870970-basis:29646066"
    116 "870970-basis:28026544"
    116 "870970-basis:28463480"
    118 "870970-basis:28322674"
    119 "870970-basis:24352722"
    119 "870970-basis:25120949"
    123 "870970-basis:29980705"
    126 "870970-basis:20916079"
    126 "870970-basis:29370052"
    129 "870970-basis:27266649"
    130 "870970-basis:27266428"
    131 "870970-basis:29953104"
    132 "870970-basis:24732789"
    132 "870970-basis:28043872"
    133 "870970-basis:26247888"
    135 "870970-basis:27672493"
    138 "870970-basis:22893645"
    141 "870970-basis:24741133"
    141 "870970-basis:26923530"
    142 "870970-basis:29754519"
    143 "870970-basis:28185871"
    146 "870970-basis:28349327"
    148 "870970-basis:26768322"
    148 "870970-basis:28646526"
    152 "870970-basis:44236621"
    153 "870970-basis:25286235"
    159 "870970-basis:28303076"
    160 "870970-basis:22375733"
    160 "870970-basis:28511663"
    166 "870970-basis:26213959"
    176 "870970-basis:25325311"
    185 "870970-basis:03644669"
    189 "870970-basis:26837235"
    203 "870970-basis:25248821"
    206 "870970-basis:22252852"
    212 "870970-basis:06647804"
    228 "870970-basis:28394438"
    230 "870970-basis:29465649"
    265 "870970-basis:25683463"
