     91 "870970-basis:50712389"
     92 "820010-katalog:4850459"
     92 "870970-basis:24254909"
     92 "870970-basis:25724100"
     92 "870970-basis:28928238"
     93 "870970-basis:21836931"
     93 "870970-basis:29285659"
     94 "870970-basis:05419859"
     94 "870970-basis:23672626"
     94 "870970-basis:23888491"
     94 "870970-basis:28026544"
     95 "831020-katalog:28713258"
     95 "870970-basis:05036259"
     95 "870970-basis:05060540"
     95 "870970-basis:07071604"
     95 "870970-basis:25142918"
     95 "870970-basis:26116309"
     96 "870970-basis:07071477"
     96 "870970-basis:28830971"
     96 "870970-basis:29572232"
     97 "870970-basis:26208432"
     97 "870970-basis:29980705"
     98 "870970-basis:22375733"
     98 "870970-basis:27487475"
    100 "870970-basis:21497185"
    100 "870970-basis:27262481"
    101 "870970-basis:27266428"
    102 "870970-basis:06168140"
    103 "870970-basis:28420293"
    104 "870970-basis:05123208"
    104 "870970-basis:26923530"
    104 "870970-basis:27404588"
    104 "870970-basis:29991944"
    104 "870970-basis:50507009"
    105 "870970-basis:24732789"
    105 "870970-basis:28785186"
    106 "870970-basis:05123194"
    107 "870970-basis:05926890"
    107 "870970-basis:06763367"
    107 "870970-basis:25095332"
    108 "870970-basis:05497965"
    108 "870970-basis:29370052"
    109 "870970-basis:28176481"
    110 "870970-basis:27654053"
    110 "870970-basis:28239106"
    111 "870970-basis:24352722"
    111 "870970-basis:28349327"
    112 "870970-basis:28322674"
    113 "870970-basis:22579215"
    113 "870970-basis:25120949"
    114 "870970-basis:05025184"
    114 "870970-basis:06939317"
    114 "870970-basis:23677105"
    114 "870970-basis:27487394"
    115 "870970-basis:20349530"
    116 "870970-basis:21149012"
    116 "870970-basis:26251419"
    117 "820010-katalog:2459966"
    117 "870970-basis:27262546"
    117 "870970-basis:28446616"
    118 "870970-basis:27256430"
    119 "870970-basis:27496113"
    119 "870970-basis:29953104"
    120 "870970-basis:20916079"
    120 "870970-basis:28906730"
    122 "870970-basis:28043872"
    122 "870970-basis:28394438"
    123 "870970-basis:27404596"
    124 "870970-basis:29269815"
    125 "870970-basis:29130167"
    126 "870970-basis:29646066"
    128 "870970-basis:22406213"
    128 "870970-basis:25797736"
    129 "870970-basis:26247888"
    130 "870970-basis:01647105"
    132 "870970-basis:22653164"
    133 "870970-basis:03644669"
    133 "870970-basis:28646526"
    134 "870970-basis:24306232"
    134 "870970-basis:27266649"
    136 "870970-basis:26213959"
    136 "870970-basis:29754519"
    137 "870970-basis:28511663"
    138 "870970-basis:28185871"
    138 "870970-basis:44236621"
    139 "870970-basis:22254901"
    145 "870970-basis:28303076"
    146 "870970-basis:05126541"
    150 "870970-basis:25325311"
    151 "870970-basis:22893645"
    152 "870970-basis:29605343"
    157 "870970-basis:25286235"
    159 "870970-basis:26768322"
    161 "870970-basis:22252852"
    165 "870970-basis:27672493"
    168 "870970-basis:06647804"
    172 "870970-basis:25248821"
    177 "870970-basis:24741133"
    213 "870970-basis:29465649"
    351 "870970-basis:25683463"
