     89 "758000-katalog:93204271"
     89 "870970-basis:07352042"
     89 "870970-basis:20349530"
     89 "870970-basis:26251419"
     89 "870970-basis:28344902"
     89 "874310-katalog:DBB0019369"
     90 "870970-basis:27171478"
     90 "870970-basis:27487475"
     90 "870970-basis:28980957"
     90 "870970-basis:29978891"
     91 "870970-basis:01184733"
     91 "870970-basis:06763367"
     91 "870970-basis:21824054"
     91 "870970-basis:22639862"
     91 "870970-basis:24725006"
     91 "870970-basis:27921116"
     93 "870970-basis:23147211"
     93 "870970-basis:27404588"
     93 "870970-basis:29589062"
     94 "870970-basis:27262481"
     95 "870970-basis:28331142"
     96 "870970-basis:27262546"
     97 "870970-basis:26799325"
     97 "870970-basis:28239106"
     99 "870970-basis:22579215"
     99 "870970-basis:27256430"
     99 "870970-basis:28595565"
     99 "870970-basis:29269815"
     99 "870970-basis:44164191"
    100 "870970-basis:21497185"
    100 "870970-basis:25095332"
    100 "870970-basis:27312497"
    100 "870970-basis:28026544"
    100 "870970-basis:29996792"
    100 "870970-basis:50694240"
    102 "870970-basis:05126541"
    103 "870970-basis:22254901"
    103 "870970-basis:24880605"
    103 "870970-basis:28830971"
    104 "831020-katalog:28713258"
    104 "870970-basis:22375733"
    104 "870970-basis:24306232"
    104 "870970-basis:28420293"
    104 "870970-basis:29991944"
    105 "870970-basis:25797736"
    106 "870970-basis:24254909"
    108 "870970-basis:27654053"
    109 "870970-basis:25724100"
    110 "870970-basis:27404596"
    111 "870970-basis:27186327"
    111 "870970-basis:28322674"
    112 "870970-basis:05926890"
    114 "870970-basis:21149012"
    114 "870970-basis:23677105"
    114 "870970-basis:27487394"
    115 "870970-basis:28463480"
    117 "870970-basis:24352722"
    117 "870970-basis:27266428"
    118 "870970-basis:05036259"
    118 "870970-basis:05497965"
    119 "870970-basis:26923530"
    119 "870970-basis:29130167"
    119 "870970-basis:29646066"
    120 "870970-basis:05025184"
    120 "870970-basis:22406213"
    120 "870970-basis:28043872"
    120 "870970-basis:29980705"
    123 "870970-basis:22653164"
    125 "870970-basis:01647105"
    125 "870970-basis:25120949"
    126 "870970-basis:20916079"
    128 "870970-basis:27496113"
    130 "870970-basis:26213959"
    133 "870970-basis:24732789"
    135 "870970-basis:28906730"
    138 "870970-basis:28303076"
    139 "870970-basis:27672493"
    142 "870970-basis:29605343"
    142 "870970-basis:44236621"
    143 "870970-basis:03644669"
    145 "870970-basis:26837235"
    146 "870970-basis:28511663"
    148 "870970-basis:06647804"
    150 "870970-basis:26247888"
    152 "870970-basis:29953104"
    154 "870970-basis:24741133"
    155 "870970-basis:27266649"
    157 "870970-basis:28349327"
    163 "870970-basis:28185871"
    164 "870970-basis:25325311"
    164 "870970-basis:28646526"
    165 "870970-basis:29754519"
    171 "870970-basis:28394438"
    173 "870970-basis:26768322"
    174 "870970-basis:22252852"
    178 "870970-basis:25248821"
    181 "870970-basis:22893645"
    207 "870970-basis:25286235"
    262 "870970-basis:29465649"
    346 "870970-basis:25683463"
