     77 "870970-basis:25807995"
     77 "870970-basis:26923425"
     77 "870970-basis:28293860"
     77 "870970-basis:50546292"
     78 "870970-basis:23650061"
     78 "870970-basis:26496233"
     78 "870970-basis:29551421"
     79 "870970-basis:25797736"
     80 "870970-basis:05025184"
     80 "870970-basis:23677105"
     80 "870970-basis:28116047"
     80 "870970-basis:28221738"
     80 "870970-basis:28830971"
     81 "758000-katalog:93204271"
     81 "831020-katalog:28020600"
     81 "870970-basis:25142918"
     82 "870970-basis:22725548"
     82 "870970-basis:26370574"
     82 "870970-basis:45139344"
     83 "870970-basis:28126956"
     84 "870970-basis:21149012"
     84 "870970-basis:21824054"
     84 "870970-basis:28420293"
     85 "870970-basis:05036259"
     85 "870970-basis:07338929"
     85 "870970-basis:26701139"
     85 "870970-basis:27852149"
     85 "870970-basis:29506582"
     86 "870970-basis:01647105"
     86 "870970-basis:22653164"
     86 "870970-basis:27186327"
     87 "870970-basis:04978617"
     87 "870970-basis:23154382"
     87 "870970-basis:28075480"
     87 "870970-basis:28407866"
     88 "870970-basis:00158224"
     88 "870970-basis:06185657"
     88 "870970-basis:20916079"
     88 "870970-basis:29269815"
     89 "870970-basis:25451104"
     89 "870970-basis:27243266"
     90 "870970-basis:05926890"
     90 "870970-basis:28322674"
     90 "870970-basis:29978891"
     91 "870970-basis:25120949"
     91 "870970-basis:29605343"
     92 "870970-basis:07352042"
     92 "870970-basis:28456433"
     92 "870970-basis:29285659"
     93 "870970-basis:27312497"
     93 "870970-basis:28595565"
     94 "831020-katalog:28713258"
     95 "870970-basis:05676444"
     95 "870970-basis:27256430"
     96 "874310-katalog:DBB0019369"
     97 "870970-basis:05497965"
     98 "870970-basis:49343027"
     99 "870970-basis:45662128"
     99 "870970-basis:49205058"
    100 "870970-basis:29130167"
    102 "870970-basis:22639862"
    103 "870970-basis:22254901"
    103 "870970-basis:22375733"
    103 "870970-basis:29646066"
    104 "870970-basis:23672626"
    104 "870970-basis:28026544"
    104 "870970-basis:28906730"
    109 "870970-basis:27266649"
    110 "870970-basis:27496113"
    110 "870970-basis:29980705"
    118 "870970-basis:22893645"
    118 "870970-basis:24732789"
    119 "870970-basis:24352722"
    120 "870970-basis:27672493"
    120 "870970-basis:28185871"
    121 "870970-basis:26247888"
    121 "870970-basis:26768322"
    123 "870970-basis:28646526"
    124 "870970-basis:24741133"
    125 "870970-basis:28463480"
    128 "870970-basis:28303076"
    130 "870970-basis:27266428"
    131 "870970-basis:25286235"
    132 "870970-basis:29953104"
    133 "870970-basis:26213959"
    142 "870970-basis:26923530"
    144 "870970-basis:28043872"
    154 "870970-basis:22252852"
    156 "870970-basis:25325311"
    158 "870970-basis:28511663"
    159 "870970-basis:06647804"
    161 "870970-basis:44236621"
    162 "870970-basis:03644669"
    164 "870970-basis:29754519"
    172 "870970-basis:29465649"
    173 "870970-basis:26837235"
    186 "870970-basis:28349327"
    213 "870970-basis:25248821"
    229 "870970-basis:25683463"
    230 "870970-basis:28394438"
