     30 "870970-basis:29964785"
     30 "870970-basis:50661830"
     30 "870970-basis:51368185"
     31 "700400-katalog:91524619"
     31 "870970-basis:25881990"
     31 "870970-basis:27157408"
     31 "870970-basis:27733891"
     31 "870970-basis:27859003"
     31 "870970-basis:29558450"
     31 "870970-basis:50804364"
     31 "870970-basis:51026144"
     31 "870970-basis:51083539"
     31 "870970-basis:51450469"
     32 "758000-katalog:93204271"
     32 "870970-basis:22639862"
     32 "870970-basis:26163498"
     32 "870970-basis:26885566"
     32 "870970-basis:28458649"
     32 "870970-basis:29066493"
     32 "870970-basis:29092486"
     33 "870970-basis:24691594"
     33 "870970-basis:28983689"
     33 "870970-basis:29703973"
     33 "870970-basis:29991650"
     34 "870970-basis:20029684"
     34 "870970-basis:26043972"
     34 "870970-basis:26136741"
     34 "870970-basis:26542855"
     34 "870970-basis:28026544"
     34 "870970-basis:28928246"
     34 "870970-basis:29069638"
     35 "870970-basis:22375733"
     35 "870970-basis:27479170"
     35 "870970-basis:27947018"
     35 "870970-basis:28138482"
     35 "870970-basis:29670099"
     35 "870970-basis:29953104"
     36 "870970-basis:27957927"
     36 "870970-basis:28407866"
     36 "870970-basis:29024995"
     36 "870970-basis:29066043"
     36 "870970-basis:29649901"
     38 "870970-basis:21659177"
     38 "870970-basis:28395655"
     38 "870970-basis:29903425"
     38 "870970-basis:51150805"
     39 "870970-basis:28782292"
     39 "870970-basis:29033765"
     39 "870970-basis:29990328"
     39 "870970-basis:50715310"
     40 "870970-basis:28516614"
     40 "870970-basis:29065063"
     40 "870970-basis:29066620"
     40 "870970-basis:50817504"
     40 "870970-basis:51879082"
     41 "870970-basis:21790834"
     41 "870970-basis:22252852"
     41 "870970-basis:24105687"
     41 "870970-basis:29047596"
     41 "870970-basis:44164191"
     41 "870970-basis:50838099"
     42 "870970-basis:25901576"
     42 "870970-basis:27823149"
     42 "870970-basis:28168217"
     42 "870970-basis:29717281"
     42 "870970-basis:49233515"
     43 "870970-basis:28091397"
     43 "870970-basis:28494769"
     44 "870970-basis:28806159"
     44 "870970-basis:50615049"
     45 "870970-basis:07324375"
     45 "870970-basis:24819515"
     46 "870970-basis:27673031"
     46 "870970-basis:28844794"
     46 "870970-basis:29395195"
     47 "870970-basis:21852961"
     47 "870970-basis:26917921"
     47 "870970-basis:27114334"
     47 "870970-basis:28718993"
     48 "870970-basis:21598526"
     49 "870970-basis:22994026"
     49 "870970-basis:27724795"
     51 "870970-basis:25388623"
     52 "870970-basis:21181633"
     52 "870970-basis:49381999"
     54 "870970-basis:27140564"
     55 "870970-basis:03644669"
     55 "870970-basis:27488935"
     55 "870970-basis:28290241"
     55 "870970-basis:29207593"
     58 "870970-basis:26193648"
     59 "870970-basis:22747258"
     61 "870970-basis:50859134"
     62 "870970-basis:50645169"
     65 "870970-basis:25721101"
     68 "870970-basis:25941349"
     70 "870970-basis:26837235"
     71 "870970-basis:25248821"
     98 "870970-basis:27592805"
    150 "870970-basis:29489483"
