     27 "870970-basis:28126956"
     27 "870970-basis:29066620"
     27 "870970-basis:29649901"
     27 "870970-basis:29670099"
     27 "870970-basis:45163776"
     27 "870970-basis:49381999"
     27 "870970-basis:50729400"
     28 "870970-basis:20802901"
     28 "870970-basis:25830083"
     28 "870970-basis:26542855"
     28 "870970-basis:28458649"
     28 "870970-basis:28516614"
     28 "870970-basis:50804364"
     29 "870970-basis:21659177"
     29 "870970-basis:24105687"
     29 "870970-basis:24583899"
     29 "870970-basis:25316592"
     29 "870970-basis:26381142"
     29 "870970-basis:27140564"
     29 "870970-basis:27947018"
     29 "870970-basis:49233515"
     29 "870970-basis:50708594"
     29 "870970-basis:51368185"
     30 "870970-basis:22747258"
     30 "870970-basis:26727766"
     30 "870970-basis:26885566"
     30 "870970-basis:27733891"
     30 "870970-basis:27854125"
     30 "870970-basis:50817504"
     31 "758000-katalog:93204271"
     31 "870970-basis:26773350"
     31 "870970-basis:27173640"
     31 "870970-basis:27633331"
     31 "870970-basis:28303076"
     31 "870970-basis:29953104"
     31 "870970-basis:51332555"
     32 "870970-basis:29754519"
     32 "870970-basis:50615049"
     32 "870970-basis:51150805"
     33 "870970-basis:22665626"
     33 "870970-basis:22873482"
     33 "870970-basis:27186327"
     33 "870970-basis:28043872"
     34 "870970-basis:21598526"
     34 "870970-basis:27157408"
     34 "870970-basis:28138482"
     34 "870970-basis:29370052"
     34 "870970-basis:29781443"
     35 "870970-basis:26917921"
     35 "870970-basis:27204260"
     35 "870970-basis:28026544"
     35 "870970-basis:29065063"
     35 "870970-basis:29066493"
     35 "870970-basis:50715310"
     36 "870970-basis:29991650"
     36 "870970-basis:44164191"
     37 "820010-katalog:2573075__4"
     37 "870970-basis:03644669"
     37 "870970-basis:22100912"
     37 "870970-basis:29395195"
     38 "870970-basis:21790834"
     38 "870970-basis:22252852"
     38 "870970-basis:25286235"
     38 "870970-basis:25892186"
     38 "870970-basis:29047596"
     39 "870970-basis:26912431"
     39 "870970-basis:27957927"
     40 "870970-basis:27097979"
     40 "870970-basis:28395655"
     40 "870970-basis:28511663"
     40 "870970-basis:29531943"
     41 "870970-basis:27116191"
     41 "870970-basis:28290241"
     41 "870970-basis:28844794"
     42 "870970-basis:27488935"
     43 "870970-basis:26923530"
     43 "870970-basis:28168217"
     44 "870970-basis:26136741"
     44 "870970-basis:27859003"
     47 "870970-basis:25388623"
     47 "870970-basis:27673031"
     47 "870970-basis:28407866"
     48 "870970-basis:27114334"
     51 "870970-basis:21852961"
     51 "870970-basis:29066043"
     52 "870970-basis:21181633"
     52 "870970-basis:22994026"
     52 "870970-basis:26043972"
     56 "870970-basis:28718993"
     56 "870970-basis:29207593"
     60 "870970-basis:25721101"
     61 "870970-basis:50645169"
     63 "870970-basis:27724795"
     67 "870970-basis:24819515"
     70 "870970-basis:25683463"
     72 "870970-basis:26193648"
     73 "870970-basis:25941349"
     78 "870970-basis:25248821"
     85 "870970-basis:27592805"
    111 "870970-basis:29489483"
