     28 "870970-basis:28221738"
     28 "870970-basis:28533276"
     28 "870970-basis:28799721"
     28 "870970-basis:29630364"
     28 "870970-basis:50817504"
     29 "870970-basis:01834223"
     29 "870970-basis:22725548"
     29 "870970-basis:27259413"
     29 "870970-basis:27673031"
     29 "870970-basis:27723810"
     29 "870970-basis:28718993"
     29 "870970-basis:29370052"
     29 "870970-basis:29592438"
     29 "870970-basis:49332920"
     29 "870970-basis:50708594"
     30 "870970-basis:00964352"
     30 "870970-basis:01654233"
     30 "870970-basis:06647804"
     30 "870970-basis:21852961"
     30 "870970-basis:22252852"
     30 "870970-basis:23888491"
     30 "870970-basis:26251419"
     30 "870970-basis:27173640"
     30 "870970-basis:27723942"
     30 "870970-basis:28138482"
     30 "870970-basis:28399499"
     30 "870970-basis:50645169"
     31 "758000-katalog:93204271"
     31 "870970-basis:05123194"
     31 "870970-basis:24725006"
     31 "870970-basis:27116191"
     31 "870970-basis:28395655"
     31 "870970-basis:28677006"
     31 "870970-basis:28785186"
     31 "870970-basis:29269815"
     31 "870970-basis:29717281"
     32 "870970-basis:05060540"
     32 "870970-basis:06894100"
     32 "870970-basis:21504904"
     32 "870970-basis:25797736"
     32 "870970-basis:26987377"
     32 "870970-basis:27243266"
     32 "870970-basis:27423647"
     32 "870970-basis:28424671"
     32 "870970-basis:41965606"
     33 "870970-basis:05060370"
     33 "870970-basis:05074975"
     33 "870970-basis:22653164"
     33 "870970-basis:27947018"
     33 "870970-basis:28494769"
     33 "870970-basis:44236621"
     34 "870970-basis:07071760"
     34 "870970-basis:21598526"
     34 "870970-basis:22277634"
     34 "870970-basis:26193648"
     35 "870970-basis:05419859"
     35 "870970-basis:06939317"
     35 "870970-basis:28043872"
     35 "870970-basis:29066043"
     35 "870970-basis:29207593"
     35 "870970-basis:50715310"
     36 "870970-basis:26923530"
     37 "870970-basis:05846242"
     37 "870970-basis:20349530"
     37 "870970-basis:28511663"
     37 "870970-basis:50838099"
     38 "870970-basis:00964395"
     38 "870970-basis:05123208"
     38 "870970-basis:05172403"
     38 "870970-basis:05172411"
     38 "870970-basis:06894216"
     38 "870970-basis:26043972"
     38 "870970-basis:27552900"
     38 "870970-basis:27633331"
     38 "870970-basis:28456433"
     38 "870970-basis:29953104"
     38 "870970-basis:50859134"
     39 "870970-basis:27186327"
     39 "870970-basis:27266428"
     40 "870970-basis:22873482"
     41 "870970-basis:03644669"
     41 "870970-basis:05060427"
     41 "870970-basis:22406213"
     41 "870970-basis:25941349"
     41 "870970-basis:29754519"
     42 "870970-basis:00767840"
     43 "870970-basis:28026544"
     44 "870970-basis:24306232"
     44 "870970-basis:27592805"
     45 "870970-basis:05126541"
     47 "870970-basis:07071477"
     47 "870970-basis:22579215"
     48 "870970-basis:28407866"
     49 "870970-basis:44164191"
     51 "820010-katalog:2459966"
     54 "870970-basis:25286235"
     67 "870970-basis:25721101"
     77 "870970-basis:29489483"
     90 "870970-basis:25248821"
    165 "870970-basis:25683463"
