     54 "870970-basis:21504904"
     54 "870970-basis:27367992"
     54 "870970-basis:28043872"
     54 "870970-basis:28392893"
     54 "870970-basis:28977522"
     54 "870970-basis:29130167"
     55 "870970-basis:05060419"
     55 "870970-basis:05126533"
     55 "870970-basis:07071442"
     55 "870970-basis:07145586"
     55 "870970-basis:21846384"
     55 "870970-basis:25120949"
     55 "870970-basis:28838654"
     55 "870970-basis:29207593"
     56 "870970-basis:05092973"
     56 "870970-basis:27262546"
     56 "870970-basis:28185871"
     56 "870970-basis:29500762"
     56 "870970-basis:44236621"
     57 "870970-basis:25175247"
     57 "870970-basis:28026544"
     57 "870970-basis:29051690"
     57 "870970-basis:29331235"
     57 "870970-basis:29370052"
     58 "870970-basis:05000319"
     58 "870970-basis:05060427"
     58 "870970-basis:05172411"
     58 "870970-basis:06894216"
     58 "870970-basis:28646526"
     58 "870970-basis:28799721"
     58 "870970-basis:29646066"
     59 "870970-basis:28126956"
     59 "870970-basis:29605343"
     59 "870970-basis:43590669"
     60 "870970-basis:00964352"
     60 "870970-basis:05419859"
     60 "870970-basis:22252852"
     60 "870970-basis:23625679"
     60 "870970-basis:27723942"
     60 "870970-basis:29592438"
     61 "870970-basis:05025184"
     61 "870970-basis:07071604"
     61 "870970-basis:24741133"
     61 "870970-basis:25707036"
     61 "870970-basis:26923530"
     61 "870970-basis:28511663"
     62 "870970-basis:05172403"
     62 "870970-basis:07071477"
     62 "870970-basis:21836931"
     62 "870970-basis:23888491"
     63 "820010-katalog:4850459"
     63 "870970-basis:01654233"
     63 "870970-basis:05123208"
     63 "870970-basis:21085766"
     63 "870970-basis:26768322"
     63 "870970-basis:29523606"
     63 "870970-basis:29754519"
     64 "870970-basis:06763367"
     64 "870970-basis:07071760"
     64 "870970-basis:29489483"
     65 "870970-basis:05074975"
     65 "870970-basis:06894186"
     65 "870970-basis:27423647"
     66 "870970-basis:28424671"
     66 "870970-basis:28785186"
     66 "870970-basis:29953104"
     67 "870970-basis:27723810"
     67 "870970-basis:28322674"
     68 "870970-basis:22893645"
     69 "870970-basis:00964395"
     69 "870970-basis:05060540"
     69 "870970-basis:21824054"
     69 "870970-basis:22873482"
     71 "870970-basis:05846242"
     71 "870970-basis:06894100"
     71 "870970-basis:26251419"
     73 "870970-basis:06647804"
     74 "870970-basis:28407866"
     75 "870970-basis:05060370"
     76 "870970-basis:06749534"
     76 "870970-basis:26208432"
     79 "870970-basis:24306232"
     80 "870970-basis:44164191"
     81 "870970-basis:20349530"
     81 "870970-basis:26116309"
     82 "820010-katalog:2459966"
     83 "870970-basis:25721101"
     85 "870970-basis:03644669"
     89 "870970-basis:22406213"
     89 "870970-basis:25797736"
     90 "870970-basis:06939317"
     92 "870970-basis:27256430"
     94 "870970-basis:29269815"
    100 "870970-basis:25248821"
    102 "870970-basis:22579215"
    102 "870970-basis:28303076"
    112 "870970-basis:22653164"
    113 "870970-basis:25286235"
    121 "870970-basis:05126541"
    250 "870970-basis:25683463"
