     41 "870970-basis:29066043"
     41 "870970-basis:29130167"
     41 "870970-basis:29551421"
     41 "870970-basis:29592438"
     42 "870970-basis:23147211"
     42 "870970-basis:27723942"
     42 "870970-basis:28026544"
     42 "870970-basis:28420293"
     42 "870970-basis:28456433"
     42 "870970-basis:29523606"
     43 "870970-basis:21836931"
     43 "870970-basis:27338011"
     43 "870970-basis:28400594"
     43 "870970-basis:29436320"
     43 "870970-basis:50715310"
     44 "870970-basis:06749534"
     44 "870970-basis:25120949"
     44 "870970-basis:25707036"
     44 "870970-basis:25721101"
     44 "870970-basis:26923530"
     44 "870970-basis:28424671"
     45 "831020-katalog:28713258"
     45 "870970-basis:20708182"
     45 "870970-basis:21824003"
     45 "870970-basis:26768322"
     45 "870970-basis:27367992"
     45 "870970-basis:27475833"
     45 "870970-basis:28799721"
     46 "870970-basis:22252852"
     46 "870970-basis:26208432"
     46 "870970-basis:26538793"
     47 "870970-basis:22893645"
     47 "870970-basis:29500762"
     47 "870970-basis:29579326"
     48 "870970-basis:23888491"
     48 "870970-basis:27496113"
     48 "870970-basis:28043872"
     48 "870970-basis:29754519"
     48 "870970-basis:29953104"
     49 "870970-basis:00767840"
     49 "870970-basis:27723810"
     49 "870970-basis:44164191"
     50 "870970-basis:05060370"
     50 "870970-basis:05123194"
     50 "870970-basis:06763367"
     50 "870970-basis:06939317"
     50 "870970-basis:21824054"
     50 "870970-basis:23625679"
     50 "870970-basis:28646526"
     51 "820010-katalog:4850459"
     51 "870970-basis:06894186"
     51 "870970-basis:26116309"
     51 "870970-basis:27423647"
     51 "870970-basis:28928009"
     52 "870970-basis:03644669"
     52 "870970-basis:25175247"
     52 "870970-basis:28185871"
     52 "870970-basis:28939876"
     52 "870970-basis:29605343"
     53 "870970-basis:05172403"
     53 "870970-basis:07071477"
     54 "870970-basis:24725006"
     54 "870970-basis:29630364"
     55 "870970-basis:24741133"
     56 "870970-basis:01654233"
     56 "870970-basis:05419859"
     56 "870970-basis:06894100"
     56 "870970-basis:07071442"
     56 "870970-basis:29991944"
     56 "870970-basis:43590669"
     57 "870970-basis:00964352"
     57 "870970-basis:05060419"
     57 "870970-basis:23142392"
     58 "870970-basis:44236621"
     59 "870970-basis:05123208"
     59 "870970-basis:05172411"
     59 "870970-basis:24306232"
     59 "870970-basis:29489483"
     60 "870970-basis:06894216"
     61 "820010-katalog:2459966"
     61 "870970-basis:26251419"
     62 "870970-basis:05074975"
     62 "870970-basis:07071604"
     62 "870970-basis:29207593"
     63 "870970-basis:05060540"
     63 "870970-basis:05126541"
     63 "870970-basis:29646066"
     64 "870970-basis:22406213"
     65 "870970-basis:28511663"
     66 "870970-basis:25248821"
     69 "870970-basis:00964395"
     71 "870970-basis:20349530"
     72 "870970-basis:05060427"
     72 "870970-basis:22579215"
     72 "870970-basis:22653164"
     77 "870970-basis:25797736"
     84 "870970-basis:27256430"
     84 "870970-basis:29269815"
    103 "870970-basis:25286235"
    269 "870970-basis:25683463"
