     26 "870970-basis:51166930"
     27 "870970-basis:21554588"
     27 "870970-basis:23254123"
     27 "870970-basis:25286235"
     27 "870970-basis:25363957"
     27 "870970-basis:26917921"
     27 "870970-basis:27097979"
     27 "870970-basis:28649843"
     27 "870970-basis:29082308"
     27 "870970-basis:29603030"
     27 "870970-basis:51180100"
     28 "870970-basis:22252852"
     28 "870970-basis:24725006"
     28 "870970-basis:25316592"
     28 "870970-basis:28511663"
     28 "870970-basis:28516614"
     28 "870970-basis:29531943"
     29 "870970-basis:03644669"
     29 "870970-basis:22747258"
     29 "870970-basis:25451104"
     29 "870970-basis:27266428"
     29 "870970-basis:27957927"
     29 "870970-basis:28026544"
     29 "870970-basis:28043872"
     29 "870970-basis:28138482"
     29 "870970-basis:29840709"
     29 "870970-basis:29953104"
     29 "870970-basis:29964785"
     29 "870970-basis:49233515"
     29 "870970-basis:51026144"
     30 "870970-basis:26820359"
     30 "870970-basis:26845572"
     30 "870970-basis:27633331"
     30 "870970-basis:28456433"
     30 "870970-basis:29754519"
     30 "870970-basis:29781443"
     31 "870970-basis:22994026"
     31 "870970-basis:24259110"
     31 "870970-basis:28407866"
     31 "870970-basis:29065063"
     31 "870970-basis:50615049"
     32 "870970-basis:20802901"
     32 "870970-basis:26043972"
     32 "870970-basis:27140564"
     32 "870970-basis:27859003"
     32 "870970-basis:29395195"
     32 "870970-basis:29903425"
     33 "870970-basis:21790834"
     33 "870970-basis:25388623"
     33 "870970-basis:26923530"
     33 "870970-basis:27733891"
     33 "870970-basis:29558450"
     33 "870970-basis:29689784"
     34 "870970-basis:27116191"
     34 "870970-basis:27346928"
     34 "870970-basis:29649901"
     34 "870970-basis:50817504"
     34 "870970-basis:50838099"
     35 "870970-basis:27173640"
     35 "870970-basis:27488935"
     35 "870970-basis:29066493"
     35 "870970-basis:29066620"
     35 "870970-basis:29717281"
     35 "870970-basis:50859134"
     36 "870970-basis:28290241"
     36 "870970-basis:28806159"
     36 "870970-basis:29207593"
     36 "870970-basis:50661830"
     37 "870970-basis:21181633"
     37 "870970-basis:28718993"
     37 "870970-basis:28844794"
     38 "870970-basis:27673031"
     38 "870970-basis:44183293"
     38 "870970-basis:50715310"
     39 "870970-basis:28168217"
     39 "870970-basis:28395655"
     40 "870970-basis:25892186"
     40 "870970-basis:26136741"
     40 "870970-basis:27724795"
     40 "870970-basis:29991650"
     41 "870970-basis:24819515"
     41 "870970-basis:27114334"
     45 "870970-basis:28303076"
     46 "758000-katalog:93204271"
     46 "870970-basis:21598526"
     46 "870970-basis:21852961"
     46 "870970-basis:29066043"
     47 "870970-basis:25721101"
     47 "870970-basis:29670099"
     51 "870970-basis:26193648"
     53 "870970-basis:22873482"
     54 "870970-basis:25248821"
     55 "870970-basis:26837235"
     61 "870970-basis:25941349"
     63 "870970-basis:50645169"
     64 "820010-katalog:2573075__4"
     72 "870970-basis:25683463"
     76 "870970-basis:27592805"
     79 "870970-basis:44164191"
     97 "870970-basis:29489483"
