     30 "870970-basis:25316592"
     30 "870970-basis:27488935"
     30 "870970-basis:28511663"
     30 "870970-basis:28743890"
     30 "870970-basis:29370052"
     30 "870970-basis:29781443"
     30 "870970-basis:29903425"
     30 "870970-basis:49332920"
     30 "870970-basis:50651924"
     30 "870970-basis:50651967"
     31 "820010-katalog:2573075__4"
     31 "870970-basis:25901576"
     31 "870970-basis:27155677"
     31 "870970-basis:28163916"
     31 "870970-basis:28290241"
     31 "870970-basis:28494769"
     31 "870970-basis:29790752"
     31 "870970-basis:29964785"
     31 "870970-basis:29990328"
     31 "870970-basis:50708594"
     31 "870970-basis:51180100"
     32 "870970-basis:25881990"
     32 "870970-basis:26923530"
     32 "870970-basis:27445764"
     32 "870970-basis:50817504"
     33 "870970-basis:23254123"
     33 "870970-basis:27140564"
     33 "870970-basis:27173640"
     33 "870970-basis:28407866"
     33 "870970-basis:29953104"
     33 "870970-basis:49381999"
     34 "870970-basis:27947018"
     34 "870970-basis:29066493"
     34 "870970-basis:29082308"
     34 "870970-basis:29670099"
     35 "870970-basis:07352042"
     35 "870970-basis:21037192"
     35 "870970-basis:22100912"
     35 "870970-basis:28026544"
     35 "870970-basis:28303076"
     35 "870970-basis:28458649"
     35 "870970-basis:29033765"
     36 "870970-basis:27097979"
     36 "870970-basis:27116191"
     36 "870970-basis:27331580"
     36 "870970-basis:27859003"
     36 "870970-basis:29150567"
     37 "870970-basis:22434942"
     37 "870970-basis:22747258"
     37 "870970-basis:24259110"
     37 "870970-basis:24732789"
     37 "870970-basis:26845572"
     37 "870970-basis:28761228"
     37 "870970-basis:29047596"
     37 "870970-basis:50838099"
     38 "870970-basis:28456433"
     38 "870970-basis:28844794"
     38 "870970-basis:29991650"
     39 "758000-katalog:93204271"
     39 "870970-basis:03644669"
     39 "870970-basis:29649901"
     40 "870970-basis:22994026"
     40 "870970-basis:26885566"
     40 "870970-basis:29065063"
     40 "870970-basis:29531943"
     40 "870970-basis:49233515"
     40 "870970-basis:50859134"
     42 "870970-basis:25892186"
     42 "870970-basis:50615049"
     43 "870970-basis:24819515"
     43 "870970-basis:29395195"
     44 "870970-basis:28138482"
     45 "870970-basis:26136741"
     45 "870970-basis:27633331"
     46 "870970-basis:21598526"
     46 "870970-basis:25388623"
     47 "870970-basis:28395655"
     48 "870970-basis:26043972"
     49 "870970-basis:28806159"
     49 "870970-basis:50715310"
     50 "870970-basis:21852961"
     50 "870970-basis:28168217"
     52 "870970-basis:27724795"
     53 "870970-basis:21181633"
     54 "870970-basis:21790834"
     55 "870970-basis:28718993"
     56 "870970-basis:29066043"
     58 "870970-basis:25248821"
     58 "870970-basis:27673031"
     59 "870970-basis:44164191"
     60 "870970-basis:26193648"
     61 "870970-basis:27114334"
     65 "870970-basis:26837235"
     65 "870970-basis:29207593"
     70 "870970-basis:25683463"
     74 "870970-basis:25721101"
     75 "870970-basis:25941349"
     85 "870970-basis:50645169"
     95 "870970-basis:27592805"
    136 "870970-basis:29489483"
