     31 "870970-basis:22636510"
     31 "870970-basis:23254360"
     31 "870970-basis:25363957"
     31 "870970-basis:26038871"
     31 "870970-basis:26896487"
     31 "870970-basis:27733891"
     31 "870970-basis:27864252"
     31 "870970-basis:27957927"
     31 "870970-basis:28597622"
     31 "870970-basis:28810857"
     31 "870970-basis:29082308"
     31 "870970-basis:51026144"
     32 "870970-basis:24880605"
     32 "870970-basis:26885566"
     32 "870970-basis:29670099"
     32 "870970-basis:49233515"
     33 "870970-basis:27854125"
     33 "870970-basis:28028806"
     33 "870970-basis:28091397"
     33 "870970-basis:29649901"
     33 "870970-basis:29689784"
     33 "870970-basis:29781443"
     34 "870970-basis:20802901"
     34 "870970-basis:22252852"
     34 "870970-basis:28315740"
     34 "870970-basis:28458649"
     34 "870970-basis:28682328"
     34 "870970-basis:29256012"
     34 "870970-basis:44164191"
     35 "870970-basis:24583899"
     35 "870970-basis:26912431"
     35 "870970-basis:27346928"
     35 "870970-basis:29047596"
     35 "870970-basis:50838099"
     36 "870970-basis:26043972"
     36 "870970-basis:27393969"
     36 "870970-basis:28511663"
     36 "870970-basis:50817504"
     36 "870970-basis:51150805"
     37 "758000-katalog:93204271"
     37 "870970-basis:07324375"
     37 "870970-basis:26778182"
     37 "870970-basis:27116191"
     37 "870970-basis:28065590"
     37 "870970-basis:29066493"
     37 "870970-basis:50715310"
     38 "870970-basis:27157408"
     38 "870970-basis:28928246"
     39 "870970-basis:06647804"
     39 "870970-basis:27097979"
     39 "870970-basis:27823149"
     39 "870970-basis:29991650"
     40 "870970-basis:03644669"
     40 "870970-basis:24691594"
     40 "870970-basis:25248821"
     40 "870970-basis:26845572"
     40 "870970-basis:50615049"
     40 "870970-basis:50859134"
     41 "870970-basis:29395195"
     42 "870970-basis:25892186"
     42 "870970-basis:28516614"
     42 "870970-basis:29065063"
     42 "870970-basis:29903425"
     43 "870970-basis:21790834"
     43 "870970-basis:25901576"
     43 "870970-basis:27140564"
     44 "870970-basis:22994026"
     44 "870970-basis:26136741"
     44 "870970-basis:26799325"
     44 "870970-basis:26917921"
     44 "870970-basis:28806159"
     44 "870970-basis:29069638"
     45 "870970-basis:21598526"
     45 "870970-basis:22747258"
     45 "870970-basis:25721101"
     45 "870970-basis:28290241"
     45 "870970-basis:28407866"
     45 "870970-basis:49381999"
     46 "870970-basis:28494769"
     46 "870970-basis:28782292"
     46 "870970-basis:29531943"
     50 "870970-basis:28395655"
     50 "870970-basis:29207593"
     51 "870970-basis:28168217"
     52 "870970-basis:24819515"
     53 "870970-basis:27114334"
     55 "870970-basis:28844794"
     59 "870970-basis:25388623"
     59 "870970-basis:27488935"
     60 "870970-basis:28138482"
     61 "870970-basis:21852961"
     63 "870970-basis:21181633"
     63 "870970-basis:27673031"
     69 "870970-basis:27724795"
     80 "870970-basis:50645169"
     82 "870970-basis:28718993"
     83 "870970-basis:25941349"
     85 "870970-basis:26193648"
    113 "870970-basis:27592805"
    145 "870970-basis:29489483"
