     27 "870970-basis:27947018"
     27 "870970-basis:29285659"
     27 "870970-basis:29692688"
     27 "870970-basis:29991944"
     27 "870970-basis:51332555"
     28 "870970-basis:05060370"
     28 "870970-basis:05074975"
     28 "870970-basis:06763367"
     28 "870970-basis:07352042"
     28 "870970-basis:21790834"
     28 "870970-basis:21824054"
     28 "870970-basis:27081738"
     28 "870970-basis:27346928"
     28 "870970-basis:27673031"
     28 "870970-basis:28138482"
     28 "870970-basis:28424671"
     28 "870970-basis:28511663"
     28 "870970-basis:29066620"
     28 "870970-basis:29494940"
     28 "870970-basis:50651924"
     29 "870970-basis:06894216"
     29 "870970-basis:07071604"
     29 "870970-basis:21659177"
     29 "870970-basis:26076544"
     29 "870970-basis:27097979"
     29 "870970-basis:27173640"
     29 "870970-basis:27724795"
     29 "870970-basis:27805868"
     29 "870970-basis:28293860"
     29 "870970-basis:28527748"
     29 "870970-basis:29269815"
     29 "870970-basis:29649901"
     29 "870970-basis:50915697"
     30 "870970-basis:22655698"
     30 "870970-basis:26923530"
     30 "870970-basis:27140564"
     30 "870970-basis:27256430"
     30 "870970-basis:27266428"
     30 "870970-basis:28838700"
     30 "870970-basis:29047596"
     31 "870970-basis:06894186"
     31 "870970-basis:21598526"
     31 "870970-basis:28303076"
     31 "870970-basis:29903425"
     31 "870970-basis:29991650"
     32 "870970-basis:05123194"
     32 "870970-basis:21852961"
     32 "870970-basis:28043872"
     32 "870970-basis:28168217"
     32 "870970-basis:50520730"
     33 "870970-basis:00767840"
     33 "870970-basis:00964395"
     33 "870970-basis:07071442"
     33 "870970-basis:21181633"
     33 "870970-basis:22100912"
     33 "870970-basis:26727766"
     33 "870970-basis:28456433"
     33 "870970-basis:29506604"
     33 "870970-basis:50859134"
     34 "870970-basis:25451104"
     35 "870970-basis:22747258"
     35 "870970-basis:26820359"
     35 "870970-basis:27488935"
     36 "870970-basis:22406213"
     36 "870970-basis:25286235"
     36 "870970-basis:27633331"
     36 "870970-basis:29953104"
     36 "870970-basis:50817504"
     37 "820010-katalog:2573075__4"
     37 "870970-basis:26193648"
     37 "870970-basis:28395655"
     37 "870970-basis:29065063"
     39 "870970-basis:28026544"
     40 "870970-basis:22653164"
     40 "870970-basis:22873482"
     40 "870970-basis:22994026"
     40 "870970-basis:24819515"
     40 "870970-basis:27186327"
     40 "870970-basis:28126956"
     40 "870970-basis:50645169"
     40 "870970-basis:50715310"
     41 "870970-basis:22579215"
     41 "870970-basis:27114334"
     41 "870970-basis:29551421"
     42 "870970-basis:06827101"
     42 "870970-basis:29207593"
     43 "870970-basis:28718993"
     45 "870970-basis:03644669"
     46 "870970-basis:28407866"
     48 "870970-basis:29066043"
     48 "870970-basis:29754519"
     49 "870970-basis:25248821"
     54 "870970-basis:26043972"
     55 "758000-katalog:93204271"
     55 "870970-basis:25941349"
     59 "870970-basis:27592805"
     60 "870970-basis:25721101"
     65 "870970-basis:44164191"
     79 "870970-basis:29489483"
    127 "870970-basis:25683463"
