     36 "870970-basis:28718993"
     36 "870970-basis:29580804"
     36 "870970-basis:50520730"
     37 "831020-katalog:28713258"
     37 "870970-basis:06763367"
     37 "870970-basis:06939317"
     37 "870970-basis:21852961"
     37 "870970-basis:24725006"
     37 "870970-basis:27114334"
     37 "870970-basis:27633331"
     37 "870970-basis:28456433"
     37 "870970-basis:29592438"
     38 "870970-basis:06749534"
     38 "870970-basis:21836931"
     38 "870970-basis:24306232"
     38 "870970-basis:27367992"
     38 "870970-basis:27997570"
     38 "870970-basis:28977522"
     38 "870970-basis:50817504"
     39 "870970-basis:05092973"
     39 "870970-basis:07071477"
     39 "870970-basis:24732789"
     39 "870970-basis:25941349"
     39 "870970-basis:29523606"
     39 "870970-basis:50729400"
     40 "870970-basis:05172411"
     40 "870970-basis:22873482"
     40 "870970-basis:27724795"
     40 "870970-basis:28838654"
     40 "870970-basis:28838700"
     40 "870970-basis:29207593"
     40 "870970-basis:29579326"
     41 "870970-basis:06647804"
     41 "870970-basis:21504904"
     41 "870970-basis:25797736"
     41 "870970-basis:26116309"
     41 "870970-basis:27423647"
     41 "870970-basis:27723942"
     41 "870970-basis:28315740"
     41 "870970-basis:29370052"
     41 "870970-basis:29630364"
     42 "870970-basis:03644669"
     42 "870970-basis:07071760"
     42 "870970-basis:27266428"
     42 "870970-basis:28527748"
     43 "870970-basis:00767840"
     43 "870970-basis:28043872"
     43 "870970-basis:28533276"
     43 "870970-basis:44236621"
     44 "870970-basis:07071442"
     44 "870970-basis:26208432"
     44 "870970-basis:26251419"
     44 "870970-basis:26923530"
     44 "870970-basis:27947018"
     44 "870970-basis:28424671"
     45 "870970-basis:05060419"
     45 "870970-basis:05074975"
     45 "870970-basis:28939876"
     45 "870970-basis:50715310"
     46 "870970-basis:00964352"
     46 "870970-basis:20349530"
     46 "870970-basis:22725548"
     46 "870970-basis:25451104"
     46 "870970-basis:29066043"
     47 "870970-basis:07071604"
     47 "870970-basis:25707036"
     47 "870970-basis:27592805"
     47 "870970-basis:28026544"
     48 "820010-katalog:2459966"
     48 "870970-basis:01654233"
     48 "870970-basis:05123194"
     48 "870970-basis:06894100"
     48 "870970-basis:22406213"
     49 "870970-basis:06894186"
     50 "870970-basis:26043972"
     51 "870970-basis:29754519"
     52 "870970-basis:05060427"
     52 "870970-basis:05060540"
     52 "870970-basis:23888491"
     52 "870970-basis:43590669"
     53 "870970-basis:00964395"
     54 "870970-basis:05123208"
     54 "870970-basis:05419859"
     54 "870970-basis:28407866"
     55 "870970-basis:27256430"
     55 "870970-basis:29269815"
     56 "870970-basis:05060370"
     57 "870970-basis:06894216"
     58 "870970-basis:22653164"
     60 "870970-basis:05126541"
     61 "870970-basis:22579215"
     62 "870970-basis:28511663"
     63 "870970-basis:25248821"
     66 "870970-basis:29953104"
     67 "870970-basis:25286235"
     71 "870970-basis:28303076"
     71 "870970-basis:44164191"
     74 "870970-basis:29489483"
     82 "870970-basis:25721101"
    204 "870970-basis:25683463"
