     64 "870970-basis:06647804"
     64 "870970-basis:27008690"
     64 "870970-basis:28547145"
     65 "870970-basis:28530439"
     65 "870970-basis:28591330"
     65 "870970-basis:28693699"
     65 "870970-basis:28996101"
     66 "870970-basis:26216044"
     66 "870970-basis:27754694"
     66 "870970-basis:28344902"
     66 "870970-basis:28824106"
     66 "870970-basis:29670099"
     67 "870970-basis:23740524"
     68 "870970-basis:23780062"
     68 "870970-basis:27630480"
     68 "870970-basis:27746624"
     68 "870970-basis:27940277"
     69 "870970-basis:26809959"
     69 "870970-basis:27218539"
     69 "870970-basis:28474377"
     70 "870970-basis:28020643"
     70 "870970-basis:28543824"
     71 "870970-basis:27053157"
     71 "870970-basis:27489427"
     71 "870970-basis:28303092"
     71 "870970-basis:28469292"
     72 "870970-basis:23672626"
     72 "870970-basis:29069638"
     73 "870970-basis:28070128"
     73 "870970-basis:28249373"
     74 "870970-basis:25728874"
     75 "831020-katalog:28020600"
     75 "870970-basis:23633027"
     76 "870970-basis:27520693"
     76 "870970-basis:29082308"
     77 "870970-basis:03644669"
     77 "870970-basis:27490530"
     77 "870970-basis:28505108"
     77 "870970-basis:28761228"
     78 "831020-katalog:28713258"
     79 "831020-katalog:28994222"
     79 "870970-basis:24352722"
     80 "870970-basis:24105687"
     81 "870970-basis:27298109"
     81 "870970-basis:27951384"
     82 "870970-basis:27502113"
     83 "870970-basis:28806159"
     83 "870970-basis:29033765"
     83 "870970-basis:29207593"
     85 "870970-basis:27261345"
     86 "870970-basis:25325311"
     87 "870970-basis:29990328"
     89 "870970-basis:26778182"
     89 "870970-basis:26849314"
     89 "870970-basis:27627528"
     89 "870970-basis:28076703"
     91 "870970-basis:26163498"
     91 "870970-basis:27312497"
     91 "870970-basis:28076770"
     93 "870970-basis:27496113"
     95 "870970-basis:28112688"
     97 "870970-basis:26507057"
     97 "870970-basis:28527349"
     98 "870970-basis:26971918"
     99 "870970-basis:27119999"
    100 "870970-basis:27039553"
    101 "870970-basis:26956803"
    103 "870970-basis:28530455"
    104 "870970-basis:26741521"
    104 "870970-basis:27360866"
    106 "870970-basis:22005413"
    106 "870970-basis:26956846"
    106 "870970-basis:28290241"
    107 "870970-basis:23154382"
    107 "870970-basis:25807995"
    110 "870970-basis:24880605"
    111 "870970-basis:26483778"
    111 "870970-basis:29536708"
    112 "870970-basis:28530714"
    114 "870970-basis:26913004"
    115 "870970-basis:27479170"
    118 "870970-basis:26917921"
    126 "870970-basis:28091397"
    126 "870970-basis:28290853"
    132 "870970-basis:22375733"
    135 "870970-basis:27697798"
    136 "870970-basis:28451571"
    142 "870970-basis:22639862"
    144 "870970-basis:26885612"
    148 "870970-basis:28225377"
    150 "870970-basis:27400027"
    159 "870970-basis:26213959"
    167 "870970-basis:25248821"
    175 "870970-basis:22252852"
    190 "870970-basis:26886120"
    197 "870970-basis:25801431"
    206 "870970-basis:25570634"
    324 "870970-basis:27204260"
    361 "870970-basis:26799325"
    954 "870970-basis:26837235"
