     34 "870970-basis:26073723"
     34 "870970-basis:27346928"
     34 "870970-basis:27489435"
     34 "870970-basis:27633331"
     34 "870970-basis:27900305"
     34 "870970-basis:27957927"
     34 "870970-basis:28026544"
     34 "870970-basis:28163916"
     34 "870970-basis:28983689"
     35 "870970-basis:27140564"
     35 "870970-basis:28423551"
     35 "870970-basis:28761228"
     35 "870970-basis:29066043"
     35 "870970-basis:29066493"
     35 "870970-basis:29082308"
     35 "870970-basis:50804364"
     35 "870970-basis:51026144"
     35 "870970-basis:51083539"
     36 "700400-katalog:91524619"
     36 "758000-katalog:93204271"
     36 "870970-basis:26400503"
     36 "870970-basis:27097979"
     36 "870970-basis:28126956"
     36 "870970-basis:29069638"
     36 "870970-basis:29602077"
     36 "870970-basis:29964785"
     36 "870970-basis:50794806"
     36 "870970-basis:51166930"
     37 "870970-basis:01367528"
     37 "870970-basis:24413020"
     37 "870970-basis:26568498"
     37 "870970-basis:27673031"
     37 "870970-basis:27984525"
     37 "870970-basis:28844794"
     37 "870970-basis:29670099"
     37 "870970-basis:44177846"
     37 "870970-basis:51180100"
     37 "870970-basis:51368185"
     38 "870970-basis:20802901"
     38 "870970-basis:22252852"
     38 "870970-basis:26820359"
     38 "870970-basis:26932629"
     38 "870970-basis:28743890"
     38 "870970-basis:29033765"
     38 "870970-basis:50817504"
     39 "870970-basis:24105687"
     39 "870970-basis:28290241"
     39 "870970-basis:29065063"
     39 "870970-basis:29066620"
     39 "870970-basis:50661830"
     39 "870970-basis:51150805"
     40 "870970-basis:29649901"
     40 "870970-basis:29903425"
     40 "870970-basis:29990328"
     42 "870970-basis:24819515"
     42 "870970-basis:26193648"
     42 "870970-basis:29395195"
     42 "870970-basis:45083543"
     44 "870970-basis:26778182"
     44 "870970-basis:27823149"
     44 "870970-basis:28315740"
     45 "870970-basis:26128498"
     45 "870970-basis:26917921"
     45 "870970-basis:28395655"
     45 "870970-basis:29717281"
     45 "870970-basis:51319087"
     46 "870970-basis:27947018"
     46 "870970-basis:28407866"
     46 "870970-basis:50859134"
     47 "870970-basis:27204260"
     47 "870970-basis:28494769"
     47 "870970-basis:28810857"
     47 "870970-basis:29689784"
     48 "870970-basis:29991650"
     49 "870970-basis:50838099"
     50 "870970-basis:27488935"
     50 "870970-basis:50715310"
     51 "870970-basis:21598526"
     51 "870970-basis:25941349"
     52 "870970-basis:25570634"
     54 "870970-basis:03644669"
     54 "870970-basis:27114334"
     55 "870970-basis:27479170"
     55 "870970-basis:28806159"
     55 "870970-basis:29207593"
     55 "870970-basis:49233515"
     58 "870970-basis:21181633"
     59 "870970-basis:22747258"
     61 "870970-basis:27724795"
     61 "870970-basis:28091397"
     61 "870970-basis:49381999"
     64 "870970-basis:21659177"
     72 "870970-basis:27592805"
     73 "870970-basis:50645169"
     93 "870970-basis:44164191"
    111 "870970-basis:25721101"
    116 "870970-basis:25248821"
    123 "870970-basis:26837235"
    124 "870970-basis:29489483"
    167 "870970-basis:26799325"
