     49 "870970-basis:50838099"
     50 "870970-basis:27951384"
     50 "870970-basis:28344902"
     50 "870970-basis:28423551"
     50 "870970-basis:28824106"
     50 "870970-basis:29717281"
     51 "870970-basis:26575109"
     51 "870970-basis:27226787"
     51 "870970-basis:27490530"
     51 "870970-basis:28494769"
     51 "870970-basis:28547145"
     51 "870970-basis:28713177"
     51 "870970-basis:29065063"
     51 "870970-basis:29580804"
     52 "870970-basis:27298109"
     52 "870970-basis:27489427"
     52 "870970-basis:27560253"
     52 "870970-basis:28112688"
     52 "870970-basis:28527349"
     52 "870970-basis:29082308"
     52 "870970-basis:50859134"
     53 "870970-basis:26605717"
     53 "870970-basis:26956846"
     53 "870970-basis:27852149"
     53 "870970-basis:28420293"
     54 "870970-basis:26759838"
     54 "870970-basis:29395195"
     55 "870970-basis:23633027"
     55 "870970-basis:23672626"
     55 "870970-basis:27746624"
     55 "870970-basis:28076703"
     55 "870970-basis:28196504"
     56 "870970-basis:28093071"
     57 "831020-katalog:28994222"
     57 "870970-basis:27312675"
     57 "870970-basis:28693699"
     57 "870970-basis:28806159"
     58 "870970-basis:27218539"
     58 "870970-basis:27312497"
     59 "870970-basis:24352722"
     59 "870970-basis:26778190"
     59 "870970-basis:27482155"
     59 "870970-basis:28020643"
     59 "870970-basis:28116047"
     59 "870970-basis:28761228"
     60 "870970-basis:28474377"
     60 "870970-basis:29066493"
     61 "870970-basis:26741521"
     61 "870970-basis:29033765"
     62 "870970-basis:25728874"
     62 "870970-basis:25888847"
     62 "870970-basis:26971918"
     64 "870970-basis:23740524"
     64 "870970-basis:27261345"
     64 "870970-basis:29066620"
     67 "870970-basis:26956803"
     69 "870970-basis:22005413"
     69 "870970-basis:28076770"
     69 "870970-basis:28530455"
     72 "870970-basis:22639862"
     74 "870970-basis:26483778"
     74 "870970-basis:27103871"
     75 "870970-basis:27496113"
     76 "870970-basis:27627528"
     76 "870970-basis:28290241"
     77 "870970-basis:27039553"
     78 "870970-basis:28290853"
     78 "870970-basis:28331142"
     79 "870970-basis:28530714"
     80 "870970-basis:25807995"
     81 "870970-basis:28451571"
     82 "870970-basis:23154382"
     82 "870970-basis:24880605"
     82 "870970-basis:26849314"
     83 "870970-basis:26163498"
     85 "870970-basis:26917921"
     87 "870970-basis:27400027"
     88 "870970-basis:24105687"
     88 "870970-basis:26213959"
     90 "870970-basis:29207593"
     90 "870970-basis:29990328"
     91 "870970-basis:27479170"
     92 "870970-basis:03644669"
     93 "870970-basis:26507057"
    100 "870970-basis:27697798"
    102 "870970-basis:22375733"
    103 "870970-basis:28091397"
    114 "870970-basis:28225377"
    117 "870970-basis:25248821"
    120 "870970-basis:22252852"
    120 "870970-basis:26568498"
    124 "870970-basis:26885612"
    129 "870970-basis:26886120"
    130 "870970-basis:26913004"
    165 "870970-basis:26778182"
    187 "870970-basis:25570634"
    286 "870970-basis:25801431"
    327 "870970-basis:27204260"
    784 "870970-basis:26837235"
    960 "870970-basis:26799325"
