     40 "870970-basis:07051409"
     40 "870970-basis:23628317"
     40 "870970-basis:26129427"
     40 "870970-basis:27226787"
     40 "870970-basis:28202318"
     40 "870970-basis:28303092"
     40 "870970-basis:44213532"
     41 "870970-basis:26263468"
     41 "870970-basis:27479154"
     41 "870970-basis:27560253"
     41 "870970-basis:27900305"
     41 "870970-basis:28026544"
     41 "870970-basis:28028946"
     41 "870970-basis:28451571"
     41 "870970-basis:28547145"
     41 "870970-basis:29033765"
     41 "870970-basis:29066493"
     41 "870970-basis:51368185"
     42 "810010-katalog:007438096"
     42 "870970-basis:25996844"
     42 "870970-basis:26932629"
     42 "870970-basis:27940277"
     42 "870970-basis:29069638"
     43 "870970-basis:20975989"
     43 "870970-basis:23507919"
     43 "870970-basis:25728874"
     44 "870970-basis:05000181"
     44 "870970-basis:23605732"
     44 "870970-basis:24260844"
     44 "870970-basis:25505832"
     44 "870970-basis:25683463"
     44 "870970-basis:27627528"
     44 "870970-basis:29903425"
     45 "870970-basis:05187168"
     45 "870970-basis:25248821"
     45 "870970-basis:28193815"
     45 "870970-basis:28234678"
     45 "870970-basis:28610793"
     46 "870970-basis:23154382"
     46 "870970-basis:23672626"
     46 "870970-basis:27001432"
     46 "870970-basis:28527349"
     46 "870970-basis:28824106"
     46 "870970-basis:29047596"
     46 "870970-basis:50760480"
     47 "870970-basis:20186356"
     47 "870970-basis:21693499"
     47 "870970-basis:23095882"
     47 "870970-basis:25721101"
     47 "870970-basis:26488419"
     47 "870970-basis:29717281"
     48 "870970-basis:22639862"
     48 "870970-basis:29033781"
     49 "870970-basis:21598526"
     49 "870970-basis:28314264"
     50 "870970-basis:26225221"
     50 "870970-basis:28225377"
     51 "870970-basis:28494769"
     51 "870970-basis:29066620"
     52 "870970-basis:26163498"
     53 "870970-basis:24880605"
     53 "870970-basis:29670099"
     53 "870970-basis:29991650"
     53 "870970-basis:50859134"
     55 "870970-basis:23740524"
     55 "870970-basis:27947018"
     55 "870970-basis:28806159"
     56 "870970-basis:24223795"
     56 "870970-basis:27479170"
     57 "870970-basis:28530714"
     58 "870970-basis:26885612"
     59 "870970-basis:25807995"
     59 "870970-basis:27697798"
     59 "870970-basis:50715310"
     61 "870970-basis:06633714"
     62 "870970-basis:01367528"
     62 "870970-basis:22375733"
     62 "870970-basis:26886120"
     62 "870970-basis:26917921"
     62 "870970-basis:28001460"
     63 "870970-basis:22747258"
     66 "870970-basis:03644669"
     67 "870970-basis:27400027"
     67 "870970-basis:27633331"
     67 "870970-basis:28290241"
     69 "870970-basis:24105687"
     69 "870970-basis:29207593"
     71 "870970-basis:20029684"
     74 "870970-basis:22252852"
     74 "870970-basis:28091397"
     77 "870970-basis:26507057"
     78 "870970-basis:29990328"
     82 "870970-basis:25801431"
     95 "870970-basis:26568498"
    112 "870970-basis:26778182"
    114 "870970-basis:25570634"
    115 "870970-basis:26073723"
    174 "870970-basis:27204260"
    337 "870970-basis:26837235"
    395 "870970-basis:26799325"
