     38 "870970-basis:26488419"
     38 "870970-basis:27150837"
     38 "870970-basis:27226787"
     38 "870970-basis:28076703"
     38 "870970-basis:28331142"
     38 "870970-basis:28547145"
     38 "870970-basis:28708181"
     38 "870970-basis:28743890"
     39 "870970-basis:23740524"
     39 "870970-basis:27627528"
     39 "870970-basis:28719043"
     39 "870970-basis:29024995"
     40 "870970-basis:26225221"
     40 "870970-basis:27103871"
     40 "870970-basis:27900305"
     40 "870970-basis:27984525"
     40 "870970-basis:28315740"
     40 "870970-basis:29717281"
     41 "870970-basis:28001460"
     41 "870970-basis:28505108"
     41 "870970-basis:29076030"
     41 "870970-basis:50715310"
     42 "820010-katalog:3145907"
     42 "870970-basis:21062898"
     42 "870970-basis:29033781"
     42 "870970-basis:29066620"
     42 "870970-basis:50708594"
     42 "870970-basis:50838099"
     43 "870970-basis:22952781"
     43 "870970-basis:28290853"
     43 "870970-basis:28928246"
     43 "870970-basis:29649901"
     43 "870970-basis:50804364"
     44 "870970-basis:26400503"
     44 "870970-basis:29689784"
     45 "870970-basis:24223795"
     45 "870970-basis:28082517"
     45 "870970-basis:28202318"
     45 "870970-basis:28824106"
     45 "870970-basis:29903425"
     45 "870970-basis:50817504"
     46 "870970-basis:27489435"
     46 "870970-basis:28163916"
     46 "870970-basis:28761228"
     46 "870970-basis:29370052"
     47 "870970-basis:21598526"
     47 "870970-basis:26917921"
     47 "870970-basis:28980957"
     47 "870970-basis:29065063"
     47 "870970-basis:29066493"
     48 "870970-basis:05187168"
     48 "870970-basis:21362921"
     48 "870970-basis:21991929"
     48 "870970-basis:28530714"
     48 "870970-basis:28713177"
     48 "870970-basis:28884583"
     49 "870970-basis:05000181"
     49 "870970-basis:28530455"
     49 "870970-basis:29033765"
     49 "870970-basis:29395195"
     49 "870970-basis:44164191"
     50 "870970-basis:28423551"
     50 "870970-basis:28527349"
     51 "870970-basis:26932629"
     52 "870970-basis:06633714"
     53 "870970-basis:20186356"
     53 "870970-basis:22252852"
     53 "870970-basis:29069638"
     54 "870970-basis:27633331"
     54 "870970-basis:29670099"
     55 "870970-basis:27697798"
     55 "870970-basis:28017146"
     56 "870970-basis:50859134"
     57 "870970-basis:26885612"
     57 "870970-basis:27479170"
     57 "870970-basis:27947018"
     59 "870970-basis:22747258"
     61 "870970-basis:26886120"
     61 "870970-basis:28225377"
     61 "870970-basis:28290241"
     61 "870970-basis:29990328"
     64 "870970-basis:01367528"
     64 "870970-basis:25248821"
     64 "870970-basis:26163498"
     65 "870970-basis:26507057"
     65 "870970-basis:28091397"
     66 "870970-basis:29207593"
     67 "870970-basis:25721101"
     68 "870970-basis:20029684"
     69 "870970-basis:28494769"
     69 "870970-basis:28806159"
     70 "870970-basis:24105687"
     74 "870970-basis:26778182"
     81 "870970-basis:03644669"
     81 "870970-basis:26073723"
     94 "870970-basis:25570634"
    141 "870970-basis:27204260"
    180 "870970-basis:25801431"
    217 "870970-basis:26799325"
    236 "870970-basis:26837235"
