     35 "870970-basis:27114334"
     35 "870970-basis:27302653"
     35 "870970-basis:27987982"
     35 "870970-basis:29903425"
     35 "870970-basis:29953104"
     35 "870970-basis:49381999"
     35 "870970-basis:50651924"
     35 "870970-basis:50661830"
     35 "870970-basis:51026144"
     36 "870970-basis:05329345"
     36 "870970-basis:22252852"
     36 "870970-basis:25648110"
     36 "870970-basis:27479154"
     36 "870970-basis:27984525"
     36 "870970-basis:28123825"
     36 "870970-basis:28527349"
     36 "870970-basis:29082308"
     36 "870970-basis:29964785"
     36 "870970-basis:51319087"
     36 "870970-basis:51368185"
     36 "870970-basis:51450469"
     37 "870970-basis:05000181"
     37 "870970-basis:26129427"
     37 "870970-basis:27592805"
     37 "870970-basis:28530714"
     37 "870970-basis:28810857"
     37 "870970-basis:29047596"
     37 "870970-basis:29991650"
     37 "870970-basis:50708594"
     38 "870970-basis:24880605"
     38 "870970-basis:28331142"
     38 "870970-basis:28407866"
     38 "870970-basis:51365402"
     39 "870970-basis:05187168"
     39 "870970-basis:22952781"
     39 "870970-basis:27900305"
     39 "870970-basis:28020643"
     39 "870970-basis:28231393"
     39 "870970-basis:29033765"
     40 "820010-katalog:2573075__4"
     40 "870970-basis:20975989"
     40 "870970-basis:26127440"
     40 "870970-basis:26917921"
     40 "870970-basis:27627528"
     40 "870970-basis:27633331"
     40 "870970-basis:28126956"
     40 "870970-basis:44874059"
     41 "820010-katalog:3145907"
     41 "870970-basis:28163916"
     41 "870970-basis:28193815"
     41 "870970-basis:28451571"
     41 "870970-basis:29990328"
     41 "870970-basis:49233515"
     42 "870970-basis:29065063"
     43 "870970-basis:25248821"
     43 "870970-basis:29066043"
     44 "870970-basis:27489435"
     44 "870970-basis:28494769"
     44 "870970-basis:29069638"
     44 "870970-basis:50804364"
     44 "870970-basis:50838099"
     45 "870970-basis:06633714"
     45 "870970-basis:21362921"
     45 "870970-basis:28017146"
     45 "870970-basis:29395195"
     46 "870970-basis:21598526"
     46 "870970-basis:26043972"
     46 "870970-basis:28713177"
     47 "870970-basis:28315740"
     47 "870970-basis:29649901"
     48 "870970-basis:25721101"
     48 "870970-basis:27479170"
     48 "870970-basis:29066620"
     49 "870970-basis:29717281"
     50 "870970-basis:25801431"
     50 "870970-basis:27947018"
     50 "870970-basis:28026544"
     52 "870970-basis:29670099"
     52 "870970-basis:51879082"
     53 "870970-basis:24105687"
     54 "870970-basis:25570634"
     54 "870970-basis:28761228"
     55 "870970-basis:28290241"
     55 "870970-basis:50645169"
     56 "870970-basis:28806159"
     61 "870970-basis:28091397"
     61 "870970-basis:50859134"
     62 "870970-basis:29207593"
     62 "870970-basis:50817504"
     63 "870970-basis:03644669"
     64 "870970-basis:20029684"
     65 "870970-basis:50715310"
     66 "870970-basis:26400503"
     67 "870970-basis:29489483"
     75 "870970-basis:01367528"
     81 "870970-basis:26073723"
     92 "870970-basis:27204260"
     97 "870970-basis:22747258"
    112 "870970-basis:26837235"
    179 "870970-basis:26799325"
