     82 "870970-basis:28268491"
     82 "870970-basis:29069638"
     83 "870970-basis:26346789"
     83 "870970-basis:27132391"
     83 "870970-basis:27340806"
     83 "870970-basis:27754694"
     83 "870970-basis:28474377"
     84 "870970-basis:26335329"
     84 "870970-basis:26971918"
     84 "870970-basis:27627528"
     84 "870970-basis:28423551"
     85 "870970-basis:26260264"
     85 "870970-basis:27218539"
     85 "870970-basis:27280927"
     85 "870970-basis:28505272"
     86 "870970-basis:26741521"
     86 "870970-basis:28618700"
     86 "870970-basis:28836678"
     87 "870970-basis:25683463"
     88 "870970-basis:23672626"
     88 "870970-basis:24102564"
     88 "870970-basis:29717281"
     89 "870970-basis:25807995"
     89 "870970-basis:27951384"
     90 "870970-basis:26875315"
     90 "870970-basis:27261345"
     90 "870970-basis:27490530"
     90 "870970-basis:28693699"
     90 "870970-basis:28830971"
     92 "870970-basis:28591330"
     92 "870970-basis:28761228"
     92 "870970-basis:29338361"
     92 "870970-basis:29569843"
     93 "870970-basis:28020643"
     94 "870970-basis:28394438"
     94 "870970-basis:28996101"
     95 "870970-basis:22005413"
     95 "870970-basis:24105687"
     95 "870970-basis:27008690"
     95 "870970-basis:27630480"
     95 "870970-basis:29033765"
     96 "870970-basis:26759838"
     96 "870970-basis:27502113"
     97 "870970-basis:24880605"
     97 "870970-basis:28716966"
     98 "870970-basis:26163498"
     98 "870970-basis:29082308"
     98 "870970-basis:29990328"
    101 "870970-basis:27489427"
    101 "870970-basis:28116047"
    102 "870970-basis:28420293"
    103 "870970-basis:26496233"
    103 "870970-basis:27719104"
    104 "870970-basis:26483778"
    105 "870970-basis:28344902"
    105 "870970-basis:29580804"
    106 "870970-basis:28112688"
    107 "870970-basis:27039553"
    107 "870970-basis:28469292"
    108 "870970-basis:26568498"
    110 "870970-basis:28505108"
    111 "870970-basis:23154382"
    111 "870970-basis:27119999"
    111 "870970-basis:29207593"
    112 "831020-katalog:28994222"
    113 "870970-basis:28091397"
    115 "870970-basis:26956846"
    115 "870970-basis:28076770"
    116 "870970-basis:25325311"
    117 "831020-katalog:28713258"
    119 "870970-basis:27479170"
    120 "831020-katalog:28020600"
    120 "870970-basis:26917921"
    121 "870970-basis:27360866"
    123 "870970-basis:22639862"
    123 "870970-basis:29465649"
    125 "870970-basis:22375733"
    127 "870970-basis:27312497"
    129 "870970-basis:27697798"
    136 "870970-basis:28530455"
    137 "870970-basis:28225377"
    142 "870970-basis:24352722"
    142 "870970-basis:28530714"
    143 "870970-basis:28290853"
    147 "870970-basis:22252852"
    148 "870970-basis:27496113"
    149 "870970-basis:28451571"
    150 "870970-basis:26885612"
    151 "870970-basis:26956803"
    155 "870970-basis:26849314"
    159 "870970-basis:25570634"
    175 "870970-basis:26886120"
    204 "870970-basis:25248821"
    211 "870970-basis:29536708"
    228 "870970-basis:27400027"
    281 "870970-basis:26213959"
    303 "870970-basis:25801431"
    332 "870970-basis:27204260"
    661 "870970-basis:26799325"
   1400 "870970-basis:26837235"
