     37 "870970-basis:28234678"
     37 "870970-basis:50804364"
     37 "870970-basis:51150805"
     37 "870970-basis:51319087"
     38 "870970-basis:05000181"
     38 "870970-basis:21362921"
     38 "870970-basis:22639862"
     38 "870970-basis:22751662"
     38 "870970-basis:23672626"
     38 "870970-basis:28505272"
     38 "870970-basis:28530714"
     38 "870970-basis:50654400"
     38 "870970-basis:51061276"
     39 "870970-basis:25683463"
     39 "870970-basis:25993047"
     39 "870970-basis:26285283"
     39 "870970-basis:26488419"
     39 "870970-basis:26507057"
     39 "870970-basis:27682243"
     39 "870970-basis:27984525"
     39 "870970-basis:28761228"
     39 "870970-basis:28928246"
     39 "870970-basis:29706050"
     39 "870970-basis:40308644"
     39 "870970-basis:49332920"
     40 "870970-basis:28225377"
     40 "870970-basis:28713177"
     40 "870970-basis:50817504"
     40 "870970-basis:51368185"
     41 "870970-basis:27900305"
     41 "870970-basis:28017146"
     41 "870970-basis:28527349"
     41 "870970-basis:28824106"
     41 "870970-basis:50838099"
     42 "870970-basis:24223795"
     42 "870970-basis:25807995"
     42 "870970-basis:27400027"
     42 "870970-basis:27947018"
     42 "870970-basis:28314264"
     42 "870970-basis:29514704"
     43 "870970-basis:22252852"
     43 "870970-basis:22952781"
     43 "870970-basis:26886120"
     43 "870970-basis:26913004"
     43 "870970-basis:27633331"
     43 "870970-basis:29649901"
     44 "870970-basis:28193815"
     44 "870970-basis:28983689"
     44 "870970-basis:29066493"
     44 "870970-basis:51879082"
     45 "870970-basis:28163916"
     45 "870970-basis:28315740"
     45 "870970-basis:29395195"
     45 "870970-basis:44164191"
     46 "870970-basis:22375733"
     47 "870970-basis:20029684"
     47 "870970-basis:28126956"
     47 "870970-basis:28331142"
     48 "870970-basis:29033765"
     49 "870970-basis:01367528"
     49 "870970-basis:29047596"
     49 "870970-basis:29670099"
     49 "870970-basis:29903425"
     49 "870970-basis:29991650"
     49 "870970-basis:50715310"
     51 "870970-basis:26917921"
     51 "870970-basis:28026544"
     51 "870970-basis:28806159"
     51 "870970-basis:29065063"
     51 "870970-basis:29689784"
     51 "870970-basis:50645169"
     53 "870970-basis:06633714"
     53 "870970-basis:21598526"
     53 "870970-basis:27489435"
     53 "870970-basis:29069638"
     53 "870970-basis:29717281"
     53 "870970-basis:29964785"
     54 "870970-basis:29066620"
     54 "870970-basis:50859134"
     55 "870970-basis:26163498"
     56 "870970-basis:05187168"
     56 "870970-basis:26400503"
     57 "870970-basis:23740524"
     58 "870970-basis:27479170"
     61 "870970-basis:28091397"
     61 "870970-basis:28494769"
     64 "870970-basis:22747258"
     65 "870970-basis:03644669"
     67 "870970-basis:28290241"
     70 "870970-basis:29990328"
     73 "870970-basis:29207593"
     74 "870970-basis:27204260"
     86 "870970-basis:24105687"
     91 "870970-basis:26073723"
     99 "870970-basis:25248821"
    100 "870970-basis:25570634"
    104 "870970-basis:26778182"
    117 "870970-basis:25801431"
    303 "870970-basis:26837235"
    332 "870970-basis:26799325"
