     40 "870970-basis:28076703"
     40 "870970-basis:28112688"
     40 "870970-basis:28928246"
     40 "870970-basis:29514704"
     41 "870970-basis:05000181"
     41 "870970-basis:27008690"
     41 "870970-basis:27261345"
     41 "870970-basis:27987982"
     41 "870970-basis:29689784"
     41 "870970-basis:50804364"
     42 "870970-basis:23740524"
     42 "870970-basis:24223795"
     42 "870970-basis:25505832"
     42 "870970-basis:27560253"
     42 "870970-basis:27900305"
     42 "870970-basis:28193815"
     42 "870970-basis:28230729"
     42 "870970-basis:28331142"
     42 "870970-basis:28505000"
     42 "870970-basis:51150805"
     43 "831020-katalog:28994222"
     43 "870970-basis:23672626"
     43 "870970-basis:27951384"
     43 "870970-basis:29903425"
     44 "870970-basis:27633331"
     44 "870970-basis:27947018"
     44 "870970-basis:28530455"
     44 "870970-basis:29065063"
     45 "870970-basis:26225221"
     45 "870970-basis:27001432"
     45 "870970-basis:29069638"
     45 "870970-basis:29092486"
     45 "870970-basis:29991650"
     45 "870970-basis:50838099"
     46 "870970-basis:23095882"
     46 "870970-basis:28070128"
     46 "870970-basis:28505108"
     47 "870970-basis:28017146"
     47 "870970-basis:28980957"
     47 "870970-basis:29066620"
     47 "870970-basis:50859134"
     48 "870970-basis:24105687"
     48 "870970-basis:27312497"
     48 "870970-basis:27496113"
     48 "870970-basis:28824106"
     49 "870970-basis:29066493"
     50 "870970-basis:28451571"
     50 "870970-basis:28494769"
     51 "870970-basis:25728874"
     51 "870970-basis:27489435"
     51 "870970-basis:28761228"
     52 "870970-basis:28527349"
     52 "870970-basis:29033765"
     52 "870970-basis:50715310"
     53 "870970-basis:27829996"
     54 "870970-basis:26672333"
     55 "870970-basis:22632930"
     55 "870970-basis:25460731"
     55 "870970-basis:28530714"
     55 "870970-basis:29033781"
     56 "870970-basis:27529542"
     56 "870970-basis:50760480"
     59 "870970-basis:28474377"
     60 "870970-basis:27627528"
     60 "870970-basis:28391684"
     60 "870970-basis:29047596"
     61 "870970-basis:22639862"
     62 "870970-basis:23154382"
     62 "870970-basis:29670099"
     63 "870970-basis:27479170"
     63 "870970-basis:29207593"
     64 "870970-basis:22005413"
     65 "870970-basis:28423551"
     66 "870970-basis:24880605"
     66 "870970-basis:28290241"
     67 "870970-basis:22747258"
     68 "870970-basis:25603273"
     68 "870970-basis:26073723"
     69 "870970-basis:25807995"
     69 "870970-basis:27697798"
     71 "870970-basis:20029684"
     72 "870970-basis:25570634"
     73 "870970-basis:26163498"
     74 "870970-basis:22375733"
     75 "870970-basis:25248821"
     77 "870970-basis:29990328"
     79 "870970-basis:03644669"
     79 "870970-basis:28806159"
     82 "870970-basis:28225377"
     83 "870970-basis:26778182"
     84 "870970-basis:26885612"
     88 "870970-basis:26917921"
     89 "870970-basis:27400027"
     92 "870970-basis:22252852"
     98 "870970-basis:26886120"
     99 "870970-basis:28091397"
    140 "870970-basis:25801431"
    185 "870970-basis:27204260"
    375 "870970-basis:26799325"
    520 "870970-basis:26837235"
