     31 "870970-basis:29276307"
     32 "870970-basis:24880605"
     32 "870970-basis:25460731"
     32 "870970-basis:27479154"
     32 "870970-basis:27548954"
     32 "870970-basis:28017146"
     32 "870970-basis:28527349"
     32 "870970-basis:28824106"
     32 "870970-basis:29670099"
     32 "870970-basis:29689784"
     32 "870970-basis:50708594"
     32 "870970-basis:51166930"
     33 "700400-katalog:91524619"
     33 "870970-basis:22639862"
     33 "870970-basis:25728874"
     33 "870970-basis:26932629"
     33 "870970-basis:27682243"
     33 "870970-basis:27947018"
     33 "870970-basis:28126956"
     33 "870970-basis:29781443"
     33 "870970-basis:51026144"
     34 "870970-basis:04591356"
     34 "870970-basis:26820359"
     35 "870970-basis:23740524"
     35 "870970-basis:28718993"
     36 "870970-basis:24819515"
     37 "870970-basis:05911176"
     37 "870970-basis:21659177"
     37 "870970-basis:24105687"
     37 "870970-basis:26127440"
     37 "870970-basis:27547206"
     37 "870970-basis:27900305"
     37 "870970-basis:28028946"
     37 "870970-basis:28315740"
     37 "870970-basis:29085412"
     37 "870970-basis:29395195"
     38 "870970-basis:05187168"
     38 "870970-basis:25648110"
     38 "870970-basis:26193648"
     38 "870970-basis:28193815"
     38 "870970-basis:29033765"
     38 "870970-basis:29964785"
     39 "870970-basis:27479170"
     39 "870970-basis:27673031"
     39 "870970-basis:28290241"
     40 "870970-basis:20802901"
     40 "870970-basis:28743890"
     40 "870970-basis:28761228"
     40 "870970-basis:29066620"
     40 "870970-basis:29649901"
     41 "870970-basis:06633714"
     41 "870970-basis:21598526"
     41 "870970-basis:22375733"
     41 "870970-basis:22952781"
     41 "870970-basis:26043972"
     42 "870970-basis:03644669"
     42 "870970-basis:26163498"
     42 "870970-basis:27114334"
     42 "870970-basis:27633331"
     42 "870970-basis:28026544"
     42 "870970-basis:29065063"
     42 "870970-basis:29903425"
     43 "870970-basis:28494769"
     43 "870970-basis:29066493"
     44 "870970-basis:29069638"
     44 "870970-basis:29717281"
     44 "870970-basis:50817504"
     45 "870970-basis:25941349"
     46 "870970-basis:25721101"
     46 "870970-basis:26917921"
     46 "870970-basis:28163916"
     46 "870970-basis:49233515"
     46 "870970-basis:49381999"
     47 "870970-basis:26073723"
     47 "870970-basis:50838099"
     48 "870970-basis:28806159"
     49 "870970-basis:01367528"
     49 "870970-basis:22252852"
     49 "870970-basis:29990328"
     49 "870970-basis:50715310"
     49 "870970-basis:50859134"
     50 "870970-basis:27724795"
     50 "870970-basis:51879082"
     51 "870970-basis:28810857"
     52 "870970-basis:26400503"
     53 "870970-basis:27592805"
     55 "870970-basis:27204260"
     56 "870970-basis:28091397"
     57 "870970-basis:29991650"
     58 "870970-basis:29066043"
     60 "870970-basis:21181633"
     62 "870970-basis:29207593"
     66 "870970-basis:25570634"
     67 "870970-basis:22747258"
     70 "870970-basis:26799325"
     70 "870970-basis:50645169"
     72 "870970-basis:44164191"
     84 "870970-basis:29489483"
     90 "870970-basis:25248821"
    135 "870970-basis:26837235"
