    102 "870970-basis:28996101"
    104 "870970-basis:27489427"
    104 "870970-basis:28162561"
    104 "870970-basis:28782748"
    104 "870970-basis:29703973"
    104 "870970-basis:50703894"
    105 "870970-basis:26885612"
    105 "870970-basis:28303009"
    106 "870970-basis:28505108"
    106 "870970-basis:29719934"
    107 "870970-basis:26716845"
    108 "870970-basis:22893645"
    108 "870970-basis:25807995"
    108 "870970-basis:26759838"
    109 "870970-basis:26917921"
    109 "870970-basis:27183689"
    110 "870970-basis:28928238"
    110 "870970-basis:29033765"
    113 "870970-basis:24880605"
    113 "870970-basis:27852149"
    114 "870970-basis:27479170"
    115 "870970-basis:27119999"
    116 "870970-basis:29338361"
    117 "870970-basis:27333990"
    118 "870970-basis:26247888"
    118 "870970-basis:28112688"
    119 "870970-basis:29094055"
    120 "870970-basis:28185871"
    120 "870970-basis:28716966"
    121 "870970-basis:27672493"
    121 "870970-basis:28530455"
    122 "870970-basis:28782934"
    122 "870970-basis:29805636"
    122 "870970-basis:50708594"
    124 "870970-basis:28646526"
    125 "870970-basis:26956846"
    125 "870970-basis:27507433"
    127 "870970-basis:05953383"
    127 "870970-basis:27360866"
    129 "870970-basis:23672626"
    129 "870970-basis:26849314"
    131 "870970-basis:27951384"
    131 "870970-basis:28830971"
    131 "870970-basis:29482160"
    132 "870970-basis:22639862"
    132 "870970-basis:23154382"
    134 "870970-basis:26956803"
    135 "870970-basis:06647804"
    135 "870970-basis:27328490"
    135 "870970-basis:28344902"
    136 "870970-basis:24732789"
    136 "870970-basis:29436320"
    136 "870970-basis:29574537"
    137 "870970-basis:26886120"
    137 "870970-basis:27630480"
    137 "870970-basis:28530714"
    140 "870970-basis:50715310"
    142 "870970-basis:28420293"
    148 "831020-katalog:28020600"
    148 "870970-basis:26233879"
    149 "870970-basis:25683463"
    151 "831020-katalog:28994222"
    152 "870970-basis:26496233"
    153 "870970-basis:28290853"
    160 "870970-basis:27719104"
    163 "870970-basis:25243897"
    163 "870970-basis:25773497"
    164 "870970-basis:26233801"
    165 "870970-basis:22375733"
    165 "870970-basis:28968973"
    167 "870970-basis:29980705"
    168 "870970-basis:26700280"
    171 "870970-basis:24695700"
    171 "870970-basis:26875315"
    173 "870970-basis:27312497"
    175 "870970-basis:28506554"
    175 "870970-basis:29580804"
    176 "870970-basis:25243358"
    178 "870970-basis:28451571"
    179 "870970-basis:28394438"
    184 "831020-katalog:28713258"
    184 "870970-basis:28782950"
    189 "870970-basis:28836678"
    191 "870970-basis:27204260"
    192 "870970-basis:27496113"
    199 "870970-basis:27039553"
    207 "870970-basis:25137256"
    216 "870970-basis:25801431"
    225 "870970-basis:22252852"
    235 "870970-basis:25248821"
    247 "870970-basis:29536708"
    251 "870970-basis:24352722"
    263 "870970-basis:50559084"
    280 "870970-basis:51063376"
    330 "870970-basis:25325311"
    355 "870970-basis:27400027"
    444 "870970-basis:26213959"
    453 "870970-basis:29465649"
    460 "870970-basis:26799325"
   1355 "870970-basis:26837235"
