    100 "870970-basis:25191897"
    100 "870970-basis:27495923"
    100 "870970-basis:27852149"
    101 "870970-basis:28762585"
    102 "870970-basis:29082308"
    102 "870970-basis:29482160"
    102 "870970-basis:29980705"
    102 "870970-basis:50832724"
    103 "870970-basis:05953383"
    104 "870970-basis:26483778"
    104 "870970-basis:28185871"
    106 "870970-basis:26087511"
    106 "870970-basis:29033765"
    107 "870970-basis:28469292"
    108 "870970-basis:27008690"
    108 "870970-basis:27630480"
    109 "870970-basis:27183689"
    109 "870970-basis:27697798"
    110 "870970-basis:27328490"
    110 "870970-basis:28249373"
    110 "870970-basis:28505108"
    111 "870970-basis:23672626"
    111 "870970-basis:26120020"
    111 "870970-basis:29207593"
    112 "870970-basis:27489427"
    112 "870970-basis:28830971"
    114 "870970-basis:29436320"
    115 "870970-basis:24880605"
    116 "870970-basis:27951384"
    116 "870970-basis:28693699"
    117 "870970-basis:26956846"
    117 "870970-basis:28782934"
    117 "870970-basis:29094055"
    117 "870970-basis:50715310"
    119 "870970-basis:25807995"
    119 "870970-basis:26129427"
    119 "870970-basis:27360866"
    120 "870970-basis:27507433"
    120 "870970-basis:50708594"
    121 "870970-basis:28112688"
    121 "870970-basis:29574537"
    121 "870970-basis:29703973"
    122 "870970-basis:27119999"
    123 "870970-basis:28225377"
    124 "870970-basis:28968973"
    125 "870970-basis:28344902"
    128 "870970-basis:26917921"
    130 "870970-basis:26849314"
    130 "870970-basis:27719104"
    131 "870970-basis:26875315"
    132 "870970-basis:25683463"
    132 "870970-basis:29580804"
    133 "870970-basis:26496233"
    134 "870970-basis:24732789"
    134 "870970-basis:28530455"
    135 "870970-basis:26885612"
    138 "870970-basis:26233879"
    138 "870970-basis:28116047"
    140 "870970-basis:23154382"
    141 "870970-basis:25773497"
    141 "870970-basis:28394438"
    141 "870970-basis:28420293"
    141 "870970-basis:28506554"
    141 "870970-basis:28836678"
    142 "870970-basis:22639862"
    142 "870970-basis:27479170"
    144 "870970-basis:24695700"
    146 "870970-basis:26956803"
    151 "870970-basis:26233801"
    152 "831020-katalog:28994222"
    155 "870970-basis:25137256"
    155 "870970-basis:26700280"
    157 "870970-basis:28716966"
    158 "831020-katalog:28020600"
    158 "870970-basis:25801431"
    159 "870970-basis:28451571"
    160 "870970-basis:28530714"
    164 "870970-basis:28782950"
    166 "831020-katalog:28713258"
    171 "870970-basis:25243358"
    171 "870970-basis:25243897"
    175 "870970-basis:27039553"
    177 "870970-basis:26886120"
    178 "870970-basis:28290853"
    179 "870970-basis:22375733"
    182 "870970-basis:27312497"
    185 "870970-basis:51063376"
    200 "870970-basis:22252852"
    203 "870970-basis:27496113"
    208 "870970-basis:25325311"
    212 "870970-basis:50559084"
    218 "870970-basis:29536708"
    227 "870970-basis:24352722"
    232 "870970-basis:25248821"
    232 "870970-basis:27204260"
    232 "870970-basis:29465649"
    272 "870970-basis:27400027"
    415 "870970-basis:26213959"
    419 "870970-basis:26799325"
   1608 "870970-basis:26837235"
