     51 "870970-basis:29500762"
     51 "870970-basis:29769451"
     52 "870970-basis:07071477"
     52 "870970-basis:23888491"
     52 "870970-basis:50773973"
     53 "870970-basis:05036259"
     53 "870970-basis:07259778"
     53 "870970-basis:23625679"
     53 "870970-basis:28124058"
     53 "874310-katalog:DBB0019233"
     54 "870970-basis:27367992"
     54 "870970-basis:28705875"
     54 "870970-basis:28919425"
     55 "810010-katalog:000276564"
     55 "870970-basis:05074975"
     55 "870970-basis:06939317"
     55 "870970-basis:24254909"
     55 "870970-basis:29719934"
     56 "820010-katalog:2459966"
     57 "870970-basis:21846384"
     57 "870970-basis:28698976"
     57 "870970-basis:29493936"
     57 "870970-basis:29644160"
     58 "870970-basis:05926890"
     58 "870970-basis:06894216"
     58 "870970-basis:27496113"
     58 "870970-basis:28392893"
     59 "831020-katalog:28713258"
     59 "870970-basis:05497965"
     59 "870970-basis:20708182"
     59 "870970-basis:24306232"
     59 "870970-basis:26208432"
     60 "870970-basis:22579215"
     60 "870970-basis:28506724"
     60 "870970-basis:29436320"
     60 "870970-basis:29809496"
     61 "870970-basis:05060427"
     61 "870970-basis:05126533"
     61 "870970-basis:05846242"
     61 "870970-basis:26892139"
     61 "870970-basis:26892163"
     61 "870970-basis:27771912"
     62 "870970-basis:06763367"
     63 "870970-basis:05025184"
     63 "870970-basis:05092973"
     63 "870970-basis:20916079"
     63 "870970-basis:23147211"
     63 "870970-basis:28906730"
     63 "870970-basis:28919379"
     64 "870970-basis:28719108"
     64 "870970-basis:29592438"
     65 "870970-basis:28785186"
     66 "870970-basis:21149012"
     66 "870970-basis:25724100"
     66 "870970-basis:29465649"
     67 "870970-basis:21836931"
     69 "870970-basis:05126541"
     69 "870970-basis:25120949"
     69 "870970-basis:27921116"
     70 "870970-basis:21497185"
     70 "870970-basis:28204787"
     71 "870970-basis:21824054"
     71 "870970-basis:26251419"
     71 "870970-basis:27262481"
     71 "870970-basis:28446616"
     72 "870970-basis:25707036"
     74 "870970-basis:29991944"
     75 "870970-basis:22254901"
     78 "870970-basis:22406213"
     78 "870970-basis:28322674"
     79 "870970-basis:27487394"
     80 "870970-basis:29269815"
     80 "870970-basis:29572232"
     83 "870970-basis:27487475"
     84 "870970-basis:27404588"
     85 "870970-basis:27266649"
     85 "870970-basis:27672493"
     86 "870970-basis:25095332"
     87 "870970-basis:28185871"
     88 "870970-basis:23677105"
     89 "870970-basis:27654053"
     91 "870970-basis:27256430"
     92 "870970-basis:27262546"
     92 "870970-basis:27404596"
     94 "870970-basis:51128664"
     96 "870970-basis:28176481"
     96 "870970-basis:50507009"
     98 "870970-basis:22653164"
     98 "870970-basis:26247888"
    101 "870970-basis:50712389"
    102 "870970-basis:29130167"
    103 "870970-basis:25286235"
    105 "870970-basis:28239106"
    114 "870970-basis:24741133"
    120 "870970-basis:29646066"
    122 "870970-basis:28646526"
    124 "870970-basis:26768322"
    134 "870970-basis:22893645"
    149 "870970-basis:29605343"
    209 "870970-basis:25683463"
