     71 "870970-basis:27409660"
     72 "870970-basis:27630480"
     73 "870970-basis:25542924"
     73 "870970-basis:26233801"
     73 "870970-basis:29580804"
     73 "870970-basis:50773973"
     74 "870970-basis:05036259"
     74 "870970-basis:05497965"
     74 "870970-basis:24732789"
     74 "870970-basis:25290054"
     75 "870970-basis:25137256"
     75 "870970-basis:27771912"
     75 "870970-basis:29399476"
     76 "870970-basis:25286235"
     76 "870970-basis:28771835"
     76 "870970-basis:28906730"
     77 "870970-basis:01647105"
     77 "870970-basis:25121899"
     77 "870970-basis:26892252"
     77 "870970-basis:27256430"
     77 "870970-basis:29945535"
     78 "870970-basis:29399514"
     79 "870970-basis:28698976"
     79 "870970-basis:28919425"
     80 "870970-basis:27458300"
     81 "870970-basis:22653164"
     81 "870970-basis:28719108"
     81 "870970-basis:50712389"
     83 "870970-basis:27458467"
     83 "870970-basis:28919379"
     84 "870970-basis:26892163"
     84 "870970-basis:29945462"
     85 "870970-basis:27262481"
     85 "870970-basis:28176481"
     86 "870970-basis:50559084"
     87 "870970-basis:21836931"
     88 "870970-basis:28344902"
     89 "870970-basis:05025184"
     90 "870970-basis:25120949"
     90 "870970-basis:28420293"
     92 "831020-katalog:28020600"
     92 "870970-basis:25142918"
     92 "870970-basis:28322674"
     93 "870970-basis:28928238"
     93 "870970-basis:29991944"
     94 "870970-basis:27921116"
     95 "870970-basis:21824054"
     95 "870970-basis:26251419"
     95 "870970-basis:29062234"
     96 "870970-basis:28830971"
     96 "870970-basis:29719934"
     97 "870970-basis:28506554"
     98 "870970-basis:21497185"
     99 "870970-basis:24254909"
    100 "870970-basis:22252852"
    100 "870970-basis:26892139"
    100 "870970-basis:27487394"
    100 "870970-basis:28446616"
    101 "870970-basis:29094055"
    102 "870970-basis:29572232"
    105 "870970-basis:05953383"
    105 "870970-basis:27312497"
    105 "870970-basis:28893892"
    106 "870970-basis:21149012"
    106 "870970-basis:23677105"
    108 "870970-basis:27404596"
    108 "870970-basis:28391315"
    109 "870970-basis:20916079"
    109 "870970-basis:27404588"
    110 "870970-basis:27654053"
    111 "870970-basis:25724100"
    111 "870970-basis:27487475"
    112 "870970-basis:28239106"
    113 "870970-basis:25095332"
    115 "870970-basis:50507009"
    116 "831020-katalog:28713258"
    118 "870970-basis:29436320"
    119 "870970-basis:51128664"
    122 "870970-basis:27262546"
    122 "870970-basis:29605343"
    123 "870970-basis:27672493"
    124 "870970-basis:29646066"
    125 "870970-basis:29130167"
    126 "870970-basis:22254901"
    127 "870970-basis:29996792"
    132 "870970-basis:26247888"
    132 "870970-basis:27496113"
    132 "870970-basis:28185871"
    133 "870970-basis:27266649"
    136 "870970-basis:24352722"
    145 "870970-basis:26768322"
    153 "870970-basis:22893645"
    158 "870970-basis:24741133"
    161 "870970-basis:28646526"
    183 "870970-basis:26213959"
    201 "870970-basis:50571459"
    233 "870970-basis:25325311"
    250 "870970-basis:25683463"
    264 "870970-basis:29980705"
    325 "870970-basis:29465649"
