     41 "870970-basis:29991944"
     42 "870970-basis:07071477"
     42 "870970-basis:07071760"
     42 "870970-basis:25895754"
     42 "870970-basis:26538750"
     42 "870970-basis:26914442"
     42 "870970-basis:51563808"
     43 "870970-basis:05025184"
     43 "870970-basis:06894216"
     43 "870970-basis:07071604"
     43 "870970-basis:21085081"
     43 "870970-basis:27262481"
     43 "870970-basis:27672493"
     43 "874310-katalog:DBB0019233"
     44 "870970-basis:01654233"
     44 "870970-basis:27723942"
     45 "870970-basis:21824054"
     45 "870970-basis:25797736"
     45 "870970-basis:27423647"
     45 "870970-basis:28204787"
     45 "870970-basis:28533276"
     45 "870970-basis:28838654"
     45 "870970-basis:29570264"
     45 "870970-basis:29630364"
     46 "870970-basis:05060427"
     46 "870970-basis:06894100"
     46 "870970-basis:23625679"
     46 "870970-basis:25707036"
     46 "870970-basis:28356463"
     46 "870970-basis:29572232"
     47 "870970-basis:26848660"
     47 "870970-basis:27771912"
     47 "870970-basis:29500762"
     47 "870970-basis:50520730"
     48 "870970-basis:25095332"
     48 "870970-basis:27266649"
     48 "870970-basis:28939876"
     49 "870970-basis:05123208"
     49 "870970-basis:50773973"
     50 "870970-basis:05427770"
     50 "870970-basis:27487394"
     50 "870970-basis:28446616"
     50 "870970-basis:29570299"
     50 "870970-basis:29644160"
     51 "820010-katalog:4850459"
     51 "870970-basis:29051690"
     52 "870970-basis:00964395"
     52 "870970-basis:05074975"
     52 "870970-basis:26251419"
     53 "810010-katalog:000276564"
     53 "870970-basis:23677105"
     53 "870970-basis:28239106"
     53 "870970-basis:29331235"
     54 "870970-basis:22254901"
     54 "870970-basis:23888491"
     55 "870970-basis:05092973"
     55 "870970-basis:21085766"
     55 "870970-basis:27404588"
     55 "870970-basis:28705875"
     56 "870970-basis:26247888"
     56 "870970-basis:28392893"
     56 "870970-basis:28977522"
     57 "870970-basis:26116309"
     57 "870970-basis:27262546"
     57 "870970-basis:27654053"
     57 "870970-basis:28906730"
     58 "870970-basis:51128664"
     59 "870970-basis:25286235"
     59 "870970-basis:28424671"
     60 "870970-basis:05126533"
     61 "870970-basis:24306232"
     61 "870970-basis:29130167"
     61 "870970-basis:50507009"
     62 "870970-basis:27367992"
     63 "870970-basis:06749534"
     63 "870970-basis:27404596"
     65 "870970-basis:20708182"
     65 "870970-basis:22579215"
     68 "870970-basis:21846384"
     68 "870970-basis:29605343"
     69 "870970-basis:26768322"
     71 "870970-basis:28646526"
     72 "870970-basis:28185871"
     73 "870970-basis:29592438"
     74 "820010-katalog:2459966"
     74 "870970-basis:26208432"
     75 "870970-basis:06939317"
     75 "870970-basis:50712389"
     79 "870970-basis:05846242"
     80 "870970-basis:22893645"
     82 "870970-basis:05126541"
     82 "870970-basis:20349530"
     83 "870970-basis:28785186"
     84 "870970-basis:27256430"
     85 "870970-basis:22653164"
     90 "870970-basis:22406213"
     91 "870970-basis:29646066"
     93 "870970-basis:24741133"
    100 "870970-basis:29269815"
    134 "870970-basis:25683463"
