     91 "870970-basis:25142918"
     92 "870970-basis:06647804"
     92 "870970-basis:26251419"
     92 "870970-basis:26727839"
     92 "870970-basis:27487475"
     92 "870970-basis:28968973"
     94 "870970-basis:26285054"
     94 "870970-basis:27719104"
     96 "870970-basis:26213851"
     96 "870970-basis:27333990"
     97 "870970-basis:26130905"
     97 "870970-basis:27183689"
     97 "870970-basis:27630480"
     97 "870970-basis:28530455"
     97 "870970-basis:28909152"
     98 "870970-basis:27398537"
     98 "870970-basis:27507433"
     98 "870970-basis:29646066"
    100 "870970-basis:26120020"
    101 "870970-basis:05036259"
    101 "870970-basis:20705302"
    102 "870970-basis:28836678"
    102 "870970-basis:28844735"
    105 "870970-basis:20164557"
    105 "870970-basis:21497185"
    105 "870970-basis:25121899"
    105 "870970-basis:27487394"
    106 "870970-basis:24254909"
    106 "870970-basis:50708594"
    107 "870970-basis:01647105"
    107 "870970-basis:25120949"
    107 "870970-basis:26875315"
    107 "870970-basis:27328490"
    108 "870970-basis:23677105"
    108 "870970-basis:25248821"
    108 "870970-basis:28906730"
    109 "870970-basis:26496233"
    110 "831020-katalog:28994222"
    111 "870970-basis:28322674"
    113 "870970-basis:25095332"
    114 "870970-basis:22375733"
    114 "870970-basis:26799325"
    114 "870970-basis:29130167"
    116 "870970-basis:28782950"
    118 "870970-basis:05025184"
    118 "870970-basis:28451571"
    120 "870970-basis:25683463"
    121 "870970-basis:21149012"
    121 "870970-basis:25724100"
    122 "870970-basis:28830971"
    124 "870970-basis:05926890"
    124 "870970-basis:28344902"
    125 "870970-basis:20916079"
    128 "870970-basis:29753660"
    130 "870970-basis:27266649"
    130 "870970-basis:28928238"
    131 "870970-basis:29605343"
    132 "870970-basis:29094055"
    133 "870970-basis:27672493"
    133 "870970-basis:50684083"
    135 "870970-basis:24732789"
    135 "870970-basis:26233879"
    135 "870970-basis:29580804"
    136 "870970-basis:22254901"
    137 "831020-katalog:28020600"
    138 "870970-basis:29536708"
    139 "870970-basis:05953383"
    139 "870970-basis:29996792"
    140 "870970-basis:28185871"
    142 "870970-basis:22252852"
    146 "870970-basis:25773497"
    146 "870970-basis:28394438"
    146 "870970-basis:28420293"
    147 "870970-basis:29436320"
    151 "870970-basis:26247888"
    151 "870970-basis:29719934"
    153 "870970-basis:25243358"
    154 "870970-basis:25243897"
    155 "870970-basis:26700280"
    156 "870970-basis:27400027"
    158 "870970-basis:28716966"
    159 "870970-basis:24695700"
    160 "870970-basis:28646526"
    162 "870970-basis:26233801"
    163 "870970-basis:22893645"
    165 "870970-basis:27312497"
    168 "870970-basis:26768322"
    169 "831020-katalog:28713258"
    170 "870970-basis:24741133"
    175 "870970-basis:25137256"
    189 "870970-basis:50559084"
    199 "870970-basis:28506554"
    203 "870970-basis:27496113"
    227 "870970-basis:24352722"
    234 "870970-basis:51063376"
    306 "870970-basis:29980705"
    359 "870970-basis:25325311"
    425 "870970-basis:26837235"
    460 "870970-basis:26213959"
    486 "870970-basis:29465649"
