     92 "870970-basis:28290241"
     92 "870970-basis:50838099"
     92 "870970-basis:50859134"
     93 "870970-basis:29569843"
     94 "870970-basis:28522193"
     94 "870970-basis:28527349"
     95 "870970-basis:28716966"
     96 "870970-basis:25773497"
     96 "870970-basis:26741521"
     96 "870970-basis:27627528"
     96 "870970-basis:28693699"
     96 "870970-basis:29066620"
     97 "870970-basis:27630480"
     97 "870970-basis:28996101"
     98 "870970-basis:28988273"
     98 "870970-basis:29670099"
     98 "870970-basis:29717281"
     99 "870970-basis:28469292"
     99 "870970-basis:28562772"
    101 "870970-basis:27008690"
    101 "870970-basis:29207593"
    102 "870970-basis:26129427"
    102 "870970-basis:29436320"
    103 "870970-basis:25243897"
    103 "870970-basis:27719104"
    104 "870970-basis:28091397"
    104 "870970-basis:28968973"
    105 "870970-basis:24695700"
    106 "870970-basis:25570634"
    106 "870970-basis:28591330"
    106 "870970-basis:29703973"
    106 "870970-basis:50708594"
    107 "870970-basis:28782950"
    108 "870970-basis:24880605"
    108 "870970-basis:25243358"
    108 "870970-basis:28249373"
    109 "870970-basis:24102564"
    109 "870970-basis:26971918"
    110 "870970-basis:23154382"
    111 "870970-basis:29338361"
    111 "870970-basis:29990328"
    112 "870970-basis:26875315"
    112 "870970-basis:28830971"
    113 "870970-basis:26849314"
    113 "870970-basis:27502113"
    113 "870970-basis:28420293"
    113 "870970-basis:50715310"
    114 "870970-basis:06647804"
    116 "870970-basis:28076770"
    118 "870970-basis:22639862"
    118 "870970-basis:29082308"
    119 "870970-basis:24105687"
    120 "870970-basis:25137256"
    121 "870970-basis:27119999"
    121 "870970-basis:28344902"
    121 "870970-basis:50559084"
    122 "870970-basis:26956846"
    122 "870970-basis:28112688"
    123 "870970-basis:23672626"
    125 "870970-basis:26496233"
    126 "870970-basis:25807995"
    126 "870970-basis:27360866"
    126 "870970-basis:28116047"
    127 "831020-katalog:28020600"
    128 "870970-basis:26483778"
    130 "870970-basis:27489427"
    130 "870970-basis:28836678"
    132 "870970-basis:29033765"
    133 "870970-basis:26917921"
    135 "870970-basis:29580804"
    137 "870970-basis:28505108"
    140 "870970-basis:26956803"
    140 "870970-basis:28530455"
    144 "831020-katalog:28713258"
    144 "831020-katalog:28994222"
    144 "870970-basis:27697798"
    145 "870970-basis:26885612"
    145 "870970-basis:28225377"
    147 "870970-basis:28290853"
    149 "870970-basis:25801431"
    150 "870970-basis:27039553"
    151 "870970-basis:27496113"
    155 "870970-basis:27479170"
    156 "870970-basis:27312497"
    163 "870970-basis:28394438"
    165 "870970-basis:28530714"
    171 "870970-basis:22375733"
    174 "870970-basis:24352722"
    184 "870970-basis:28451571"
    187 "870970-basis:26886120"
    190 "870970-basis:25248821"
    196 "870970-basis:29465649"
    199 "870970-basis:29536708"
    208 "870970-basis:25325311"
    211 "870970-basis:22252852"
    236 "870970-basis:27204260"
    282 "870970-basis:26213959"
    291 "870970-basis:27400027"
    413 "870970-basis:26799325"
   1357 "870970-basis:26837235"
