     97 "870970-basis:23154382"
     97 "870970-basis:24795691"
     97 "870970-basis:50838102"
     98 "870970-basis:29130167"
     99 "870970-basis:26130905"
     99 "870970-basis:26886120"
     99 "870970-basis:27495923"
     99 "870970-basis:28530455"
     99 "870970-basis:28909152"
    100 "870970-basis:23677105"
    100 "870970-basis:25142918"
    100 "870970-basis:26727839"
    101 "870970-basis:05497965"
    101 "870970-basis:06647804"
    101 "870970-basis:25121899"
    101 "870970-basis:29996792"
    105 "870970-basis:28961081"
    105 "870970-basis:50708594"
    107 "870970-basis:05025184"
    107 "870970-basis:05926890"
    108 "870970-basis:26605059"
    108 "870970-basis:27507433"
    110 "870970-basis:20916079"
    111 "870970-basis:24795675"
    111 "870970-basis:27852149"
    112 "870970-basis:27984738"
    112 "870970-basis:50684083"
    113 "870970-basis:22254901"
    113 "870970-basis:26875315"
    114 "870970-basis:05953383"
    114 "870970-basis:27479170"
    115 "870970-basis:50703894"
    116 "870970-basis:20164557"
    116 "870970-basis:27039553"
    116 "870970-basis:27719104"
    116 "870970-basis:28505108"
    116 "870970-basis:28928238"
    116 "870970-basis:29574537"
    117 "870970-basis:22639862"
    118 "870970-basis:24254909"
    118 "870970-basis:27333990"
    119 "870970-basis:27630480"
    120 "870970-basis:22375733"
    120 "870970-basis:50715310"
    122 "870970-basis:26233879"
    125 "870970-basis:24741133"
    128 "870970-basis:28782934"
    129 "870970-basis:29753660"
    130 "870970-basis:25724100"
    130 "870970-basis:29580804"
    130 "870970-basis:29719934"
    131 "870970-basis:29605343"
    132 "870970-basis:28646526"
    133 "870970-basis:26768322"
    134 "870970-basis:28716966"
    135 "870970-basis:28185871"
    136 "870970-basis:26233801"
    138 "870970-basis:28968973"
    139 "870970-basis:23672626"
    139 "870970-basis:26700280"
    140 "870970-basis:22893645"
    141 "870970-basis:27266649"
    141 "870970-basis:28830971"
    142 "831020-katalog:28994222"
    142 "870970-basis:26799325"
    143 "870970-basis:25243358"
    143 "870970-basis:26247888"
    147 "870970-basis:24732789"
    147 "870970-basis:27672493"
    147 "870970-basis:28451571"
    149 "870970-basis:27328490"
    150 "870970-basis:29094055"
    151 "870970-basis:25773497"
    152 "870970-basis:26496233"
    152 "870970-basis:28420293"
    154 "870970-basis:25683463"
    155 "870970-basis:29436320"
    156 "870970-basis:24695700"
    156 "870970-basis:25248821"
    159 "870970-basis:28344902"
    160 "870970-basis:25243897"
    164 "870970-basis:28394438"
    165 "870970-basis:25137256"
    168 "870970-basis:27400027"
    169 "870970-basis:28782950"
    175 "870970-basis:50559084"
    178 "831020-katalog:28020600"
    178 "870970-basis:22252852"
    195 "831020-katalog:28713258"
    215 "870970-basis:27312497"
    222 "870970-basis:29536708"
    229 "870970-basis:28506554"
    231 "870970-basis:24352722"
    260 "870970-basis:27496113"
    286 "870970-basis:25325311"
    301 "870970-basis:51063376"
    335 "870970-basis:29980705"
    510 "870970-basis:26213959"
    516 "870970-basis:29465649"
    594 "870970-basis:26837235"
