     64 "870970-basis:29130043"
     64 "870970-basis:50998363"
     65 "870970-basis:21836931"
     65 "870970-basis:25542924"
     65 "870970-basis:29399476"
     65 "870970-basis:29580804"
     66 "870970-basis:28729774"
     67 "870970-basis:01647105"
     67 "870970-basis:20349530"
     67 "870970-basis:28204787"
     67 "870970-basis:28322674"
     67 "870970-basis:29945462"
     68 "870970-basis:06763367"
     68 "870970-basis:25290054"
     69 "870970-basis:05126541"
     69 "870970-basis:05497965"
     69 "870970-basis:28785186"
     69 "870970-basis:50773973"
     70 "870970-basis:24306232"
     70 "870970-basis:27262481"
     70 "870970-basis:28830971"
     71 "870970-basis:26251419"
     71 "870970-basis:28928238"
     72 "874310-katalog:DBB0019233"
     73 "870970-basis:05025184"
     73 "870970-basis:25290062"
     73 "870970-basis:26892252"
     73 "870970-basis:28729782"
     73 "870970-basis:28909152"
     74 "870970-basis:25142918"
     75 "810010-katalog:000276564"
     75 "870970-basis:05036259"
     75 "870970-basis:29399514"
     75 "870970-basis:29941513"
     76 "870970-basis:27458300"
     76 "870970-basis:28919379"
     77 "870970-basis:23147211"
     79 "870970-basis:26213959"
     79 "870970-basis:27458467"
     79 "870970-basis:28396732"
     81 "870970-basis:22406213"
     81 "870970-basis:25724100"
     81 "870970-basis:27921116"
     82 "870970-basis:20916079"
     82 "870970-basis:26892139"
     82 "870970-basis:29094055"
     84 "831020-katalog:28020600"
     84 "870970-basis:21497185"
     84 "870970-basis:24254909"
     84 "870970-basis:29719934"
     85 "870970-basis:27256430"
     87 "870970-basis:21149012"
     87 "870970-basis:28420293"
     87 "870970-basis:28919425"
     87 "870970-basis:29062234"
     89 "870970-basis:22653164"
     89 "870970-basis:23677105"
     89 "870970-basis:25325311"
     90 "870970-basis:24352722"
     90 "870970-basis:28698976"
     92 "870970-basis:28446616"
     93 "870970-basis:27312497"
     93 "870970-basis:27404588"
     93 "870970-basis:28176481"
     95 "870970-basis:27262546"
     96 "870970-basis:27487475"
     96 "870970-basis:28906730"
     97 "870970-basis:29269815"
     98 "870970-basis:29465649"
     99 "870970-basis:29572232"
    100 "870970-basis:27654053"
    101 "870970-basis:27496113"
    101 "870970-basis:29980705"
    101 "870970-basis:50712389"
    102 "870970-basis:28719108"
    103 "870970-basis:25095332"
    103 "870970-basis:25286235"
    103 "870970-basis:26892163"
    103 "870970-basis:27487394"
    104 "870970-basis:27404596"
    104 "870970-basis:29436320"
    108 "870970-basis:50507009"
    109 "870970-basis:28239106"
    110 "870970-basis:29991944"
    111 "870970-basis:22254901"
    112 "870970-basis:27672493"
    116 "831020-katalog:28713258"
    116 "870970-basis:51128664"
    117 "870970-basis:27266649"
    120 "870970-basis:26247888"
    127 "870970-basis:50571459"
    128 "870970-basis:28185871"
    129 "870970-basis:29130167"
    130 "870970-basis:29605343"
    132 "870970-basis:26768322"
    132 "870970-basis:29646066"
    141 "870970-basis:22893645"
    154 "870970-basis:28646526"
    167 "870970-basis:24741133"
    282 "870970-basis:25683463"
