     87 "870970-basis:28450737"
     87 "870970-basis:29062234"
     88 "870970-basis:21824054"
     88 "870970-basis:26727839"
     88 "870970-basis:29945462"
     89 "870970-basis:27262546"
     89 "870970-basis:27400027"
     89 "870970-basis:28239106"
     90 "870970-basis:06763367"
     90 "870970-basis:27349633"
     90 "870970-basis:28893892"
     90 "870970-basis:29580804"
     91 "870970-basis:26251419"
     91 "870970-basis:27458300"
     92 "870970-basis:22653164"
     93 "870970-basis:20705302"
     93 "870970-basis:29572232"
     94 "870970-basis:27262481"
     94 "870970-basis:27654053"
     94 "870970-basis:27984738"
     95 "870970-basis:27487475"
     95 "870970-basis:28446616"
     97 "870970-basis:05497965"
     98 "870970-basis:28771835"
    100 "870970-basis:20164557"
    100 "870970-basis:24254909"
    100 "870970-basis:27404588"
    100 "870970-basis:27630480"
    100 "870970-basis:28176481"
    100 "870970-basis:29991944"
    101 "870970-basis:25120949"
    101 "870970-basis:28394438"
    101 "870970-basis:28782950"
    102 "870970-basis:25121899"
    102 "870970-basis:27404596"
    105 "870970-basis:21836931"
    105 "870970-basis:25248821"
    106 "870970-basis:29536708"
    107 "870970-basis:05025184"
    107 "870970-basis:28322674"
    107 "870970-basis:28344902"
    108 "870970-basis:50684083"
    109 "870970-basis:05036259"
    109 "870970-basis:25142918"
    109 "870970-basis:27487394"
    111 "870970-basis:29753660"
    112 "870970-basis:27328490"
    113 "870970-basis:20916079"
    115 "870970-basis:26233879"
    117 "870970-basis:28909152"
    119 "870970-basis:05953383"
    120 "870970-basis:21149012"
    120 "870970-basis:21497185"
    120 "870970-basis:26233801"
    121 "870970-basis:28420293"
    122 "870970-basis:28830971"
    122 "870970-basis:29646066"
    125 "870970-basis:26700280"
    126 "870970-basis:50571459"
    127 "870970-basis:28928238"
    128 "870970-basis:22252852"
    129 "870970-basis:25095332"
    129 "870970-basis:25773497"
    129 "870970-basis:27266649"
    129 "870970-basis:28906730"
    130 "870970-basis:25243897"
    130 "870970-basis:29996792"
    130 "870970-basis:51063376"
    132 "870970-basis:22254901"
    133 "870970-basis:25724100"
    136 "831020-katalog:28020600"
    136 "870970-basis:27312497"
    136 "870970-basis:29094055"
    136 "870970-basis:29719934"
    137 "870970-basis:29436320"
    138 "870970-basis:25243358"
    138 "870970-basis:29130167"
    141 "870970-basis:24695700"
    142 "870970-basis:25137256"
    145 "870970-basis:27672493"
    148 "870970-basis:23677105"
    149 "870970-basis:24732789"
    152 "870970-basis:28506554"
    153 "870970-basis:29605343"
    155 "870970-basis:26247888"
    157 "831020-katalog:28713258"
    162 "870970-basis:28646526"
    164 "870970-basis:24741133"
    164 "870970-basis:26768322"
    164 "870970-basis:27496113"
    168 "870970-basis:50559084"
    176 "870970-basis:22893645"
    179 "870970-basis:25683463"
    182 "870970-basis:28185871"
    191 "870970-basis:24352722"
    213 "870970-basis:26837235"
    282 "870970-basis:25325311"
    309 "870970-basis:26213959"
    426 "870970-basis:29980705"
    501 "870970-basis:29465649"
