     15 "870970-basis:05767199"
     15 "870970-basis:07071760"
     15 "870970-basis:07213794"
     15 "870970-basis:26278945"
     15 "870970-basis:29285330"
     15 "870970-basis:29285446"
     15 "870970-basis:29452849"
     15 "870970-basis:29521263"
     15 "870970-basis:29970068"
     15 "870970-basis:42425842"
     15 "870970-basis:50754235"
     15 "870970-basis:50860604"
     15 "870970-basis:51340744"
     16 "810015-katalog:008002032"
     16 "870970-basis:05767180"
     16 "870970-basis:06939317"
     16 "870970-basis:07259778"
     16 "870970-basis:21085766"
     16 "870970-basis:26116309"
     16 "870970-basis:26778190"
     16 "870970-basis:28176465"
     16 "870970-basis:29269815"
     16 "870970-basis:29766746"
     16 "870970-basis:50858081"
     17 "870970-basis:00767840"
     17 "870970-basis:05123208"
     17 "870970-basis:20349530"
     17 "870970-basis:22406213"
     17 "870970-basis:22843451"
     17 "870970-basis:25707036"
     17 "870970-basis:27368476"
     17 "870970-basis:28176384"
     17 "870970-basis:28762461"
     17 "870970-basis:29323801"
     17 "870970-basis:50547833"
     18 "810015-katalog:008002031"
     18 "870970-basis:24306232"
     18 "870970-basis:26947561"
     18 "870970-basis:27057241"
     18 "870970-basis:27728952"
     18 "870970-basis:28207190"
     18 "870970-basis:28240988"
     18 "870970-basis:28533292"
     18 "870970-basis:29506701"
     18 "870970-basis:29592438"
     18 "870970-basis:29969973"
     19 "870970-basis:05074975"
     19 "870970-basis:26278996"
     19 "870970-basis:28838700"
     19 "870970-basis:28858930"
     19 "870970-basis:29843236"
     20 "870970-basis:00964352"
     20 "870970-basis:05123194"
     20 "870970-basis:05172403"
     20 "870970-basis:07071604"
     21 "870970-basis:05060370"
     21 "870970-basis:05419859"
     21 "870970-basis:06402372"
     21 "870970-basis:06894186"
     21 "870970-basis:21881740"
     21 "870970-basis:26279011"
     21 "870970-basis:27482430"
     21 "870970-basis:28533276"
     21 "870970-basis:28977522"
     21 "870970-basis:50684296"
     22 "870970-basis:05172411"
     22 "870970-basis:06894100"
     22 "870970-basis:22653164"
     22 "870970-basis:26279046"
     22 "870970-basis:27345751"
     22 "870970-basis:27723810"
     22 "870970-basis:28207123"
     22 "870970-basis:28377509"
     22 "870970-basis:29236623"
     22 "870970-basis:29630364"
     22 "870970-basis:43590669"
     22 "870970-basis:50520730"
     23 "870970-basis:51006100"
     24 "870970-basis:01654233"
     24 "870970-basis:22579215"
     24 "870970-basis:26658403"
     24 "870970-basis:26914442"
     24 "870970-basis:27723942"
     24 "870970-basis:28024207"
     25 "870970-basis:06402321"
     25 "870970-basis:27260799"
     25 "870970-basis:29236674"
     26 "870970-basis:00964395"
     26 "870970-basis:05126541"
     26 "870970-basis:06894216"
     31 "870970-basis:07071477"
     31 "870970-basis:28939876"
     32 "870970-basis:28240880"
     32 "870970-basis:28424671"
     33 "870970-basis:28240821"
     33 "870970-basis:28240953"
     35 "870970-basis:07071442"
     38 "870970-basis:28377541"
     40 "870970-basis:05060419"
     42 "870970-basis:05060427"
