     24 "870970-basis:27368476"
     24 "870970-basis:28644760"
     24 "870970-basis:28906730"
     24 "870970-basis:29236674"
     25 "870970-basis:05092973"
     25 "870970-basis:05131499"
     25 "870970-basis:06749534"
     25 "870970-basis:26962668"
     25 "870970-basis:29945810"
     26 "870970-basis:06402321"
     26 "870970-basis:25286235"
     26 "870970-basis:26278996"
     26 "870970-basis:28262582"
     26 "870970-basis:28986270"
     26 "870970-basis:29570264"
     27 "870970-basis:05017866"
     27 "870970-basis:05674409"
     27 "870970-basis:27285058"
     27 "870970-basis:27723942"
     27 "870970-basis:28240821"
     27 "870970-basis:28554990"
     27 "870970-basis:29970068"
     27 "870970-basis:50556794"
     28 "870970-basis:00964352"
     28 "870970-basis:07071760"
     28 "870970-basis:26658403"
     28 "870970-basis:29506701"
     29 "870970-basis:26208432"
     29 "870970-basis:26444039"
     29 "870970-basis:28240953"
     29 "870970-basis:29355843"
     30 "870970-basis:05123208"
     30 "870970-basis:21846384"
     30 "870970-basis:25797736"
     30 "870970-basis:25895754"
     30 "870970-basis:26848660"
     30 "870970-basis:27663907"
     31 "870970-basis:28240880"
     31 "870970-basis:28799721"
     31 "870970-basis:29331235"
     32 "870970-basis:21776734"
     32 "870970-basis:28356463"
     33 "870970-basis:05123194"
     33 "870970-basis:21504904"
     33 "870970-basis:22843451"
     33 "870970-basis:29051690"
     34 "870970-basis:26116309"
     34 "870970-basis:29521263"
     35 "870970-basis:05419859"
     35 "870970-basis:23142392"
     35 "870970-basis:25707036"
     35 "870970-basis:28377509"
     35 "870970-basis:29630364"
     36 "870970-basis:00767840"
     36 "870970-basis:05000319"
     36 "870970-basis:05060540"
     36 "870970-basis:28377541"
     37 "870970-basis:05126533"
     37 "870970-basis:06894100"
     37 "870970-basis:27423647"
     37 "870970-basis:27723810"
     37 "870970-basis:29236623"
     37 "870970-basis:43590669"
     38 "870970-basis:05060370"
     38 "870970-basis:05074975"
     38 "870970-basis:28785186"
     39 "870970-basis:05172403"
     39 "870970-basis:28533276"
     39 "870970-basis:29269815"
     40 "870970-basis:23888491"
     40 "870970-basis:25683463"
     41 "820010-katalog:2459966"
     41 "870970-basis:01654233"
     41 "870970-basis:06894186"
     42 "870970-basis:06939317"
     42 "870970-basis:28977522"
     42 "870970-basis:50520730"
     43 "870970-basis:00964395"
     43 "870970-basis:05172411"
     43 "870970-basis:07071604"
     43 "870970-basis:28838700"
     44 "870970-basis:05846242"
     45 "870970-basis:05060427"
     45 "870970-basis:07071442"
     46 "870970-basis:06894216"
     46 "870970-basis:27256430"
     46 "870970-basis:28939876"
     47 "870970-basis:26914442"
     48 "870970-basis:05060419"
     48 "870970-basis:07071477"
     48 "870970-basis:21085766"
     49 "870970-basis:20349530"
     49 "870970-basis:24306232"
     49 "870970-basis:29592438"
     50 "870970-basis:22406213"
     51 "870970-basis:28424671"
     53 "870970-basis:22653164"
     56 "870970-basis:05126541"
     56 "870970-basis:20708182"
     64 "870970-basis:22579215"
