     31 "870970-basis:28392893"
     31 "870970-basis:28533276"
     31 "870970-basis:28724241"
     31 "870970-basis:29572232"
     31 "870970-basis:29579326"
     32 "870970-basis:05427770"
     32 "870970-basis:25797736"
     32 "870970-basis:27057276"
     32 "870970-basis:28646526"
     32 "870970-basis:28705875"
     32 "870970-basis:29570264"
     32 "870970-basis:29970068"
     33 "870970-basis:05674409"
     33 "870970-basis:25120949"
     33 "870970-basis:26251419"
     33 "870970-basis:28240953"
     33 "870970-basis:29500762"
     34 "870970-basis:26278996"
     34 "870970-basis:27439772"
     34 "870970-basis:28838700"
     34 "870970-basis:43590669"
     34 "870970-basis:50520730"
     35 "820010-katalog:4850459"
     35 "870970-basis:26279054"
     35 "870970-basis:27345751"
     35 "870970-basis:27423647"
     35 "870970-basis:29506701"
     36 "870970-basis:05060370"
     36 "870970-basis:05172403"
     36 "870970-basis:22254901"
     36 "870970-basis:25286235"
     36 "870970-basis:27723810"
     36 "870970-basis:28239106"
     36 "870970-basis:29236674"
     37 "870970-basis:01235257"
     37 "870970-basis:21459666"
     37 "870970-basis:26914442"
     37 "870970-basis:27262546"
     37 "870970-basis:28240821"
     37 "870970-basis:50507009"
     38 "870970-basis:00964352"
     38 "870970-basis:06749534"
     38 "870970-basis:27404596"
     38 "870970-basis:28377509"
     38 "870970-basis:50712389"
     39 "810010-katalog:000276564"
     39 "870970-basis:06894100"
     39 "870970-basis:20708182"
     39 "870970-basis:23142392"
     40 "870970-basis:05060419"
     40 "870970-basis:51128664"
     41 "870970-basis:28377541"
     42 "870970-basis:05123208"
     42 "870970-basis:05126533"
     42 "870970-basis:21504904"
     43 "870970-basis:05123194"
     43 "870970-basis:21085766"
     43 "870970-basis:27367992"
     43 "870970-basis:28356463"
     43 "870970-basis:29605343"
     44 "870970-basis:00767840"
     44 "870970-basis:05060427"
     44 "870970-basis:05419859"
     44 "870970-basis:21846384"
     44 "870970-basis:26116309"
     44 "870970-basis:28424671"
     45 "870970-basis:26768322"
     45 "870970-basis:28240880"
     45 "870970-basis:29236623"
     46 "870970-basis:07071442"
     46 "870970-basis:25707036"
     47 "870970-basis:24741133"
     47 "870970-basis:29592438"
     48 "870970-basis:05060540"
     48 "870970-basis:07071604"
     48 "870970-basis:28939876"
     49 "870970-basis:07071477"
     49 "870970-basis:23888491"
     50 "870970-basis:05074975"
     50 "870970-basis:22893645"
     50 "870970-basis:28785186"
     52 "870970-basis:00964395"
     53 "870970-basis:26208432"
     54 "870970-basis:05846242"
     54 "870970-basis:24306232"
     56 "870970-basis:06894216"
     57 "870970-basis:05092973"
     57 "870970-basis:29646066"
     58 "870970-basis:06939317"
     59 "820010-katalog:2459966"
     60 "870970-basis:20349530"
     61 "870970-basis:27256430"
     61 "870970-basis:28977522"
     64 "870970-basis:22579215"
     66 "870970-basis:01654233"
     66 "870970-basis:22406213"
     69 "870970-basis:29269815"
     74 "870970-basis:22653164"
     79 "870970-basis:05126541"
     88 "870970-basis:25683463"
