      5 "870970-basis:05172403"
      5 "870970-basis:05419859"
      5 "870970-basis:07071442"
      5 "870970-basis:07071477"
      5 "870970-basis:07071760"
      5 "870970-basis:22526960"
      5 "870970-basis:25661478"
      5 "870970-basis:26116309"
      5 "870970-basis:27260799"
      5 "870970-basis:27498981"
      5 "870970-basis:27723810"
      5 "870970-basis:28024177"
      5 "870970-basis:28176414"
      5 "870970-basis:28207190"
      5 "870970-basis:28262582"
      5 "870970-basis:28308914"
      5 "870970-basis:28377533"
      5 "870970-basis:28450710"
      5 "870970-basis:28614683"
      5 "870970-basis:28738749"
      5 "870970-basis:28785186"
      5 "870970-basis:28838700"
      5 "870970-basis:28868278"
      5 "870970-basis:28897170"
      5 "870970-basis:29098751"
      5 "870970-basis:29236623"
      5 "870970-basis:29506701"
      5 "870970-basis:29521263"
      5 "870970-basis:29558132"
      5 "870970-basis:29592438"
      5 "870970-basis:29618496"
      5 "870970-basis:29630364"
      5 "870970-basis:29764875"
      5 "870970-basis:29969914"
      5 "870970-basis:50507254"
      5 "870970-basis:50684296"
      5 "870970-basis:50762033"
      5 "870970-basis:50798372"
      5 "870970-basis:50840824"
      5 "870970-basis:50973611"
      5 "870970-basis:50988759"
      5 "870970-basis:51159632"
      5 "870970-basis:51267435"
      5 "870970-basis:51267508"
      5 "870970-basis:51267567"
      5 "870970-basis:51472837"
      5 "870970-basis:51475119"
      5 "870970-basis:51559282"
      5 "870970-basis:51671287"
      6 "870970-basis:05000319"
      6 "870970-basis:05123208"
      6 "870970-basis:05126541"
      6 "870970-basis:06894186"
      6 "870970-basis:27463452"
      6 "870970-basis:27723942"
      6 "870970-basis:28088000"
      6 "870970-basis:28240880"
      6 "870970-basis:28377541"
      6 "870970-basis:28476655"
      6 "870970-basis:28572255"
      6 "870970-basis:28762461"
      6 "870970-basis:28939876"
      6 "870970-basis:42425842"
      6 "870970-basis:43590669"
      6 "870970-basis:50547833"
      6 "870970-basis:50754502"
      6 "870970-basis:51006062"
      6 "870970-basis:51410025"
      6 "870970-basis:51559134"
      7 "810015-katalog:008002032"
      7 "820010-katalog:2459966"
      7 "870970-basis:00964352"
      7 "870970-basis:01654233"
      7 "870970-basis:05060540"
      7 "870970-basis:06894216"
      7 "870970-basis:23373173"
      7 "870970-basis:25286235"
      7 "870970-basis:27057276"
      7 "870970-basis:28377614"
      7 "870970-basis:28476639"
      7 "870970-basis:28527748"
      7 "870970-basis:29452849"
      7 "870970-basis:29523606"
      7 "870970-basis:50900207"
      7 "870970-basis:51316886"
      8 "870970-basis:06402321"
      8 "870970-basis:22579215"
      8 "870970-basis:28024207"
      8 "870970-basis:28533276"
      8 "870970-basis:28897154"
      8 "870970-basis:29766746"
      8 "870970-basis:51332989"
      9 "870970-basis:05060419"
      9 "870970-basis:05172411"
      9 "870970-basis:21881740"
      9 "870970-basis:22277634"
      9 "870970-basis:28424671"
     13 "870970-basis:50520730"
     16 "870970-basis:25683463"
     16 "870970-basis:51333020"
