    173 "870970-basis:28183380"
    173 "874310-katalog:DBB0019233"
    174 "870970-basis:26605059"
    176 "870970-basis:25095332"
    177 "870970-basis:28381689"
    178 "870970-basis:25120949"
    180 "870970-basis:26384095"
    181 "870970-basis:20705302"
    181 "870970-basis:25248821"
    181 "870970-basis:25888847"
    181 "870970-basis:27335144"
    184 "870970-basis:05126541"
    186 "870970-basis:26734746"
    186 "870970-basis:27393608"
    186 "870970-basis:28091397"
    187 "870970-basis:22254901"
    187 "870970-basis:26698359"
    189 "870970-basis:05926890"
    189 "870970-basis:26496233"
    191 "870970-basis:29298130"
    192 "870970-basis:29130167"
    194 "870970-basis:20916079"
    194 "870970-basis:25137256"
    195 "870970-basis:21149012"
    195 "870970-basis:23780062"
    195 "870970-basis:50997545"
    196 "870970-basis:20164557"
    197 "870970-basis:26956803"
    199 "870970-basis:24105687"
    200 "870970-basis:26698383"
    201 "870970-basis:25798171"
    201 "870970-basis:25807995"
    202 "870970-basis:28298781"
    204 "870970-basis:05025184"
    209 "870970-basis:28646526"
    211 "870970-basis:28782950"
    212 "870970-basis:27697798"
    213 "870970-basis:25724100"
    213 "870970-basis:28225377"
    214 "870970-basis:27986404"
    215 "870970-basis:27858791"
    220 "870970-basis:21497185"
    221 "870970-basis:26568498"
    222 "870970-basis:25142918"
    224 "870970-basis:28716966"
    229 "870970-basis:23677105"
    229 "870970-basis:28906730"
    235 "870970-basis:29536708"
    238 "870970-basis:24880605"
    238 "870970-basis:26917921"
    239 "870970-basis:22893645"
    240 "870970-basis:26247888"
    240 "870970-basis:27670768"
    244 "870970-basis:28183488"
    247 "870970-basis:23154382"
    250 "870970-basis:50593282"
    251 "870970-basis:49327978"
    257 "870970-basis:24732789"
    259 "870970-basis:26885612"
    262 "870970-basis:26521602"
    262 "870970-basis:27039553"
    262 "870970-basis:27266649"
    265 "870970-basis:27589375"
    269 "870970-basis:27400027"
    273 "870970-basis:28996381"
    274 "870970-basis:24741133"
    277 "870970-basis:28693699"
    281 "870970-basis:26483778"
    286 "870970-basis:25493478"
    289 "870970-basis:26913004"
    295 "870970-basis:28185871"
    298 "870970-basis:26768322"
    300 "870970-basis:22639862"
    301 "870970-basis:26521637"
    303 "870970-basis:25683463"
    314 "870970-basis:50607712"
    334 "870970-basis:27672493"
    345 "870970-basis:26886120"
    348 "870970-basis:23672626"
    349 "870970-basis:25570634"
    352 "870970-basis:28116047"
    356 "870970-basis:50600483"
    361 "870970-basis:22375733"
    361 "870970-basis:26213959"
    385 "870970-basis:29303576"
    386 "870970-basis:26778190"
    388 "870970-basis:02231336"
    391 "870970-basis:24352722"
    393 "870970-basis:25325311"
    407 "870970-basis:50589110"
    414 "870970-basis:25801431"
    460 "870970-basis:22252852"
    464 "870970-basis:27204260"
    479 "870970-basis:28290853"
    515 "870970-basis:27560253"
    550 "870970-basis:26799325"
    617 "870970-basis:29465649"
    692 "870970-basis:28331142"
    741 "870970-basis:28394438"
   1356 "870970-basis:26837235"
